urls: 
----------- Started Download All Normal Pattern ---------------
https://ocw.u-tokyo.ac.jp/lecture_files/eco_01/1/notes/en/BusinessAdministration1_01.pdf
https://ocw.u-tokyo.ac.jp/lecture_files/eco_01/2/notes/en/BusinessAdministration1_02.pdf
https://ocw.u-tokyo.ac.jp/lecture_files/eco_01/3/notes/en/BusinessAdministration1_03.pdf
https://ocw.u-tokyo.ac.jp/lecture_files/eco_01/4/notes/en/BusinessAdministration1_04.pdf
https://ocw.u-tokyo.ac.jp/lecture_files/eco_01/5/notes/en/BusinessAdministration1_05.pdf
https://ocw.u-tokyo.ac.jp/lecture_files/eco_01/6/notes/en/BusinessAdministration1_06.pdf
https://ocw.u-tokyo.ac.jp/lecture_files/eco_01/7/notes/en/BusinessAdministration1_07.pdf
https://ocw.u-tokyo.ac.jp/lecture_files/eco_01/8/notes/en/BusinessAdministration1_08.pdf
https://ocw.u-tokyo.ac.jp/lecture_files/eco_01/9/notes/en/BusinessAdministration1_09.pdf
https://ocw.u-tokyo.ac.jp/lecture_files/eco_01/10/notes/en/BusinessAdministration1_10.pdf
https://ocw.u-tokyo.ac.jp/lecture_files/eco_01/11/notes/en/BusinessAdministration1_11.pdf
https://ocw.u-tokyo.ac.jp/lecture_files/eco_01/12/notes/en/BusinessAdministration1_12.pdf
https://ocw.u-tokyo.ac.jp/lecture_files/eco_01/13/notes/en/BusinessAdministration1_13.pdf
https://ocw.u-tokyo.ac.jp/lecture_files/eco_01/14/notes/en/BusinessAdministration1_14.pdf
https://ocw.u-tokyo.ac.jp/lecture_files/eco_01/15/notes/en/BusinessAdministration1_15.pdf
Folder created OR Already found
{ msg: 'STREAM::WRITE::PIPE::ERROR::13', err: null }
{ msg: 'STREAM::WRITE::PIPE::DONE::13' }
{
  msg: 'STREAM::WRITE::PIPE::CLOSED::13',
  downloaded_pages: 0,
  lost_pages: 1,
  total_imgs_num: [
    'https://ocw.u-tokyo.ac.jp/lecture_files/eco_01/1/notes/en/BusinessAdministration1_01.pdf',
    'https://ocw.u-tokyo.ac.jp/lecture_files/eco_01/2/notes/en/BusinessAdministration1_02.pdf',
    'https://ocw.u-tokyo.ac.jp/lecture_files/eco_01/3/notes/en/BusinessAdministration1_03.pdf',
    'https://ocw.u-tokyo.ac.jp/lecture_files/eco_01/4/notes/en/BusinessAdministration1_04.pdf',
    'https://ocw.u-tokyo.ac.jp/lecture_files/eco_01/5/notes/en/BusinessAdministration1_05.pdf',
    'https://ocw.u-tokyo.ac.jp/lecture_files/eco_01/6/notes/en/BusinessAdministration1_06.pdf',
    'https://ocw.u-tokyo.ac.jp/lecture_files/eco_01/7/notes/en/BusinessAdministration1_07.pdf',
    'https://ocw.u-tokyo.ac.jp/lecture_files/eco_01/8/notes/en/BusinessAdministration1_08.pdf',
    'https://ocw.u-tokyo.ac.jp/lecture_files/eco_01/9/notes/en/BusinessAdministration1_09.pdf',
    'https://ocw.u-tokyo.ac.jp/lecture_files/eco_01/10/notes/en/BusinessAdministration1_10.pdf',
    'https://ocw.u-tokyo.ac.jp/lecture_files/eco_01/11/notes/en/BusinessAdministration1_11.pdf',
    'https://ocw.u-tokyo.ac.jp/lecture_files/eco_01/12/notes/en/BusinessAdministration1_12.pdf',
    'https://ocw.u-tokyo.ac.jp/lecture_files/eco_01/13/notes/en/BusinessAdministration1_13.pdf',
    'https://ocw.u-tokyo.ac.jp/lecture_files/eco_01/14/notes/en/BusinessAdministration1_14.pdf',
    'https://ocw.u-tokyo.ac.jp/lecture_files/eco_01/15/notes/en/BusinessAdministration1_15.pdf'
  ],
  total: false,
  all_download_task: false
}
{ msg: 'STREAM::WRITE::PIPE::ERROR::15', err: null }
{ msg: 'STREAM::WRITE::PIPE::ERROR::14', err: null }
{ msg: 'STREAM::WRITE::PIPE::DONE::15' }
{ msg: 'STREAM::WRITE::PIPE::DONE::14' }
{
  msg: 'STREAM::WRITE::PIPE::CLOSED::15',
  downloaded_pages: 0,
  lost_pages: 3,
  total_imgs_num: [
    'https://ocw.u-tokyo.ac.jp/lecture_files/eco_01/1/notes/en/BusinessAdministration1_01.pdf',
    'https://ocw.u-tokyo.ac.jp/lecture_files/eco_01/2/notes/en/BusinessAdministration1_02.pdf',
    'https://ocw.u-tokyo.ac.jp/lecture_files/eco_01/3/notes/en/BusinessAdministration1_03.pdf',
    'https://ocw.u-tokyo.ac.jp/lecture_files/eco_01/4/notes/en/BusinessAdministration1_04.pdf',
    'https://ocw.u-tokyo.ac.jp/lecture_files/eco_01/5/notes/en/BusinessAdministration1_05.pdf',
    'https://ocw.u-tokyo.ac.jp/lecture_files/eco_01/6/notes/en/BusinessAdministration1_06.pdf',
    'https://ocw.u-tokyo.ac.jp/lecture_files/eco_01/7/notes/en/BusinessAdministration1_07.pdf',
    'https://ocw.u-tokyo.ac.jp/lecture_files/eco_01/8/notes/en/BusinessAdministration1_08.pdf',
    'https://ocw.u-tokyo.ac.jp/lecture_files/eco_01/9/notes/en/BusinessAdministration1_09.pdf',
    'https://ocw.u-tokyo.ac.jp/lecture_files/eco_01/10/notes/en/BusinessAdministration1_10.pdf',
    'https://ocw.u-tokyo.ac.jp/lecture_files/eco_01/11/notes/en/BusinessAdministration1_11.pdf',
    'https://ocw.u-tokyo.ac.jp/lecture_files/eco_01/12/notes/en/BusinessAdministration1_12.pdf',
    'https://ocw.u-tokyo.ac.jp/lecture_files/eco_01/13/notes/en/BusinessAdministration1_13.pdf',
    'https://ocw.u-tokyo.ac.jp/lecture_files/eco_01/14/notes/en/BusinessAdministration1_14.pdf',
    'https://ocw.u-tokyo.ac.jp/lecture_files/eco_01/15/notes/en/BusinessAdministration1_15.pdf'
  ],
  total: false,
  all_download_task: false
}
{
  msg: 'STREAM::WRITE::PIPE::CLOSED::14',
  downloaded_pages: 0,
  lost_pages: 3,
  total_imgs_num: [
    'https://ocw.u-tokyo.ac.jp/lecture_files/eco_01/1/notes/en/BusinessAdministration1_01.pdf',
    'https://ocw.u-tokyo.ac.jp/lecture_files/eco_01/2/notes/en/BusinessAdministration1_02.pdf',
    'https://ocw.u-tokyo.ac.jp/lecture_files/eco_01/3/notes/en/BusinessAdministration1_03.pdf',
    'https://ocw.u-tokyo.ac.jp/lecture_files/eco_01/4/notes/en/BusinessAdministration1_04.pdf',
    'https://ocw.u-tokyo.ac.jp/lecture_files/eco_01/5/notes/en/BusinessAdministration1_05.pdf',
    'https://ocw.u-tokyo.ac.jp/lecture_files/eco_01/6/notes/en/BusinessAdministration1_06.pdf',
    'https://ocw.u-tokyo.ac.jp/lecture_files/eco_01/7/notes/en/BusinessAdministration1_07.pdf',
    'https://ocw.u-tokyo.ac.jp/lecture_files/eco_01/8/notes/en/BusinessAdministration1_08.pdf',
    'https://ocw.u-tokyo.ac.jp/lecture_files/eco_01/9/notes/en/BusinessAdministration1_09.pdf',
    'https://ocw.u-tokyo.ac.jp/lecture_files/eco_01/10/notes/en/BusinessAdministration1_10.pdf',
    'https://ocw.u-tokyo.ac.jp/lecture_files/eco_01/11/notes/en/BusinessAdministration1_11.pdf',
    'https://ocw.u-tokyo.ac.jp/lecture_files/eco_01/12/notes/en/BusinessAdministration1_12.pdf',
    'https://ocw.u-tokyo.ac.jp/lecture_files/eco_01/13/notes/en/BusinessAdministration1_13.pdf',
    'https://ocw.u-tokyo.ac.jp/lecture_files/eco_01/14/notes/en/BusinessAdministration1_14.pdf',
    'https://ocw.u-tokyo.ac.jp/lecture_files/eco_01/15/notes/en/BusinessAdministration1_15.pdf'
  ],
  total: false,
  all_download_task: false
}
{ msg: 'STREAM::WRITE::PIPE::DONE::12' }
{
  msg: 'STREAM::WRITE::PIPE::CLOSED::12',
  downloaded_pages: 1,
  lost_pages: 3,
  total_imgs_num: [
    'https://ocw.u-tokyo.ac.jp/lecture_files/eco_01/1/notes/en/BusinessAdministration1_01.pdf',
    'https://ocw.u-tokyo.ac.jp/lecture_files/eco_01/2/notes/en/BusinessAdministration1_02.pdf',
    'https://ocw.u-tokyo.ac.jp/lecture_files/eco_01/3/notes/en/BusinessAdministration1_03.pdf',
    'https://ocw.u-tokyo.ac.jp/lecture_files/eco_01/4/notes/en/BusinessAdministration1_04.pdf',
    'https://ocw.u-tokyo.ac.jp/lecture_files/eco_01/5/notes/en/BusinessAdministration1_05.pdf',
    'https://ocw.u-tokyo.ac.jp/lecture_files/eco_01/6/notes/en/BusinessAdministration1_06.pdf',
    'https://ocw.u-tokyo.ac.jp/lecture_files/eco_01/7/notes/en/BusinessAdministration1_07.pdf',
    'https://ocw.u-tokyo.ac.jp/lecture_files/eco_01/8/notes/en/BusinessAdministration1_08.pdf',
    'https://ocw.u-tokyo.ac.jp/lecture_files/eco_01/9/notes/en/BusinessAdministration1_09.pdf',
    'https://ocw.u-tokyo.ac.jp/lecture_files/eco_01/10/notes/en/BusinessAdministration1_10.pdf',
    'https://ocw.u-tokyo.ac.jp/lecture_files/eco_01/11/notes/en/BusinessAdministration1_11.pdf',
    'https://ocw.u-tokyo.ac.jp/lecture_files/eco_01/12/notes/en/BusinessAdministration1_12.pdf',
    'https://ocw.u-tokyo.ac.jp/lecture_files/eco_01/13/notes/en/BusinessAdministration1_13.pdf',
    'https://ocw.u-tokyo.ac.jp/lecture_files/eco_01/14/notes/en/BusinessAdministration1_14.pdf',
    'https://ocw.u-tokyo.ac.jp/lecture_files/eco_01/15/notes/en/BusinessAdministration1_15.pdf'
  ],
  total: false,
  all_download_task: false
}
{ msg: 'STREAM::WRITE::PIPE::DONE::8' }
{
  msg: 'STREAM::WRITE::PIPE::CLOSED::8',
  downloaded_pages: 2,
  lost_pages: 3,
  total_imgs_num: [
    'https://ocw.u-tokyo.ac.jp/lecture_files/eco_01/1/notes/en/BusinessAdministration1_01.pdf',
    'https://ocw.u-tokyo.ac.jp/lecture_files/eco_01/2/notes/en/BusinessAdministration1_02.pdf',
    'https://ocw.u-tokyo.ac.jp/lecture_files/eco_01/3/notes/en/BusinessAdministration1_03.pdf',
    'https://ocw.u-tokyo.ac.jp/lecture_files/eco_01/4/notes/en/BusinessAdministration1_04.pdf',
    'https://ocw.u-tokyo.ac.jp/lecture_files/eco_01/5/notes/en/BusinessAdministration1_05.pdf',
    'https://ocw.u-tokyo.ac.jp/lecture_files/eco_01/6/notes/en/BusinessAdministration1_06.pdf',
    'https://ocw.u-tokyo.ac.jp/lecture_files/eco_01/7/notes/en/BusinessAdministration1_07.pdf',
    'https://ocw.u-tokyo.ac.jp/lecture_files/eco_01/8/notes/en/BusinessAdministration1_08.pdf',
    'https://ocw.u-tokyo.ac.jp/lecture_files/eco_01/9/notes/en/BusinessAdministration1_09.pdf',
    'https://ocw.u-tokyo.ac.jp/lecture_files/eco_01/10/notes/en/BusinessAdministration1_10.pdf',
    'https://ocw.u-tokyo.ac.jp/lecture_files/eco_01/11/notes/en/BusinessAdministration1_11.pdf',
    'https://ocw.u-tokyo.ac.jp/lecture_files/eco_01/12/notes/en/BusinessAdministration1_12.pdf',
    'https://ocw.u-tokyo.ac.jp/lecture_files/eco_01/13/notes/en/BusinessAdministration1_13.pdf',
    'https://ocw.u-tokyo.ac.jp/lecture_files/eco_01/14/notes/en/BusinessAdministration1_14.pdf',
    'https://ocw.u-tokyo.ac.jp/lecture_files/eco_01/15/notes/en/BusinessAdministration1_15.pdf'
  ],
  total: false,
  all_download_task: false
}
{ msg: 'STREAM::WRITE::PIPE::DONE::7' }
{
  msg: 'STREAM::WRITE::PIPE::CLOSED::7',
  downloaded_pages: 3,
  lost_pages: 3,
  total_imgs_num: [
    'https://ocw.u-tokyo.ac.jp/lecture_files/eco_01/1/notes/en/BusinessAdministration1_01.pdf',
    'https://ocw.u-tokyo.ac.jp/lecture_files/eco_01/2/notes/en/BusinessAdministration1_02.pdf',
    'https://ocw.u-tokyo.ac.jp/lecture_files/eco_01/3/notes/en/BusinessAdministration1_03.pdf',
    'https://ocw.u-tokyo.ac.jp/lecture_files/eco_01/4/notes/en/BusinessAdministration1_04.pdf',
    'https://ocw.u-tokyo.ac.jp/lecture_files/eco_01/5/notes/en/BusinessAdministration1_05.pdf',
    'https://ocw.u-tokyo.ac.jp/lecture_files/eco_01/6/notes/en/BusinessAdministration1_06.pdf',
    'https://ocw.u-tokyo.ac.jp/lecture_files/eco_01/7/notes/en/BusinessAdministration1_07.pdf',
    'https://ocw.u-tokyo.ac.jp/lecture_files/eco_01/8/notes/en/BusinessAdministration1_08.pdf',
    'https://ocw.u-tokyo.ac.jp/lecture_files/eco_01/9/notes/en/BusinessAdministration1_09.pdf',
    'https://ocw.u-tokyo.ac.jp/lecture_files/eco_01/10/notes/en/BusinessAdministration1_10.pdf',
    'https://ocw.u-tokyo.ac.jp/lecture_files/eco_01/11/notes/en/BusinessAdministration1_11.pdf',
    'https://ocw.u-tokyo.ac.jp/lecture_files/eco_01/12/notes/en/BusinessAdministration1_12.pdf',
    'https://ocw.u-tokyo.ac.jp/lecture_files/eco_01/13/notes/en/BusinessAdministration1_13.pdf',
    'https://ocw.u-tokyo.ac.jp/lecture_files/eco_01/14/notes/en/BusinessAdministration1_14.pdf',
    'https://ocw.u-tokyo.ac.jp/lecture_files/eco_01/15/notes/en/BusinessAdministration1_15.pdf'
  ],
  total: false,
  all_download_task: false
}
{ msg: 'STREAM::WRITE::PIPE::DONE::11' }
{
  msg: 'STREAM::WRITE::PIPE::CLOSED::11',
  downloaded_pages: 4,
  lost_pages: 3,
  total_imgs_num: [
    'https://ocw.u-tokyo.ac.jp/lecture_files/eco_01/1/notes/en/BusinessAdministration1_01.pdf',
    'https://ocw.u-tokyo.ac.jp/lecture_files/eco_01/2/notes/en/BusinessAdministration1_02.pdf',
    'https://ocw.u-tokyo.ac.jp/lecture_files/eco_01/3/notes/en/BusinessAdministration1_03.pdf',
    'https://ocw.u-tokyo.ac.jp/lecture_files/eco_01/4/notes/en/BusinessAdministration1_04.pdf',
    'https://ocw.u-tokyo.ac.jp/lecture_files/eco_01/5/notes/en/BusinessAdministration1_05.pdf',
    'https://ocw.u-tokyo.ac.jp/lecture_files/eco_01/6/notes/en/BusinessAdministration1_06.pdf',
    'https://ocw.u-tokyo.ac.jp/lecture_files/eco_01/7/notes/en/BusinessAdministration1_07.pdf',
    'https://ocw.u-tokyo.ac.jp/lecture_files/eco_01/8/notes/en/BusinessAdministration1_08.pdf',
    'https://ocw.u-tokyo.ac.jp/lecture_files/eco_01/9/notes/en/BusinessAdministration1_09.pdf',
    'https://ocw.u-tokyo.ac.jp/lecture_files/eco_01/10/notes/en/BusinessAdministration1_10.pdf',
    'https://ocw.u-tokyo.ac.jp/lecture_files/eco_01/11/notes/en/BusinessAdministration1_11.pdf',
    'https://ocw.u-tokyo.ac.jp/lecture_files/eco_01/12/notes/en/BusinessAdministration1_12.pdf',
    'https://ocw.u-tokyo.ac.jp/lecture_files/eco_01/13/notes/en/BusinessAdministration1_13.pdf',
    'https://ocw.u-tokyo.ac.jp/lecture_files/eco_01/14/notes/en/BusinessAdministration1_14.pdf',
    'https://ocw.u-tokyo.ac.jp/lecture_files/eco_01/15/notes/en/BusinessAdministration1_15.pdf'
  ],
  total: false,
  all_download_task: false
}
{ msg: 'STREAM::WRITE::PIPE::DONE::1' }
{
  msg: 'STREAM::WRITE::PIPE::CLOSED::1',
  downloaded_pages: 5,
  lost_pages: 3,
  total_imgs_num: [
    'https://ocw.u-tokyo.ac.jp/lecture_files/eco_01/1/notes/en/BusinessAdministration1_01.pdf',
    'https://ocw.u-tokyo.ac.jp/lecture_files/eco_01/2/notes/en/BusinessAdministration1_02.pdf',
    'https://ocw.u-tokyo.ac.jp/lecture_files/eco_01/3/notes/en/BusinessAdministration1_03.pdf',
    'https://ocw.u-tokyo.ac.jp/lecture_files/eco_01/4/notes/en/BusinessAdministration1_04.pdf',
    'https://ocw.u-tokyo.ac.jp/lecture_files/eco_01/5/notes/en/BusinessAdministration1_05.pdf',
    'https://ocw.u-tokyo.ac.jp/lecture_files/eco_01/6/notes/en/BusinessAdministration1_06.pdf',
    'https://ocw.u-tokyo.ac.jp/lecture_files/eco_01/7/notes/en/BusinessAdministration1_07.pdf',
    'https://ocw.u-tokyo.ac.jp/lecture_files/eco_01/8/notes/en/BusinessAdministration1_08.pdf',
    'https://ocw.u-tokyo.ac.jp/lecture_files/eco_01/9/notes/en/BusinessAdministration1_09.pdf',
    'https://ocw.u-tokyo.ac.jp/lecture_files/eco_01/10/notes/en/BusinessAdministration1_10.pdf',
    'https://ocw.u-tokyo.ac.jp/lecture_files/eco_01/11/notes/en/BusinessAdministration1_11.pdf',
    'https://ocw.u-tokyo.ac.jp/lecture_files/eco_01/12/notes/en/BusinessAdministration1_12.pdf',
    'https://ocw.u-tokyo.ac.jp/lecture_files/eco_01/13/notes/en/BusinessAdministration1_13.pdf',
    'https://ocw.u-tokyo.ac.jp/lecture_files/eco_01/14/notes/en/BusinessAdministration1_14.pdf',
    'https://ocw.u-tokyo.ac.jp/lecture_files/eco_01/15/notes/en/BusinessAdministration1_15.pdf'
  ],
  total: false,
  all_download_task: false
}
{ msg: 'STREAM::WRITE::PIPE::DONE::9' }
{
  msg: 'STREAM::WRITE::PIPE::CLOSED::9',
  downloaded_pages: 6,
  lost_pages: 3,
  total_imgs_num: [
    'https://ocw.u-tokyo.ac.jp/lecture_files/eco_01/1/notes/en/BusinessAdministration1_01.pdf',
    'https://ocw.u-tokyo.ac.jp/lecture_files/eco_01/2/notes/en/BusinessAdministration1_02.pdf',
    'https://ocw.u-tokyo.ac.jp/lecture_files/eco_01/3/notes/en/BusinessAdministration1_03.pdf',
    'https://ocw.u-tokyo.ac.jp/lecture_files/eco_01/4/notes/en/BusinessAdministration1_04.pdf',
    'https://ocw.u-tokyo.ac.jp/lecture_files/eco_01/5/notes/en/BusinessAdministration1_05.pdf',
    'https://ocw.u-tokyo.ac.jp/lecture_files/eco_01/6/notes/en/BusinessAdministration1_06.pdf',
    'https://ocw.u-tokyo.ac.jp/lecture_files/eco_01/7/notes/en/BusinessAdministration1_07.pdf',
    'https://ocw.u-tokyo.ac.jp/lecture_files/eco_01/8/notes/en/BusinessAdministration1_08.pdf',
    'https://ocw.u-tokyo.ac.jp/lecture_files/eco_01/9/notes/en/BusinessAdministration1_09.pdf',
    'https://ocw.u-tokyo.ac.jp/lecture_files/eco_01/10/notes/en/BusinessAdministration1_10.pdf',
    'https://ocw.u-tokyo.ac.jp/lecture_files/eco_01/11/notes/en/BusinessAdministration1_11.pdf',
    'https://ocw.u-tokyo.ac.jp/lecture_files/eco_01/12/notes/en/BusinessAdministration1_12.pdf',
    'https://ocw.u-tokyo.ac.jp/lecture_files/eco_01/13/notes/en/BusinessAdministration1_13.pdf',
    'https://ocw.u-tokyo.ac.jp/lecture_files/eco_01/14/notes/en/BusinessAdministration1_14.pdf',
    'https://ocw.u-tokyo.ac.jp/lecture_files/eco_01/15/notes/en/BusinessAdministration1_15.pdf'
  ],
  total: false,
  all_download_task: false
}
{ msg: 'STREAM::WRITE::PIPE::DONE::2' }
{
  msg: 'STREAM::WRITE::PIPE::CLOSED::2',
  downloaded_pages: 7,
  lost_pages: 3,
  total_imgs_num: [
    'https://ocw.u-tokyo.ac.jp/lecture_files/eco_01/1/notes/en/BusinessAdministration1_01.pdf',
    'https://ocw.u-tokyo.ac.jp/lecture_files/eco_01/2/notes/en/BusinessAdministration1_02.pdf',
    'https://ocw.u-tokyo.ac.jp/lecture_files/eco_01/3/notes/en/BusinessAdministration1_03.pdf',
    'https://ocw.u-tokyo.ac.jp/lecture_files/eco_01/4/notes/en/BusinessAdministration1_04.pdf',
    'https://ocw.u-tokyo.ac.jp/lecture_files/eco_01/5/notes/en/BusinessAdministration1_05.pdf',
    'https://ocw.u-tokyo.ac.jp/lecture_files/eco_01/6/notes/en/BusinessAdministration1_06.pdf',
    'https://ocw.u-tokyo.ac.jp/lecture_files/eco_01/7/notes/en/BusinessAdministration1_07.pdf',
    'https://ocw.u-tokyo.ac.jp/lecture_files/eco_01/8/notes/en/BusinessAdministration1_08.pdf',
    'https://ocw.u-tokyo.ac.jp/lecture_files/eco_01/9/notes/en/BusinessAdministration1_09.pdf',
    'https://ocw.u-tokyo.ac.jp/lecture_files/eco_01/10/notes/en/BusinessAdministration1_10.pdf',
    'https://ocw.u-tokyo.ac.jp/lecture_files/eco_01/11/notes/en/BusinessAdministration1_11.pdf',
    'https://ocw.u-tokyo.ac.jp/lecture_files/eco_01/12/notes/en/BusinessAdministration1_12.pdf',
    'https://ocw.u-tokyo.ac.jp/lecture_files/eco_01/13/notes/en/BusinessAdministration1_13.pdf',
    'https://ocw.u-tokyo.ac.jp/lecture_files/eco_01/14/notes/en/BusinessAdministration1_14.pdf',
    'https://ocw.u-tokyo.ac.jp/lecture_files/eco_01/15/notes/en/BusinessAdministration1_15.pdf'
  ],
  total: false,
  all_download_task: false
}
{ msg: 'STREAM::WRITE::PIPE::DONE::3' }
{
  msg: 'STREAM::WRITE::PIPE::CLOSED::3',
  downloaded_pages: 8,
  lost_pages: 3,
  total_imgs_num: [
    'https://ocw.u-tokyo.ac.jp/lecture_files/eco_01/1/notes/en/BusinessAdministration1_01.pdf',
    'https://ocw.u-tokyo.ac.jp/lecture_files/eco_01/2/notes/en/BusinessAdministration1_02.pdf',
    'https://ocw.u-tokyo.ac.jp/lecture_files/eco_01/3/notes/en/BusinessAdministration1_03.pdf',
    'https://ocw.u-tokyo.ac.jp/lecture_files/eco_01/4/notes/en/BusinessAdministration1_04.pdf',
    'https://ocw.u-tokyo.ac.jp/lecture_files/eco_01/5/notes/en/BusinessAdministration1_05.pdf',
    'https://ocw.u-tokyo.ac.jp/lecture_files/eco_01/6/notes/en/BusinessAdministration1_06.pdf',
    'https://ocw.u-tokyo.ac.jp/lecture_files/eco_01/7/notes/en/BusinessAdministration1_07.pdf',
    'https://ocw.u-tokyo.ac.jp/lecture_files/eco_01/8/notes/en/BusinessAdministration1_08.pdf',
    'https://ocw.u-tokyo.ac.jp/lecture_files/eco_01/9/notes/en/BusinessAdministration1_09.pdf',
    'https://ocw.u-tokyo.ac.jp/lecture_files/eco_01/10/notes/en/BusinessAdministration1_10.pdf',
    'https://ocw.u-tokyo.ac.jp/lecture_files/eco_01/11/notes/en/BusinessAdministration1_11.pdf',
    'https://ocw.u-tokyo.ac.jp/lecture_files/eco_01/12/notes/en/BusinessAdministration1_12.pdf',
    'https://ocw.u-tokyo.ac.jp/lecture_files/eco_01/13/notes/en/BusinessAdministration1_13.pdf',
    'https://ocw.u-tokyo.ac.jp/lecture_files/eco_01/14/notes/en/BusinessAdministration1_14.pdf',
    'https://ocw.u-tokyo.ac.jp/lecture_files/eco_01/15/notes/en/BusinessAdministration1_15.pdf'
  ],
  total: false,
  all_download_task: false
}
{ msg: 'STREAM::WRITE::PIPE::DONE::10' }
{
  msg: 'STREAM::WRITE::PIPE::CLOSED::10',
  downloaded_pages: 9,
  lost_pages: 3,
  total_imgs_num: [
    'https://ocw.u-tokyo.ac.jp/lecture_files/eco_01/1/notes/en/BusinessAdministration1_01.pdf',
    'https://ocw.u-tokyo.ac.jp/lecture_files/eco_01/2/notes/en/BusinessAdministration1_02.pdf',
    'https://ocw.u-tokyo.ac.jp/lecture_files/eco_01/3/notes/en/BusinessAdministration1_03.pdf',
    'https://ocw.u-tokyo.ac.jp/lecture_files/eco_01/4/notes/en/BusinessAdministration1_04.pdf',
    'https://ocw.u-tokyo.ac.jp/lecture_files/eco_01/5/notes/en/BusinessAdministration1_05.pdf',
    'https://ocw.u-tokyo.ac.jp/lecture_files/eco_01/6/notes/en/BusinessAdministration1_06.pdf',
    'https://ocw.u-tokyo.ac.jp/lecture_files/eco_01/7/notes/en/BusinessAdministration1_07.pdf',
    'https://ocw.u-tokyo.ac.jp/lecture_files/eco_01/8/notes/en/BusinessAdministration1_08.pdf',
    'https://ocw.u-tokyo.ac.jp/lecture_files/eco_01/9/notes/en/BusinessAdministration1_09.pdf',
    'https://ocw.u-tokyo.ac.jp/lecture_files/eco_01/10/notes/en/BusinessAdministration1_10.pdf',
    'https://ocw.u-tokyo.ac.jp/lecture_files/eco_01/11/notes/en/BusinessAdministration1_11.pdf',
    'https://ocw.u-tokyo.ac.jp/lecture_files/eco_01/12/notes/en/BusinessAdministration1_12.pdf',
    'https://ocw.u-tokyo.ac.jp/lecture_files/eco_01/13/notes/en/BusinessAdministration1_13.pdf',
    'https://ocw.u-tokyo.ac.jp/lecture_files/eco_01/14/notes/en/BusinessAdministration1_14.pdf',
    'https://ocw.u-tokyo.ac.jp/lecture_files/eco_01/15/notes/en/BusinessAdministration1_15.pdf'
  ],
  total: false,
  all_download_task: false
}
{ msg: 'STREAM::WRITE::PIPE::DONE::5' }
{
  msg: 'STREAM::WRITE::PIPE::CLOSED::5',
  downloaded_pages: 10,
  lost_pages: 3,
  total_imgs_num: [
    'https://ocw.u-tokyo.ac.jp/lecture_files/eco_01/1/notes/en/BusinessAdministration1_01.pdf',
    'https://ocw.u-tokyo.ac.jp/lecture_files/eco_01/2/notes/en/BusinessAdministration1_02.pdf',
    'https://ocw.u-tokyo.ac.jp/lecture_files/eco_01/3/notes/en/BusinessAdministration1_03.pdf',
    'https://ocw.u-tokyo.ac.jp/lecture_files/eco_01/4/notes/en/BusinessAdministration1_04.pdf',
    'https://ocw.u-tokyo.ac.jp/lecture_files/eco_01/5/notes/en/BusinessAdministration1_05.pdf',
    'https://ocw.u-tokyo.ac.jp/lecture_files/eco_01/6/notes/en/BusinessAdministration1_06.pdf',
    'https://ocw.u-tokyo.ac.jp/lecture_files/eco_01/7/notes/en/BusinessAdministration1_07.pdf',
    'https://ocw.u-tokyo.ac.jp/lecture_files/eco_01/8/notes/en/BusinessAdministration1_08.pdf',
    'https://ocw.u-tokyo.ac.jp/lecture_files/eco_01/9/notes/en/BusinessAdministration1_09.pdf',
    'https://ocw.u-tokyo.ac.jp/lecture_files/eco_01/10/notes/en/BusinessAdministration1_10.pdf',
    'https://ocw.u-tokyo.ac.jp/lecture_files/eco_01/11/notes/en/BusinessAdministration1_11.pdf',
    'https://ocw.u-tokyo.ac.jp/lecture_files/eco_01/12/notes/en/BusinessAdministration1_12.pdf',
    'https://ocw.u-tokyo.ac.jp/lecture_files/eco_01/13/notes/en/BusinessAdministration1_13.pdf',
    'https://ocw.u-tokyo.ac.jp/lecture_files/eco_01/14/notes/en/BusinessAdministration1_14.pdf',
    'https://ocw.u-tokyo.ac.jp/lecture_files/eco_01/15/notes/en/BusinessAdministration1_15.pdf'
  ],
  total: false,
  all_download_task: false
}
{ msg: 'STREAM::WRITE::PIPE::DONE::4' }
{
  msg: 'STREAM::WRITE::PIPE::CLOSED::4',
  downloaded_pages: 11,
  lost_pages: 3,
  total_imgs_num: [
    'https://ocw.u-tokyo.ac.jp/lecture_files/eco_01/1/notes/en/BusinessAdministration1_01.pdf',
    'https://ocw.u-tokyo.ac.jp/lecture_files/eco_01/2/notes/en/BusinessAdministration1_02.pdf',
    'https://ocw.u-tokyo.ac.jp/lecture_files/eco_01/3/notes/en/BusinessAdministration1_03.pdf',
    'https://ocw.u-tokyo.ac.jp/lecture_files/eco_01/4/notes/en/BusinessAdministration1_04.pdf',
    'https://ocw.u-tokyo.ac.jp/lecture_files/eco_01/5/notes/en/BusinessAdministration1_05.pdf',
    'https://ocw.u-tokyo.ac.jp/lecture_files/eco_01/6/notes/en/BusinessAdministration1_06.pdf',
    'https://ocw.u-tokyo.ac.jp/lecture_files/eco_01/7/notes/en/BusinessAdministration1_07.pdf',
    'https://ocw.u-tokyo.ac.jp/lecture_files/eco_01/8/notes/en/BusinessAdministration1_08.pdf',
    'https://ocw.u-tokyo.ac.jp/lecture_files/eco_01/9/notes/en/BusinessAdministration1_09.pdf',
    'https://ocw.u-tokyo.ac.jp/lecture_files/eco_01/10/notes/en/BusinessAdministration1_10.pdf',
    'https://ocw.u-tokyo.ac.jp/lecture_files/eco_01/11/notes/en/BusinessAdministration1_11.pdf',
    'https://ocw.u-tokyo.ac.jp/lecture_files/eco_01/12/notes/en/BusinessAdministration1_12.pdf',
    'https://ocw.u-tokyo.ac.jp/lecture_files/eco_01/13/notes/en/BusinessAdministration1_13.pdf',
    'https://ocw.u-tokyo.ac.jp/lecture_files/eco_01/14/notes/en/BusinessAdministration1_14.pdf',
    'https://ocw.u-tokyo.ac.jp/lecture_files/eco_01/15/notes/en/BusinessAdministration1_15.pdf'
  ],
  total: false,
  all_download_task: false
}
{ msg: 'STREAM::WRITE::PIPE::DONE::6' }
{
  msg: 'STREAM::WRITE::PIPE::CLOSED::6',
  downloaded_pages: 12,
  lost_pages: 3,
  total_imgs_num: [
    'https://ocw.u-tokyo.ac.jp/lecture_files/eco_01/1/notes/en/BusinessAdministration1_01.pdf',
    'https://ocw.u-tokyo.ac.jp/lecture_files/eco_01/2/notes/en/BusinessAdministration1_02.pdf',
    'https://ocw.u-tokyo.ac.jp/lecture_files/eco_01/3/notes/en/BusinessAdministration1_03.pdf',
    'https://ocw.u-tokyo.ac.jp/lecture_files/eco_01/4/notes/en/BusinessAdministration1_04.pdf',
    'https://ocw.u-tokyo.ac.jp/lecture_files/eco_01/5/notes/en/BusinessAdministration1_05.pdf',
    'https://ocw.u-tokyo.ac.jp/lecture_files/eco_01/6/notes/en/BusinessAdministration1_06.pdf',
    'https://ocw.u-tokyo.ac.jp/lecture_files/eco_01/7/notes/en/BusinessAdministration1_07.pdf',
    'https://ocw.u-tokyo.ac.jp/lecture_files/eco_01/8/notes/en/BusinessAdministration1_08.pdf',
    'https://ocw.u-tokyo.ac.jp/lecture_files/eco_01/9/notes/en/BusinessAdministration1_09.pdf',
    'https://ocw.u-tokyo.ac.jp/lecture_files/eco_01/10/notes/en/BusinessAdministration1_10.pdf',
    'https://ocw.u-tokyo.ac.jp/lecture_files/eco_01/11/notes/en/BusinessAdministration1_11.pdf',
    'https://ocw.u-tokyo.ac.jp/lecture_files/eco_01/12/notes/en/BusinessAdministration1_12.pdf',
    'https://ocw.u-tokyo.ac.jp/lecture_files/eco_01/13/notes/en/BusinessAdministration1_13.pdf',
    'https://ocw.u-tokyo.ac.jp/lecture_files/eco_01/14/notes/en/BusinessAdministration1_14.pdf',
    'https://ocw.u-tokyo.ac.jp/lecture_files/eco_01/15/notes/en/BusinessAdministration1_15.pdf'
  ],
  total: false,
  all_download_task: false
}
