urls: 
----------- Started Download All Normal Pattern ---------------
----------- HERE MIXED ---------------
index: 1
uri: https://image.slidesharecdn.com/dequeanditsapplications-111130111845-phpapp01/95/deque-and-its-applications-1-1024.jpg
length: 12
Folder created OR Already found
==> #5
====================================
ResultTable {
  nodes: [ { name: '-1.undefined', status: true, size: 52987 } ]
}
====================================
{ msg: 'STREAM::WRITE::PIPE::DONE::1' }
{
  msg: 'STREAM::WRITE::PIPE::CLOSED::1',
  downloaded_pages: 1,
  lost_pages: 0,
  urls: 12,
  total: false,
  all_download_task: false
}
index: 2
uri: https://image.slidesharecdn.com/dequeanditsapplications-111130111845-phpapp01/95/deque-and-its-applications-2-1024.jpg
length: 12
==> #5
====================================
ResultTable {
  nodes: [
    { name: '-1.undefined', status: true, size: 52987 },
    { name: '-2.undefined', status: true, size: 86978 }
  ]
}
====================================
{ msg: 'STREAM::WRITE::PIPE::DONE::2' }
{
  msg: 'STREAM::WRITE::PIPE::CLOSED::2',
  downloaded_pages: 2,
  lost_pages: 0,
  urls: 12,
  total: false,
  all_download_task: false
}
index: 3
uri: https://image.slidesharecdn.com/dequeanditsapplications-111130111845-phpapp01/95/deque-and-its-applications-3-1024.jpg
length: 12
==> #5
====================================
ResultTable {
  nodes: [
    { name: '-1.undefined', status: true, size: 52987 },
    { name: '-2.undefined', status: true, size: 86978 },
    { name: '-3.undefined', status: true, size: 95432 }
  ]
}
====================================
{ msg: 'STREAM::WRITE::PIPE::DONE::3' }
{
  msg: 'STREAM::WRITE::PIPE::CLOSED::3',
  downloaded_pages: 3,
  lost_pages: 0,
  urls: 12,
  total: false,
  all_download_task: false
}
index: 4
uri: https://image.slidesharecdn.com/dequeanditsapplications-111130111845-phpapp01/95/deque-and-its-applications-4-1024.jpg
length: 12
==> #5
====================================
ResultTable {
  nodes: [
    { name: '-1.undefined', status: true, size: 52987 },
    { name: '-2.undefined', status: true, size: 86978 },
    { name: '-3.undefined', status: true, size: 95432 },
    { name: '-4.undefined', status: true, size: 83552 }
  ]
}
====================================
{ msg: 'STREAM::WRITE::PIPE::DONE::4' }
{
  msg: 'STREAM::WRITE::PIPE::CLOSED::4',
  downloaded_pages: 4,
  lost_pages: 0,
  urls: 12,
  total: false,
  all_download_task: false
}
index: 5
uri: https://image.slidesharecdn.com/dequeanditsapplications-111130111845-phpapp01/95/deque-and-its-applications-5-1024.jpg
length: 12
==> #5
====================================
ResultTable {
  nodes: [
    { name: '-1.undefined', status: true, size: 52987 },
    { name: '-2.undefined', status: true, size: 86978 },
    { name: '-3.undefined', status: true, size: 95432 },
    { name: '-4.undefined', status: true, size: 83552 },
    { name: '-5.undefined', status: true, size: 81667 }
  ]
}
====================================
{ msg: 'STREAM::WRITE::PIPE::DONE::5' }
{
  msg: 'STREAM::WRITE::PIPE::CLOSED::5',
  downloaded_pages: 5,
  lost_pages: 0,
  urls: 12,
  total: false,
  all_download_task: false
}
index: 6
uri: https://image.slidesharecdn.com/dequeanditsapplications-111130111845-phpapp01/95/deque-and-its-applications-6-1024.jpg
length: 12
==> #5
====================================
ResultTable {
  nodes: [
    { name: '-1.undefined', status: true, size: 52987 },
    { name: '-2.undefined', status: true, size: 86978 },
    { name: '-3.undefined', status: true, size: 95432 },
    { name: '-4.undefined', status: true, size: 83552 },
    { name: '-5.undefined', status: true, size: 81667 },
    { name: '-6.undefined', status: true, size: 82902 }
  ]
}
====================================
{ msg: 'STREAM::WRITE::PIPE::DONE::6' }
{
  msg: 'STREAM::WRITE::PIPE::CLOSED::6',
  downloaded_pages: 6,
  lost_pages: 0,
  urls: 12,
  total: false,
  all_download_task: false
}
index: 7
uri: https://image.slidesharecdn.com/dequeanditsapplications-111130111845-phpapp01/95/deque-and-its-applications-7-1024.jpg
length: 12
==> #5
====================================
ResultTable {
  nodes: [
    { name: '-1.undefined', status: true, size: 52987 },
    { name: '-2.undefined', status: true, size: 86978 },
    { name: '-3.undefined', status: true, size: 95432 },
    { name: '-4.undefined', status: true, size: 83552 },
    { name: '-5.undefined', status: true, size: 81667 },
    { name: '-6.undefined', status: true, size: 82902 },
    { name: '-7.undefined', status: true, size: 88123 }
  ]
}
====================================
{ msg: 'STREAM::WRITE::PIPE::DONE::7' }
{
  msg: 'STREAM::WRITE::PIPE::CLOSED::7',
  downloaded_pages: 7,
  lost_pages: 0,
  urls: 12,
  total: false,
  all_download_task: false
}
index: 8
uri: https://image.slidesharecdn.com/dequeanditsapplications-111130111845-phpapp01/95/deque-and-its-applications-8-1024.jpg
length: 12
==> #5
====================================
ResultTable {
  nodes: [
    { name: '-1.undefined', status: true, size: 52987 },
    { name: '-2.undefined', status: true, size: 86978 },
    { name: '-3.undefined', status: true, size: 95432 },
    { name: '-4.undefined', status: true, size: 83552 },
    { name: '-5.undefined', status: true, size: 81667 },
    { name: '-6.undefined', status: true, size: 82902 },
    { name: '-7.undefined', status: true, size: 88123 },
    { name: '-8.undefined', status: true, size: 82072 }
  ]
}
====================================
{ msg: 'STREAM::WRITE::PIPE::DONE::8' }
{
  msg: 'STREAM::WRITE::PIPE::CLOSED::8',
  downloaded_pages: 8,
  lost_pages: 0,
  urls: 12,
  total: false,
  all_download_task: false
}
index: 9
uri: https://image.slidesharecdn.com/dequeanditsapplications-111130111845-phpapp01/95/deque-and-its-applications-9-1024.jpg
length: 12
==> #5
====================================
ResultTable {
  nodes: [
    { name: '-1.undefined', status: true, size: 52987 },
    { name: '-2.undefined', status: true, size: 86978 },
    { name: '-3.undefined', status: true, size: 95432 },
    { name: '-4.undefined', status: true, size: 83552 },
    { name: '-5.undefined', status: true, size: 81667 },
    { name: '-6.undefined', status: true, size: 82902 },
    { name: '-7.undefined', status: true, size: 88123 },
    { name: '-8.undefined', status: true, size: 82072 },
    { name: '-9.undefined', status: true, size: 89924 }
  ]
}
====================================
{ msg: 'STREAM::WRITE::PIPE::DONE::9' }
{
  msg: 'STREAM::WRITE::PIPE::CLOSED::9',
  downloaded_pages: 9,
  lost_pages: 0,
  urls: 12,
  total: false,
  all_download_task: false
}
index: 10
uri: https://image.slidesharecdn.com/dequeanditsapplications-111130111845-phpapp01/95/deque-and-its-applications-10-1024.jpg
length: 12
==> #5
====================================
ResultTable {
  nodes: [
    { name: '-1.undefined', status: true, size: 52987 },
    { name: '-2.undefined', status: true, size: 86978 },
    { name: '-3.undefined', status: true, size: 95432 },
    { name: '-4.undefined', status: true, size: 83552 },
    { name: '-5.undefined', status: true, size: 81667 },
    { name: '-6.undefined', status: true, size: 82902 },
    { name: '-7.undefined', status: true, size: 88123 },
    { name: '-8.undefined', status: true, size: 82072 },
    { name: '-9.undefined', status: true, size: 89924 },
    { name: '-10.undefined', status: true, size: 81041 }
  ]
}
====================================
{ msg: 'STREAM::WRITE::PIPE::DONE::10' }
{
  msg: 'STREAM::WRITE::PIPE::CLOSED::10',
  downloaded_pages: 10,
  lost_pages: 0,
  urls: 12,
  total: false,
  all_download_task: false
}
index: 11
uri: https://image.slidesharecdn.com/dequeanditsapplications-111130111845-phpapp01/95/deque-and-its-applications-11-1024.jpg
length: 12
==> #5
====================================
ResultTable {
  nodes: [
    { name: '-1.undefined', status: true, size: 52987 },
    { name: '-2.undefined', status: true, size: 86978 },
    { name: '-3.undefined', status: true, size: 95432 },
    { name: '-4.undefined', status: true, size: 83552 },
    { name: '-5.undefined', status: true, size: 81667 },
    { name: '-6.undefined', status: true, size: 82902 },
    { name: '-7.undefined', status: true, size: 88123 },
    { name: '-8.undefined', status: true, size: 82072 },
    { name: '-9.undefined', status: true, size: 89924 },
    { name: '-10.undefined', status: true, size: 81041 },
    { name: '-11.undefined', status: true, size: 94901 }
  ]
}
====================================
{ msg: 'STREAM::WRITE::PIPE::DONE::11' }
{
  msg: 'STREAM::WRITE::PIPE::CLOSED::11',
  downloaded_pages: 11,
  lost_pages: 0,
  urls: 12,
  total: false,
  all_download_task: false
}
index: 12
uri: https://image.slidesharecdn.com/dequeanditsapplications-111130111845-phpapp01/95/deque-and-its-applications-12-1024.jpg
length: 12
==> #5
====================================
ResultTable {
  nodes: [
    { name: '-1.undefined', status: true, size: 52987 },
    { name: '-2.undefined', status: true, size: 86978 },
    { name: '-3.undefined', status: true, size: 95432 },
    { name: '-4.undefined', status: true, size: 83552 },
    { name: '-5.undefined', status: true, size: 81667 },
    { name: '-6.undefined', status: true, size: 82902 },
    { name: '-7.undefined', status: true, size: 88123 },
    { name: '-8.undefined', status: true, size: 82072 },
    { name: '-9.undefined', status: true, size: 89924 },
    { name: '-10.undefined', status: true, size: 81041 },
    { name: '-11.undefined', status: true, size: 94901 },
    { name: '-12.undefined', status: true, size: 81035 }
  ]
}
====================================
{ msg: 'STREAM::WRITE::PIPE::DONE::12' }
{
  msg: 'STREAM::WRITE::PIPE::CLOSED::12',
  downloaded_pages: 12,
  lost_pages: 0,
  urls: 12,
  total: true,
  all_download_task: true
}
