----------- Started Download All Normal Pattern ---------------
{ num: 6, tmp_num: undefined, basis: '000', level: 0 }
{ num: 10, tmp_num: '99', basis: '000', level: 1 }
{ num: 100, tmp_num: '999', basis: '000', level: 2 }
[
  '006', '007', '008', '009', '010', '011', '012', '013',
  '014', '015', '016', '017', '018', '019', '020', '021',
  '022', '023', '024', '025', '026', '027', '028', '029',
  '030', '031', '032', '033', '034', '035', '036', '037',
  '038', '039', '040', '041', '042', '043', '044', '045',
  '046', '047', '048', '049', '050', '051', '052', '053',
  '054', '055', '056', '057', '058', '059', '060', '061',
  '062', '063', '064', '065', '066', '067', '068', '069',
  '070', '071', '072', '073', '074', '075', '076', '077',
  '078', '079', '080', '081', '082', '083', '084', '085',
  '086', '087', '088', '089', '090', '091', '092', '093',
  '094', '095', '096', '097', '098', '099', '100', '101',
  '102', '103', '104', '105',
  ... 30 more items
]
[
  '006', '007', '008', '009', '010', '011', '012', '013',
  '014', '015', '016', '017', '018', '019', '020', '021',
  '022', '023', '024', '025', '026', '027', '028', '029',
  '030', '031', '032', '033', '034', '035', '036', '037',
  '038', '039', '040', '041', '042', '043', '044', '045',
  '046', '047', '048', '049', '050', '051', '052', '053',
  '054', '055', '056', '057', '058', '059', '060', '061',
  '062', '063', '064', '065', '066', '067', '068', '069',
  '070', '071', '072', '073', '074', '075', '076', '077',
  '078', '079', '080', '081', '082', '083', '084', '085',
  '086', '087', '088', '089', '090', '091', '092', '093',
  '094', '095', '096', '097', '098', '099', '100', '101',
  '102', '103', '104', '105',
  ... 30 more items
]
[
  '006', '007', '008', '009', '010', '011', '012', '013',
  '014', '015', '016', '017', '018', '019', '020', '021',
  '022', '023', '024', '025', '026', '027', '028', '029',
  '030', '031', '032', '033', '034', '035', '036', '037',
  '038', '039', '040', '041', '042', '043', '044', '045',
  '046', '047', '048', '049', '050', '051', '052', '053',
  '054', '055', '056', '057', '058', '059', '060', '061',
  '062', '063', '064', '065', '066', '067', '068', '069',
  '070', '071', '072', '073', '074', '075', '076', '077',
  '078', '079', '080', '081', '082', '083', '084', '085',
  '086', '087', '088', '089', '090', '091', '092', '093',
  '094', '095', '096', '097', '098', '099', '100', '101',
  '102', '103', '104', '105',
  ... 29 more items
]
Folder created OR Already found
{ msg: 'STREAM::WRITE::PIPE::ERROR::045', err: null }
{ msg: 'STREAM::WRITE::PIPE::DONE::045' }
{
  msg: 'STREAM::WRITE::PIPE::CLOSED::045',
  downloaded_pages: 0,
  lost_pages: 1,
  total_imgs_num: 129,
  total: false,
  all_download_task: false
}
{ msg: 'STREAM::WRITE::PIPE::ERROR::025', err: null }
{ msg: 'STREAM::WRITE::PIPE::DONE::025' }
{
  msg: 'STREAM::WRITE::PIPE::CLOSED::025',
  downloaded_pages: 0,
  lost_pages: 2,
  total_imgs_num: 129,
  total: false,
  all_download_task: false
}
{ msg: 'STREAM::WRITE::PIPE::ERROR::036', err: null }
{ msg: 'STREAM::WRITE::PIPE::DONE::036' }
{
  msg: 'STREAM::WRITE::PIPE::CLOSED::036',
  downloaded_pages: 0,
  lost_pages: 3,
  total_imgs_num: 129,
  total: false,
  all_download_task: false
}
{ msg: 'STREAM::WRITE::PIPE::ERROR::007', err: null }
{ msg: 'STREAM::WRITE::PIPE::DONE::007' }
{
  msg: 'STREAM::WRITE::PIPE::CLOSED::007',
  downloaded_pages: 0,
  lost_pages: 4,
  total_imgs_num: 129,
  total: false,
  all_download_task: false
}
{ msg: 'STREAM::WRITE::PIPE::ERROR::028', err: null }
{ msg: 'STREAM::WRITE::PIPE::DONE::028' }

# -------------------------------------------------
# 1000 line was deleted from here
# -------------------------------------------------

{ msg: 'STREAM::WRITE::PIPE::DONE::012' }
{
  msg: 'STREAM::WRITE::PIPE::CLOSED::012',
  downloaded_pages: 107,
  lost_pages: 16,
  total_imgs_num: 129,
  total: false,
  all_download_task: false
}
{ msg: 'STREAM::WRITE::PIPE::DONE::015' }
{
  msg: 'STREAM::WRITE::PIPE::CLOSED::015',
  downloaded_pages: 108,
  lost_pages: 16,
  total_imgs_num: 129,
  total: false,
  all_download_task: false
}
{ msg: 'STREAM::WRITE::PIPE::DONE::070' }
{
  msg: 'STREAM::WRITE::PIPE::CLOSED::070',
  downloaded_pages: 109,
  lost_pages: 16,
  total_imgs_num: 129,
  total: false,
  all_download_task: false
}
