urls: 
----------- Started Download All Normal Pattern ---------------
lecture_files/eco_01/1/notes/en/BusinessAdministration1_01.pdf
lecture_files/eco_01/2/notes/en/BusinessAdministration1_02.pdf
lecture_files/eco_01/3/notes/en/BusinessAdministration1_03.pdf
lecture_files/eco_01/4/notes/en/BusinessAdministration1_04.pdf
lecture_files/eco_01/5/notes/en/BusinessAdministration1_05.pdf
lecture_files/eco_01/6/notes/en/BusinessAdministration1_06.pdf
lecture_files/eco_01/7/notes/en/BusinessAdministration1_07.pdf
lecture_files/eco_01/8/notes/en/BusinessAdministration1_08.pdf
lecture_files/eco_01/9/notes/en/BusinessAdministration1_09.pdf
lecture_files/eco_01/10/notes/en/BusinessAdministration1_10.pdf
lecture_files/eco_01/11/notes/en/BusinessAdministration1_11.pdf
lecture_files/eco_01/12/notes/en/BusinessAdministration1_12.pdf
lecture_files/eco_01/13/notes/en/BusinessAdministration1_13.pdf
lecture_files/eco_01/14/notes/en/BusinessAdministration1_14.pdf
lecture_files/eco_01/15/notes/en/BusinessAdministration1_15.pdf
undefined
Folder created OR Already found
{
  msg: 'STREAM::WRITE::PIPE::ERROR::0',
  err: Error: getaddrinfo ENOTFOUND lecture_files
      at GetAddrInfoReqWrap.onlookup [as oncomplete] (dns.js:71:26) {
    errno: -3008,
    code: 'ENOTFOUND',
    syscall: 'getaddrinfo',
    hostname: 'lecture_files'
  }
}
{
  msg: 'STREAM::WRITE::PIPE::ERROR::1',
  err: Error: getaddrinfo ENOTFOUND lecture_files
      at GetAddrInfoReqWrap.onlookup [as oncomplete] (dns.js:71:26) {
    errno: -3008,
    code: 'ENOTFOUND',
    syscall: 'getaddrinfo',
    hostname: 'lecture_files'
  }
}
{
  msg: 'STREAM::WRITE::PIPE::ERROR::3',
  err: Error: getaddrinfo ENOTFOUND lecture_files
      at GetAddrInfoReqWrap.onlookup [as oncomplete] (dns.js:71:26) {
    errno: -3008,
    code: 'ENOTFOUND',
    syscall: 'getaddrinfo',
    hostname: 'lecture_files'
  }
}
{
  msg: 'STREAM::WRITE::PIPE::ERROR::2',
  err: Error: getaddrinfo ENOTFOUND lecture_files
      at GetAddrInfoReqWrap.onlookup [as oncomplete] (dns.js:71:26) {
    errno: -3008,
    code: 'ENOTFOUND',
    syscall: 'getaddrinfo',
    hostname: 'lecture_files'
  }
}
{
  msg: 'STREAM::WRITE::PIPE::ERROR::5',
  err: Error: getaddrinfo ENOTFOUND lecture_files
      at GetAddrInfoReqWrap.onlookup [as oncomplete] (dns.js:71:26) {
    errno: -3008,
    code: 'ENOTFOUND',
    syscall: 'getaddrinfo',
    hostname: 'lecture_files'
  }
}
{
  msg: 'STREAM::WRITE::PIPE::ERROR::4',
  err: Error: getaddrinfo ENOTFOUND lecture_files
      at GetAddrInfoReqWrap.onlookup [as oncomplete] (dns.js:71:26) {
    errno: -3008,
    code: 'ENOTFOUND',
    syscall: 'getaddrinfo',
    hostname: 'lecture_files'
  }
}
{
  msg: 'STREAM::WRITE::PIPE::ERROR::7',
  err: Error: getaddrinfo ENOTFOUND lecture_files
      at GetAddrInfoReqWrap.onlookup [as oncomplete] (dns.js:71:26) {
    errno: -3008,
    code: 'ENOTFOUND',
    syscall: 'getaddrinfo',
    hostname: 'lecture_files'
  }
}
{
  msg: 'STREAM::WRITE::PIPE::ERROR::6',
  err: Error: getaddrinfo ENOTFOUND lecture_files
      at GetAddrInfoReqWrap.onlookup [as oncomplete] (dns.js:71:26) {
    errno: -3008,
    code: 'ENOTFOUND',
    syscall: 'getaddrinfo',
    hostname: 'lecture_files'
  }
}
{
  msg: 'STREAM::WRITE::PIPE::ERROR::15',
  err: Error: socket hang up
      at connResetException (internal/errors.js:639:14)
      at Socket.socketCloseListener (_http_client.js:449:25)
      at Socket.emit (events.js:412:35)
      at TCP.<anonymous> (net.js:686:12) {
    code: 'ECONNRESET'
  }
}
{
  msg: 'STREAM::WRITE::PIPE::ERROR::14',
  err: Error: socket hang up
      at connResetException (internal/errors.js:639:14)
      at Socket.socketCloseListener (_http_client.js:449:25)
      at Socket.emit (events.js:412:35)
      at TCP.<anonymous> (net.js:686:12) {
    code: 'ECONNRESET'
  }
}
{
  msg: 'STREAM::WRITE::PIPE::ERROR::13',
  err: Error: socket hang up
      at connResetException (internal/errors.js:639:14)
      at Socket.socketCloseListener (_http_client.js:449:25)
      at Socket.emit (events.js:412:35)
      at TCP.<anonymous> (net.js:686:12) {
    code: 'ECONNRESET'
  }
}
{
  msg: 'STREAM::WRITE::PIPE::ERROR::12',
  err: Error: socket hang up
      at connResetException (internal/errors.js:639:14)
      at Socket.socketCloseListener (_http_client.js:449:25)
      at Socket.emit (events.js:412:35)
      at TCP.<anonymous> (net.js:686:12) {
    code: 'ECONNRESET'
  }
}
{
  msg: 'STREAM::WRITE::PIPE::ERROR::11',
  err: Error: socket hang up
      at connResetException (internal/errors.js:639:14)
      at Socket.socketCloseListener (_http_client.js:449:25)
      at Socket.emit (events.js:412:35)
      at TCP.<anonymous> (net.js:686:12) {
    code: 'ECONNRESET'
  }
}
{
  msg: 'STREAM::WRITE::PIPE::ERROR::10',
  err: Error: socket hang up
      at connResetException (internal/errors.js:639:14)
      at Socket.socketCloseListener (_http_client.js:449:25)
      at Socket.emit (events.js:412:35)
      at TCP.<anonymous> (net.js:686:12) {
    code: 'ECONNRESET'
  }
}
{
  msg: 'STREAM::WRITE::PIPE::ERROR::9',
  err: Error: socket hang up
      at connResetException (internal/errors.js:639:14)
      at Socket.socketCloseListener (_http_client.js:449:25)
      at Socket.emit (events.js:412:35)
      at TCP.<anonymous> (net.js:686:12) {
    code: 'ECONNRESET'
  }
}
{
  msg: 'STREAM::WRITE::PIPE::ERROR::8',
  err: Error: socket hang up
      at connResetException (internal/errors.js:639:14)
      at Socket.socketCloseListener (_http_client.js:449:25)
      at Socket.emit (events.js:412:35)
      at TCP.<anonymous> (net.js:686:12) {
    code: 'ECONNRESET'
  }
}
