urls: 
----------- Started Download All Normal Pattern ---------------
undefined/lecture_files/eco_01/1/notes/en/BusinessAdministration1_01.pdf
undefined/lecture_files/eco_01/2/notes/en/BusinessAdministration1_02.pdf
undefined/lecture_files/eco_01/3/notes/en/BusinessAdministration1_03.pdf
undefined/lecture_files/eco_01/4/notes/en/BusinessAdministration1_04.pdf
undefined/lecture_files/eco_01/5/notes/en/BusinessAdministration1_05.pdf
undefined/lecture_files/eco_01/6/notes/en/BusinessAdministration1_06.pdf
undefined/lecture_files/eco_01/7/notes/en/BusinessAdministration1_07.pdf
undefined/lecture_files/eco_01/8/notes/en/BusinessAdministration1_08.pdf
undefined/lecture_files/eco_01/9/notes/en/BusinessAdministration1_09.pdf
undefined/lecture_files/eco_01/10/notes/en/BusinessAdministration1_10.pdf
undefined/lecture_files/eco_01/11/notes/en/BusinessAdministration1_11.pdf
undefined/lecture_files/eco_01/12/notes/en/BusinessAdministration1_12.pdf
undefined/lecture_files/eco_01/13/notes/en/BusinessAdministration1_13.pdf
undefined/lecture_files/eco_01/14/notes/en/BusinessAdministration1_14.pdf
undefined/lecture_files/eco_01/15/notes/en/BusinessAdministration1_15.pdf
Folder created OR Already found
{
  msg: 'STREAM::WRITE::PIPE::ERROR::2',
  err: Error: getaddrinfo ENOTFOUND undefined
      at GetAddrInfoReqWrap.onlookup [as oncomplete] (dns.js:71:26) {
    errno: -3008,
    code: 'ENOTFOUND',
    syscall: 'getaddrinfo',
    hostname: 'undefined'
  }
}
{
  msg: 'STREAM::WRITE::PIPE::ERROR::1',
  err: Error: getaddrinfo ENOTFOUND undefined
      at GetAddrInfoReqWrap.onlookup [as oncomplete] (dns.js:71:26) {
    errno: -3008,
    code: 'ENOTFOUND',
    syscall: 'getaddrinfo',
    hostname: 'undefined'
  }
}
{
  msg: 'STREAM::WRITE::PIPE::ERROR::3',
  err: Error: getaddrinfo ENOTFOUND undefined
      at GetAddrInfoReqWrap.onlookup [as oncomplete] (dns.js:71:26) {
    errno: -3008,
    code: 'ENOTFOUND',
    syscall: 'getaddrinfo',
    hostname: 'undefined'
  }
}
{
  msg: 'STREAM::WRITE::PIPE::ERROR::4',
  err: Error: getaddrinfo ENOTFOUND undefined
      at GetAddrInfoReqWrap.onlookup [as oncomplete] (dns.js:71:26) {
    errno: -3008,
    code: 'ENOTFOUND',
    syscall: 'getaddrinfo',
    hostname: 'undefined'
  }
}
{
  msg: 'STREAM::WRITE::PIPE::ERROR::6',
  err: Error: getaddrinfo ENOTFOUND undefined
      at GetAddrInfoReqWrap.onlookup [as oncomplete] (dns.js:71:26) {
    errno: -3008,
    code: 'ENOTFOUND',
    syscall: 'getaddrinfo',
    hostname: 'undefined'
  }
}
{
  msg: 'STREAM::WRITE::PIPE::ERROR::5',
  err: Error: getaddrinfo ENOTFOUND undefined
      at GetAddrInfoReqWrap.onlookup [as oncomplete] (dns.js:71:26) {
    errno: -3008,
    code: 'ENOTFOUND',
    syscall: 'getaddrinfo',
    hostname: 'undefined'
  }
}
