urls: 
----------- Started Download All Normal Pattern ---------------
uri: 
length: 
uri: 
length: 
uri: 
length: 
uri: 
length: 
uri: 
length: 
uri: 
length: 
uri: 
length: 
uri: 
length: 
uri: 
length: 
uri: 
length: 
uri: 
length: 
uri: 
length: 
Folder created OR Already found
{
  msg: 'STREAM::WRITE::PIPE::ERROR::1',
  err: Error: getaddrinfo ENOTFOUND undefined
      at GetAddrInfoReqWrap.onlookup [as oncomplete] (dns.js:71:26) {
    errno: -3008,
    code: 'ENOTFOUND',
    syscall: 'getaddrinfo',
    hostname: 'undefined'
  }
}
{
  msg: 'STREAM::WRITE::PIPE::ERROR::2',
  err: Error: getaddrinfo ENOTFOUND undefined
      at GetAddrInfoReqWrap.onlookup [as oncomplete] (dns.js:71:26) {
    errno: -3008,
    code: 'ENOTFOUND',
    syscall: 'getaddrinfo',
    hostname: 'undefined'
  }
}
{
  msg: 'STREAM::WRITE::PIPE::ERROR::4',
  err: Error: getaddrinfo ENOTFOUND undefined
      at GetAddrInfoReqWrap.onlookup [as oncomplete] (dns.js:71:26) {
    errno: -3008,
    code: 'ENOTFOUND',
    syscall: 'getaddrinfo',
    hostname: 'undefined'
  }
}
{
  msg: 'STREAM::WRITE::PIPE::ERROR::3',
  err: Error: getaddrinfo ENOTFOUND undefined
      at GetAddrInfoReqWrap.onlookup [as oncomplete] (dns.js:71:26) {
    errno: -3008,
    code: 'ENOTFOUND',
    syscall: 'getaddrinfo',
    hostname: 'undefined'
  }
}
{
  msg: 'STREAM::WRITE::PIPE::ERROR::6',
  err: Error: getaddrinfo ENOTFOUND undefined
      at GetAddrInfoReqWrap.onlookup [as oncomplete] (dns.js:71:26) {
    errno: -3008,
    code: 'ENOTFOUND',
    syscall: 'getaddrinfo',
    hostname: 'undefined'
  }
}
{
  msg: 'STREAM::WRITE::PIPE::ERROR::5',
  err: Error: getaddrinfo ENOTFOUND undefined
      at GetAddrInfoReqWrap.onlookup [as oncomplete] (dns.js:71:26) {
    errno: -3008,
    code: 'ENOTFOUND',
    syscall: 'getaddrinfo',
    hostname: 'undefined'
  }
}
{
  msg: 'STREAM::WRITE::PIPE::ERROR::8',
  err: Error: getaddrinfo ENOTFOUND undefined
      at GetAddrInfoReqWrap.onlookup [as oncomplete] (dns.js:71:26) {
    errno: -3008,
    code: 'ENOTFOUND',
    syscall: 'getaddrinfo',
    hostname: 'undefined'
  }
}
{
  msg: 'STREAM::WRITE::PIPE::ERROR::7',
  err: Error: getaddrinfo ENOTFOUND undefined
      at GetAddrInfoReqWrap.onlookup [as oncomplete] (dns.js:71:26) {
    errno: -3008,
    code: 'ENOTFOUND',
    syscall: 'getaddrinfo',
    hostname: 'undefined'
  }
}
{
  msg: 'STREAM::WRITE::PIPE::ERROR::9',
  err: Error: socket hang up
      at connResetException (internal/errors.js:639:14)
      at Socket.socketCloseListener (_http_client.js:449:25)
      at Socket.emit (events.js:412:35)
      at TCP.<anonymous> (net.js:686:12) {
    code: 'ECONNRESET'
  }
}
{
  msg: 'STREAM::WRITE::PIPE::ERROR::12',
  err: Error: socket hang up
      at connResetException (internal/errors.js:639:14)
      at Socket.socketCloseListener (_http_client.js:449:25)
      at Socket.emit (events.js:412:35)
      at TCP.<anonymous> (net.js:686:12) {
    code: 'ECONNRESET'
  }
}
{
  msg: 'STREAM::WRITE::PIPE::ERROR::11',
  err: Error: socket hang up
      at connResetException (internal/errors.js:639:14)
      at Socket.socketCloseListener (_http_client.js:449:25)
      at Socket.emit (events.js:412:35)
      at TCP.<anonymous> (net.js:686:12) {
    code: 'ECONNRESET'
  }
}
{
  msg: 'STREAM::WRITE::PIPE::ERROR::10',
  err: Error: socket hang up
      at connResetException (internal/errors.js:639:14)
      at Socket.socketCloseListener (_http_client.js:449:25)
      at Socket.emit (events.js:412:35)
      at TCP.<anonymous> (net.js:686:12) {
    code: 'ECONNRESET'
  }
}
undefined
