urls: 
----------- Started Download All Normal Pattern ---------------
----------- HERE MIXED ---------------
index: 1
uri: https://www.inf.ed.ac.uk/teaching/courses/comn/lecture-notes/lec9.pdf
length: 5
Folder created OR Already found
{ msg: 'STREAM::WRITE::PIPE::ERROR::1', err: null }
{ msg: 'STREAM::WRITE::PIPE::DONE::1' }
{
  msg: 'STREAM::WRITE::PIPE::CLOSED::1',
  downloaded_pages: 0,
  lost_pages: 1,
  urls: 5,
  total: false,
  all_download_task: false
}
index: 2
uri: https://www.inf.ed.ac.uk/teaching/courses/comn/lecture-notes/lec14.pdf
length: 5
{ msg: 'STREAM::WRITE::PIPE::DONE::2' }
{
  msg: 'STREAM::WRITE::PIPE::CLOSED::2',
  downloaded_pages: 1,
  lost_pages: 1,
  urls: 5,
  total: false,
  all_download_task: false
}
index: 3
uri: https://www.inf.ed.ac.uk/teaching/courses/comn/lecture-notes/lec15.pdf
length: 5
{ msg: 'STREAM::WRITE::PIPE::DONE::3' }
{
  msg: 'STREAM::WRITE::PIPE::CLOSED::3',
  downloaded_pages: 2,
  lost_pages: 1,
  urls: 5,
  total: false,
  all_download_task: false
}
index: 4
uri: https://www.inf.ed.ac.uk/teaching/courses/comn/lecture-notes/lec23.pdf
length: 5
{ msg: 'STREAM::WRITE::PIPE::ERROR::4', err: null }
{ msg: 'STREAM::WRITE::PIPE::DONE::4' }
{
  msg: 'STREAM::WRITE::PIPE::CLOSED::4',
  downloaded_pages: 2,
  lost_pages: 2,
  urls: 5,
  total: false,
  all_download_task: false
}
index: 5
uri: https://www.inf.ed.ac.uk/teaching/courses/comn/lecture-notes/lecundefined.pdf
length: 5
{ msg: 'STREAM::WRITE::PIPE::ERROR::5', err: null }
{ msg: 'STREAM::WRITE::PIPE::DONE::5' }
{
  msg: 'STREAM::WRITE::PIPE::CLOSED::5',
  downloaded_pages: 2,
  lost_pages: 3,
  urls: 5,
  total: true,
  all_download_task: true
}
HERE
FILES_NUMBER: 18
{
  url: URL {
    href: 'https://www.inf.ed.ac.uk/teaching/courses/comn/lecture-notes/lec18.pdf',
    origin: 'https://www.inf.ed.ac.uk',
    protocol: 'https:',
    username: '',
    password: '',
    host: 'www.inf.ed.ac.uk',
    hostname: 'www.inf.ed.ac.uk',
    port: '',
    pathname: '/teaching/courses/comn/lecture-notes/lec18.pdf',
    search: '',
    searchParams: URLSearchParams {},
    hash: ''
  },
  origin: 'https://www.inf.ed.ac.uk',
  pathArr: [ 'teaching', 'courses', 'comn', 'lecture-notes', 'lec18.pdf' ]
}
[ 2, 9, 14, 15, 23 ]
arr 
WTH
====================================
{ newPath_tmp: { str_before: 'lec', str_after: '.pdf' }, number: 9 }
====================================
====================================
{ newPath_tmp: { str_before: 'lec', str_after: '.pdf' }, number: 14 }
====================================
====================================
{ newPath_tmp: { str_before: 'lec', str_after: '.pdf' }, number: 15 }
====================================
====================================
{ newPath_tmp: { str_before: 'lec', str_after: '.pdf' }, number: 23 }
====================================
====================================
{
  newPath_tmp: { str_before: 'lec', str_after: '.pdf' },
  number: undefined
}
====================================
FILES_NUMBER: 18
{
  url: URL {
    href: 'https://www.inf.ed.ac.uk/teaching/courses/comn/lecture-notes/lec18.pdf',
    origin: 'https://www.inf.ed.ac.uk',
    protocol: 'https:',
    username: '',
    password: '',
    host: 'www.inf.ed.ac.uk',
    hostname: 'www.inf.ed.ac.uk',
    port: '',
    pathname: '/teaching/courses/comn/lecture-notes/lec18.pdf',
    search: '',
    searchParams: URLSearchParams {},
    hash: ''
  },
  origin: 'https://www.inf.ed.ac.uk',
  pathArr: [ 'teaching', 'courses', 'comn', 'lecture-notes', 'lec18.pdf' ]
}
[ 2, 9, 14, 15, 23 ]
arr 
WTH
====================================
{ newPath_tmp: { str_before: 'lec', str_after: '.pdf' }, number: 9 }
====================================
====================================
{ newPath_tmp: { str_before: 'lec', str_after: '.pdf' }, number: 14 }
====================================
====================================
{ newPath_tmp: { str_before: 'lec', str_after: '.pdf' }, number: 15 }
====================================
====================================
{ newPath_tmp: { str_before: 'lec', str_after: '.pdf' }, number: 23 }
====================================
====================================
{
  newPath_tmp: { str_before: 'lec', str_after: '.pdf' },
  number: undefined
}
====================================
