urls: 
----------- Started Download All Normal Pattern ---------------
----------- HERE MIXED ---------------
index: 1
uri: https://image.slidesharecdn.com/therightreadoptimizationisactuallywriteoptimization-120426103304-phpapp01/95/the-right-read-optimization-is-actually-write-optimization-1-1024.jpg
length: 37
Folder created OR Already found
{ msg: 'STREAM::WRITE::PIPE::DONE::1' }
{
  msg: 'STREAM::WRITE::PIPE::CLOSED::1',
  downloaded_pages: 1,
  lost_pages: 0,
  urls: 37,
  total: false,
  all_download_task: false
}
index: 2
uri: https://image.slidesharecdn.com/therightreadoptimizationisactuallywriteoptimization-120426103304-phpapp01/95/the-right-read-optimization-is-actually-write-optimization-2-1024.jpg
length: 37
{ msg: 'STREAM::WRITE::PIPE::DONE::2' }
{
  msg: 'STREAM::WRITE::PIPE::CLOSED::2',
  downloaded_pages: 2,
  lost_pages: 0,
  urls: 37,
  total: false,
  all_download_task: false
}
index: 3
uri: https://image.slidesharecdn.com/therightreadoptimizationisactuallywriteoptimization-120426103304-phpapp01/95/the-right-read-optimization-is-actually-write-optimization-3-1024.jpg
length: 37
{ msg: 'STREAM::WRITE::PIPE::DONE::3' }
{
  msg: 'STREAM::WRITE::PIPE::CLOSED::3',
  downloaded_pages: 3,
  lost_pages: 0,
  urls: 37,
  total: false,
  all_download_task: false
}
index: 4
uri: https://image.slidesharecdn.com/therightreadoptimizationisactuallywriteoptimization-120426103304-phpapp01/95/the-right-read-optimization-is-actually-write-optimization-4-1024.jpg
length: 37
{ msg: 'STREAM::WRITE::PIPE::DONE::4' }
{
  msg: 'STREAM::WRITE::PIPE::CLOSED::4',
  downloaded_pages: 4,
  lost_pages: 0,
  urls: 37,
  total: false,
  all_download_task: false
}
index: 5
uri: https://image.slidesharecdn.com/therightreadoptimizationisactuallywriteoptimization-120426103304-phpapp01/95/the-right-read-optimization-is-actually-write-optimization-5-1024.jpg
length: 37
{ msg: 'STREAM::WRITE::PIPE::DONE::5' }
{
  msg: 'STREAM::WRITE::PIPE::CLOSED::5',
  downloaded_pages: 5,
  lost_pages: 0,
  urls: 37,
  total: false,
  all_download_task: false
}
index: 6
uri: https://image.slidesharecdn.com/therightreadoptimizationisactuallywriteoptimization-120426103304-phpapp01/95/the-right-read-optimization-is-actually-write-optimization-6-1024.jpg
length: 37
{ msg: 'STREAM::WRITE::PIPE::DONE::6' }
{
  msg: 'STREAM::WRITE::PIPE::CLOSED::6',
  downloaded_pages: 6,
  lost_pages: 0,
  urls: 37,
  total: false,
  all_download_task: false
}
index: 7
uri: https://image.slidesharecdn.com/therightreadoptimizationisactuallywriteoptimization-120426103304-phpapp01/95/the-right-read-optimization-is-actually-write-optimization-7-1024.jpg
length: 37
{ msg: 'STREAM::WRITE::PIPE::DONE::7' }
{
  msg: 'STREAM::WRITE::PIPE::CLOSED::7',
  downloaded_pages: 7,
  lost_pages: 0,
  urls: 37,
  total: false,
  all_download_task: false
}
index: 8
uri: https://image.slidesharecdn.com/therightreadoptimizationisactuallywriteoptimization-120426103304-phpapp01/95/the-right-read-optimization-is-actually-write-optimization-8-1024.jpg
length: 37
{ msg: 'STREAM::WRITE::PIPE::DONE::8' }
{
  msg: 'STREAM::WRITE::PIPE::CLOSED::8',
  downloaded_pages: 8,
  lost_pages: 0,
  urls: 37,
  total: false,
  all_download_task: false
}
index: 9
uri: https://image.slidesharecdn.com/therightreadoptimizationisactuallywriteoptimization-120426103304-phpapp01/95/the-right-read-optimization-is-actually-write-optimization-9-1024.jpg
length: 37
{ msg: 'STREAM::WRITE::PIPE::DONE::9' }
{
  msg: 'STREAM::WRITE::PIPE::CLOSED::9',
  downloaded_pages: 9,
  lost_pages: 0,
  urls: 37,
  total: false,
  all_download_task: false
}
index: 10
uri: https://image.slidesharecdn.com/therightreadoptimizationisactuallywriteoptimization-120426103304-phpapp01/95/the-right-read-optimization-is-actually-write-optimization-10-1024.jpg
length: 37
{ msg: 'STREAM::WRITE::PIPE::DONE::10' }
{
  msg: 'STREAM::WRITE::PIPE::CLOSED::10',
  downloaded_pages: 10,
  lost_pages: 0,
  urls: 37,
  total: false,
  all_download_task: false
}
index: 11
uri: https://image.slidesharecdn.com/therightreadoptimizationisactuallywriteoptimization-120426103304-phpapp01/95/the-right-read-optimization-is-actually-write-optimization-11-1024.jpg
length: 37
{ msg: 'STREAM::WRITE::PIPE::DONE::11' }
{
  msg: 'STREAM::WRITE::PIPE::CLOSED::11',
  downloaded_pages: 11,
  lost_pages: 0,
  urls: 37,
  total: false,
  all_download_task: false
}
index: 12
uri: https://image.slidesharecdn.com/therightreadoptimizationisactuallywriteoptimization-120426103304-phpapp01/95/the-right-read-optimization-is-actually-write-optimization-12-1024.jpg
length: 37
{ msg: 'STREAM::WRITE::PIPE::DONE::12' }
{
  msg: 'STREAM::WRITE::PIPE::CLOSED::12',
  downloaded_pages: 12,
  lost_pages: 0,
  urls: 37,
  total: false,
  all_download_task: false
}
index: 13
uri: https://image.slidesharecdn.com/therightreadoptimizationisactuallywriteoptimization-120426103304-phpapp01/95/the-right-read-optimization-is-actually-write-optimization-13-1024.jpg
length: 37
{ msg: 'STREAM::WRITE::PIPE::DONE::13' }
{
  msg: 'STREAM::WRITE::PIPE::CLOSED::13',
  downloaded_pages: 13,
  lost_pages: 0,
  urls: 37,
  total: false,
  all_download_task: false
}
index: 14
uri: https://image.slidesharecdn.com/therightreadoptimizationisactuallywriteoptimization-120426103304-phpapp01/95/the-right-read-optimization-is-actually-write-optimization-14-1024.jpg
length: 37
{ msg: 'STREAM::WRITE::PIPE::DONE::14' }
{
  msg: 'STREAM::WRITE::PIPE::CLOSED::14',
  downloaded_pages: 14,
  lost_pages: 0,
  urls: 37,
  total: false,
  all_download_task: false
}
index: 15
uri: https://image.slidesharecdn.com/therightreadoptimizationisactuallywriteoptimization-120426103304-phpapp01/95/the-right-read-optimization-is-actually-write-optimization-15-1024.jpg
length: 37
{ msg: 'STREAM::WRITE::PIPE::DONE::15' }
{
  msg: 'STREAM::WRITE::PIPE::CLOSED::15',
  downloaded_pages: 15,
  lost_pages: 0,
  urls: 37,
  total: false,
  all_download_task: false
}
index: 16
uri: https://image.slidesharecdn.com/therightreadoptimizationisactuallywriteoptimization-120426103304-phpapp01/95/the-right-read-optimization-is-actually-write-optimization-16-1024.jpg
length: 37
{ msg: 'STREAM::WRITE::PIPE::DONE::16' }
{
  msg: 'STREAM::WRITE::PIPE::CLOSED::16',
  downloaded_pages: 16,
  lost_pages: 0,
  urls: 37,
  total: false,
  all_download_task: false
}
index: 17
uri: https://image.slidesharecdn.com/therightreadoptimizationisactuallywriteoptimization-120426103304-phpapp01/95/the-right-read-optimization-is-actually-write-optimization-17-1024.jpg
length: 37
{ msg: 'STREAM::WRITE::PIPE::DONE::17' }
{
  msg: 'STREAM::WRITE::PIPE::CLOSED::17',
  downloaded_pages: 17,
  lost_pages: 0,
  urls: 37,
  total: false,
  all_download_task: false
}
index: 18
uri: https://image.slidesharecdn.com/therightreadoptimizationisactuallywriteoptimization-120426103304-phpapp01/95/the-right-read-optimization-is-actually-write-optimization-18-1024.jpg
length: 37
{ msg: 'STREAM::WRITE::PIPE::DONE::18' }
{
  msg: 'STREAM::WRITE::PIPE::CLOSED::18',
  downloaded_pages: 18,
  lost_pages: 0,
  urls: 37,
  total: false,
  all_download_task: false
}
index: 19
uri: https://image.slidesharecdn.com/therightreadoptimizationisactuallywriteoptimization-120426103304-phpapp01/95/the-right-read-optimization-is-actually-write-optimization-19-1024.jpg
length: 37
{ msg: 'STREAM::WRITE::PIPE::DONE::19' }
{
  msg: 'STREAM::WRITE::PIPE::CLOSED::19',
  downloaded_pages: 19,
  lost_pages: 0,
  urls: 37,
  total: false,
  all_download_task: false
}
index: 20
uri: https://image.slidesharecdn.com/therightreadoptimizationisactuallywriteoptimization-120426103304-phpapp01/95/the-right-read-optimization-is-actually-write-optimization-20-1024.jpg
length: 37
{ msg: 'STREAM::WRITE::PIPE::DONE::20' }
{
  msg: 'STREAM::WRITE::PIPE::CLOSED::20',
  downloaded_pages: 20,
  lost_pages: 0,
  urls: 37,
  total: false,
  all_download_task: false
}
index: 21
uri: https://image.slidesharecdn.com/therightreadoptimizationisactuallywriteoptimization-120426103304-phpapp01/95/the-right-read-optimization-is-actually-write-optimization-21-1024.jpg
length: 37
{ msg: 'STREAM::WRITE::PIPE::DONE::21' }
{
  msg: 'STREAM::WRITE::PIPE::CLOSED::21',
  downloaded_pages: 21,
  lost_pages: 0,
  urls: 37,
  total: false,
  all_download_task: false
}
index: 22
uri: https://image.slidesharecdn.com/therightreadoptimizationisactuallywriteoptimization-120426103304-phpapp01/95/the-right-read-optimization-is-actually-write-optimization-22-1024.jpg
length: 37
{ msg: 'STREAM::WRITE::PIPE::DONE::22' }
{
  msg: 'STREAM::WRITE::PIPE::CLOSED::22',
  downloaded_pages: 22,
  lost_pages: 0,
  urls: 37,
  total: false,
  all_download_task: false
}
index: 23
uri: https://image.slidesharecdn.com/therightreadoptimizationisactuallywriteoptimization-120426103304-phpapp01/95/the-right-read-optimization-is-actually-write-optimization-23-1024.jpg
length: 37
{ msg: 'STREAM::WRITE::PIPE::DONE::23' }
{
  msg: 'STREAM::WRITE::PIPE::CLOSED::23',
  downloaded_pages: 23,
  lost_pages: 0,
  urls: 37,
  total: false,
  all_download_task: false
}
index: 24
uri: https://image.slidesharecdn.com/therightreadoptimizationisactuallywriteoptimization-120426103304-phpapp01/95/the-right-read-optimization-is-actually-write-optimization-24-1024.jpg
length: 37
{ msg: 'STREAM::WRITE::PIPE::DONE::24' }
{
  msg: 'STREAM::WRITE::PIPE::CLOSED::24',
  downloaded_pages: 24,
  lost_pages: 0,
  urls: 37,
  total: false,
  all_download_task: false
}
index: 25
uri: https://image.slidesharecdn.com/therightreadoptimizationisactuallywriteoptimization-120426103304-phpapp01/95/the-right-read-optimization-is-actually-write-optimization-25-1024.jpg
length: 37
{ msg: 'STREAM::WRITE::PIPE::DONE::25' }
{
  msg: 'STREAM::WRITE::PIPE::CLOSED::25',
  downloaded_pages: 25,
  lost_pages: 0,
  urls: 37,
  total: false,
  all_download_task: false
}
index: 26
uri: https://image.slidesharecdn.com/therightreadoptimizationisactuallywriteoptimization-120426103304-phpapp01/95/the-right-read-optimization-is-actually-write-optimization-26-1024.jpg
length: 37
{ msg: 'STREAM::WRITE::PIPE::DONE::26' }
{
  msg: 'STREAM::WRITE::PIPE::CLOSED::26',
  downloaded_pages: 26,
  lost_pages: 0,
  urls: 37,
  total: false,
  all_download_task: false
}
index: 27
uri: https://image.slidesharecdn.com/therightreadoptimizationisactuallywriteoptimization-120426103304-phpapp01/95/the-right-read-optimization-is-actually-write-optimization-27-1024.jpg
length: 37
{ msg: 'STREAM::WRITE::PIPE::DONE::27' }
{
  msg: 'STREAM::WRITE::PIPE::CLOSED::27',
  downloaded_pages: 27,
  lost_pages: 0,
  urls: 37,
  total: false,
  all_download_task: false
}
index: 28
uri: https://image.slidesharecdn.com/therightreadoptimizationisactuallywriteoptimization-120426103304-phpapp01/95/the-right-read-optimization-is-actually-write-optimization-28-1024.jpg
length: 37
{ msg: 'STREAM::WRITE::PIPE::DONE::28' }
{
  msg: 'STREAM::WRITE::PIPE::CLOSED::28',
  downloaded_pages: 28,
  lost_pages: 0,
  urls: 37,
  total: false,
  all_download_task: false
}
index: 29
uri: https://image.slidesharecdn.com/therightreadoptimizationisactuallywriteoptimization-120426103304-phpapp01/95/the-right-read-optimization-is-actually-write-optimization-29-1024.jpg
length: 37
{ msg: 'STREAM::WRITE::PIPE::DONE::29' }
{
  msg: 'STREAM::WRITE::PIPE::CLOSED::29',
  downloaded_pages: 29,
  lost_pages: 0,
  urls: 37,
  total: false,
  all_download_task: false
}
index: 30
uri: https://image.slidesharecdn.com/therightreadoptimizationisactuallywriteoptimization-120426103304-phpapp01/95/the-right-read-optimization-is-actually-write-optimization-30-1024.jpg
length: 37
{ msg: 'STREAM::WRITE::PIPE::DONE::30' }
{
  msg: 'STREAM::WRITE::PIPE::CLOSED::30',
  downloaded_pages: 30,
  lost_pages: 0,
  urls: 37,
  total: false,
  all_download_task: false
}
index: 31
uri: https://image.slidesharecdn.com/therightreadoptimizationisactuallywriteoptimization-120426103304-phpapp01/95/the-right-read-optimization-is-actually-write-optimization-31-1024.jpg
length: 37
{ msg: 'STREAM::WRITE::PIPE::DONE::31' }
{
  msg: 'STREAM::WRITE::PIPE::CLOSED::31',
  downloaded_pages: 31,
  lost_pages: 0,
  urls: 37,
  total: false,
  all_download_task: false
}
index: 32
uri: https://image.slidesharecdn.com/therightreadoptimizationisactuallywriteoptimization-120426103304-phpapp01/95/the-right-read-optimization-is-actually-write-optimization-32-1024.jpg
length: 37
{ msg: 'STREAM::WRITE::PIPE::DONE::32' }
{
  msg: 'STREAM::WRITE::PIPE::CLOSED::32',
  downloaded_pages: 32,
  lost_pages: 0,
  urls: 37,
  total: false,
  all_download_task: false
}
index: 33
uri: https://image.slidesharecdn.com/therightreadoptimizationisactuallywriteoptimization-120426103304-phpapp01/95/the-right-read-optimization-is-actually-write-optimization-33-1024.jpg
length: 37
{ msg: 'STREAM::WRITE::PIPE::DONE::33' }
{
  msg: 'STREAM::WRITE::PIPE::CLOSED::33',
  downloaded_pages: 33,
  lost_pages: 0,
  urls: 37,
  total: false,
  all_download_task: false
}
index: 34
uri: https://image.slidesharecdn.com/therightreadoptimizationisactuallywriteoptimization-120426103304-phpapp01/95/the-right-read-optimization-is-actually-write-optimization-34-1024.jpg
length: 37
{ msg: 'STREAM::WRITE::PIPE::DONE::34' }
{
  msg: 'STREAM::WRITE::PIPE::CLOSED::34',
  downloaded_pages: 34,
  lost_pages: 0,
  urls: 37,
  total: false,
  all_download_task: false
}
index: 35
uri: https://image.slidesharecdn.com/therightreadoptimizationisactuallywriteoptimization-120426103304-phpapp01/95/the-right-read-optimization-is-actually-write-optimization-35-1024.jpg
length: 37
{ msg: 'STREAM::WRITE::PIPE::DONE::35' }
{
  msg: 'STREAM::WRITE::PIPE::CLOSED::35',
  downloaded_pages: 35,
  lost_pages: 0,
  urls: 37,
  total: false,
  all_download_task: false
}
index: 36
uri: https://image.slidesharecdn.com/therightreadoptimizationisactuallywriteoptimization-120426103304-phpapp01/95/the-right-read-optimization-is-actually-write-optimization-36-1024.jpg
length: 37
{ msg: 'STREAM::WRITE::PIPE::DONE::36' }
{
  msg: 'STREAM::WRITE::PIPE::CLOSED::36',
  downloaded_pages: 36,
  lost_pages: 0,
  urls: 37,
  total: false,
  all_download_task: false
}
index: 37
uri: https://image.slidesharecdn.com/therightreadoptimizationisactuallywriteoptimization-120426103304-phpapp01/95/the-right-read-optimization-is-actually-write-optimization-37-1024.jpg
length: 37
{ msg: 'STREAM::WRITE::PIPE::DONE::37' }
{
  msg: 'STREAM::WRITE::PIPE::CLOSED::37',
  downloaded_pages: 37,
  lost_pages: 0,
  urls: 37,
  total: true,
  all_download_task: true
}
