urls: 
----------- Started Download All Normal Pattern ---------------
Folder created OR Already found
urls: 
----------- Started Download All Normal Pattern ---------------
Folder created OR Already found
req.session.FILES_NUMBER: undefined
https://image.slidesharecdn.com
====================================
URL {
  href: 'https://image.slidesharecdn.com/dequeanditsapplications-111130111845-phpapp01/95/deque-and-its-applications-1-1024.jpg',
  origin: 'https://image.slidesharecdn.com',
  protocol: 'https:',
  username: '',
  password: '',
  host: 'image.slidesharecdn.com',
  hostname: 'image.slidesharecdn.com',
  port: '',
  pathname: '/dequeanditsapplications-111130111845-phpapp01/95/deque-and-its-applications-1-1024.jpg',
  search: '',
  searchParams: URLSearchParams {},
  hash: ''
}
https://image.slidesharecdn.com
[
  'dequeanditsapplications-111130111845-phpapp01',
  '95',
  'deque-and-its-applications-1-1024.jpg'
]
====================================
dequeanditsapplications-111130111845-phpapp01,95,deque-and-its-applications-1-1024.jpg
req.session.FILES_NUMBER: undefined
https://image.slidesharecdn.com
urls: 
----------- Started Download All Normal Pattern ---------------
Folder created OR Already found
req.session.FILES_NUMBER: undefined
https://image.slidesharecdn.com
urls: 
----------- Started Download All Normal Pattern ---------------
Folder created OR Already found
====================================
URL {
  href: 'https://image.slidesharecdn.com/dequeanditsapplications-111130111845-phpapp01/95/deque-and-its-applications-1-1024.jpg',
  origin: 'https://image.slidesharecdn.com',
  protocol: 'https:',
  username: '',
  password: '',
  host: 'image.slidesharecdn.com',
  hostname: 'image.slidesharecdn.com',
  port: '',
  pathname: '/dequeanditsapplications-111130111845-phpapp01/95/deque-and-its-applications-1-1024.jpg',
  search: '',
  searchParams: URLSearchParams {},
  hash: ''
}
https://image.slidesharecdn.com
[
  'dequeanditsapplications-111130111845-phpapp01',
  '95',
  'deque-and-its-applications-1-1024.jpg'
]
====================================
dequeanditsapplications-111130111845-phpapp01,95,deque-and-its-applications-1-1024.jpg
req.session.FILES_NUMBER: undefined
https://image.slidesharecdn.com
urls: 
----------- Started Download All Normal Pattern ---------------
Folder created OR Already found
urls: 
----------- Started Download All Normal Pattern ---------------
Folder created OR Already found
====================================
URL {
  href: 'https://image.slidesharecdn.com/dequeanditsapplications-111130111845-phpapp01/95/deque-and-its-applications-1-1024.jpg',
  origin: 'https://image.slidesharecdn.com',
  protocol: 'https:',
  username: '',
  password: '',
  host: 'image.slidesharecdn.com',
  hostname: 'image.slidesharecdn.com',
  port: '',
  pathname: '/dequeanditsapplications-111130111845-phpapp01/95/deque-and-its-applications-1-1024.jpg',
  search: '',
  searchParams: URLSearchParams {},
  hash: ''
}
https://image.slidesharecdn.com
[
  'dequeanditsapplications-111130111845-phpapp01',
  '95',
  'deque-and-its-applications-1-1024.jpg'
]
====================================
dequeanditsapplications-111130111845-phpapp01,95,deque-and-its-applications-1-1024.jpg
req.session.FILES_NUMBER: undefined
https://image.slidesharecdn.com
urls: 
----------- Started Download All Normal Pattern ---------------
Folder created OR Already found
