urls: 
----------- Started Download All Normal Pattern ---------------
----------- HERE MIXED ---------------
index: 1
uri: https://image.slidesharecdn.com/postgresqlrdbms-140919022953-phpapp01/95/postgresql-database-slides-1-1024.jpg
length: 124
Folder created OR Already found
urls: 
----------- Started Download All Normal Pattern ---------------
----------- HERE MIXED ---------------
index: 1
uri: https://image.slidesharecdn.com/postgresqlrdbms-140919022953-phpapp01/95/postgresql-database-slides-1-1024.jpg
length: 124
Folder created OR Already found
{ msg: 'STREAM::WRITE::PIPE::DONE::1' }
{
  msg: 'STREAM::WRITE::PIPE::CLOSED::1',
  downloaded_pages: 1,
  lost_pages: 0,
  urls: 124,
  total: false,
  all_download_task: false
}
index: 2
uri: https://image.slidesharecdn.com/postgresqlrdbms-140919022953-phpapp01/95/postgresql-database-slides-2-1024.jpg
length: 124
{ msg: 'STREAM::WRITE::PIPE::DONE::2' }
{
  msg: 'STREAM::WRITE::PIPE::CLOSED::2',
  downloaded_pages: 2,
  lost_pages: 0,
  urls: 124,
  total: false,
  all_download_task: false
}
index: 3
uri: https://image.slidesharecdn.com/postgresqlrdbms-140919022953-phpapp01/95/postgresql-database-slides-3-1024.jpg
length: 124
{ msg: 'STREAM::WRITE::PIPE::DONE::3' }
{
  msg: 'STREAM::WRITE::PIPE::CLOSED::3',
  downloaded_pages: 3,
  lost_pages: 0,
  urls: 124,
  total: false,
  all_download_task: false
}
index: 4
uri: https://image.slidesharecdn.com/postgresqlrdbms-140919022953-phpapp01/95/postgresql-database-slides-4-1024.jpg
length: 124
{ msg: 'STREAM::WRITE::PIPE::DONE::4' }
{
  msg: 'STREAM::WRITE::PIPE::CLOSED::4',
  downloaded_pages: 4,
  lost_pages: 0,
  urls: 124,
  total: false,
  all_download_task: false
}
index: 5
uri: https://image.slidesharecdn.com/postgresqlrdbms-140919022953-phpapp01/95/postgresql-database-slides-5-1024.jpg
length: 124
{ msg: 'STREAM::WRITE::PIPE::DONE::5' }
{
  msg: 'STREAM::WRITE::PIPE::CLOSED::5',
  downloaded_pages: 5,
  lost_pages: 0,
  urls: 124,
  total: false,
  all_download_task: false
}
index: 6
uri: https://image.slidesharecdn.com/postgresqlrdbms-140919022953-phpapp01/95/postgresql-database-slides-6-1024.jpg
length: 124
{ msg: 'STREAM::WRITE::PIPE::DONE::6' }
{
  msg: 'STREAM::WRITE::PIPE::CLOSED::6',
  downloaded_pages: 6,
  lost_pages: 0,
  urls: 124,
  total: false,
  all_download_task: false
}
index: 7
uri: https://image.slidesharecdn.com/postgresqlrdbms-140919022953-phpapp01/95/postgresql-database-slides-7-1024.jpg
length: 124
{ msg: 'STREAM::WRITE::PIPE::DONE::7' }
{
  msg: 'STREAM::WRITE::PIPE::CLOSED::7',
  downloaded_pages: 7,
  lost_pages: 0,
  urls: 124,
  total: false,
  all_download_task: false
}
index: 8
uri: https://image.slidesharecdn.com/postgresqlrdbms-140919022953-phpapp01/95/postgresql-database-slides-8-1024.jpg
length: 124
{ msg: 'STREAM::WRITE::PIPE::DONE::8' }
{
  msg: 'STREAM::WRITE::PIPE::CLOSED::8',
  downloaded_pages: 8,
  lost_pages: 0,
  urls: 124,
  total: false,
  all_download_task: false
}
index: 9
uri: https://image.slidesharecdn.com/postgresqlrdbms-140919022953-phpapp01/95/postgresql-database-slides-9-1024.jpg
length: 124
{ msg: 'STREAM::WRITE::PIPE::DONE::9' }
{
  msg: 'STREAM::WRITE::PIPE::CLOSED::9',
  downloaded_pages: 9,
  lost_pages: 0,
  urls: 124,
  total: false,
  all_download_task: false
}
index: 10
uri: https://image.slidesharecdn.com/postgresqlrdbms-140919022953-phpapp01/95/postgresql-database-slides-10-1024.jpg
length: 124
{ msg: 'STREAM::WRITE::PIPE::DONE::10' }
{
  msg: 'STREAM::WRITE::PIPE::CLOSED::10',
  downloaded_pages: 10,
  lost_pages: 0,
  urls: 124,
  total: false,
  all_download_task: false
}
index: 11
uri: https://image.slidesharecdn.com/postgresqlrdbms-140919022953-phpapp01/95/postgresql-database-slides-11-1024.jpg
length: 124
{ msg: 'STREAM::WRITE::PIPE::DONE::11' }
{
  msg: 'STREAM::WRITE::PIPE::CLOSED::11',
  downloaded_pages: 11,
  lost_pages: 0,
  urls: 124,
  total: false,
  all_download_task: false
}
index: 12
uri: https://image.slidesharecdn.com/postgresqlrdbms-140919022953-phpapp01/95/postgresql-database-slides-12-1024.jpg
length: 124
{ msg: 'STREAM::WRITE::PIPE::DONE::12' }
{
  msg: 'STREAM::WRITE::PIPE::CLOSED::12',
  downloaded_pages: 12,
  lost_pages: 0,
  urls: 124,
  total: false,
  all_download_task: false
}
index: 13
uri: https://image.slidesharecdn.com/postgresqlrdbms-140919022953-phpapp01/95/postgresql-database-slides-13-1024.jpg
length: 124
{ msg: 'STREAM::WRITE::PIPE::DONE::13' }
{
  msg: 'STREAM::WRITE::PIPE::CLOSED::13',
  downloaded_pages: 13,
  lost_pages: 0,
  urls: 124,
  total: false,
  all_download_task: false
}
index: 14
uri: https://image.slidesharecdn.com/postgresqlrdbms-140919022953-phpapp01/95/postgresql-database-slides-14-1024.jpg
length: 124
{ msg: 'STREAM::WRITE::PIPE::DONE::14' }
{
  msg: 'STREAM::WRITE::PIPE::CLOSED::14',
  downloaded_pages: 14,
  lost_pages: 0,
  urls: 124,
  total: false,
  all_download_task: false
}
index: 15
uri: https://image.slidesharecdn.com/postgresqlrdbms-140919022953-phpapp01/95/postgresql-database-slides-15-1024.jpg
length: 124
{ msg: 'STREAM::WRITE::PIPE::DONE::15' }
{
  msg: 'STREAM::WRITE::PIPE::CLOSED::15',
  downloaded_pages: 15,
  lost_pages: 0,
  urls: 124,
  total: false,
  all_download_task: false
}
index: 16
uri: https://image.slidesharecdn.com/postgresqlrdbms-140919022953-phpapp01/95/postgresql-database-slides-16-1024.jpg
length: 124
{ msg: 'STREAM::WRITE::PIPE::DONE::16' }
{
  msg: 'STREAM::WRITE::PIPE::CLOSED::16',
  downloaded_pages: 16,
  lost_pages: 0,
  urls: 124,
  total: false,
  all_download_task: false
}
index: 17
uri: https://image.slidesharecdn.com/postgresqlrdbms-140919022953-phpapp01/95/postgresql-database-slides-17-1024.jpg
length: 124
{ msg: 'STREAM::WRITE::PIPE::DONE::17' }
{
  msg: 'STREAM::WRITE::PIPE::CLOSED::17',
  downloaded_pages: 17,
  lost_pages: 0,
  urls: 124,
  total: false,
  all_download_task: false
}
index: 18
uri: https://image.slidesharecdn.com/postgresqlrdbms-140919022953-phpapp01/95/postgresql-database-slides-18-1024.jpg
length: 124
{ msg: 'STREAM::WRITE::PIPE::DONE::18' }
{
  msg: 'STREAM::WRITE::PIPE::CLOSED::18',
  downloaded_pages: 18,
  lost_pages: 0,
  urls: 124,
  total: false,
  all_download_task: false
}
index: 19
uri: https://image.slidesharecdn.com/postgresqlrdbms-140919022953-phpapp01/95/postgresql-database-slides-19-1024.jpg
length: 124
{ msg: 'STREAM::WRITE::PIPE::DONE::19' }
{
  msg: 'STREAM::WRITE::PIPE::CLOSED::19',
  downloaded_pages: 19,
  lost_pages: 0,
  urls: 124,
  total: false,
  all_download_task: false
}
index: 20
uri: https://image.slidesharecdn.com/postgresqlrdbms-140919022953-phpapp01/95/postgresql-database-slides-20-1024.jpg
length: 124
{ msg: 'STREAM::WRITE::PIPE::DONE::20' }
{
  msg: 'STREAM::WRITE::PIPE::CLOSED::20',
  downloaded_pages: 20,
  lost_pages: 0,
  urls: 124,
  total: false,
  all_download_task: false
}
index: 21
uri: https://image.slidesharecdn.com/postgresqlrdbms-140919022953-phpapp01/95/postgresql-database-slides-21-1024.jpg
length: 124
{ msg: 'STREAM::WRITE::PIPE::DONE::21' }
{
  msg: 'STREAM::WRITE::PIPE::CLOSED::21',
  downloaded_pages: 21,
  lost_pages: 0,
  urls: 124,
  total: false,
  all_download_task: false
}
index: 22
uri: https://image.slidesharecdn.com/postgresqlrdbms-140919022953-phpapp01/95/postgresql-database-slides-22-1024.jpg
length: 124
{ msg: 'STREAM::WRITE::PIPE::DONE::22' }
{
  msg: 'STREAM::WRITE::PIPE::CLOSED::22',
  downloaded_pages: 22,
  lost_pages: 0,
  urls: 124,
  total: false,
  all_download_task: false
}
index: 23
uri: https://image.slidesharecdn.com/postgresqlrdbms-140919022953-phpapp01/95/postgresql-database-slides-23-1024.jpg
length: 124
{ msg: 'STREAM::WRITE::PIPE::DONE::23' }
{
  msg: 'STREAM::WRITE::PIPE::CLOSED::23',
  downloaded_pages: 23,
  lost_pages: 0,
  urls: 124,
  total: false,
  all_download_task: false
}
index: 24
uri: https://image.slidesharecdn.com/postgresqlrdbms-140919022953-phpapp01/95/postgresql-database-slides-24-1024.jpg
length: 124
{ msg: 'STREAM::WRITE::PIPE::DONE::24' }
{
  msg: 'STREAM::WRITE::PIPE::CLOSED::24',
  downloaded_pages: 24,
  lost_pages: 0,
  urls: 124,
  total: false,
  all_download_task: false
}
index: 25
uri: https://image.slidesharecdn.com/postgresqlrdbms-140919022953-phpapp01/95/postgresql-database-slides-25-1024.jpg
length: 124
{ msg: 'STREAM::WRITE::PIPE::DONE::25' }
{
  msg: 'STREAM::WRITE::PIPE::CLOSED::25',
  downloaded_pages: 25,
  lost_pages: 0,
  urls: 124,
  total: false,
  all_download_task: false
}
index: 26
uri: https://image.slidesharecdn.com/postgresqlrdbms-140919022953-phpapp01/95/postgresql-database-slides-26-1024.jpg
length: 124
{ msg: 'STREAM::WRITE::PIPE::DONE::26' }
{
  msg: 'STREAM::WRITE::PIPE::CLOSED::26',
  downloaded_pages: 26,
  lost_pages: 0,
  urls: 124,
  total: false,
  all_download_task: false
}
index: 27
uri: https://image.slidesharecdn.com/postgresqlrdbms-140919022953-phpapp01/95/postgresql-database-slides-27-1024.jpg
length: 124
{ msg: 'STREAM::WRITE::PIPE::DONE::27' }
{
  msg: 'STREAM::WRITE::PIPE::CLOSED::27',
  downloaded_pages: 27,
  lost_pages: 0,
  urls: 124,
  total: false,
  all_download_task: false
}
index: 28
uri: https://image.slidesharecdn.com/postgresqlrdbms-140919022953-phpapp01/95/postgresql-database-slides-28-1024.jpg
length: 124
{ msg: 'STREAM::WRITE::PIPE::DONE::28' }
{
  msg: 'STREAM::WRITE::PIPE::CLOSED::28',
  downloaded_pages: 28,
  lost_pages: 0,
  urls: 124,
  total: false,
  all_download_task: false
}
index: 29
uri: https://image.slidesharecdn.com/postgresqlrdbms-140919022953-phpapp01/95/postgresql-database-slides-29-1024.jpg
length: 124
{ msg: 'STREAM::WRITE::PIPE::DONE::29' }
{
  msg: 'STREAM::WRITE::PIPE::CLOSED::29',
  downloaded_pages: 29,
  lost_pages: 0,
  urls: 124,
  total: false,
  all_download_task: false
}
index: 30
uri: https://image.slidesharecdn.com/postgresqlrdbms-140919022953-phpapp01/95/postgresql-database-slides-30-1024.jpg
length: 124
{ msg: 'STREAM::WRITE::PIPE::DONE::30' }
{
  msg: 'STREAM::WRITE::PIPE::CLOSED::30',
  downloaded_pages: 30,
  lost_pages: 0,
  urls: 124,
  total: false,
  all_download_task: false
}
index: 31
uri: https://image.slidesharecdn.com/postgresqlrdbms-140919022953-phpapp01/95/postgresql-database-slides-31-1024.jpg
length: 124
{ msg: 'STREAM::WRITE::PIPE::DONE::31' }
{
  msg: 'STREAM::WRITE::PIPE::CLOSED::31',
  downloaded_pages: 31,
  lost_pages: 0,
  urls: 124,
  total: false,
  all_download_task: false
}
index: 32
uri: https://image.slidesharecdn.com/postgresqlrdbms-140919022953-phpapp01/95/postgresql-database-slides-32-1024.jpg
length: 124
{ msg: 'STREAM::WRITE::PIPE::DONE::32' }
{
  msg: 'STREAM::WRITE::PIPE::CLOSED::32',
  downloaded_pages: 32,
  lost_pages: 0,
  urls: 124,
  total: false,
  all_download_task: false
}
index: 33
uri: https://image.slidesharecdn.com/postgresqlrdbms-140919022953-phpapp01/95/postgresql-database-slides-33-1024.jpg
length: 124
{ msg: 'STREAM::WRITE::PIPE::DONE::33' }
{
  msg: 'STREAM::WRITE::PIPE::CLOSED::33',
  downloaded_pages: 33,
  lost_pages: 0,
  urls: 124,
  total: false,
  all_download_task: false
}
index: 34
uri: https://image.slidesharecdn.com/postgresqlrdbms-140919022953-phpapp01/95/postgresql-database-slides-34-1024.jpg
length: 124
{ msg: 'STREAM::WRITE::PIPE::DONE::34' }
{
  msg: 'STREAM::WRITE::PIPE::CLOSED::34',
  downloaded_pages: 34,
  lost_pages: 0,
  urls: 124,
  total: false,
  all_download_task: false
}
index: 35
uri: https://image.slidesharecdn.com/postgresqlrdbms-140919022953-phpapp01/95/postgresql-database-slides-35-1024.jpg
length: 124
{ msg: 'STREAM::WRITE::PIPE::DONE::35' }
{
  msg: 'STREAM::WRITE::PIPE::CLOSED::35',
  downloaded_pages: 35,
  lost_pages: 0,
  urls: 124,
  total: false,
  all_download_task: false
}
index: 36
uri: https://image.slidesharecdn.com/postgresqlrdbms-140919022953-phpapp01/95/postgresql-database-slides-36-1024.jpg
length: 124
{ msg: 'STREAM::WRITE::PIPE::DONE::36' }
{
  msg: 'STREAM::WRITE::PIPE::CLOSED::36',
  downloaded_pages: 36,
  lost_pages: 0,
  urls: 124,
  total: false,
  all_download_task: false
}
index: 37
uri: https://image.slidesharecdn.com/postgresqlrdbms-140919022953-phpapp01/95/postgresql-database-slides-37-1024.jpg
length: 124
{ msg: 'STREAM::WRITE::PIPE::DONE::37' }
{
  msg: 'STREAM::WRITE::PIPE::CLOSED::37',
  downloaded_pages: 37,
  lost_pages: 0,
  urls: 124,
  total: false,
  all_download_task: false
}
index: 38
uri: https://image.slidesharecdn.com/postgresqlrdbms-140919022953-phpapp01/95/postgresql-database-slides-38-1024.jpg
length: 124
{ msg: 'STREAM::WRITE::PIPE::DONE::38' }
{
  msg: 'STREAM::WRITE::PIPE::CLOSED::38',
  downloaded_pages: 38,
  lost_pages: 0,
  urls: 124,
  total: false,
  all_download_task: false
}
index: 39
uri: https://image.slidesharecdn.com/postgresqlrdbms-140919022953-phpapp01/95/postgresql-database-slides-39-1024.jpg
length: 124
{ msg: 'STREAM::WRITE::PIPE::DONE::39' }
{
  msg: 'STREAM::WRITE::PIPE::CLOSED::39',
  downloaded_pages: 39,
  lost_pages: 0,
  urls: 124,
  total: false,
  all_download_task: false
}
index: 40
uri: https://image.slidesharecdn.com/postgresqlrdbms-140919022953-phpapp01/95/postgresql-database-slides-40-1024.jpg
length: 124
{ msg: 'STREAM::WRITE::PIPE::DONE::40' }
{
  msg: 'STREAM::WRITE::PIPE::CLOSED::40',
  downloaded_pages: 40,
  lost_pages: 0,
  urls: 124,
  total: false,
  all_download_task: false
}
index: 41
uri: https://image.slidesharecdn.com/postgresqlrdbms-140919022953-phpapp01/95/postgresql-database-slides-41-1024.jpg
length: 124
{ msg: 'STREAM::WRITE::PIPE::DONE::41' }
{
  msg: 'STREAM::WRITE::PIPE::CLOSED::41',
  downloaded_pages: 41,
  lost_pages: 0,
  urls: 124,
  total: false,
  all_download_task: false
}
index: 42
uri: https://image.slidesharecdn.com/postgresqlrdbms-140919022953-phpapp01/95/postgresql-database-slides-42-1024.jpg
length: 124
{ msg: 'STREAM::WRITE::PIPE::DONE::42' }
{
  msg: 'STREAM::WRITE::PIPE::CLOSED::42',
  downloaded_pages: 42,
  lost_pages: 0,
  urls: 124,
  total: false,
  all_download_task: false
}
index: 43
uri: https://image.slidesharecdn.com/postgresqlrdbms-140919022953-phpapp01/95/postgresql-database-slides-43-1024.jpg
length: 124
{ msg: 'STREAM::WRITE::PIPE::DONE::43' }
{
  msg: 'STREAM::WRITE::PIPE::CLOSED::43',
  downloaded_pages: 43,
  lost_pages: 0,
  urls: 124,
  total: false,
  all_download_task: false
}
index: 44
uri: https://image.slidesharecdn.com/postgresqlrdbms-140919022953-phpapp01/95/postgresql-database-slides-44-1024.jpg
length: 124
{ msg: 'STREAM::WRITE::PIPE::DONE::44' }
{
  msg: 'STREAM::WRITE::PIPE::CLOSED::44',
  downloaded_pages: 44,
  lost_pages: 0,
  urls: 124,
  total: false,
  all_download_task: false
}
index: 45
uri: https://image.slidesharecdn.com/postgresqlrdbms-140919022953-phpapp01/95/postgresql-database-slides-45-1024.jpg
length: 124
{ msg: 'STREAM::WRITE::PIPE::DONE::45' }
{
  msg: 'STREAM::WRITE::PIPE::CLOSED::45',
  downloaded_pages: 45,
  lost_pages: 0,
  urls: 124,
  total: false,
  all_download_task: false
}
index: 46
uri: https://image.slidesharecdn.com/postgresqlrdbms-140919022953-phpapp01/95/postgresql-database-slides-46-1024.jpg
length: 124
{ msg: 'STREAM::WRITE::PIPE::DONE::46' }
{
  msg: 'STREAM::WRITE::PIPE::CLOSED::46',
  downloaded_pages: 46,
  lost_pages: 0,
  urls: 124,
  total: false,
  all_download_task: false
}
index: 47
uri: https://image.slidesharecdn.com/postgresqlrdbms-140919022953-phpapp01/95/postgresql-database-slides-47-1024.jpg
length: 124
{ msg: 'STREAM::WRITE::PIPE::DONE::47' }
{
  msg: 'STREAM::WRITE::PIPE::CLOSED::47',
  downloaded_pages: 47,
  lost_pages: 0,
  urls: 124,
  total: false,
  all_download_task: false
}
index: 48
uri: https://image.slidesharecdn.com/postgresqlrdbms-140919022953-phpapp01/95/postgresql-database-slides-48-1024.jpg
length: 124
{ msg: 'STREAM::WRITE::PIPE::DONE::48' }
{
  msg: 'STREAM::WRITE::PIPE::CLOSED::48',
  downloaded_pages: 48,
  lost_pages: 0,
  urls: 124,
  total: false,
  all_download_task: false
}
index: 49
uri: https://image.slidesharecdn.com/postgresqlrdbms-140919022953-phpapp01/95/postgresql-database-slides-49-1024.jpg
length: 124
{ msg: 'STREAM::WRITE::PIPE::DONE::49' }
{
  msg: 'STREAM::WRITE::PIPE::CLOSED::49',
  downloaded_pages: 49,
  lost_pages: 0,
  urls: 124,
  total: false,
  all_download_task: false
}
index: 50
uri: https://image.slidesharecdn.com/postgresqlrdbms-140919022953-phpapp01/95/postgresql-database-slides-50-1024.jpg
length: 124
{ msg: 'STREAM::WRITE::PIPE::DONE::50' }
{
  msg: 'STREAM::WRITE::PIPE::CLOSED::50',
  downloaded_pages: 50,
  lost_pages: 0,
  urls: 124,
  total: false,
  all_download_task: false
}
index: 51
uri: https://image.slidesharecdn.com/postgresqlrdbms-140919022953-phpapp01/95/postgresql-database-slides-51-1024.jpg
length: 124
{ msg: 'STREAM::WRITE::PIPE::DONE::51' }
{
  msg: 'STREAM::WRITE::PIPE::CLOSED::51',
  downloaded_pages: 51,
  lost_pages: 0,
  urls: 124,
  total: false,
  all_download_task: false
}
index: 52
uri: https://image.slidesharecdn.com/postgresqlrdbms-140919022953-phpapp01/95/postgresql-database-slides-52-1024.jpg
length: 124
{ msg: 'STREAM::WRITE::PIPE::DONE::52' }
{
  msg: 'STREAM::WRITE::PIPE::CLOSED::52',
  downloaded_pages: 52,
  lost_pages: 0,
  urls: 124,
  total: false,
  all_download_task: false
}
index: 53
uri: https://image.slidesharecdn.com/postgresqlrdbms-140919022953-phpapp01/95/postgresql-database-slides-53-1024.jpg
length: 124
{ msg: 'STREAM::WRITE::PIPE::DONE::53' }
{
  msg: 'STREAM::WRITE::PIPE::CLOSED::53',
  downloaded_pages: 53,
  lost_pages: 0,
  urls: 124,
  total: false,
  all_download_task: false
}
index: 54
uri: https://image.slidesharecdn.com/postgresqlrdbms-140919022953-phpapp01/95/postgresql-database-slides-54-1024.jpg
length: 124
{ msg: 'STREAM::WRITE::PIPE::DONE::54' }
{
  msg: 'STREAM::WRITE::PIPE::CLOSED::54',
  downloaded_pages: 54,
  lost_pages: 0,
  urls: 124,
  total: false,
  all_download_task: false
}
index: 55
uri: https://image.slidesharecdn.com/postgresqlrdbms-140919022953-phpapp01/95/postgresql-database-slides-55-1024.jpg
length: 124
{ msg: 'STREAM::WRITE::PIPE::DONE::55' }
{
  msg: 'STREAM::WRITE::PIPE::CLOSED::55',
  downloaded_pages: 55,
  lost_pages: 0,
  urls: 124,
  total: false,
  all_download_task: false
}
index: 56
uri: https://image.slidesharecdn.com/postgresqlrdbms-140919022953-phpapp01/95/postgresql-database-slides-56-1024.jpg
length: 124
{ msg: 'STREAM::WRITE::PIPE::DONE::56' }
{
  msg: 'STREAM::WRITE::PIPE::CLOSED::56',
  downloaded_pages: 56,
  lost_pages: 0,
  urls: 124,
  total: false,
  all_download_task: false
}
index: 57
uri: https://image.slidesharecdn.com/postgresqlrdbms-140919022953-phpapp01/95/postgresql-database-slides-57-1024.jpg
length: 124
{ msg: 'STREAM::WRITE::PIPE::DONE::57' }
{
  msg: 'STREAM::WRITE::PIPE::CLOSED::57',
  downloaded_pages: 57,
  lost_pages: 0,
  urls: 124,
  total: false,
  all_download_task: false
}
index: 58
uri: https://image.slidesharecdn.com/postgresqlrdbms-140919022953-phpapp01/95/postgresql-database-slides-58-1024.jpg
length: 124
{ msg: 'STREAM::WRITE::PIPE::DONE::58' }
{
  msg: 'STREAM::WRITE::PIPE::CLOSED::58',
  downloaded_pages: 58,
  lost_pages: 0,
  urls: 124,
  total: false,
  all_download_task: false
}
index: 59
uri: https://image.slidesharecdn.com/postgresqlrdbms-140919022953-phpapp01/95/postgresql-database-slides-59-1024.jpg
length: 124
{ msg: 'STREAM::WRITE::PIPE::DONE::59' }
{
  msg: 'STREAM::WRITE::PIPE::CLOSED::59',
  downloaded_pages: 59,
  lost_pages: 0,
  urls: 124,
  total: false,
  all_download_task: false
}
index: 60
uri: https://image.slidesharecdn.com/postgresqlrdbms-140919022953-phpapp01/95/postgresql-database-slides-60-1024.jpg
length: 124
{ msg: 'STREAM::WRITE::PIPE::DONE::60' }
{
  msg: 'STREAM::WRITE::PIPE::CLOSED::60',
  downloaded_pages: 60,
  lost_pages: 0,
  urls: 124,
  total: false,
  all_download_task: false
}
index: 61
uri: https://image.slidesharecdn.com/postgresqlrdbms-140919022953-phpapp01/95/postgresql-database-slides-61-1024.jpg
length: 124
{ msg: 'STREAM::WRITE::PIPE::DONE::61' }
{
  msg: 'STREAM::WRITE::PIPE::CLOSED::61',
  downloaded_pages: 61,
  lost_pages: 0,
  urls: 124,
  total: false,
  all_download_task: false
}
index: 62
uri: https://image.slidesharecdn.com/postgresqlrdbms-140919022953-phpapp01/95/postgresql-database-slides-62-1024.jpg
length: 124
{ msg: 'STREAM::WRITE::PIPE::DONE::62' }
{
  msg: 'STREAM::WRITE::PIPE::CLOSED::62',
  downloaded_pages: 62,
  lost_pages: 0,
  urls: 124,
  total: false,
  all_download_task: false
}
index: 63
uri: https://image.slidesharecdn.com/postgresqlrdbms-140919022953-phpapp01/95/postgresql-database-slides-63-1024.jpg
length: 124
{ msg: 'STREAM::WRITE::PIPE::DONE::63' }
{
  msg: 'STREAM::WRITE::PIPE::CLOSED::63',
  downloaded_pages: 63,
  lost_pages: 0,
  urls: 124,
  total: false,
  all_download_task: false
}
index: 64
uri: https://image.slidesharecdn.com/postgresqlrdbms-140919022953-phpapp01/95/postgresql-database-slides-64-1024.jpg
length: 124
{ msg: 'STREAM::WRITE::PIPE::DONE::64' }
{
  msg: 'STREAM::WRITE::PIPE::CLOSED::64',
  downloaded_pages: 64,
  lost_pages: 0,
  urls: 124,
  total: false,
  all_download_task: false
}
index: 65
uri: https://image.slidesharecdn.com/postgresqlrdbms-140919022953-phpapp01/95/postgresql-database-slides-65-1024.jpg
length: 124
{ msg: 'STREAM::WRITE::PIPE::DONE::65' }
{
  msg: 'STREAM::WRITE::PIPE::CLOSED::65',
  downloaded_pages: 65,
  lost_pages: 0,
  urls: 124,
  total: false,
  all_download_task: false
}
index: 66
uri: https://image.slidesharecdn.com/postgresqlrdbms-140919022953-phpapp01/95/postgresql-database-slides-66-1024.jpg
length: 124
{ msg: 'STREAM::WRITE::PIPE::DONE::66' }
{
  msg: 'STREAM::WRITE::PIPE::CLOSED::66',
  downloaded_pages: 66,
  lost_pages: 0,
  urls: 124,
  total: false,
  all_download_task: false
}
index: 67
uri: https://image.slidesharecdn.com/postgresqlrdbms-140919022953-phpapp01/95/postgresql-database-slides-67-1024.jpg
length: 124
{ msg: 'STREAM::WRITE::PIPE::DONE::67' }
{
  msg: 'STREAM::WRITE::PIPE::CLOSED::67',
  downloaded_pages: 67,
  lost_pages: 0,
  urls: 124,
  total: false,
  all_download_task: false
}
index: 68
uri: https://image.slidesharecdn.com/postgresqlrdbms-140919022953-phpapp01/95/postgresql-database-slides-68-1024.jpg
length: 124
{ msg: 'STREAM::WRITE::PIPE::DONE::68' }
{
  msg: 'STREAM::WRITE::PIPE::CLOSED::68',
  downloaded_pages: 68,
  lost_pages: 0,
  urls: 124,
  total: false,
  all_download_task: false
}
index: 69
uri: https://image.slidesharecdn.com/postgresqlrdbms-140919022953-phpapp01/95/postgresql-database-slides-69-1024.jpg
length: 124
{ msg: 'STREAM::WRITE::PIPE::DONE::69' }
{
  msg: 'STREAM::WRITE::PIPE::CLOSED::69',
  downloaded_pages: 69,
  lost_pages: 0,
  urls: 124,
  total: false,
  all_download_task: false
}
index: 70
uri: https://image.slidesharecdn.com/postgresqlrdbms-140919022953-phpapp01/95/postgresql-database-slides-70-1024.jpg
length: 124
{ msg: 'STREAM::WRITE::PIPE::DONE::70' }
{
  msg: 'STREAM::WRITE::PIPE::CLOSED::70',
  downloaded_pages: 70,
  lost_pages: 0,
  urls: 124,
  total: false,
  all_download_task: false
}
index: 71
uri: https://image.slidesharecdn.com/postgresqlrdbms-140919022953-phpapp01/95/postgresql-database-slides-71-1024.jpg
length: 124
{ msg: 'STREAM::WRITE::PIPE::DONE::71' }
{
  msg: 'STREAM::WRITE::PIPE::CLOSED::71',
  downloaded_pages: 71,
  lost_pages: 0,
  urls: 124,
  total: false,
  all_download_task: false
}
index: 72
uri: https://image.slidesharecdn.com/postgresqlrdbms-140919022953-phpapp01/95/postgresql-database-slides-72-1024.jpg
length: 124
{ msg: 'STREAM::WRITE::PIPE::DONE::72' }
{
  msg: 'STREAM::WRITE::PIPE::CLOSED::72',
  downloaded_pages: 72,
  lost_pages: 0,
  urls: 124,
  total: false,
  all_download_task: false
}
index: 73
uri: https://image.slidesharecdn.com/postgresqlrdbms-140919022953-phpapp01/95/postgresql-database-slides-73-1024.jpg
length: 124
{ msg: 'STREAM::WRITE::PIPE::DONE::73' }
{
  msg: 'STREAM::WRITE::PIPE::CLOSED::73',
  downloaded_pages: 73,
  lost_pages: 0,
  urls: 124,
  total: false,
  all_download_task: false
}
index: 74
uri: https://image.slidesharecdn.com/postgresqlrdbms-140919022953-phpapp01/95/postgresql-database-slides-74-1024.jpg
length: 124
{ msg: 'STREAM::WRITE::PIPE::DONE::74' }
{
  msg: 'STREAM::WRITE::PIPE::CLOSED::74',
  downloaded_pages: 74,
  lost_pages: 0,
  urls: 124,
  total: false,
  all_download_task: false
}
index: 75
uri: https://image.slidesharecdn.com/postgresqlrdbms-140919022953-phpapp01/95/postgresql-database-slides-75-1024.jpg
length: 124
{ msg: 'STREAM::WRITE::PIPE::DONE::75' }
{
  msg: 'STREAM::WRITE::PIPE::CLOSED::75',
  downloaded_pages: 75,
  lost_pages: 0,
  urls: 124,
  total: false,
  all_download_task: false
}
index: 76
uri: https://image.slidesharecdn.com/postgresqlrdbms-140919022953-phpapp01/95/postgresql-database-slides-76-1024.jpg
length: 124
{ msg: 'STREAM::WRITE::PIPE::DONE::76' }
{
  msg: 'STREAM::WRITE::PIPE::CLOSED::76',
  downloaded_pages: 76,
  lost_pages: 0,
  urls: 124,
  total: false,
  all_download_task: false
}
index: 77
uri: https://image.slidesharecdn.com/postgresqlrdbms-140919022953-phpapp01/95/postgresql-database-slides-77-1024.jpg
length: 124
{ msg: 'STREAM::WRITE::PIPE::DONE::77' }
{
  msg: 'STREAM::WRITE::PIPE::CLOSED::77',
  downloaded_pages: 77,
  lost_pages: 0,
  urls: 124,
  total: false,
  all_download_task: false
}
index: 78
uri: https://image.slidesharecdn.com/postgresqlrdbms-140919022953-phpapp01/95/postgresql-database-slides-78-1024.jpg
length: 124
{ msg: 'STREAM::WRITE::PIPE::DONE::78' }
{
  msg: 'STREAM::WRITE::PIPE::CLOSED::78',
  downloaded_pages: 78,
  lost_pages: 0,
  urls: 124,
  total: false,
  all_download_task: false
}
index: 79
uri: https://image.slidesharecdn.com/postgresqlrdbms-140919022953-phpapp01/95/postgresql-database-slides-79-1024.jpg
length: 124
{ msg: 'STREAM::WRITE::PIPE::DONE::79' }
{
  msg: 'STREAM::WRITE::PIPE::CLOSED::79',
  downloaded_pages: 79,
  lost_pages: 0,
  urls: 124,
  total: false,
  all_download_task: false
}
index: 80
uri: https://image.slidesharecdn.com/postgresqlrdbms-140919022953-phpapp01/95/postgresql-database-slides-80-1024.jpg
length: 124
{ msg: 'STREAM::WRITE::PIPE::DONE::80' }
{
  msg: 'STREAM::WRITE::PIPE::CLOSED::80',
  downloaded_pages: 80,
  lost_pages: 0,
  urls: 124,
  total: false,
  all_download_task: false
}
index: 81
uri: https://image.slidesharecdn.com/postgresqlrdbms-140919022953-phpapp01/95/postgresql-database-slides-81-1024.jpg
length: 124
{ msg: 'STREAM::WRITE::PIPE::DONE::81' }
{
  msg: 'STREAM::WRITE::PIPE::CLOSED::81',
  downloaded_pages: 81,
  lost_pages: 0,
  urls: 124,
  total: false,
  all_download_task: false
}
index: 82
uri: https://image.slidesharecdn.com/postgresqlrdbms-140919022953-phpapp01/95/postgresql-database-slides-82-1024.jpg
length: 124
{ msg: 'STREAM::WRITE::PIPE::DONE::82' }
{
  msg: 'STREAM::WRITE::PIPE::CLOSED::82',
  downloaded_pages: 82,
  lost_pages: 0,
  urls: 124,
  total: false,
  all_download_task: false
}
index: 83
uri: https://image.slidesharecdn.com/postgresqlrdbms-140919022953-phpapp01/95/postgresql-database-slides-83-1024.jpg
length: 124
{ msg: 'STREAM::WRITE::PIPE::DONE::83' }
{
  msg: 'STREAM::WRITE::PIPE::CLOSED::83',
  downloaded_pages: 83,
  lost_pages: 0,
  urls: 124,
  total: false,
  all_download_task: false
}
index: 84
uri: https://image.slidesharecdn.com/postgresqlrdbms-140919022953-phpapp01/95/postgresql-database-slides-84-1024.jpg
length: 124
{ msg: 'STREAM::WRITE::PIPE::DONE::84' }
{
  msg: 'STREAM::WRITE::PIPE::CLOSED::84',
  downloaded_pages: 84,
  lost_pages: 0,
  urls: 124,
  total: false,
  all_download_task: false
}
index: 85
uri: https://image.slidesharecdn.com/postgresqlrdbms-140919022953-phpapp01/95/postgresql-database-slides-85-1024.jpg
length: 124
{ msg: 'STREAM::WRITE::PIPE::DONE::85' }
{
  msg: 'STREAM::WRITE::PIPE::CLOSED::85',
  downloaded_pages: 85,
  lost_pages: 0,
  urls: 124,
  total: false,
  all_download_task: false
}
index: 86
uri: https://image.slidesharecdn.com/postgresqlrdbms-140919022953-phpapp01/95/postgresql-database-slides-86-1024.jpg
length: 124
{ msg: 'STREAM::WRITE::PIPE::DONE::86' }
{
  msg: 'STREAM::WRITE::PIPE::CLOSED::86',
  downloaded_pages: 86,
  lost_pages: 0,
  urls: 124,
  total: false,
  all_download_task: false
}
index: 87
uri: https://image.slidesharecdn.com/postgresqlrdbms-140919022953-phpapp01/95/postgresql-database-slides-87-1024.jpg
length: 124
{ msg: 'STREAM::WRITE::PIPE::DONE::87' }
{
  msg: 'STREAM::WRITE::PIPE::CLOSED::87',
  downloaded_pages: 87,
  lost_pages: 0,
  urls: 124,
  total: false,
  all_download_task: false
}
index: 88
uri: https://image.slidesharecdn.com/postgresqlrdbms-140919022953-phpapp01/95/postgresql-database-slides-88-1024.jpg
length: 124
{ msg: 'STREAM::WRITE::PIPE::DONE::88' }
{
  msg: 'STREAM::WRITE::PIPE::CLOSED::88',
  downloaded_pages: 88,
  lost_pages: 0,
  urls: 124,
  total: false,
  all_download_task: false
}
index: 89
uri: https://image.slidesharecdn.com/postgresqlrdbms-140919022953-phpapp01/95/postgresql-database-slides-89-1024.jpg
length: 124
{ msg: 'STREAM::WRITE::PIPE::DONE::89' }
{
  msg: 'STREAM::WRITE::PIPE::CLOSED::89',
  downloaded_pages: 89,
  lost_pages: 0,
  urls: 124,
  total: false,
  all_download_task: false
}
index: 90
uri: https://image.slidesharecdn.com/postgresqlrdbms-140919022953-phpapp01/95/postgresql-database-slides-90-1024.jpg
length: 124
{ msg: 'STREAM::WRITE::PIPE::DONE::90' }
{
  msg: 'STREAM::WRITE::PIPE::CLOSED::90',
  downloaded_pages: 90,
  lost_pages: 0,
  urls: 124,
  total: false,
  all_download_task: false
}
index: 91
uri: https://image.slidesharecdn.com/postgresqlrdbms-140919022953-phpapp01/95/postgresql-database-slides-91-1024.jpg
length: 124
{ msg: 'STREAM::WRITE::PIPE::DONE::91' }
{
  msg: 'STREAM::WRITE::PIPE::CLOSED::91',
  downloaded_pages: 91,
  lost_pages: 0,
  urls: 124,
  total: false,
  all_download_task: false
}
index: 92
uri: https://image.slidesharecdn.com/postgresqlrdbms-140919022953-phpapp01/95/postgresql-database-slides-92-1024.jpg
length: 124
{ msg: 'STREAM::WRITE::PIPE::DONE::92' }
{
  msg: 'STREAM::WRITE::PIPE::CLOSED::92',
  downloaded_pages: 92,
  lost_pages: 0,
  urls: 124,
  total: false,
  all_download_task: false
}
index: 93
uri: https://image.slidesharecdn.com/postgresqlrdbms-140919022953-phpapp01/95/postgresql-database-slides-93-1024.jpg
length: 124
{ msg: 'STREAM::WRITE::PIPE::DONE::93' }
{
  msg: 'STREAM::WRITE::PIPE::CLOSED::93',
  downloaded_pages: 93,
  lost_pages: 0,
  urls: 124,
  total: false,
  all_download_task: false
}
index: 94
uri: https://image.slidesharecdn.com/postgresqlrdbms-140919022953-phpapp01/95/postgresql-database-slides-94-1024.jpg
length: 124
{ msg: 'STREAM::WRITE::PIPE::DONE::94' }
{
  msg: 'STREAM::WRITE::PIPE::CLOSED::94',
  downloaded_pages: 94,
  lost_pages: 0,
  urls: 124,
  total: false,
  all_download_task: false
}
index: 95
uri: https://image.slidesharecdn.com/postgresqlrdbms-140919022953-phpapp01/95/postgresql-database-slides-95-1024.jpg
length: 124
{ msg: 'STREAM::WRITE::PIPE::DONE::95' }
{
  msg: 'STREAM::WRITE::PIPE::CLOSED::95',
  downloaded_pages: 95,
  lost_pages: 0,
  urls: 124,
  total: false,
  all_download_task: false
}
index: 96
uri: https://image.slidesharecdn.com/postgresqlrdbms-140919022953-phpapp01/95/postgresql-database-slides-96-1024.jpg
length: 124
{ msg: 'STREAM::WRITE::PIPE::DONE::96' }
{
  msg: 'STREAM::WRITE::PIPE::CLOSED::96',
  downloaded_pages: 96,
  lost_pages: 0,
  urls: 124,
  total: false,
  all_download_task: false
}
index: 97
uri: https://image.slidesharecdn.com/postgresqlrdbms-140919022953-phpapp01/95/postgresql-database-slides-97-1024.jpg
length: 124
{ msg: 'STREAM::WRITE::PIPE::DONE::97' }
{
  msg: 'STREAM::WRITE::PIPE::CLOSED::97',
  downloaded_pages: 97,
  lost_pages: 0,
  urls: 124,
  total: false,
  all_download_task: false
}
index: 98
uri: https://image.slidesharecdn.com/postgresqlrdbms-140919022953-phpapp01/95/postgresql-database-slides-98-1024.jpg
length: 124
{ msg: 'STREAM::WRITE::PIPE::DONE::98' }
{
  msg: 'STREAM::WRITE::PIPE::CLOSED::98',
  downloaded_pages: 98,
  lost_pages: 0,
  urls: 124,
  total: false,
  all_download_task: false
}
index: 99
uri: https://image.slidesharecdn.com/postgresqlrdbms-140919022953-phpapp01/95/postgresql-database-slides-99-1024.jpg
length: 124
{ msg: 'STREAM::WRITE::PIPE::DONE::99' }
{
  msg: 'STREAM::WRITE::PIPE::CLOSED::99',
  downloaded_pages: 99,
  lost_pages: 0,
  urls: 124,
  total: false,
  all_download_task: false
}
index: 100
uri: https://image.slidesharecdn.com/postgresqlrdbms-140919022953-phpapp01/95/postgresql-database-slides-100-1024.jpg
length: 124
{ msg: 'STREAM::WRITE::PIPE::DONE::100' }
{
  msg: 'STREAM::WRITE::PIPE::CLOSED::100',
  downloaded_pages: 100,
  lost_pages: 0,
  urls: 124,
  total: false,
  all_download_task: false
}
index: 101
uri: https://image.slidesharecdn.com/postgresqlrdbms-140919022953-phpapp01/95/postgresql-database-slides-101-1024.jpg
length: 124
{ msg: 'STREAM::WRITE::PIPE::DONE::101' }
{
  msg: 'STREAM::WRITE::PIPE::CLOSED::101',
  downloaded_pages: 101,
  lost_pages: 0,
  urls: 124,
  total: false,
  all_download_task: false
}
index: 102
uri: https://image.slidesharecdn.com/postgresqlrdbms-140919022953-phpapp01/95/postgresql-database-slides-102-1024.jpg
length: 124
{ msg: 'STREAM::WRITE::PIPE::DONE::102' }
{
  msg: 'STREAM::WRITE::PIPE::CLOSED::102',
  downloaded_pages: 102,
  lost_pages: 0,
  urls: 124,
  total: false,
  all_download_task: false
}
index: 103
uri: https://image.slidesharecdn.com/postgresqlrdbms-140919022953-phpapp01/95/postgresql-database-slides-103-1024.jpg
length: 124
{ msg: 'STREAM::WRITE::PIPE::DONE::103' }
{
  msg: 'STREAM::WRITE::PIPE::CLOSED::103',
  downloaded_pages: 103,
  lost_pages: 0,
  urls: 124,
  total: false,
  all_download_task: false
}
index: 104
uri: https://image.slidesharecdn.com/postgresqlrdbms-140919022953-phpapp01/95/postgresql-database-slides-104-1024.jpg
length: 124
{ msg: 'STREAM::WRITE::PIPE::DONE::104' }
{
  msg: 'STREAM::WRITE::PIPE::CLOSED::104',
  downloaded_pages: 104,
  lost_pages: 0,
  urls: 124,
  total: false,
  all_download_task: false
}
index: 105
uri: https://image.slidesharecdn.com/postgresqlrdbms-140919022953-phpapp01/95/postgresql-database-slides-105-1024.jpg
length: 124
{ msg: 'STREAM::WRITE::PIPE::DONE::105' }
{
  msg: 'STREAM::WRITE::PIPE::CLOSED::105',
  downloaded_pages: 105,
  lost_pages: 0,
  urls: 124,
  total: false,
  all_download_task: false
}
index: 106
uri: https://image.slidesharecdn.com/postgresqlrdbms-140919022953-phpapp01/95/postgresql-database-slides-106-1024.jpg
length: 124
{ msg: 'STREAM::WRITE::PIPE::DONE::106' }
{
  msg: 'STREAM::WRITE::PIPE::CLOSED::106',
  downloaded_pages: 106,
  lost_pages: 0,
  urls: 124,
  total: false,
  all_download_task: false
}
index: 107
uri: https://image.slidesharecdn.com/postgresqlrdbms-140919022953-phpapp01/95/postgresql-database-slides-107-1024.jpg
length: 124
{ msg: 'STREAM::WRITE::PIPE::DONE::107' }
{
  msg: 'STREAM::WRITE::PIPE::CLOSED::107',
  downloaded_pages: 107,
  lost_pages: 0,
  urls: 124,
  total: false,
  all_download_task: false
}
index: 108
uri: https://image.slidesharecdn.com/postgresqlrdbms-140919022953-phpapp01/95/postgresql-database-slides-108-1024.jpg
length: 124
{ msg: 'STREAM::WRITE::PIPE::DONE::108' }
{
  msg: 'STREAM::WRITE::PIPE::CLOSED::108',
  downloaded_pages: 108,
  lost_pages: 0,
  urls: 124,
  total: false,
  all_download_task: false
}
index: 109
uri: https://image.slidesharecdn.com/postgresqlrdbms-140919022953-phpapp01/95/postgresql-database-slides-109-1024.jpg
length: 124
{ msg: 'STREAM::WRITE::PIPE::DONE::109' }
{
  msg: 'STREAM::WRITE::PIPE::CLOSED::109',
  downloaded_pages: 109,
  lost_pages: 0,
  urls: 124,
  total: false,
  all_download_task: false
}
index: 110
uri: https://image.slidesharecdn.com/postgresqlrdbms-140919022953-phpapp01/95/postgresql-database-slides-110-1024.jpg
length: 124
{ msg: 'STREAM::WRITE::PIPE::DONE::110' }
{
  msg: 'STREAM::WRITE::PIPE::CLOSED::110',
  downloaded_pages: 110,
  lost_pages: 0,
  urls: 124,
  total: false,
  all_download_task: false
}
index: 111
uri: https://image.slidesharecdn.com/postgresqlrdbms-140919022953-phpapp01/95/postgresql-database-slides-111-1024.jpg
length: 124
{ msg: 'STREAM::WRITE::PIPE::DONE::111' }
{
  msg: 'STREAM::WRITE::PIPE::CLOSED::111',
  downloaded_pages: 111,
  lost_pages: 0,
  urls: 124,
  total: false,
  all_download_task: false
}
index: 112
uri: https://image.slidesharecdn.com/postgresqlrdbms-140919022953-phpapp01/95/postgresql-database-slides-112-1024.jpg
length: 124
{ msg: 'STREAM::WRITE::PIPE::DONE::112' }
{
  msg: 'STREAM::WRITE::PIPE::CLOSED::112',
  downloaded_pages: 112,
  lost_pages: 0,
  urls: 124,
  total: false,
  all_download_task: false
}
index: 113
uri: https://image.slidesharecdn.com/postgresqlrdbms-140919022953-phpapp01/95/postgresql-database-slides-113-1024.jpg
length: 124
{ msg: 'STREAM::WRITE::PIPE::DONE::113' }
{
  msg: 'STREAM::WRITE::PIPE::CLOSED::113',
  downloaded_pages: 113,
  lost_pages: 0,
  urls: 124,
  total: false,
  all_download_task: false
}
index: 114
uri: https://image.slidesharecdn.com/postgresqlrdbms-140919022953-phpapp01/95/postgresql-database-slides-114-1024.jpg
length: 124
{ msg: 'STREAM::WRITE::PIPE::DONE::114' }
{
  msg: 'STREAM::WRITE::PIPE::CLOSED::114',
  downloaded_pages: 114,
  lost_pages: 0,
  urls: 124,
  total: false,
  all_download_task: false
}
index: 115
uri: https://image.slidesharecdn.com/postgresqlrdbms-140919022953-phpapp01/95/postgresql-database-slides-115-1024.jpg
length: 124
{ msg: 'STREAM::WRITE::PIPE::DONE::115' }
{
  msg: 'STREAM::WRITE::PIPE::CLOSED::115',
  downloaded_pages: 115,
  lost_pages: 0,
  urls: 124,
  total: false,
  all_download_task: false
}
index: 116
uri: https://image.slidesharecdn.com/postgresqlrdbms-140919022953-phpapp01/95/postgresql-database-slides-116-1024.jpg
length: 124
{ msg: 'STREAM::WRITE::PIPE::DONE::116' }
{
  msg: 'STREAM::WRITE::PIPE::CLOSED::116',
  downloaded_pages: 116,
  lost_pages: 0,
  urls: 124,
  total: false,
  all_download_task: false
}
index: 117
uri: https://image.slidesharecdn.com/postgresqlrdbms-140919022953-phpapp01/95/postgresql-database-slides-117-1024.jpg
length: 124
{ msg: 'STREAM::WRITE::PIPE::DONE::117' }
{
  msg: 'STREAM::WRITE::PIPE::CLOSED::117',
  downloaded_pages: 117,
  lost_pages: 0,
  urls: 124,
  total: false,
  all_download_task: false
}
index: 118
uri: https://image.slidesharecdn.com/postgresqlrdbms-140919022953-phpapp01/95/postgresql-database-slides-118-1024.jpg
length: 124
{ msg: 'STREAM::WRITE::PIPE::DONE::118' }
{
  msg: 'STREAM::WRITE::PIPE::CLOSED::118',
  downloaded_pages: 118,
  lost_pages: 0,
  urls: 124,
  total: false,
  all_download_task: false
}
index: 119
uri: https://image.slidesharecdn.com/postgresqlrdbms-140919022953-phpapp01/95/postgresql-database-slides-119-1024.jpg
length: 124
{ msg: 'STREAM::WRITE::PIPE::DONE::119' }
{
  msg: 'STREAM::WRITE::PIPE::CLOSED::119',
  downloaded_pages: 119,
  lost_pages: 0,
  urls: 124,
  total: false,
  all_download_task: false
}
index: 120
uri: https://image.slidesharecdn.com/postgresqlrdbms-140919022953-phpapp01/95/postgresql-database-slides-120-1024.jpg
length: 124
{ msg: 'STREAM::WRITE::PIPE::DONE::120' }
{
  msg: 'STREAM::WRITE::PIPE::CLOSED::120',
  downloaded_pages: 120,
  lost_pages: 0,
  urls: 124,
  total: false,
  all_download_task: false
}
index: 121
uri: https://image.slidesharecdn.com/postgresqlrdbms-140919022953-phpapp01/95/postgresql-database-slides-121-1024.jpg
length: 124
{ msg: 'STREAM::WRITE::PIPE::DONE::121' }
{
  msg: 'STREAM::WRITE::PIPE::CLOSED::121',
  downloaded_pages: 121,
  lost_pages: 0,
  urls: 124,
  total: false,
  all_download_task: false
}
index: 122
uri: https://image.slidesharecdn.com/postgresqlrdbms-140919022953-phpapp01/95/postgresql-database-slides-122-1024.jpg
length: 124
{ msg: 'STREAM::WRITE::PIPE::DONE::122' }
{
  msg: 'STREAM::WRITE::PIPE::CLOSED::122',
  downloaded_pages: 122,
  lost_pages: 0,
  urls: 124,
  total: false,
  all_download_task: false
}
index: 123
uri: https://image.slidesharecdn.com/postgresqlrdbms-140919022953-phpapp01/95/postgresql-database-slides-123-1024.jpg
length: 124
{ msg: 'STREAM::WRITE::PIPE::DONE::123' }
{
  msg: 'STREAM::WRITE::PIPE::CLOSED::123',
  downloaded_pages: 123,
  lost_pages: 0,
  urls: 124,
  total: false,
  all_download_task: false
}
index: 124
uri: https://image.slidesharecdn.com/postgresqlrdbms-140919022953-phpapp01/95/postgresql-database-slides-124-1024.jpg
length: 124
{ msg: 'STREAM::WRITE::PIPE::DONE::124' }
{
  msg: 'STREAM::WRITE::PIPE::CLOSED::124',
  downloaded_pages: 124,
  lost_pages: 0,
  urls: 124,
  total: true,
  all_download_task: true
}
FILES_NUMBER: 37
{
  url: URL {
    href: 'https://image.slidesharecdn.com/therightreadoptimizationisactuallywriteoptimization-120426103304-phpapp01/95/the-right-read-optimization-is-actually-write-optimization-37-1024.jpg',
    origin: 'https://image.slidesharecdn.com',
    protocol: 'https:',
    username: '',
    password: '',
    host: 'image.slidesharecdn.com',
    hostname: 'image.slidesharecdn.com',
    port: '',
    pathname: '/therightreadoptimizationisactuallywriteoptimization-120426103304-phpapp01/95/the-right-read-optimization-is-actually-write-optimization-37-1024.jpg',
    search: '',
    searchParams: URLSearchParams {},
    hash: ''
  },
  origin: 'https://image.slidesharecdn.com',
  pathArr: [
    'therightreadoptimizationisactuallywriteoptimization-120426103304-phpapp01',
    '95',
    'the-right-read-optimization-is-actually-write-optimization-37-1024.jpg'
  ]
}
====================================
{
  newPath_tmp: {
    str_before: 'the-right-read-optimization-is-actually-write-optimization-',
    str_after: '-1024.jpg'
  },
  number: 1
}
====================================
====================================
{
  newPath_tmp: {
    str_before: 'the-right-read-optimization-is-actually-write-optimization-',
    str_after: '-1024.jpg'
  },
  number: 2
}
====================================
====================================
{
  newPath_tmp: {
    str_before: 'the-right-read-optimization-is-actually-write-optimization-',
    str_after: '-1024.jpg'
  },
  number: 3
}
====================================
====================================
{
  newPath_tmp: {
    str_before: 'the-right-read-optimization-is-actually-write-optimization-',
    str_after: '-1024.jpg'
  },
  number: 4
}
====================================
====================================
{
  newPath_tmp: {
    str_before: 'the-right-read-optimization-is-actually-write-optimization-',
    str_after: '-1024.jpg'
  },
  number: 5
}
====================================
====================================
{
  newPath_tmp: {
    str_before: 'the-right-read-optimization-is-actually-write-optimization-',
    str_after: '-1024.jpg'
  },
  number: 6
}
====================================
====================================
{
  newPath_tmp: {
    str_before: 'the-right-read-optimization-is-actually-write-optimization-',
    str_after: '-1024.jpg'
  },
  number: 7
}
====================================
====================================
{
  newPath_tmp: {
    str_before: 'the-right-read-optimization-is-actually-write-optimization-',
    str_after: '-1024.jpg'
  },
  number: 8
}
====================================
====================================
{
  newPath_tmp: {
    str_before: 'the-right-read-optimization-is-actually-write-optimization-',
    str_after: '-1024.jpg'
  },
  number: 9
}
====================================
====================================
{
  newPath_tmp: {
    str_before: 'the-right-read-optimization-is-actually-write-optimization-',
    str_after: '-1024.jpg'
  },
  number: 10
}
====================================
====================================
{
  newPath_tmp: {
    str_before: 'the-right-read-optimization-is-actually-write-optimization-',
    str_after: '-1024.jpg'
  },
  number: 11
}
====================================
====================================
{
  newPath_tmp: {
    str_before: 'the-right-read-optimization-is-actually-write-optimization-',
    str_after: '-1024.jpg'
  },
  number: 12
}
====================================
====================================
{
  newPath_tmp: {
    str_before: 'the-right-read-optimization-is-actually-write-optimization-',
    str_after: '-1024.jpg'
  },
  number: 13
}
====================================
====================================
{
  newPath_tmp: {
    str_before: 'the-right-read-optimization-is-actually-write-optimization-',
    str_after: '-1024.jpg'
  },
  number: 14
}
====================================
====================================
{
  newPath_tmp: {
    str_before: 'the-right-read-optimization-is-actually-write-optimization-',
    str_after: '-1024.jpg'
  },
  number: 15
}
====================================
====================================
{
  newPath_tmp: {
    str_before: 'the-right-read-optimization-is-actually-write-optimization-',
    str_after: '-1024.jpg'
  },
  number: 16
}
====================================
====================================
{
  newPath_tmp: {
    str_before: 'the-right-read-optimization-is-actually-write-optimization-',
    str_after: '-1024.jpg'
  },
  number: 17
}
====================================
====================================
{
  newPath_tmp: {
    str_before: 'the-right-read-optimization-is-actually-write-optimization-',
    str_after: '-1024.jpg'
  },
  number: 18
}
====================================
====================================
{
  newPath_tmp: {
    str_before: 'the-right-read-optimization-is-actually-write-optimization-',
    str_after: '-1024.jpg'
  },
  number: 19
}
====================================
====================================
{
  newPath_tmp: {
    str_before: 'the-right-read-optimization-is-actually-write-optimization-',
    str_after: '-1024.jpg'
  },
  number: 20
}
====================================
====================================
{
  newPath_tmp: {
    str_before: 'the-right-read-optimization-is-actually-write-optimization-',
    str_after: '-1024.jpg'
  },
  number: 21
}
====================================
====================================
{
  newPath_tmp: {
    str_before: 'the-right-read-optimization-is-actually-write-optimization-',
    str_after: '-1024.jpg'
  },
  number: 22
}
====================================
====================================
{
  newPath_tmp: {
    str_before: 'the-right-read-optimization-is-actually-write-optimization-',
    str_after: '-1024.jpg'
  },
  number: 23
}
====================================
====================================
{
  newPath_tmp: {
    str_before: 'the-right-read-optimization-is-actually-write-optimization-',
    str_after: '-1024.jpg'
  },
  number: 24
}
====================================
====================================
{
  newPath_tmp: {
    str_before: 'the-right-read-optimization-is-actually-write-optimization-',
    str_after: '-1024.jpg'
  },
  number: 25
}
====================================
====================================
{
  newPath_tmp: {
    str_before: 'the-right-read-optimization-is-actually-write-optimization-',
    str_after: '-1024.jpg'
  },
  number: 26
}
====================================
====================================
{
  newPath_tmp: {
    str_before: 'the-right-read-optimization-is-actually-write-optimization-',
    str_after: '-1024.jpg'
  },
  number: 27
}
====================================
====================================
{
  newPath_tmp: {
    str_before: 'the-right-read-optimization-is-actually-write-optimization-',
    str_after: '-1024.jpg'
  },
  number: 28
}
====================================
====================================
{
  newPath_tmp: {
    str_before: 'the-right-read-optimization-is-actually-write-optimization-',
    str_after: '-1024.jpg'
  },
  number: 29
}
====================================
====================================
{
  newPath_tmp: {
    str_before: 'the-right-read-optimization-is-actually-write-optimization-',
    str_after: '-1024.jpg'
  },
  number: 30
}
====================================
====================================
{
  newPath_tmp: {
    str_before: 'the-right-read-optimization-is-actually-write-optimization-',
    str_after: '-1024.jpg'
  },
  number: 31
}
====================================
====================================
{
  newPath_tmp: {
    str_before: 'the-right-read-optimization-is-actually-write-optimization-',
    str_after: '-1024.jpg'
  },
  number: 32
}
====================================
====================================
{
  newPath_tmp: {
    str_before: 'the-right-read-optimization-is-actually-write-optimization-',
    str_after: '-1024.jpg'
  },
  number: 33
}
====================================
====================================
{
  newPath_tmp: {
    str_before: 'the-right-read-optimization-is-actually-write-optimization-',
    str_after: '-1024.jpg'
  },
  number: 34
}
====================================
====================================
{
  newPath_tmp: {
    str_before: 'the-right-read-optimization-is-actually-write-optimization-',
    str_after: '-1024.jpg'
  },
  number: 35
}
====================================
====================================
{
  newPath_tmp: {
    str_before: 'the-right-read-optimization-is-actually-write-optimization-',
    str_after: '-1024.jpg'
  },
  number: 36
}
====================================
====================================
{
  newPath_tmp: {
    str_before: 'the-right-read-optimization-is-actually-write-optimization-',
    str_after: '-1024.jpg'
  },
  number: 37
}
====================================
urls: 
----------- Started Download All Normal Pattern ---------------
----------- HERE MIXED ---------------
index: 1
uri: https://image.slidesharecdn.com/therightreadoptimizationisactuallywriteoptimization-120426103304-phpapp01/95/the-right-read-optimization-is-actually-write-optimization-1-1024.jpg
length: 37
Folder created OR Already found
{ msg: 'STREAM::WRITE::PIPE::DONE::1' }
{
  msg: 'STREAM::WRITE::PIPE::CLOSED::1',
  downloaded_pages: 1,
  lost_pages: 0,
  urls: 37,
  total: false,
  all_download_task: true
}
urls: 
----------- Started Download All Normal Pattern ---------------
----------- HERE MIXED ---------------
index: 1
uri: https://image.slidesharecdn.com/therightreadoptimizationisactuallywriteoptimization-120426103304-phpapp01/95/the-right-read-optimization-is-actually-write-optimization-1-1024.jpg
length: 37
Folder created OR Already found
{ msg: 'STREAM::WRITE::PIPE::DONE::1' }
{
  msg: 'STREAM::WRITE::PIPE::CLOSED::1',
  downloaded_pages: 1,
  lost_pages: 0,
  urls: 37,
  total: false,
  all_download_task: true
}
FILES_NUMBER: 37
{
  url: URL {
    href: 'https://image.slidesharecdn.com/therightreadoptimizationisactuallywriteoptimization-120426103304-phpapp01/95/the-right-read-optimization-is-actually-write-optimization-37-1024.jpg',
    origin: 'https://image.slidesharecdn.com',
    protocol: 'https:',
    username: '',
    password: '',
    host: 'image.slidesharecdn.com',
    hostname: 'image.slidesharecdn.com',
    port: '',
    pathname: '/therightreadoptimizationisactuallywriteoptimization-120426103304-phpapp01/95/the-right-read-optimization-is-actually-write-optimization-37-1024.jpg',
    search: '',
    searchParams: URLSearchParams {},
    hash: ''
  },
  origin: 'https://image.slidesharecdn.com',
  pathArr: [
    'therightreadoptimizationisactuallywriteoptimization-120426103304-phpapp01',
    '95',
    'the-right-read-optimization-is-actually-write-optimization-37-1024.jpg'
  ]
}
====================================
{
  newPath_tmp: {
    str_before: 'the-right-read-optimization-is-actually-write-optimization-',
    str_after: '-1024.jpg'
  },
  number: 1
}
====================================
====================================
{
  newPath_tmp: {
    str_before: 'the-right-read-optimization-is-actually-write-optimization-',
    str_after: '-1024.jpg'
  },
  number: 2
}
====================================
====================================
{
  newPath_tmp: {
    str_before: 'the-right-read-optimization-is-actually-write-optimization-',
    str_after: '-1024.jpg'
  },
  number: 3
}
====================================
====================================
{
  newPath_tmp: {
    str_before: 'the-right-read-optimization-is-actually-write-optimization-',
    str_after: '-1024.jpg'
  },
  number: 4
}
====================================
====================================
{
  newPath_tmp: {
    str_before: 'the-right-read-optimization-is-actually-write-optimization-',
    str_after: '-1024.jpg'
  },
  number: 5
}
====================================
====================================
{
  newPath_tmp: {
    str_before: 'the-right-read-optimization-is-actually-write-optimization-',
    str_after: '-1024.jpg'
  },
  number: 6
}
====================================
====================================
{
  newPath_tmp: {
    str_before: 'the-right-read-optimization-is-actually-write-optimization-',
    str_after: '-1024.jpg'
  },
  number: 7
}
====================================
====================================
{
  newPath_tmp: {
    str_before: 'the-right-read-optimization-is-actually-write-optimization-',
    str_after: '-1024.jpg'
  },
  number: 8
}
====================================
====================================
{
  newPath_tmp: {
    str_before: 'the-right-read-optimization-is-actually-write-optimization-',
    str_after: '-1024.jpg'
  },
  number: 9
}
====================================
====================================
{
  newPath_tmp: {
    str_before: 'the-right-read-optimization-is-actually-write-optimization-',
    str_after: '-1024.jpg'
  },
  number: 10
}
====================================
====================================
{
  newPath_tmp: {
    str_before: 'the-right-read-optimization-is-actually-write-optimization-',
    str_after: '-1024.jpg'
  },
  number: 11
}
====================================
====================================
{
  newPath_tmp: {
    str_before: 'the-right-read-optimization-is-actually-write-optimization-',
    str_after: '-1024.jpg'
  },
  number: 12
}
====================================
====================================
{
  newPath_tmp: {
    str_before: 'the-right-read-optimization-is-actually-write-optimization-',
    str_after: '-1024.jpg'
  },
  number: 13
}
====================================
====================================
{
  newPath_tmp: {
    str_before: 'the-right-read-optimization-is-actually-write-optimization-',
    str_after: '-1024.jpg'
  },
  number: 14
}
====================================
====================================
{
  newPath_tmp: {
    str_before: 'the-right-read-optimization-is-actually-write-optimization-',
    str_after: '-1024.jpg'
  },
  number: 15
}
====================================
====================================
{
  newPath_tmp: {
    str_before: 'the-right-read-optimization-is-actually-write-optimization-',
    str_after: '-1024.jpg'
  },
  number: 16
}
====================================
====================================
{
  newPath_tmp: {
    str_before: 'the-right-read-optimization-is-actually-write-optimization-',
    str_after: '-1024.jpg'
  },
  number: 17
}
====================================
====================================
{
  newPath_tmp: {
    str_before: 'the-right-read-optimization-is-actually-write-optimization-',
    str_after: '-1024.jpg'
  },
  number: 18
}
====================================
====================================
{
  newPath_tmp: {
    str_before: 'the-right-read-optimization-is-actually-write-optimization-',
    str_after: '-1024.jpg'
  },
  number: 19
}
====================================
====================================
{
  newPath_tmp: {
    str_before: 'the-right-read-optimization-is-actually-write-optimization-',
    str_after: '-1024.jpg'
  },
  number: 20
}
====================================
====================================
{
  newPath_tmp: {
    str_before: 'the-right-read-optimization-is-actually-write-optimization-',
    str_after: '-1024.jpg'
  },
  number: 21
}
====================================
====================================
{
  newPath_tmp: {
    str_before: 'the-right-read-optimization-is-actually-write-optimization-',
    str_after: '-1024.jpg'
  },
  number: 22
}
====================================
====================================
{
  newPath_tmp: {
    str_before: 'the-right-read-optimization-is-actually-write-optimization-',
    str_after: '-1024.jpg'
  },
  number: 23
}
====================================
====================================
{
  newPath_tmp: {
    str_before: 'the-right-read-optimization-is-actually-write-optimization-',
    str_after: '-1024.jpg'
  },
  number: 24
}
====================================
====================================
{
  newPath_tmp: {
    str_before: 'the-right-read-optimization-is-actually-write-optimization-',
    str_after: '-1024.jpg'
  },
  number: 25
}
====================================
====================================
{
  newPath_tmp: {
    str_before: 'the-right-read-optimization-is-actually-write-optimization-',
    str_after: '-1024.jpg'
  },
  number: 26
}
====================================
====================================
{
  newPath_tmp: {
    str_before: 'the-right-read-optimization-is-actually-write-optimization-',
    str_after: '-1024.jpg'
  },
  number: 27
}
====================================
====================================
{
  newPath_tmp: {
    str_before: 'the-right-read-optimization-is-actually-write-optimization-',
    str_after: '-1024.jpg'
  },
  number: 28
}
====================================
====================================
{
  newPath_tmp: {
    str_before: 'the-right-read-optimization-is-actually-write-optimization-',
    str_after: '-1024.jpg'
  },
  number: 29
}
====================================
====================================
{
  newPath_tmp: {
    str_before: 'the-right-read-optimization-is-actually-write-optimization-',
    str_after: '-1024.jpg'
  },
  number: 30
}
====================================
====================================
{
  newPath_tmp: {
    str_before: 'the-right-read-optimization-is-actually-write-optimization-',
    str_after: '-1024.jpg'
  },
  number: 31
}
====================================
====================================
{
  newPath_tmp: {
    str_before: 'the-right-read-optimization-is-actually-write-optimization-',
    str_after: '-1024.jpg'
  },
  number: 32
}
====================================
====================================
{
  newPath_tmp: {
    str_before: 'the-right-read-optimization-is-actually-write-optimization-',
    str_after: '-1024.jpg'
  },
  number: 33
}
====================================
====================================
{
  newPath_tmp: {
    str_before: 'the-right-read-optimization-is-actually-write-optimization-',
    str_after: '-1024.jpg'
  },
  number: 34
}
====================================
====================================
{
  newPath_tmp: {
    str_before: 'the-right-read-optimization-is-actually-write-optimization-',
    str_after: '-1024.jpg'
  },
  number: 35
}
====================================
====================================
{
  newPath_tmp: {
    str_before: 'the-right-read-optimization-is-actually-write-optimization-',
    str_after: '-1024.jpg'
  },
  number: 36
}
====================================
====================================
{
  newPath_tmp: {
    str_before: 'the-right-read-optimization-is-actually-write-optimization-',
    str_after: '-1024.jpg'
  },
  number: 37
}
====================================
urls: 
----------- Started Download All Normal Pattern ---------------
----------- HERE MIXED ---------------
index: 1
uri: https://image.slidesharecdn.com/therightreadoptimizationisactuallywriteoptimization-120426103304-phpapp01/95/the-right-read-optimization-is-actually-write-optimization-1-1024.jpg
length: 37
Folder created OR Already found
{ msg: 'STREAM::WRITE::PIPE::DONE::1' }
{
  msg: 'STREAM::WRITE::PIPE::CLOSED::1',
  downloaded_pages: 1,
  lost_pages: 0,
  urls: 37,
  total: false,
  all_download_task: true
}
