Main Server: 3000
----------- Started Download All Normal Pattern ---------------
Folder created OR Already found
{ msg: 'STREAM::WRITE::PIPE::DONE::1' }
{ msg: 'STREAM::NEEDLE::FINISHED::1' }
{
  msg: 'STREAM::WRITE::PIPE::CLOSED::1',
  stats: 'downloaded_pages: 1 | lost_pages: 0'
}
{ msg: 'STREAM::WRITE::PIPE::DONE::3' }
{ msg: 'STREAM::NEEDLE::FINISHED::3' }
{
  msg: 'STREAM::WRITE::PIPE::CLOSED::3',
  stats: 'downloaded_pages: 2 | lost_pages: 0'
}
{ msg: 'STREAM::WRITE::PIPE::DONE::2' }
{ msg: 'STREAM::NEEDLE::FINISHED::2' }
{
  msg: 'STREAM::WRITE::PIPE::CLOSED::2',
  stats: 'downloaded_pages: 3 | lost_pages: 0'
}
{ msg: 'STREAM::WRITE::PIPE::DONE::16' }
{ msg: 'STREAM::NEEDLE::FINISHED::16' }
{
  msg: 'STREAM::WRITE::PIPE::CLOSED::16',
  stats: 'downloaded_pages: 4 | lost_pages: 0'
}
{ msg: 'STREAM::WRITE::PIPE::DONE::5' }
{ msg: 'STREAM::NEEDLE::FINISHED::5' }
{ msg: 'STREAM::WRITE::PIPE::DONE::11' }
{ msg: 'STREAM::NEEDLE::FINISHED::11' }
{
  msg: 'STREAM::WRITE::PIPE::CLOSED::5',
  stats: 'downloaded_pages: 6 | lost_pages: 0'
}
{
  msg: 'STREAM::WRITE::PIPE::CLOSED::11',
  stats: 'downloaded_pages: 6 | lost_pages: 0'
}
{ msg: 'STREAM::WRITE::PIPE::DONE::39' }
{ msg: 'STREAM::NEEDLE::FINISHED::39' }
{
  msg: 'STREAM::WRITE::PIPE::CLOSED::39',
  stats: 'downloaded_pages: 7 | lost_pages: 0'
}
{ msg: 'STREAM::WRITE::PIPE::DONE::158' }
{ msg: 'STREAM::NEEDLE::FINISHED::158' }
{
  msg: 'STREAM::WRITE::PIPE::CLOSED::158',
  stats: 'downloaded_pages: 8 | lost_pages: 0'
}
{ msg: 'STREAM::WRITE::PIPE::DONE::168' }
{ msg: 'STREAM::NEEDLE::FINISHED::168' }
{
  msg: 'STREAM::WRITE::PIPE::CLOSED::168',
  stats: 'downloaded_pages: 9 | lost_pages: 0'
}
{ msg: 'STREAM::WRITE::PIPE::DONE::49' }
{ msg: 'STREAM::NEEDLE::FINISHED::49' }
{
  msg: 'STREAM::WRITE::PIPE::CLOSED::49',
  stats: 'downloaded_pages: 10 | lost_pages: 0'
}
{ msg: 'STREAM::WRITE::PIPE::DONE::140' }
{ msg: 'STREAM::NEEDLE::FINISHED::140' }
{
  msg: 'STREAM::WRITE::PIPE::CLOSED::140',
  stats: 'downloaded_pages: 11 | lost_pages: 0'
}
{ msg: 'STREAM::WRITE::PIPE::DONE::109' }
{ msg: 'STREAM::NEEDLE::FINISHED::109' }
{
  msg: 'STREAM::WRITE::PIPE::CLOSED::109',
  stats: 'downloaded_pages: 12 | lost_pages: 0'
}
{ msg: 'STREAM::WRITE::PIPE::DONE::87' }
{ msg: 'STREAM::NEEDLE::FINISHED::87' }
{
  msg: 'STREAM::WRITE::PIPE::CLOSED::87',
  stats: 'downloaded_pages: 13 | lost_pages: 0'
}
{ msg: 'STREAM::WRITE::PIPE::DONE::4' }
{ msg: 'STREAM::NEEDLE::FINISHED::4' }
{
  msg: 'STREAM::WRITE::PIPE::CLOSED::4',
  stats: 'downloaded_pages: 14 | lost_pages: 0'
}
{ msg: 'STREAM::WRITE::PIPE::DONE::26' }
{ msg: 'STREAM::NEEDLE::FINISHED::26' }
{
  msg: 'STREAM::WRITE::PIPE::CLOSED::26',
  stats: 'downloaded_pages: 15 | lost_pages: 0'
}
{ msg: 'STREAM::WRITE::PIPE::DONE::13' }
{ msg: 'STREAM::NEEDLE::FINISHED::13' }
{
  msg: 'STREAM::WRITE::PIPE::CLOSED::13',
  stats: 'downloaded_pages: 16 | lost_pages: 0'
}
{ msg: 'STREAM::WRITE::PIPE::DONE::46' }
{ msg: 'STREAM::NEEDLE::FINISHED::46' }
{
  msg: 'STREAM::WRITE::PIPE::CLOSED::46',
  stats: 'downloaded_pages: 17 | lost_pages: 0'
}
{ msg: 'STREAM::WRITE::PIPE::DONE::7' }
{ msg: 'STREAM::NEEDLE::FINISHED::7' }
{
  msg: 'STREAM::WRITE::PIPE::CLOSED::7',
  stats: 'downloaded_pages: 18 | lost_pages: 0'
}
{ msg: 'STREAM::WRITE::PIPE::DONE::19' }
{ msg: 'STREAM::NEEDLE::FINISHED::19' }
{ msg: 'STREAM::WRITE::PIPE::DONE::54' }
{ msg: 'STREAM::NEEDLE::FINISHED::54' }
{
  msg: 'STREAM::WRITE::PIPE::CLOSED::19',
  stats: 'downloaded_pages: 20 | lost_pages: 0'
}
{
  msg: 'STREAM::WRITE::PIPE::CLOSED::54',
  stats: 'downloaded_pages: 20 | lost_pages: 0'
}
{ msg: 'STREAM::WRITE::PIPE::DONE::28' }
{ msg: 'STREAM::NEEDLE::FINISHED::28' }
{
  msg: 'STREAM::WRITE::PIPE::CLOSED::28',
  stats: 'downloaded_pages: 21 | lost_pages: 0'
}
{ msg: 'STREAM::WRITE::PIPE::DONE::9' }
{ msg: 'STREAM::NEEDLE::FINISHED::9' }
{
  msg: 'STREAM::WRITE::PIPE::CLOSED::9',
  stats: 'downloaded_pages: 22 | lost_pages: 0'
}
{ msg: 'STREAM::WRITE::PIPE::DONE::73' }
{ msg: 'STREAM::NEEDLE::FINISHED::73' }
{
  msg: 'STREAM::WRITE::PIPE::CLOSED::73',
  stats: 'downloaded_pages: 23 | lost_pages: 0'
}
{ msg: 'STREAM::WRITE::PIPE::DONE::55' }
{ msg: 'STREAM::NEEDLE::FINISHED::55' }
{ msg: 'STREAM::WRITE::PIPE::DONE::25' }
{ msg: 'STREAM::NEEDLE::FINISHED::25' }
{
  msg: 'STREAM::WRITE::PIPE::CLOSED::55',
  stats: 'downloaded_pages: 25 | lost_pages: 0'
}
{
  msg: 'STREAM::WRITE::PIPE::CLOSED::25',
  stats: 'downloaded_pages: 25 | lost_pages: 0'
}
{ msg: 'STREAM::WRITE::PIPE::DONE::72' }
{ msg: 'STREAM::NEEDLE::FINISHED::72' }
{
  msg: 'STREAM::WRITE::PIPE::CLOSED::72',
  stats: 'downloaded_pages: 26 | lost_pages: 0'
}
{ msg: 'STREAM::WRITE::PIPE::DONE::69' }
{ msg: 'STREAM::NEEDLE::FINISHED::69' }
{
  msg: 'STREAM::WRITE::PIPE::CLOSED::69',
  stats: 'downloaded_pages: 29 | lost_pages: 0'
}
{ msg: 'STREAM::WRITE::PIPE::DONE::112' }
{ msg: 'STREAM::NEEDLE::FINISHED::112' }
{ msg: 'STREAM::WRITE::PIPE::DONE::148' }
{ msg: 'STREAM::NEEDLE::FINISHED::148' }
{
  msg: 'STREAM::WRITE::PIPE::CLOSED::112',
  stats: 'downloaded_pages: 29 | lost_pages: 0'
}
{
  msg: 'STREAM::WRITE::PIPE::CLOSED::148',
  stats: 'downloaded_pages: 29 | lost_pages: 0'
}
{ msg: 'STREAM::WRITE::PIPE::DONE::163' }
{ msg: 'STREAM::NEEDLE::FINISHED::163' }
{
  msg: 'STREAM::WRITE::PIPE::CLOSED::163',
  stats: 'downloaded_pages: 30 | lost_pages: 0'
}
{ msg: 'STREAM::WRITE::PIPE::DONE::10' }
{ msg: 'STREAM::NEEDLE::FINISHED::10' }
{
  msg: 'STREAM::WRITE::PIPE::CLOSED::10',
  stats: 'downloaded_pages: 31 | lost_pages: 0'
}
{ msg: 'STREAM::WRITE::PIPE::DONE::17' }
{ msg: 'STREAM::NEEDLE::FINISHED::17' }
{
  msg: 'STREAM::WRITE::PIPE::CLOSED::17',
  stats: 'downloaded_pages: 32 | lost_pages: 0'
}
{ msg: 'STREAM::WRITE::PIPE::DONE::18' }
{ msg: 'STREAM::NEEDLE::FINISHED::18' }
{
  msg: 'STREAM::WRITE::PIPE::CLOSED::18',
  stats: 'downloaded_pages: 33 | lost_pages: 0'
}
{ msg: 'STREAM::WRITE::PIPE::DONE::23' }
{ msg: 'STREAM::NEEDLE::FINISHED::23' }
{ msg: 'STREAM::WRITE::PIPE::DONE::27' }
{ msg: 'STREAM::NEEDLE::FINISHED::27' }
{
  msg: 'STREAM::WRITE::PIPE::CLOSED::23',
  stats: 'downloaded_pages: 35 | lost_pages: 0'
}
{
  msg: 'STREAM::WRITE::PIPE::CLOSED::27',
  stats: 'downloaded_pages: 35 | lost_pages: 0'
}
{ msg: 'STREAM::WRITE::PIPE::DONE::12' }
{ msg: 'STREAM::NEEDLE::FINISHED::12' }
{
  msg: 'STREAM::WRITE::PIPE::CLOSED::12',
  stats: 'downloaded_pages: 36 | lost_pages: 0'
}
{ msg: 'STREAM::WRITE::PIPE::DONE::79' }
{ msg: 'STREAM::NEEDLE::FINISHED::79' }
{
  msg: 'STREAM::WRITE::PIPE::CLOSED::79',
  stats: 'downloaded_pages: 37 | lost_pages: 0'
}
{ msg: 'STREAM::WRITE::PIPE::DONE::166' }
{ msg: 'STREAM::NEEDLE::FINISHED::166' }
{
  msg: 'STREAM::WRITE::PIPE::CLOSED::166',
  stats: 'downloaded_pages: 38 | lost_pages: 0'
}
{ msg: 'STREAM::WRITE::PIPE::DONE::61' }
{ msg: 'STREAM::NEEDLE::FINISHED::61' }
{ msg: 'STREAM::WRITE::PIPE::DONE::145' }
{ msg: 'STREAM::NEEDLE::FINISHED::145' }
{
  msg: 'STREAM::WRITE::PIPE::CLOSED::61',
  stats: 'downloaded_pages: 40 | lost_pages: 0'
}
{
  msg: 'STREAM::WRITE::PIPE::CLOSED::145',
  stats: 'downloaded_pages: 40 | lost_pages: 0'
}
{ msg: 'STREAM::WRITE::PIPE::DONE::160' }
{ msg: 'STREAM::NEEDLE::FINISHED::160' }
{
  msg: 'STREAM::WRITE::PIPE::CLOSED::160',
  stats: 'downloaded_pages: 41 | lost_pages: 0'
}
{ msg: 'STREAM::WRITE::PIPE::DONE::119' }
{ msg: 'STREAM::NEEDLE::FINISHED::119' }
{
  msg: 'STREAM::WRITE::PIPE::CLOSED::119',
  stats: 'downloaded_pages: 42 | lost_pages: 0'
}
{ msg: 'STREAM::WRITE::PIPE::DONE::34' }
{ msg: 'STREAM::NEEDLE::FINISHED::34' }
{
  msg: 'STREAM::WRITE::PIPE::CLOSED::34',
  stats: 'downloaded_pages: 43 | lost_pages: 0'
}
{ msg: 'STREAM::WRITE::PIPE::DONE::8' }
{ msg: 'STREAM::NEEDLE::FINISHED::8' }
{
  msg: 'STREAM::WRITE::PIPE::CLOSED::8',
  stats: 'downloaded_pages: 44 | lost_pages: 0'
}
{ msg: 'STREAM::WRITE::PIPE::DONE::38' }
{ msg: 'STREAM::NEEDLE::FINISHED::38' }
{
  msg: 'STREAM::WRITE::PIPE::CLOSED::38',
  stats: 'downloaded_pages: 45 | lost_pages: 0'
}
{ msg: 'STREAM::WRITE::PIPE::DONE::35' }
{ msg: 'STREAM::NEEDLE::FINISHED::35' }
{
  msg: 'STREAM::WRITE::PIPE::CLOSED::35',
  stats: 'downloaded_pages: 46 | lost_pages: 0'
}
{ msg: 'STREAM::WRITE::PIPE::DONE::15' }
{ msg: 'STREAM::NEEDLE::FINISHED::15' }
{
  msg: 'STREAM::WRITE::PIPE::CLOSED::15',
  stats: 'downloaded_pages: 47 | lost_pages: 0'
}
{ msg: 'STREAM::WRITE::PIPE::DONE::24' }
{ msg: 'STREAM::NEEDLE::FINISHED::24' }
{
  msg: 'STREAM::WRITE::PIPE::CLOSED::24',
  stats: 'downloaded_pages: 48 | lost_pages: 0'
}
{ msg: 'STREAM::WRITE::PIPE::DONE::86' }
{ msg: 'STREAM::NEEDLE::FINISHED::86' }
{
  msg: 'STREAM::WRITE::PIPE::CLOSED::86',
  stats: 'downloaded_pages: 49 | lost_pages: 0'
}
{ msg: 'STREAM::WRITE::PIPE::DONE::151' }
{ msg: 'STREAM::NEEDLE::FINISHED::151' }
{
  msg: 'STREAM::WRITE::PIPE::CLOSED::151',
  stats: 'downloaded_pages: 50 | lost_pages: 0'
}
{ msg: 'STREAM::WRITE::PIPE::DONE::36' }
{ msg: 'STREAM::NEEDLE::FINISHED::36' }
{ msg: 'STREAM::WRITE::PIPE::DONE::144' }
{ msg: 'STREAM::NEEDLE::FINISHED::144' }
{
  msg: 'STREAM::WRITE::PIPE::CLOSED::36',
  stats: 'downloaded_pages: 52 | lost_pages: 0'
}
{
  msg: 'STREAM::WRITE::PIPE::CLOSED::144',
  stats: 'downloaded_pages: 52 | lost_pages: 0'
}
{ msg: 'STREAM::WRITE::PIPE::DONE::137' }
{ msg: 'STREAM::NEEDLE::FINISHED::137' }
{
  msg: 'STREAM::WRITE::PIPE::CLOSED::137',
  stats: 'downloaded_pages: 53 | lost_pages: 0'
}
{ msg: 'STREAM::WRITE::PIPE::DONE::167' }
{ msg: 'STREAM::NEEDLE::FINISHED::167' }
{
  msg: 'STREAM::WRITE::PIPE::CLOSED::167',
  stats: 'downloaded_pages: 54 | lost_pages: 0'
}
{ msg: 'STREAM::WRITE::PIPE::DONE::84' }
{ msg: 'STREAM::NEEDLE::FINISHED::84' }
{
  msg: 'STREAM::WRITE::PIPE::CLOSED::84',
  stats: 'downloaded_pages: 55 | lost_pages: 0'
}
{ msg: 'STREAM::WRITE::PIPE::DONE::120' }
{ msg: 'STREAM::NEEDLE::FINISHED::120' }
{
  msg: 'STREAM::WRITE::PIPE::CLOSED::120',
  stats: 'downloaded_pages: 56 | lost_pages: 0'
}
{ msg: 'STREAM::WRITE::PIPE::DONE::124' }
{ msg: 'STREAM::NEEDLE::FINISHED::124' }
{
  msg: 'STREAM::WRITE::PIPE::CLOSED::124',
  stats: 'downloaded_pages: 57 | lost_pages: 0'
}
{ msg: 'STREAM::WRITE::PIPE::DONE::180' }
{ msg: 'STREAM::NEEDLE::FINISHED::180' }
{
  msg: 'STREAM::WRITE::PIPE::CLOSED::180',
  stats: 'downloaded_pages: 59 | lost_pages: 0'
}
{ msg: 'STREAM::WRITE::PIPE::DONE::82' }
{ msg: 'STREAM::NEEDLE::FINISHED::82' }
{
  msg: 'STREAM::WRITE::PIPE::CLOSED::82',
  stats: 'downloaded_pages: 59 | lost_pages: 0'
}
{ msg: 'STREAM::WRITE::PIPE::DONE::32' }
{ msg: 'STREAM::NEEDLE::FINISHED::32' }
{
  msg: 'STREAM::WRITE::PIPE::CLOSED::32',
  stats: 'downloaded_pages: 61 | lost_pages: 0'
}
{ msg: 'STREAM::WRITE::PIPE::DONE::133' }
{ msg: 'STREAM::NEEDLE::FINISHED::133' }
{
  msg: 'STREAM::WRITE::PIPE::CLOSED::133',
  stats: 'downloaded_pages: 61 | lost_pages: 0'
}
{ msg: 'STREAM::WRITE::PIPE::DONE::110' }
{ msg: 'STREAM::NEEDLE::FINISHED::110' }
{
  msg: 'STREAM::WRITE::PIPE::CLOSED::110',
  stats: 'downloaded_pages: 62 | lost_pages: 0'
}
{ msg: 'STREAM::WRITE::PIPE::DONE::74' }
{ msg: 'STREAM::NEEDLE::FINISHED::74' }
{
  msg: 'STREAM::WRITE::PIPE::CLOSED::74',
  stats: 'downloaded_pages: 63 | lost_pages: 0'
}
{ msg: 'STREAM::WRITE::PIPE::DONE::104' }
{ msg: 'STREAM::NEEDLE::FINISHED::104' }
{
  msg: 'STREAM::WRITE::PIPE::CLOSED::104',
  stats: 'downloaded_pages: 64 | lost_pages: 0'
}
{ msg: 'STREAM::WRITE::PIPE::DONE::170' }
{ msg: 'STREAM::NEEDLE::FINISHED::170' }
{ msg: 'STREAM::WRITE::PIPE::DONE::30' }
{ msg: 'STREAM::NEEDLE::FINISHED::30' }
{
  msg: 'STREAM::WRITE::PIPE::CLOSED::170',
  stats: 'downloaded_pages: 66 | lost_pages: 0'
}
{
  msg: 'STREAM::WRITE::PIPE::CLOSED::30',
  stats: 'downloaded_pages: 66 | lost_pages: 0'
}
{ msg: 'STREAM::WRITE::PIPE::DONE::48' }
{ msg: 'STREAM::NEEDLE::FINISHED::48' }
{
  msg: 'STREAM::WRITE::PIPE::CLOSED::48',
  stats: 'downloaded_pages: 67 | lost_pages: 0'
}
{ msg: 'STREAM::WRITE::PIPE::DONE::127' }
{ msg: 'STREAM::NEEDLE::FINISHED::127' }
{
  msg: 'STREAM::WRITE::PIPE::CLOSED::127',
  stats: 'downloaded_pages: 68 | lost_pages: 0'
}
{ msg: 'STREAM::WRITE::PIPE::DONE::41' }
{ msg: 'STREAM::NEEDLE::FINISHED::41' }
{
  msg: 'STREAM::WRITE::PIPE::CLOSED::41',
  stats: 'downloaded_pages: 69 | lost_pages: 0'
}
{ msg: 'STREAM::WRITE::PIPE::DONE::63' }
{ msg: 'STREAM::NEEDLE::FINISHED::63' }
{
  msg: 'STREAM::WRITE::PIPE::CLOSED::63',
  stats: 'downloaded_pages: 70 | lost_pages: 0'
}
{ msg: 'STREAM::WRITE::PIPE::DONE::80' }
{ msg: 'STREAM::NEEDLE::FINISHED::80' }
{
  msg: 'STREAM::WRITE::PIPE::CLOSED::80',
  stats: 'downloaded_pages: 71 | lost_pages: 0'
}
{ msg: 'STREAM::WRITE::PIPE::DONE::129' }
{ msg: 'STREAM::NEEDLE::FINISHED::129' }
{
  msg: 'STREAM::WRITE::PIPE::CLOSED::129',
  stats: 'downloaded_pages: 72 | lost_pages: 0'
}
{ msg: 'STREAM::WRITE::PIPE::DONE::93' }
{ msg: 'STREAM::NEEDLE::FINISHED::93' }
{
  msg: 'STREAM::WRITE::PIPE::CLOSED::93',
  stats: 'downloaded_pages: 73 | lost_pages: 0'
}
{ msg: 'STREAM::WRITE::PIPE::DONE::91' }
{ msg: 'STREAM::NEEDLE::FINISHED::91' }
{
  msg: 'STREAM::WRITE::PIPE::CLOSED::91',
  stats: 'downloaded_pages: 74 | lost_pages: 0'
}
{ msg: 'STREAM::WRITE::PIPE::DONE::85' }
{ msg: 'STREAM::NEEDLE::FINISHED::85' }
{
  msg: 'STREAM::WRITE::PIPE::CLOSED::85',
  stats: 'downloaded_pages: 75 | lost_pages: 0'
}
{ msg: 'STREAM::WRITE::PIPE::DONE::14' }
{ msg: 'STREAM::NEEDLE::FINISHED::14' }
{
  msg: 'STREAM::WRITE::PIPE::CLOSED::14',
  stats: 'downloaded_pages: 76 | lost_pages: 0'
}
{ msg: 'STREAM::WRITE::PIPE::DONE::65' }
{ msg: 'STREAM::NEEDLE::FINISHED::65' }
{
  msg: 'STREAM::WRITE::PIPE::CLOSED::65',
  stats: 'downloaded_pages: 77 | lost_pages: 0'
}
{ msg: 'STREAM::WRITE::PIPE::DONE::141' }
{ msg: 'STREAM::NEEDLE::FINISHED::141' }
{
  msg: 'STREAM::WRITE::PIPE::CLOSED::141',
  stats: 'downloaded_pages: 78 | lost_pages: 0'
}
{ msg: 'STREAM::WRITE::PIPE::DONE::40' }
{ msg: 'STREAM::NEEDLE::FINISHED::40' }
{ msg: 'STREAM::WRITE::PIPE::DONE::44' }
{ msg: 'STREAM::NEEDLE::FINISHED::44' }
{
  msg: 'STREAM::WRITE::PIPE::CLOSED::40',
  stats: 'downloaded_pages: 80 | lost_pages: 0'
}
{
  msg: 'STREAM::WRITE::PIPE::CLOSED::44',
  stats: 'downloaded_pages: 80 | lost_pages: 0'
}
{ msg: 'STREAM::WRITE::PIPE::DONE::6' }
{ msg: 'STREAM::NEEDLE::FINISHED::6' }
{ msg: 'STREAM::WRITE::PIPE::DONE::131' }
{ msg: 'STREAM::NEEDLE::FINISHED::131' }
{
  msg: 'STREAM::WRITE::PIPE::CLOSED::6',
  stats: 'downloaded_pages: 82 | lost_pages: 0'
}
{
  msg: 'STREAM::WRITE::PIPE::CLOSED::131',
  stats: 'downloaded_pages: 82 | lost_pages: 0'
}
{ msg: 'STREAM::WRITE::PIPE::DONE::0' }
{ msg: 'STREAM::NEEDLE::FINISHED::0' }
{ msg: 'STREAM::WRITE::PIPE::ERROR::0' }
{
  msg: 'STREAM::WRITE::PIPE::CLOSED::0',
  stats: 'downloaded_pages: 82 | lost_pages: 1'
}
{ msg: 'STREAM::WRITE::PIPE::DONE::22' }
{ msg: 'STREAM::NEEDLE::FINISHED::22' }
{ msg: 'STREAM::WRITE::PIPE::ERROR::22' }
{ msg: 'STREAM::WRITE::PIPE::DONE::21' }
{ msg: 'STREAM::NEEDLE::FINISHED::21' }
{ msg: 'STREAM::WRITE::PIPE::ERROR::21' }
{ msg: 'STREAM::WRITE::PIPE::DONE::20' }
{ msg: 'STREAM::NEEDLE::FINISHED::20' }
{ msg: 'STREAM::WRITE::PIPE::ERROR::20' }
{
  msg: 'STREAM::WRITE::PIPE::CLOSED::22',
  stats: 'downloaded_pages: 82 | lost_pages: 4'
}
{
  msg: 'STREAM::WRITE::PIPE::CLOSED::21',
  stats: 'downloaded_pages: 82 | lost_pages: 4'
}
{
  msg: 'STREAM::WRITE::PIPE::CLOSED::20',
  stats: 'downloaded_pages: 82 | lost_pages: 4'
}
{ msg: 'STREAM::WRITE::PIPE::DONE::29' }
{ msg: 'STREAM::NEEDLE::FINISHED::29' }
{ msg: 'STREAM::WRITE::PIPE::ERROR::29' }
{
  msg: 'STREAM::WRITE::PIPE::CLOSED::29',
  stats: 'downloaded_pages: 82 | lost_pages: 5'
}
{ msg: 'STREAM::WRITE::PIPE::DONE::33' }
{ msg: 'STREAM::NEEDLE::FINISHED::33' }
{ msg: 'STREAM::WRITE::PIPE::ERROR::33' }
{ msg: 'STREAM::WRITE::PIPE::DONE::31' }
{ msg: 'STREAM::NEEDLE::FINISHED::31' }
{ msg: 'STREAM::WRITE::PIPE::ERROR::31' }
{
  msg: 'STREAM::WRITE::PIPE::CLOSED::33',
  stats: 'downloaded_pages: 82 | lost_pages: 7'
}
{
  msg: 'STREAM::WRITE::PIPE::CLOSED::31',
  stats: 'downloaded_pages: 82 | lost_pages: 7'
}
{ msg: 'STREAM::WRITE::PIPE::DONE::42' }
{ msg: 'STREAM::NEEDLE::FINISHED::42' }
{ msg: 'STREAM::WRITE::PIPE::ERROR::42' }
{ msg: 'STREAM::WRITE::PIPE::DONE::37' }
{ msg: 'STREAM::NEEDLE::FINISHED::37' }
{ msg: 'STREAM::WRITE::PIPE::ERROR::37' }
{
  msg: 'STREAM::WRITE::PIPE::CLOSED::42',
  stats: 'downloaded_pages: 82 | lost_pages: 9'
}
{
  msg: 'STREAM::WRITE::PIPE::CLOSED::37',
  stats: 'downloaded_pages: 82 | lost_pages: 9'
}
{ msg: 'STREAM::WRITE::PIPE::DONE::47' }
{ msg: 'STREAM::NEEDLE::FINISHED::47' }
{ msg: 'STREAM::WRITE::PIPE::ERROR::47' }
{ msg: 'STREAM::WRITE::PIPE::DONE::45' }
{ msg: 'STREAM::NEEDLE::FINISHED::45' }
{ msg: 'STREAM::WRITE::PIPE::ERROR::45' }
{ msg: 'STREAM::WRITE::PIPE::DONE::43' }
{ msg: 'STREAM::NEEDLE::FINISHED::43' }
{ msg: 'STREAM::WRITE::PIPE::ERROR::43' }
{ msg: 'STREAM::WRITE::PIPE::DONE::50' }
{ msg: 'STREAM::NEEDLE::FINISHED::50' }
{ msg: 'STREAM::WRITE::PIPE::ERROR::50' }
{
  msg: 'STREAM::WRITE::PIPE::CLOSED::47',
  stats: 'downloaded_pages: 82 | lost_pages: 13'
}
{
  msg: 'STREAM::WRITE::PIPE::CLOSED::45',
  stats: 'downloaded_pages: 82 | lost_pages: 13'
}
{
  msg: 'STREAM::WRITE::PIPE::CLOSED::43',
  stats: 'downloaded_pages: 82 | lost_pages: 13'
}
{
  msg: 'STREAM::WRITE::PIPE::CLOSED::50',
  stats: 'downloaded_pages: 82 | lost_pages: 13'
}
{ msg: 'STREAM::WRITE::PIPE::DONE::53' }
{ msg: 'STREAM::NEEDLE::FINISHED::53' }
{ msg: 'STREAM::WRITE::PIPE::ERROR::53' }
{ msg: 'STREAM::WRITE::PIPE::DONE::52' }
{ msg: 'STREAM::NEEDLE::FINISHED::52' }
{ msg: 'STREAM::WRITE::PIPE::ERROR::52' }
{ msg: 'STREAM::WRITE::PIPE::DONE::51' }
{ msg: 'STREAM::NEEDLE::FINISHED::51' }
{ msg: 'STREAM::WRITE::PIPE::ERROR::51' }
{
  msg: 'STREAM::WRITE::PIPE::CLOSED::53',
  stats: 'downloaded_pages: 82 | lost_pages: 16'
}
{
  msg: 'STREAM::WRITE::PIPE::CLOSED::52',
  stats: 'downloaded_pages: 82 | lost_pages: 16'
}
{
  msg: 'STREAM::WRITE::PIPE::CLOSED::51',
  stats: 'downloaded_pages: 82 | lost_pages: 16'
}
{ msg: 'STREAM::WRITE::PIPE::DONE::56' }
{ msg: 'STREAM::NEEDLE::FINISHED::56' }
{ msg: 'STREAM::WRITE::PIPE::ERROR::56' }
{
  msg: 'STREAM::WRITE::PIPE::CLOSED::56',
  stats: 'downloaded_pages: 82 | lost_pages: 17'
}
{ msg: 'STREAM::WRITE::PIPE::DONE::66' }
{ msg: 'STREAM::NEEDLE::FINISHED::66' }
{ msg: 'STREAM::WRITE::PIPE::ERROR::66' }
{ msg: 'STREAM::WRITE::PIPE::DONE::64' }
{ msg: 'STREAM::NEEDLE::FINISHED::64' }
{ msg: 'STREAM::WRITE::PIPE::ERROR::64' }
{ msg: 'STREAM::WRITE::PIPE::DONE::62' }
{ msg: 'STREAM::NEEDLE::FINISHED::62' }
{ msg: 'STREAM::WRITE::PIPE::ERROR::62' }
{ msg: 'STREAM::WRITE::PIPE::DONE::60' }
{ msg: 'STREAM::NEEDLE::FINISHED::60' }
{ msg: 'STREAM::WRITE::PIPE::ERROR::60' }
{ msg: 'STREAM::WRITE::PIPE::DONE::59' }
{ msg: 'STREAM::NEEDLE::FINISHED::59' }
{ msg: 'STREAM::WRITE::PIPE::ERROR::59' }
{ msg: 'STREAM::WRITE::PIPE::DONE::58' }
{ msg: 'STREAM::NEEDLE::FINISHED::58' }
{ msg: 'STREAM::WRITE::PIPE::ERROR::58' }
{ msg: 'STREAM::WRITE::PIPE::DONE::57' }
{ msg: 'STREAM::NEEDLE::FINISHED::57' }
{ msg: 'STREAM::WRITE::PIPE::ERROR::57' }
{
  msg: 'STREAM::WRITE::PIPE::CLOSED::66',
  stats: 'downloaded_pages: 82 | lost_pages: 24'
}
{
  msg: 'STREAM::WRITE::PIPE::CLOSED::64',
  stats: 'downloaded_pages: 82 | lost_pages: 24'
}
{
  msg: 'STREAM::WRITE::PIPE::CLOSED::62',
  stats: 'downloaded_pages: 82 | lost_pages: 24'
}
{
  msg: 'STREAM::WRITE::PIPE::CLOSED::60',
  stats: 'downloaded_pages: 82 | lost_pages: 24'
}
{
  msg: 'STREAM::WRITE::PIPE::CLOSED::59',
  stats: 'downloaded_pages: 82 | lost_pages: 24'
}
{
  msg: 'STREAM::WRITE::PIPE::CLOSED::58',
  stats: 'downloaded_pages: 82 | lost_pages: 24'
}
{
  msg: 'STREAM::WRITE::PIPE::CLOSED::57',
  stats: 'downloaded_pages: 82 | lost_pages: 24'
}
{ msg: 'STREAM::WRITE::PIPE::DONE::71' }
{ msg: 'STREAM::NEEDLE::FINISHED::71' }
{ msg: 'STREAM::WRITE::PIPE::ERROR::71' }
{ msg: 'STREAM::WRITE::PIPE::DONE::70' }
{ msg: 'STREAM::NEEDLE::FINISHED::70' }
{ msg: 'STREAM::WRITE::PIPE::ERROR::70' }
{ msg: 'STREAM::WRITE::PIPE::DONE::68' }
{ msg: 'STREAM::NEEDLE::FINISHED::68' }
{ msg: 'STREAM::WRITE::PIPE::ERROR::68' }
{ msg: 'STREAM::WRITE::PIPE::DONE::67' }
{ msg: 'STREAM::NEEDLE::FINISHED::67' }
{ msg: 'STREAM::WRITE::PIPE::ERROR::67' }
{
  msg: 'STREAM::WRITE::PIPE::CLOSED::71',
  stats: 'downloaded_pages: 82 | lost_pages: 28'
}
{
  msg: 'STREAM::WRITE::PIPE::CLOSED::70',
  stats: 'downloaded_pages: 82 | lost_pages: 28'
}
{
  msg: 'STREAM::WRITE::PIPE::CLOSED::68',
  stats: 'downloaded_pages: 82 | lost_pages: 28'
}
{
  msg: 'STREAM::WRITE::PIPE::CLOSED::67',
  stats: 'downloaded_pages: 82 | lost_pages: 28'
}
{ msg: 'STREAM::WRITE::PIPE::DONE::88' }
{ msg: 'STREAM::NEEDLE::FINISHED::88' }
{ msg: 'STREAM::WRITE::PIPE::ERROR::88' }
{ msg: 'STREAM::WRITE::PIPE::DONE::83' }
{ msg: 'STREAM::NEEDLE::FINISHED::83' }
{ msg: 'STREAM::WRITE::PIPE::ERROR::83' }
{ msg: 'STREAM::WRITE::PIPE::DONE::81' }
{ msg: 'STREAM::NEEDLE::FINISHED::81' }
{ msg: 'STREAM::WRITE::PIPE::ERROR::81' }
{ msg: 'STREAM::WRITE::PIPE::DONE::78' }
{ msg: 'STREAM::NEEDLE::FINISHED::78' }
{ msg: 'STREAM::WRITE::PIPE::ERROR::78' }
{ msg: 'STREAM::WRITE::PIPE::DONE::77' }
{ msg: 'STREAM::NEEDLE::FINISHED::77' }
{ msg: 'STREAM::WRITE::PIPE::ERROR::77' }
{ msg: 'STREAM::WRITE::PIPE::DONE::76' }
{ msg: 'STREAM::NEEDLE::FINISHED::76' }
{ msg: 'STREAM::WRITE::PIPE::ERROR::76' }
{ msg: 'STREAM::WRITE::PIPE::DONE::75' }
{ msg: 'STREAM::NEEDLE::FINISHED::75' }
{ msg: 'STREAM::WRITE::PIPE::ERROR::75' }
{
  msg: 'STREAM::WRITE::PIPE::CLOSED::88',
  stats: 'downloaded_pages: 82 | lost_pages: 35'
}
{
  msg: 'STREAM::WRITE::PIPE::CLOSED::83',
  stats: 'downloaded_pages: 82 | lost_pages: 35'
}
{
  msg: 'STREAM::WRITE::PIPE::CLOSED::81',
  stats: 'downloaded_pages: 82 | lost_pages: 35'
}
{
  msg: 'STREAM::WRITE::PIPE::CLOSED::78',
  stats: 'downloaded_pages: 82 | lost_pages: 35'
}
{
  msg: 'STREAM::WRITE::PIPE::CLOSED::77',
  stats: 'downloaded_pages: 82 | lost_pages: 35'
}
{
  msg: 'STREAM::WRITE::PIPE::CLOSED::76',
  stats: 'downloaded_pages: 82 | lost_pages: 35'
}
{
  msg: 'STREAM::WRITE::PIPE::CLOSED::75',
  stats: 'downloaded_pages: 82 | lost_pages: 35'
}
{ msg: 'STREAM::WRITE::PIPE::DONE::103' }
{ msg: 'STREAM::NEEDLE::FINISHED::103' }
{ msg: 'STREAM::WRITE::PIPE::ERROR::103' }
{ msg: 'STREAM::WRITE::PIPE::DONE::102' }
{ msg: 'STREAM::NEEDLE::FINISHED::102' }
{ msg: 'STREAM::WRITE::PIPE::ERROR::102' }
{ msg: 'STREAM::WRITE::PIPE::DONE::101' }
{ msg: 'STREAM::NEEDLE::FINISHED::101' }
{ msg: 'STREAM::WRITE::PIPE::ERROR::101' }
{ msg: 'STREAM::WRITE::PIPE::DONE::100' }
{ msg: 'STREAM::NEEDLE::FINISHED::100' }
{ msg: 'STREAM::WRITE::PIPE::ERROR::100' }
{ msg: 'STREAM::WRITE::PIPE::DONE::99' }
{ msg: 'STREAM::NEEDLE::FINISHED::99' }
{ msg: 'STREAM::WRITE::PIPE::ERROR::99' }
{ msg: 'STREAM::WRITE::PIPE::DONE::98' }
{ msg: 'STREAM::NEEDLE::FINISHED::98' }
{ msg: 'STREAM::WRITE::PIPE::ERROR::98' }
{ msg: 'STREAM::WRITE::PIPE::DONE::97' }
{ msg: 'STREAM::NEEDLE::FINISHED::97' }
{ msg: 'STREAM::WRITE::PIPE::ERROR::97' }
{ msg: 'STREAM::WRITE::PIPE::DONE::96' }
{ msg: 'STREAM::NEEDLE::FINISHED::96' }
{ msg: 'STREAM::WRITE::PIPE::ERROR::96' }
{ msg: 'STREAM::WRITE::PIPE::DONE::95' }
{ msg: 'STREAM::NEEDLE::FINISHED::95' }
{ msg: 'STREAM::WRITE::PIPE::ERROR::95' }
{ msg: 'STREAM::WRITE::PIPE::DONE::94' }
{ msg: 'STREAM::NEEDLE::FINISHED::94' }
{ msg: 'STREAM::WRITE::PIPE::ERROR::94' }
{ msg: 'STREAM::WRITE::PIPE::DONE::92' }
{ msg: 'STREAM::NEEDLE::FINISHED::92' }
{ msg: 'STREAM::WRITE::PIPE::ERROR::92' }
{ msg: 'STREAM::WRITE::PIPE::DONE::90' }
{ msg: 'STREAM::NEEDLE::FINISHED::90' }
{ msg: 'STREAM::WRITE::PIPE::ERROR::90' }
{ msg: 'STREAM::WRITE::PIPE::DONE::89' }
{ msg: 'STREAM::NEEDLE::FINISHED::89' }
{ msg: 'STREAM::WRITE::PIPE::ERROR::89' }
{
  msg: 'STREAM::WRITE::PIPE::CLOSED::103',
  stats: 'downloaded_pages: 82 | lost_pages: 48'
}
{
  msg: 'STREAM::WRITE::PIPE::CLOSED::102',
  stats: 'downloaded_pages: 82 | lost_pages: 48'
}
{
  msg: 'STREAM::WRITE::PIPE::CLOSED::101',
  stats: 'downloaded_pages: 82 | lost_pages: 48'
}
{
  msg: 'STREAM::WRITE::PIPE::CLOSED::100',
  stats: 'downloaded_pages: 82 | lost_pages: 48'
}
{
  msg: 'STREAM::WRITE::PIPE::CLOSED::99',
  stats: 'downloaded_pages: 82 | lost_pages: 48'
}
{
  msg: 'STREAM::WRITE::PIPE::CLOSED::98',
  stats: 'downloaded_pages: 82 | lost_pages: 48'
}
{
  msg: 'STREAM::WRITE::PIPE::CLOSED::97',
  stats: 'downloaded_pages: 82 | lost_pages: 48'
}
{
  msg: 'STREAM::WRITE::PIPE::CLOSED::96',
  stats: 'downloaded_pages: 82 | lost_pages: 48'
}
{
  msg: 'STREAM::WRITE::PIPE::CLOSED::95',
  stats: 'downloaded_pages: 82 | lost_pages: 48'
}
{
  msg: 'STREAM::WRITE::PIPE::CLOSED::94',
  stats: 'downloaded_pages: 82 | lost_pages: 48'
}
{
  msg: 'STREAM::WRITE::PIPE::CLOSED::92',
  stats: 'downloaded_pages: 82 | lost_pages: 48'
}
{
  msg: 'STREAM::WRITE::PIPE::CLOSED::90',
  stats: 'downloaded_pages: 82 | lost_pages: 48'
}
{
  msg: 'STREAM::WRITE::PIPE::CLOSED::89',
  stats: 'downloaded_pages: 82 | lost_pages: 48'
}
{ msg: 'STREAM::WRITE::PIPE::DONE::122' }
{ msg: 'STREAM::NEEDLE::FINISHED::122' }
{ msg: 'STREAM::WRITE::PIPE::ERROR::122' }
{ msg: 'STREAM::WRITE::PIPE::DONE::121' }
{ msg: 'STREAM::NEEDLE::FINISHED::121' }
{ msg: 'STREAM::WRITE::PIPE::ERROR::121' }
{ msg: 'STREAM::WRITE::PIPE::DONE::118' }
{ msg: 'STREAM::NEEDLE::FINISHED::118' }
{ msg: 'STREAM::WRITE::PIPE::ERROR::118' }
{ msg: 'STREAM::WRITE::PIPE::DONE::117' }
{ msg: 'STREAM::NEEDLE::FINISHED::117' }
{ msg: 'STREAM::WRITE::PIPE::ERROR::117' }
{ msg: 'STREAM::WRITE::PIPE::DONE::116' }
{ msg: 'STREAM::NEEDLE::FINISHED::116' }
{ msg: 'STREAM::WRITE::PIPE::ERROR::116' }
{ msg: 'STREAM::WRITE::PIPE::DONE::115' }
{ msg: 'STREAM::NEEDLE::FINISHED::115' }
{ msg: 'STREAM::WRITE::PIPE::ERROR::115' }
{ msg: 'STREAM::WRITE::PIPE::DONE::114' }
{ msg: 'STREAM::NEEDLE::FINISHED::114' }
{ msg: 'STREAM::WRITE::PIPE::ERROR::114' }
{ msg: 'STREAM::WRITE::PIPE::DONE::113' }
{ msg: 'STREAM::NEEDLE::FINISHED::113' }
{ msg: 'STREAM::WRITE::PIPE::ERROR::113' }
{ msg: 'STREAM::WRITE::PIPE::DONE::111' }
{ msg: 'STREAM::NEEDLE::FINISHED::111' }
{ msg: 'STREAM::WRITE::PIPE::ERROR::111' }
{ msg: 'STREAM::WRITE::PIPE::DONE::108' }
{ msg: 'STREAM::NEEDLE::FINISHED::108' }
{ msg: 'STREAM::WRITE::PIPE::ERROR::108' }
{ msg: 'STREAM::WRITE::PIPE::DONE::107' }
{ msg: 'STREAM::NEEDLE::FINISHED::107' }
{ msg: 'STREAM::WRITE::PIPE::ERROR::107' }
{ msg: 'STREAM::WRITE::PIPE::DONE::106' }
{ msg: 'STREAM::NEEDLE::FINISHED::106' }
{ msg: 'STREAM::WRITE::PIPE::ERROR::106' }
{ msg: 'STREAM::WRITE::PIPE::DONE::105' }
{ msg: 'STREAM::NEEDLE::FINISHED::105' }
{ msg: 'STREAM::WRITE::PIPE::ERROR::105' }
{
  msg: 'STREAM::WRITE::PIPE::CLOSED::122',
  stats: 'downloaded_pages: 82 | lost_pages: 61'
}
{
  msg: 'STREAM::WRITE::PIPE::CLOSED::121',
  stats: 'downloaded_pages: 82 | lost_pages: 61'
}
{
  msg: 'STREAM::WRITE::PIPE::CLOSED::118',
  stats: 'downloaded_pages: 82 | lost_pages: 61'
}
{
  msg: 'STREAM::WRITE::PIPE::CLOSED::117',
  stats: 'downloaded_pages: 82 | lost_pages: 61'
}
{
  msg: 'STREAM::WRITE::PIPE::CLOSED::116',
  stats: 'downloaded_pages: 82 | lost_pages: 61'
}
{
  msg: 'STREAM::WRITE::PIPE::CLOSED::115',
  stats: 'downloaded_pages: 82 | lost_pages: 61'
}
{
  msg: 'STREAM::WRITE::PIPE::CLOSED::114',
  stats: 'downloaded_pages: 82 | lost_pages: 61'
}
{
  msg: 'STREAM::WRITE::PIPE::CLOSED::113',
  stats: 'downloaded_pages: 82 | lost_pages: 61'
}
{
  msg: 'STREAM::WRITE::PIPE::CLOSED::111',
  stats: 'downloaded_pages: 82 | lost_pages: 61'
}
{
  msg: 'STREAM::WRITE::PIPE::CLOSED::108',
  stats: 'downloaded_pages: 82 | lost_pages: 61'
}
{
  msg: 'STREAM::WRITE::PIPE::CLOSED::107',
  stats: 'downloaded_pages: 82 | lost_pages: 61'
}
{
  msg: 'STREAM::WRITE::PIPE::CLOSED::106',
  stats: 'downloaded_pages: 82 | lost_pages: 61'
}
{
  msg: 'STREAM::WRITE::PIPE::CLOSED::105',
  stats: 'downloaded_pages: 82 | lost_pages: 61'
}
{ msg: 'STREAM::WRITE::PIPE::DONE::147' }
{ msg: 'STREAM::NEEDLE::FINISHED::147' }
{ msg: 'STREAM::WRITE::PIPE::ERROR::147' }
{ msg: 'STREAM::WRITE::PIPE::DONE::146' }
{ msg: 'STREAM::NEEDLE::FINISHED::146' }
{ msg: 'STREAM::WRITE::PIPE::ERROR::146' }
{ msg: 'STREAM::WRITE::PIPE::DONE::143' }
{ msg: 'STREAM::NEEDLE::FINISHED::143' }
{ msg: 'STREAM::WRITE::PIPE::ERROR::143' }
{ msg: 'STREAM::WRITE::PIPE::DONE::142' }
{ msg: 'STREAM::NEEDLE::FINISHED::142' }
{ msg: 'STREAM::WRITE::PIPE::ERROR::142' }
{ msg: 'STREAM::WRITE::PIPE::DONE::139' }
{ msg: 'STREAM::NEEDLE::FINISHED::139' }
{ msg: 'STREAM::WRITE::PIPE::ERROR::139' }
{ msg: 'STREAM::WRITE::PIPE::DONE::138' }
{ msg: 'STREAM::NEEDLE::FINISHED::138' }
{ msg: 'STREAM::WRITE::PIPE::ERROR::138' }
{ msg: 'STREAM::WRITE::PIPE::DONE::136' }
{ msg: 'STREAM::NEEDLE::FINISHED::136' }
{ msg: 'STREAM::WRITE::PIPE::ERROR::136' }
{ msg: 'STREAM::WRITE::PIPE::DONE::135' }
{ msg: 'STREAM::NEEDLE::FINISHED::135' }
{ msg: 'STREAM::WRITE::PIPE::ERROR::135' }
{ msg: 'STREAM::WRITE::PIPE::DONE::134' }
{ msg: 'STREAM::NEEDLE::FINISHED::134' }
{ msg: 'STREAM::WRITE::PIPE::ERROR::134' }
{ msg: 'STREAM::WRITE::PIPE::DONE::132' }
{ msg: 'STREAM::NEEDLE::FINISHED::132' }
{ msg: 'STREAM::WRITE::PIPE::ERROR::132' }
{ msg: 'STREAM::WRITE::PIPE::DONE::130' }
{ msg: 'STREAM::NEEDLE::FINISHED::130' }
{ msg: 'STREAM::WRITE::PIPE::ERROR::130' }
{ msg: 'STREAM::WRITE::PIPE::DONE::128' }
{ msg: 'STREAM::NEEDLE::FINISHED::128' }
{ msg: 'STREAM::WRITE::PIPE::ERROR::128' }
{ msg: 'STREAM::WRITE::PIPE::DONE::126' }
{ msg: 'STREAM::NEEDLE::FINISHED::126' }
{ msg: 'STREAM::WRITE::PIPE::ERROR::126' }
{ msg: 'STREAM::WRITE::PIPE::DONE::125' }
{ msg: 'STREAM::NEEDLE::FINISHED::125' }
{ msg: 'STREAM::WRITE::PIPE::ERROR::125' }
{ msg: 'STREAM::WRITE::PIPE::DONE::123' }
{ msg: 'STREAM::NEEDLE::FINISHED::123' }
{ msg: 'STREAM::WRITE::PIPE::ERROR::123' }
{
  msg: 'STREAM::WRITE::PIPE::CLOSED::147',
  stats: 'downloaded_pages: 82 | lost_pages: 76'
}
{
  msg: 'STREAM::WRITE::PIPE::CLOSED::146',
  stats: 'downloaded_pages: 82 | lost_pages: 76'
}
{
  msg: 'STREAM::WRITE::PIPE::CLOSED::143',
  stats: 'downloaded_pages: 82 | lost_pages: 76'
}
{
  msg: 'STREAM::WRITE::PIPE::CLOSED::142',
  stats: 'downloaded_pages: 82 | lost_pages: 76'
}
{
  msg: 'STREAM::WRITE::PIPE::CLOSED::139',
  stats: 'downloaded_pages: 82 | lost_pages: 76'
}
{
  msg: 'STREAM::WRITE::PIPE::CLOSED::138',
  stats: 'downloaded_pages: 82 | lost_pages: 76'
}
{
  msg: 'STREAM::WRITE::PIPE::CLOSED::136',
  stats: 'downloaded_pages: 82 | lost_pages: 76'
}
{
  msg: 'STREAM::WRITE::PIPE::CLOSED::135',
  stats: 'downloaded_pages: 82 | lost_pages: 76'
}
{
  msg: 'STREAM::WRITE::PIPE::CLOSED::134',
  stats: 'downloaded_pages: 82 | lost_pages: 76'
}
{
  msg: 'STREAM::WRITE::PIPE::CLOSED::132',
  stats: 'downloaded_pages: 82 | lost_pages: 76'
}
{
  msg: 'STREAM::WRITE::PIPE::CLOSED::130',
  stats: 'downloaded_pages: 82 | lost_pages: 76'
}
{
  msg: 'STREAM::WRITE::PIPE::CLOSED::128',
  stats: 'downloaded_pages: 82 | lost_pages: 76'
}
{
  msg: 'STREAM::WRITE::PIPE::CLOSED::126',
  stats: 'downloaded_pages: 82 | lost_pages: 76'
}
{
  msg: 'STREAM::WRITE::PIPE::CLOSED::125',
  stats: 'downloaded_pages: 82 | lost_pages: 76'
}
{
  msg: 'STREAM::WRITE::PIPE::CLOSED::123',
  stats: 'downloaded_pages: 82 | lost_pages: 76'
}
{ msg: 'STREAM::WRITE::PIPE::DONE::176' }
{ msg: 'STREAM::NEEDLE::FINISHED::176' }
{ msg: 'STREAM::WRITE::PIPE::ERROR::176' }
{ msg: 'STREAM::WRITE::PIPE::DONE::175' }
{ msg: 'STREAM::NEEDLE::FINISHED::175' }
{ msg: 'STREAM::WRITE::PIPE::ERROR::175' }
{ msg: 'STREAM::WRITE::PIPE::DONE::174' }
{ msg: 'STREAM::NEEDLE::FINISHED::174' }
{ msg: 'STREAM::WRITE::PIPE::ERROR::174' }
{ msg: 'STREAM::WRITE::PIPE::DONE::173' }
{ msg: 'STREAM::NEEDLE::FINISHED::173' }
{ msg: 'STREAM::WRITE::PIPE::ERROR::173' }
{ msg: 'STREAM::WRITE::PIPE::DONE::172' }
{ msg: 'STREAM::NEEDLE::FINISHED::172' }
{ msg: 'STREAM::WRITE::PIPE::ERROR::172' }
{ msg: 'STREAM::WRITE::PIPE::DONE::171' }
{ msg: 'STREAM::NEEDLE::FINISHED::171' }
{ msg: 'STREAM::WRITE::PIPE::ERROR::171' }
{ msg: 'STREAM::WRITE::PIPE::DONE::169' }
{ msg: 'STREAM::NEEDLE::FINISHED::169' }
{ msg: 'STREAM::WRITE::PIPE::ERROR::169' }
{ msg: 'STREAM::WRITE::PIPE::DONE::164' }
{ msg: 'STREAM::NEEDLE::FINISHED::164' }
{ msg: 'STREAM::WRITE::PIPE::ERROR::164' }
{ msg: 'STREAM::WRITE::PIPE::DONE::162' }
{ msg: 'STREAM::NEEDLE::FINISHED::162' }
{ msg: 'STREAM::WRITE::PIPE::ERROR::162' }
{ msg: 'STREAM::WRITE::PIPE::DONE::161' }
{ msg: 'STREAM::NEEDLE::FINISHED::161' }
{ msg: 'STREAM::WRITE::PIPE::ERROR::161' }
{ msg: 'STREAM::WRITE::PIPE::DONE::159' }
{ msg: 'STREAM::NEEDLE::FINISHED::159' }
{ msg: 'STREAM::WRITE::PIPE::ERROR::159' }
{ msg: 'STREAM::WRITE::PIPE::DONE::157' }
{ msg: 'STREAM::NEEDLE::FINISHED::157' }
{ msg: 'STREAM::WRITE::PIPE::ERROR::157' }
{ msg: 'STREAM::WRITE::PIPE::DONE::156' }
{ msg: 'STREAM::NEEDLE::FINISHED::156' }
{ msg: 'STREAM::WRITE::PIPE::ERROR::156' }
{ msg: 'STREAM::WRITE::PIPE::DONE::155' }
{ msg: 'STREAM::NEEDLE::FINISHED::155' }
{ msg: 'STREAM::WRITE::PIPE::ERROR::155' }
{ msg: 'STREAM::WRITE::PIPE::DONE::154' }
{ msg: 'STREAM::NEEDLE::FINISHED::154' }
{ msg: 'STREAM::WRITE::PIPE::ERROR::154' }
{ msg: 'STREAM::WRITE::PIPE::DONE::153' }
{ msg: 'STREAM::NEEDLE::FINISHED::153' }
{ msg: 'STREAM::WRITE::PIPE::ERROR::153' }
{ msg: 'STREAM::WRITE::PIPE::DONE::152' }
{ msg: 'STREAM::NEEDLE::FINISHED::152' }
{ msg: 'STREAM::WRITE::PIPE::ERROR::152' }
{ msg: 'STREAM::WRITE::PIPE::DONE::150' }
{ msg: 'STREAM::NEEDLE::FINISHED::150' }
{ msg: 'STREAM::WRITE::PIPE::ERROR::150' }
{ msg: 'STREAM::WRITE::PIPE::DONE::149' }
{ msg: 'STREAM::NEEDLE::FINISHED::149' }
{ msg: 'STREAM::WRITE::PIPE::ERROR::149' }
{
  msg: 'STREAM::WRITE::PIPE::CLOSED::176',
  stats: 'downloaded_pages: 82 | lost_pages: 95'
}
{
  msg: 'STREAM::WRITE::PIPE::CLOSED::175',
  stats: 'downloaded_pages: 82 | lost_pages: 95'
}
{
  msg: 'STREAM::WRITE::PIPE::CLOSED::174',
  stats: 'downloaded_pages: 82 | lost_pages: 95'
}
{
  msg: 'STREAM::WRITE::PIPE::CLOSED::173',
  stats: 'downloaded_pages: 82 | lost_pages: 95'
}
{
  msg: 'STREAM::WRITE::PIPE::CLOSED::172',
  stats: 'downloaded_pages: 82 | lost_pages: 95'
}
{
  msg: 'STREAM::WRITE::PIPE::CLOSED::171',
  stats: 'downloaded_pages: 82 | lost_pages: 95'
}
{
  msg: 'STREAM::WRITE::PIPE::CLOSED::169',
  stats: 'downloaded_pages: 82 | lost_pages: 95'
}
{
  msg: 'STREAM::WRITE::PIPE::CLOSED::164',
  stats: 'downloaded_pages: 82 | lost_pages: 95'
}
{
  msg: 'STREAM::WRITE::PIPE::CLOSED::162',
  stats: 'downloaded_pages: 82 | lost_pages: 95'
}
{
  msg: 'STREAM::WRITE::PIPE::CLOSED::161',
  stats: 'downloaded_pages: 82 | lost_pages: 95'
}
{
  msg: 'STREAM::WRITE::PIPE::CLOSED::159',
  stats: 'downloaded_pages: 82 | lost_pages: 95'
}
{
  msg: 'STREAM::WRITE::PIPE::CLOSED::157',
  stats: 'downloaded_pages: 82 | lost_pages: 95'
}
{
  msg: 'STREAM::WRITE::PIPE::CLOSED::156',
  stats: 'downloaded_pages: 82 | lost_pages: 95'
}
{
  msg: 'STREAM::WRITE::PIPE::CLOSED::155',
  stats: 'downloaded_pages: 82 | lost_pages: 95'
}
{
  msg: 'STREAM::WRITE::PIPE::CLOSED::154',
  stats: 'downloaded_pages: 82 | lost_pages: 95'
}
{
  msg: 'STREAM::WRITE::PIPE::CLOSED::153',
  stats: 'downloaded_pages: 82 | lost_pages: 95'
}
{
  msg: 'STREAM::WRITE::PIPE::CLOSED::152',
  stats: 'downloaded_pages: 82 | lost_pages: 95'
}
{
  msg: 'STREAM::WRITE::PIPE::CLOSED::150',
  stats: 'downloaded_pages: 82 | lost_pages: 95'
}
{ msg: 'STREAM::WRITE::PIPE::DONE::179' }
{ msg: 'STREAM::NEEDLE::FINISHED::179' }
{ msg: 'STREAM::WRITE::PIPE::ERROR::179' }
{ msg: 'STREAM::WRITE::PIPE::DONE::178' }
{ msg: 'STREAM::NEEDLE::FINISHED::178' }
{ msg: 'STREAM::WRITE::PIPE::ERROR::178' }
{ msg: 'STREAM::WRITE::PIPE::DONE::177' }
{ msg: 'STREAM::NEEDLE::FINISHED::177' }
{ msg: 'STREAM::WRITE::PIPE::ERROR::177' }
{
  msg: 'STREAM::WRITE::PIPE::CLOSED::149',
  stats: 'downloaded_pages: 82 | lost_pages: 98'
}
downloaded_pages: 82 | lost_pages: 98
----------- Started Download Select Normal Pattern ---------------
{
  msg: 'STREAM::WRITE::PIPE::CLOSED::179',
  stats: 'downloaded_pages: 0 | lost_pages: 0'
}
{
  msg: 'STREAM::WRITE::PIPE::CLOSED::178',
  stats: 'downloaded_pages: 0 | lost_pages: 0'
}
{
  msg: 'STREAM::WRITE::PIPE::CLOSED::177',
  stats: 'downloaded_pages: 0 | lost_pages: 0'
}
{ msg: 'STREAM::WRITE::PIPE::DONE::165' }
{ msg: 'STREAM::NEEDLE::FINISHED::165' }
{ msg: 'STREAM::WRITE::PIPE::ERROR::165' }
{
  msg: 'STREAM::WRITE::PIPE::CLOSED::165',
  stats: 'downloaded_pages: 0 | lost_pages: 1'
}
----------- Started Download Select Normal Pattern ---------------
