----------- Started Download All Normal Pattern ---------------
Folder created OR Already found
{ msg: 'STREAM::WRITE::PIPE::DONE::0' }
{ msg: 'STREAM::WRITE::PIPE::DONE::2' }
{ msg: 'STREAM::WRITE::PIPE::DONE::3' }
{ msg: 'STREAM::WRITE::PIPE::DONE::1' }
{
  msg: 'STREAM::WRITE::PIPE::CLOSED::0',
  downloaded_pages: 4,
  lost_pages: 0,
  total_imgs_num: 319,
  total: false,
  all_download_task: false
}
{
  msg: 'STREAM::WRITE::PIPE::CLOSED::2',
  downloaded_pages: 4,
  lost_pages: 0,
  total_imgs_num: 319,
  total: false,
  all_download_task: false
}
{
  msg: 'STREAM::WRITE::PIPE::CLOSED::3',
  downloaded_pages: 4,
  lost_pages: 0,
  total_imgs_num: 319,
  total: false,
  all_download_task: false
}
{
  msg: 'STREAM::WRITE::PIPE::CLOSED::1',
  downloaded_pages: 4,
  lost_pages: 0,
  total_imgs_num: 319,
  total: false,
  all_download_task: false
}
{ msg: 'STREAM::WRITE::PIPE::DONE::261' }
{
  msg: 'STREAM::WRITE::PIPE::CLOSED::261',
  downloaded_pages: 5,
  lost_pages: 0,
  total_imgs_num: 319,
  total: false,
  all_download_task: false
}
{ msg: 'STREAM::WRITE::PIPE::DONE::21' }
{
  msg: 'STREAM::WRITE::PIPE::CLOSED::21',
  downloaded_pages: 6,
  lost_pages: 0,
  total_imgs_num: 319,
  total: false,
  all_download_task: false
}
{ msg: 'STREAM::WRITE::PIPE::DONE::20' }
{
  msg: 'STREAM::WRITE::PIPE::CLOSED::20',
  downloaded_pages: 7,
  lost_pages: 0,
  total_imgs_num: 319,
  total: false,
  all_download_task: false
}
{ msg: 'STREAM::WRITE::PIPE::DONE::36' }
{
  msg: 'STREAM::WRITE::PIPE::CLOSED::36',
  downloaded_pages: 8,
  lost_pages: 0,
  total_imgs_num: 319,
  total: false,
  all_download_task: false
}
{
  msg: 'STREAM::WRITE::PIPE::ERROR::206',
  err: Error: socket hang up
      at connResetException (internal/errors.js:639:14)
      at TLSSocket.socketCloseListener (_http_client.js:449:25)
      at TLSSocket.emit (events.js:412:35)
      at net.js:686:12
      at TCP.done (_tls_wrap.js:564:7) {
    code: 'ECONNRESET'
  }
}
{
  msg: 'STREAM::WRITE::PIPE::ERROR::216',
  err: Error: socket hang up
      at connResetException (internal/errors.js:639:14)
      at TLSSocket.socketCloseListener (_http_client.js:449:25)
      at TLSSocket.emit (events.js:412:35)
      at net.js:686:12
      at TCP.done (_tls_wrap.js:564:7) {
    code: 'ECONNRESET'
  }
}
{
  msg: 'STREAM::WRITE::PIPE::ERROR::288',
  err: Error: socket hang up
      at connResetException (internal/errors.js:639:14)
      at TLSSocket.socketCloseListener (_http_client.js:449:25)
      at TLSSocket.emit (events.js:412:35)
      at net.js:686:12
      at TCP.done (_tls_wrap.js:564:7) {
    code: 'ECONNRESET'
  }
}
{
  msg: 'STREAM::WRITE::PIPE::ERROR::295',
  err: Error: socket hang up
      at connResetException (internal/errors.js:639:14)
      at TLSSocket.socketCloseListener (_http_client.js:449:25)
      at TLSSocket.emit (events.js:412:35)
      at net.js:686:12
      at TCP.done (_tls_wrap.js:564:7) {
    code: 'ECONNRESET'
  }
}
{ msg: 'STREAM::WRITE::PIPE::DONE::265' }
{
  msg: 'STREAM::WRITE::PIPE::CLOSED::265',
  downloaded_pages: 9,
  lost_pages: 4,
  total_imgs_num: 319,
  total: false,
  all_download_task: false
}
{ msg: 'STREAM::WRITE::PIPE::DONE::291' }
{
  msg: 'STREAM::WRITE::PIPE::CLOSED::291',
  downloaded_pages: 10,
  lost_pages: 4,
  total_imgs_num: 319,
  total: false,
  all_download_task: false
}
{ msg: 'STREAM::WRITE::PIPE::DONE::49' }
{
  msg: 'STREAM::WRITE::PIPE::CLOSED::49',
  downloaded_pages: 11,
  lost_pages: 4,
  total_imgs_num: 319,
  total: false,
  all_download_task: false
}
{ msg: 'STREAM::WRITE::PIPE::DONE::18' }
{
  msg: 'STREAM::WRITE::PIPE::CLOSED::18',
  downloaded_pages: 12,
  lost_pages: 4,
  total_imgs_num: 319,
  total: false,
  all_download_task: false
}
{ msg: 'STREAM::WRITE::PIPE::DONE::162' }
{
  msg: 'STREAM::WRITE::PIPE::CLOSED::162',
  downloaded_pages: 13,
  lost_pages: 4,
  total_imgs_num: 319,
  total: false,
  all_download_task: false
}
{ msg: 'STREAM::WRITE::PIPE::DONE::218' }
{
  msg: 'STREAM::WRITE::PIPE::CLOSED::218',
  downloaded_pages: 14,
  lost_pages: 4,
  total_imgs_num: 319,
  total: false,
  all_download_task: false
}
{ msg: 'STREAM::WRITE::PIPE::DONE::50' }
{
  msg: 'STREAM::WRITE::PIPE::CLOSED::50',
  downloaded_pages: 15,
  lost_pages: 4,
  total_imgs_num: 319,
  total: false,
  all_download_task: false
}
{ msg: 'STREAM::WRITE::PIPE::DONE::286' }
{
  msg: 'STREAM::WRITE::PIPE::CLOSED::286',
  downloaded_pages: 16,
  lost_pages: 4,
  total_imgs_num: 319,
  total: false,
  all_download_task: false
}
{ msg: 'STREAM::WRITE::PIPE::DONE::165' }
{
  msg: 'STREAM::WRITE::PIPE::CLOSED::165',
  downloaded_pages: 17,
  lost_pages: 4,
  total_imgs_num: 319,
  total: false,
  all_download_task: false
}
{ msg: 'STREAM::WRITE::PIPE::DONE::37' }
{
  msg: 'STREAM::WRITE::PIPE::CLOSED::37',
  downloaded_pages: 18,
  lost_pages: 4,
  total_imgs_num: 319,
  total: false,
  all_download_task: false
}
{ msg: 'STREAM::WRITE::PIPE::DONE::19' }
{
  msg: 'STREAM::WRITE::PIPE::CLOSED::19',
  downloaded_pages: 19,
  lost_pages: 4,
  total_imgs_num: 319,
  total: false,
  all_download_task: false
}
{ msg: 'STREAM::WRITE::PIPE::DONE::266' }
{
  msg: 'STREAM::WRITE::PIPE::CLOSED::266',
  downloaded_pages: 20,
  lost_pages: 4,
  total_imgs_num: 319,
  total: false,
  all_download_task: false
}
{ msg: 'STREAM::WRITE::PIPE::DONE::248' }
{
  msg: 'STREAM::WRITE::PIPE::CLOSED::248',
  downloaded_pages: 21,
  lost_pages: 4,
  total_imgs_num: 319,
  total: false,
  all_download_task: false
}
{
  msg: 'STREAM::WRITE::PIPE::ERROR::139',
  err: Error: socket hang up
      at connResetException (internal/errors.js:639:14)
      at TLSSocket.socketOnEnd (_http_client.js:499:23)
      at TLSSocket.emit (events.js:412:35)
      at endReadableNT (internal/streams/readable.js:1334:12)
      at processTicksAndRejections (internal/process/task_queues.js:82:21) {
    code: 'ECONNRESET'
  }
}
{ msg: 'STREAM::WRITE::PIPE::DONE::46' }
{
  msg: 'STREAM::WRITE::PIPE::CLOSED::46',
  downloaded_pages: 22,
  lost_pages: 5,
  total_imgs_num: 319,
  total: false,
  all_download_task: false
}
{
  msg: 'STREAM::WRITE::PIPE::ERROR::109',
  err: Error: socket hang up
      at connResetException (internal/errors.js:639:14)
      at TLSSocket.socketOnEnd (_http_client.js:499:23)
      at TLSSocket.emit (events.js:412:35)
      at endReadableNT (internal/streams/readable.js:1334:12)
      at processTicksAndRejections (internal/process/task_queues.js:82:21) {
    code: 'ECONNRESET'
  }
}
{ msg: 'STREAM::WRITE::PIPE::DONE::179' }
{
  msg: 'STREAM::WRITE::PIPE::CLOSED::179',
  downloaded_pages: 23,
  lost_pages: 6,
  total_imgs_num: 319,
  total: false,
  all_download_task: false
}
{ msg: 'STREAM::WRITE::PIPE::DONE::16' }
{
  msg: 'STREAM::WRITE::PIPE::CLOSED::16',
  downloaded_pages: 24,
  lost_pages: 6,
  total_imgs_num: 319,
  total: false,
  all_download_task: false
}
{ msg: 'STREAM::WRITE::PIPE::DONE::289' }
{
  msg: 'STREAM::WRITE::PIPE::CLOSED::289',
  downloaded_pages: 25,
  lost_pages: 6,
  total_imgs_num: 319,
  total: false,
  all_download_task: false
}
{
  msg: 'STREAM::WRITE::PIPE::ERROR::114',
  err: Error: socket hang up
      at connResetException (internal/errors.js:639:14)
      at TLSSocket.socketOnEnd (_http_client.js:499:23)
      at TLSSocket.emit (events.js:412:35)
      at endReadableNT (internal/streams/readable.js:1334:12)
      at processTicksAndRejections (internal/process/task_queues.js:82:21) {
    code: 'ECONNRESET'
  }
}
{
  msg: 'STREAM::WRITE::PIPE::ERROR::138',
  err: Error: socket hang up
      at connResetException (internal/errors.js:639:14)
      at TLSSocket.socketOnEnd (_http_client.js:499:23)
      at TLSSocket.emit (events.js:412:35)
      at endReadableNT (internal/streams/readable.js:1334:12)
      at processTicksAndRejections (internal/process/task_queues.js:82:21) {
    code: 'ECONNRESET'
  }
}
{
  msg: 'STREAM::WRITE::PIPE::ERROR::188',
  err: Error: socket hang up
      at connResetException (internal/errors.js:639:14)
      at TLSSocket.socketOnEnd (_http_client.js:499:23)
      at TLSSocket.emit (events.js:412:35)
      at endReadableNT (internal/streams/readable.js:1334:12)
      at processTicksAndRejections (internal/process/task_queues.js:82:21) {
    code: 'ECONNRESET'
  }
}
{
  msg: 'STREAM::WRITE::PIPE::ERROR::135',
  err: Error: socket hang up
      at connResetException (internal/errors.js:639:14)
      at TLSSocket.socketOnEnd (_http_client.js:499:23)
      at TLSSocket.emit (events.js:412:35)
      at endReadableNT (internal/streams/readable.js:1334:12)
      at processTicksAndRejections (internal/process/task_queues.js:82:21) {
    code: 'ECONNRESET'
  }
}
{
  msg: 'STREAM::WRITE::PIPE::ERROR::281',
  err: Error: socket hang up
      at connResetException (internal/errors.js:639:14)
      at TLSSocket.socketOnEnd (_http_client.js:499:23)
      at TLSSocket.emit (events.js:412:35)
      at endReadableNT (internal/streams/readable.js:1334:12)
      at processTicksAndRejections (internal/process/task_queues.js:82:21) {
    code: 'ECONNRESET'
  }
}
{
  msg: 'STREAM::WRITE::PIPE::ERROR::176',
  err: Error: socket hang up
      at connResetException (internal/errors.js:639:14)
      at TLSSocket.socketOnEnd (_http_client.js:499:23)
      at TLSSocket.emit (events.js:412:35)
      at endReadableNT (internal/streams/readable.js:1334:12)
      at processTicksAndRejections (internal/process/task_queues.js:82:21) {
    code: 'ECONNRESET'
  }
}
{ msg: 'STREAM::WRITE::PIPE::DONE::226' }
{
  msg: 'STREAM::WRITE::PIPE::CLOSED::226',
  downloaded_pages: 26,
  lost_pages: 12,
  total_imgs_num: 319,
  total: false,
  all_download_task: false
}
{
  msg: 'STREAM::WRITE::PIPE::ERROR::310',
  err: Error: socket hang up
      at connResetException (internal/errors.js:639:14)
      at TLSSocket.socketOnEnd (_http_client.js:499:23)
      at TLSSocket.emit (events.js:412:35)
      at endReadableNT (internal/streams/readable.js:1334:12)
      at processTicksAndRejections (internal/process/task_queues.js:82:21) {
    code: 'ECONNRESET'
  }
}
{
  msg: 'STREAM::WRITE::PIPE::ERROR::84',
  err: Error: socket hang up
      at connResetException (internal/errors.js:639:14)
      at TLSSocket.socketOnEnd (_http_client.js:499:23)
      at TLSSocket.emit (events.js:412:35)
      at endReadableNT (internal/streams/readable.js:1334:12)
      at processTicksAndRejections (internal/process/task_queues.js:82:21) {
    code: 'ECONNRESET'
  }
}
{ msg: 'STREAM::WRITE::PIPE::DONE::7' }
{
  msg: 'STREAM::WRITE::PIPE::CLOSED::7',
  downloaded_pages: 27,
  lost_pages: 14,
  total_imgs_num: 319,
  total: false,
  all_download_task: false
}
{ msg: 'STREAM::WRITE::PIPE::DONE::225' }
{
  msg: 'STREAM::WRITE::PIPE::CLOSED::225',
  downloaded_pages: 28,
  lost_pages: 14,
  total_imgs_num: 319,
  total: false,
  all_download_task: false
}
{ msg: 'STREAM::WRITE::PIPE::DONE::201' }
{
  msg: 'STREAM::WRITE::PIPE::CLOSED::201',
  downloaded_pages: 29,
  lost_pages: 14,
  total_imgs_num: 319,
  total: false,
  all_download_task: false
}
{
  msg: 'STREAM::WRITE::PIPE::ERROR::296',
  err: Error: socket hang up
      at connResetException (internal/errors.js:639:14)
      at TLSSocket.socketOnEnd (_http_client.js:499:23)
      at TLSSocket.emit (events.js:412:35)
      at endReadableNT (internal/streams/readable.js:1334:12)
      at processTicksAndRejections (internal/process/task_queues.js:82:21) {
    code: 'ECONNRESET'
  }
}
{ msg: 'STREAM::WRITE::PIPE::DONE::69' }
{
  msg: 'STREAM::WRITE::PIPE::CLOSED::69',
  downloaded_pages: 30,
  lost_pages: 15,
  total_imgs_num: 319,
  total: false,
  all_download_task: false
}
{ msg: 'STREAM::WRITE::PIPE::DONE::5' }
{
  msg: 'STREAM::WRITE::PIPE::CLOSED::5',
  downloaded_pages: 31,
  lost_pages: 15,
  total_imgs_num: 319,
  total: false,
  all_download_task: false
}
{
  msg: 'STREAM::WRITE::PIPE::ERROR::306',
  err: Error: socket hang up
      at connResetException (internal/errors.js:639:14)
      at TLSSocket.socketOnEnd (_http_client.js:499:23)
      at TLSSocket.emit (events.js:412:35)
      at endReadableNT (internal/streams/readable.js:1334:12)
      at processTicksAndRejections (internal/process/task_queues.js:82:21) {
    code: 'ECONNRESET'
  }
}
{ msg: 'STREAM::WRITE::PIPE::DONE::51' }
{
  msg: 'STREAM::WRITE::PIPE::CLOSED::51',
  downloaded_pages: 32,
  lost_pages: 16,
  total_imgs_num: 319,
  total: false,
  all_download_task: false
}
{ msg: 'STREAM::WRITE::PIPE::DONE::34' }
{
  msg: 'STREAM::WRITE::PIPE::CLOSED::34',
  downloaded_pages: 33,
  lost_pages: 16,
  total_imgs_num: 319,
  total: false,
  all_download_task: false
}
{ msg: 'STREAM::WRITE::PIPE::DONE::210' }
{
  msg: 'STREAM::WRITE::PIPE::CLOSED::210',
  downloaded_pages: 34,
  lost_pages: 16,
  total_imgs_num: 319,
  total: false,
  all_download_task: false
}
{ msg: 'STREAM::WRITE::PIPE::DONE::80' }
{
  msg: 'STREAM::WRITE::PIPE::CLOSED::80',
  downloaded_pages: 35,
  lost_pages: 16,
  total_imgs_num: 319,
  total: false,
  all_download_task: false
}
{ msg: 'STREAM::WRITE::PIPE::DONE::108' }
{
  msg: 'STREAM::WRITE::PIPE::CLOSED::108',
  downloaded_pages: 36,
  lost_pages: 16,
  total_imgs_num: 319,
  total: false,
  all_download_task: false
}
{ msg: 'STREAM::WRITE::PIPE::DONE::77' }
{
  msg: 'STREAM::WRITE::PIPE::CLOSED::77',
  downloaded_pages: 37,
  lost_pages: 16,
  total_imgs_num: 319,
  total: false,
  all_download_task: false
}
{ msg: 'STREAM::WRITE::PIPE::DONE::91' }
{
  msg: 'STREAM::WRITE::PIPE::CLOSED::91',
  downloaded_pages: 38,
  lost_pages: 16,
  total_imgs_num: 319,
  total: false,
  all_download_task: false
}
{ msg: 'STREAM::WRITE::PIPE::DONE::239' }
{
  msg: 'STREAM::WRITE::PIPE::CLOSED::239',
  downloaded_pages: 39,
  lost_pages: 16,
  total_imgs_num: 319,
  total: false,
  all_download_task: false
}
{
  msg: 'STREAM::WRITE::PIPE::ERROR::227',
  err: Error: socket hang up
      at connResetException (internal/errors.js:639:14)
      at TLSSocket.socketOnEnd (_http_client.js:499:23)
      at TLSSocket.emit (events.js:412:35)
      at endReadableNT (internal/streams/readable.js:1334:12)
      at processTicksAndRejections (internal/process/task_queues.js:82:21) {
    code: 'ECONNRESET'
  }
}
{ msg: 'STREAM::WRITE::PIPE::DONE::154' }
{
  msg: 'STREAM::WRITE::PIPE::CLOSED::154',
  downloaded_pages: 40,
  lost_pages: 17,
  total_imgs_num: 319,
  total: false,
  all_download_task: false
}
{ msg: 'STREAM::WRITE::PIPE::DONE::312' }
{
  msg: 'STREAM::WRITE::PIPE::CLOSED::312',
  downloaded_pages: 41,
  lost_pages: 17,
  total_imgs_num: 319,
  total: false,
  all_download_task: false
}
{ msg: 'STREAM::WRITE::PIPE::DONE::309' }
{
  msg: 'STREAM::WRITE::PIPE::CLOSED::309',
  downloaded_pages: 42,
  lost_pages: 17,
  total_imgs_num: 319,
  total: false,
  all_download_task: false
}
{ msg: 'STREAM::WRITE::PIPE::DONE::90' }
{
  msg: 'STREAM::WRITE::PIPE::CLOSED::90',
  downloaded_pages: 43,
  lost_pages: 17,
  total_imgs_num: 319,
  total: false,
  all_download_task: false
}
{ msg: 'STREAM::WRITE::PIPE::DONE::17' }
{
  msg: 'STREAM::WRITE::PIPE::CLOSED::17',
  downloaded_pages: 44,
  lost_pages: 17,
  total_imgs_num: 319,
  total: false,
  all_download_task: false
}
{ msg: 'STREAM::WRITE::PIPE::DONE::192' }
{
  msg: 'STREAM::WRITE::PIPE::CLOSED::192',
  downloaded_pages: 45,
  lost_pages: 17,
  total_imgs_num: 319,
  total: false,
  all_download_task: false
}
{ msg: 'STREAM::WRITE::PIPE::DONE::202' }
{
  msg: 'STREAM::WRITE::PIPE::CLOSED::202',
  downloaded_pages: 46,
  lost_pages: 17,
  total_imgs_num: 319,
  total: false,
  all_download_task: false
}
{ msg: 'STREAM::WRITE::PIPE::DONE::213' }
{
  msg: 'STREAM::WRITE::PIPE::CLOSED::213',
  downloaded_pages: 47,
  lost_pages: 17,
  total_imgs_num: 319,
  total: false,
  all_download_task: false
}
{ msg: 'STREAM::WRITE::PIPE::DONE::71' }
{
  msg: 'STREAM::WRITE::PIPE::CLOSED::71',
  downloaded_pages: 48,
  lost_pages: 17,
  total_imgs_num: 319,
  total: false,
  all_download_task: false
}
{ msg: 'STREAM::WRITE::PIPE::DONE::73' }
{
  msg: 'STREAM::WRITE::PIPE::CLOSED::73',
  downloaded_pages: 49,
  lost_pages: 17,
  total_imgs_num: 319,
  total: false,
  all_download_task: false
}
{ msg: 'STREAM::WRITE::PIPE::DONE::191' }
{
  msg: 'STREAM::WRITE::PIPE::CLOSED::191',
  downloaded_pages: 50,
  lost_pages: 17,
  total_imgs_num: 319,
  total: false,
  all_download_task: false
}
{ msg: 'STREAM::WRITE::PIPE::DONE::144' }
{
  msg: 'STREAM::WRITE::PIPE::CLOSED::144',
  downloaded_pages: 51,
  lost_pages: 17,
  total_imgs_num: 319,
  total: false,
  all_download_task: false
}
{ msg: 'STREAM::WRITE::PIPE::DONE::83' }
{
  msg: 'STREAM::WRITE::PIPE::CLOSED::83',
  downloaded_pages: 52,
  lost_pages: 17,
  total_imgs_num: 319,
  total: false,
  all_download_task: false
}
{ msg: 'STREAM::WRITE::PIPE::DONE::222' }
{
  msg: 'STREAM::WRITE::PIPE::CLOSED::222',
  downloaded_pages: 53,
  lost_pages: 17,
  total_imgs_num: 319,
  total: false,
  all_download_task: false
}
{ msg: 'STREAM::WRITE::PIPE::DONE::70' }
{
  msg: 'STREAM::WRITE::PIPE::CLOSED::70',
  downloaded_pages: 54,
  lost_pages: 17,
  total_imgs_num: 319,
  total: false,
  all_download_task: false
}
{ msg: 'STREAM::WRITE::PIPE::DONE::9' }
{
  msg: 'STREAM::WRITE::PIPE::CLOSED::9',
  downloaded_pages: 55,
  lost_pages: 17,
  total_imgs_num: 319,
  total: false,
  all_download_task: false
}
{ msg: 'STREAM::WRITE::PIPE::DONE::220' }
{
  msg: 'STREAM::WRITE::PIPE::CLOSED::220',
  downloaded_pages: 56,
  lost_pages: 17,
  total_imgs_num: 319,
  total: false,
  all_download_task: false
}
{
  msg: 'STREAM::WRITE::PIPE::ERROR::307',
  err: Error: socket hang up
      at connResetException (internal/errors.js:639:14)
      at TLSSocket.socketOnEnd (_http_client.js:499:23)
      at TLSSocket.emit (events.js:412:35)
      at endReadableNT (internal/streams/readable.js:1334:12)
      at processTicksAndRejections (internal/process/task_queues.js:82:21) {
    code: 'ECONNRESET'
  }
}
{ msg: 'STREAM::WRITE::PIPE::DONE::64' }
{
  msg: 'STREAM::WRITE::PIPE::CLOSED::64',
  downloaded_pages: 57,
  lost_pages: 18,
  total_imgs_num: 319,
  total: false,
  all_download_task: false
}
{ msg: 'STREAM::WRITE::PIPE::DONE::241' }
{
  msg: 'STREAM::WRITE::PIPE::CLOSED::241',
  downloaded_pages: 58,
  lost_pages: 18,
  total_imgs_num: 319,
  total: false,
  all_download_task: false
}
{ msg: 'STREAM::WRITE::PIPE::DONE::102' }
{
  msg: 'STREAM::WRITE::PIPE::CLOSED::102',
  downloaded_pages: 59,
  lost_pages: 18,
  total_imgs_num: 319,
  total: false,
  all_download_task: false
}
{ msg: 'STREAM::WRITE::PIPE::DONE::221' }
{
  msg: 'STREAM::WRITE::PIPE::CLOSED::221',
  downloaded_pages: 60,
  lost_pages: 18,
  total_imgs_num: 319,
  total: false,
  all_download_task: false
}
{ msg: 'STREAM::WRITE::PIPE::DONE::86' }
{
  msg: 'STREAM::WRITE::PIPE::CLOSED::86',
  downloaded_pages: 61,
  lost_pages: 18,
  total_imgs_num: 319,
  total: false,
  all_download_task: false
}
{ msg: 'STREAM::WRITE::PIPE::DONE::314' }
{
  msg: 'STREAM::WRITE::PIPE::CLOSED::314',
  downloaded_pages: 62,
  lost_pages: 18,
  total_imgs_num: 319,
  total: false,
  all_download_task: false
}
{ msg: 'STREAM::WRITE::PIPE::DONE::263' }
{
  msg: 'STREAM::WRITE::PIPE::CLOSED::263',
  downloaded_pages: 63,
  lost_pages: 18,
  total_imgs_num: 319,
  total: false,
  all_download_task: false
}
{ msg: 'STREAM::WRITE::PIPE::DONE::98' }
{
  msg: 'STREAM::WRITE::PIPE::CLOSED::98',
  downloaded_pages: 64,
  lost_pages: 18,
  total_imgs_num: 319,
  total: false,
  all_download_task: false
}
{ msg: 'STREAM::WRITE::PIPE::DONE::147' }
{
  msg: 'STREAM::WRITE::PIPE::CLOSED::147',
  downloaded_pages: 65,
  lost_pages: 18,
  total_imgs_num: 319,
  total: false,
  all_download_task: false
}
{ msg: 'STREAM::WRITE::PIPE::DONE::268' }
{
  msg: 'STREAM::WRITE::PIPE::CLOSED::268',
  downloaded_pages: 66,
  lost_pages: 18,
  total_imgs_num: 319,
  total: false,
  all_download_task: false
}
{ msg: 'STREAM::WRITE::PIPE::DONE::279' }
{
  msg: 'STREAM::WRITE::PIPE::CLOSED::279',
  downloaded_pages: 67,
  lost_pages: 18,
  total_imgs_num: 319,
  total: false,
  all_download_task: false
}
{ msg: 'STREAM::WRITE::PIPE::DONE::267' }
{
  msg: 'STREAM::WRITE::PIPE::CLOSED::267',
  downloaded_pages: 68,
  lost_pages: 18,
  total_imgs_num: 319,
  total: false,
  all_download_task: false
}
{ msg: 'STREAM::WRITE::PIPE::DONE::47' }
{
  msg: 'STREAM::WRITE::PIPE::CLOSED::47',
  downloaded_pages: 69,
  lost_pages: 18,
  total_imgs_num: 319,
  total: false,
  all_download_task: false
}
{ msg: 'STREAM::WRITE::PIPE::DONE::48' }
{
  msg: 'STREAM::WRITE::PIPE::CLOSED::48',
  downloaded_pages: 70,
  lost_pages: 18,
  total_imgs_num: 319,
  total: false,
  all_download_task: false
}
{ msg: 'STREAM::WRITE::PIPE::DONE::124' }
{
  msg: 'STREAM::WRITE::PIPE::CLOSED::124',
  downloaded_pages: 71,
  lost_pages: 18,
  total_imgs_num: 319,
  total: false,
  all_download_task: false
}
{ msg: 'STREAM::WRITE::PIPE::DONE::100' }
{
  msg: 'STREAM::WRITE::PIPE::CLOSED::100',
  downloaded_pages: 72,
  lost_pages: 18,
  total_imgs_num: 319,
  total: false,
  all_download_task: false
}
{ msg: 'STREAM::WRITE::PIPE::DONE::167' }
{
  msg: 'STREAM::WRITE::PIPE::CLOSED::167',
  downloaded_pages: 73,
  lost_pages: 18,
  total_imgs_num: 319,
  total: false,
  all_download_task: false
}
{ msg: 'STREAM::WRITE::PIPE::DONE::42' }
{
  msg: 'STREAM::WRITE::PIPE::CLOSED::42',
  downloaded_pages: 74,
  lost_pages: 18,
  total_imgs_num: 319,
  total: false,
  all_download_task: false
}
{ msg: 'STREAM::WRITE::PIPE::DONE::166' }
{
  msg: 'STREAM::WRITE::PIPE::CLOSED::166',
  downloaded_pages: 75,
  lost_pages: 18,
  total_imgs_num: 319,
  total: false,
  all_download_task: false
}
{ msg: 'STREAM::WRITE::PIPE::DONE::285' }
{
  msg: 'STREAM::WRITE::PIPE::CLOSED::285',
  downloaded_pages: 76,
  lost_pages: 18,
  total_imgs_num: 319,
  total: false,
  all_download_task: false
}
{ msg: 'STREAM::WRITE::PIPE::DONE::318' }
{
  msg: 'STREAM::WRITE::PIPE::CLOSED::318',
  downloaded_pages: 77,
  lost_pages: 18,
  total_imgs_num: 319,
  total: false,
  all_download_task: false
}
{ msg: 'STREAM::WRITE::PIPE::DONE::163' }
{
  msg: 'STREAM::WRITE::PIPE::CLOSED::163',
  downloaded_pages: 78,
  lost_pages: 18,
  total_imgs_num: 319,
  total: false,
  all_download_task: false
}
{ msg: 'STREAM::WRITE::PIPE::DONE::169' }
{
  msg: 'STREAM::WRITE::PIPE::CLOSED::169',
  downloaded_pages: 79,
  lost_pages: 18,
  total_imgs_num: 319,
  total: false,
  all_download_task: false
}
{ msg: 'STREAM::WRITE::PIPE::DONE::301' }
{
  msg: 'STREAM::WRITE::PIPE::CLOSED::301',
  downloaded_pages: 80,
  lost_pages: 18,
  total_imgs_num: 319,
  total: false,
  all_download_task: false
}
{ msg: 'STREAM::WRITE::PIPE::DONE::264' }
{
  msg: 'STREAM::WRITE::PIPE::CLOSED::264',
  downloaded_pages: 81,
  lost_pages: 18,
  total_imgs_num: 319,
  total: false,
  all_download_task: false
}
{ msg: 'STREAM::WRITE::PIPE::DONE::87' }
{
  msg: 'STREAM::WRITE::PIPE::CLOSED::87',
  downloaded_pages: 82,
  lost_pages: 18,
  total_imgs_num: 319,
  total: false,
  all_download_task: false
}
{ msg: 'STREAM::WRITE::PIPE::DONE::99' }
{
  msg: 'STREAM::WRITE::PIPE::CLOSED::99',
  downloaded_pages: 83,
  lost_pages: 18,
  total_imgs_num: 319,
  total: false,
  all_download_task: false
}
{ msg: 'STREAM::WRITE::PIPE::DONE::233' }
{
  msg: 'STREAM::WRITE::PIPE::CLOSED::233',
  downloaded_pages: 84,
  lost_pages: 18,
  total_imgs_num: 319,
  total: false,
  all_download_task: false
}
{ msg: 'STREAM::WRITE::PIPE::DONE::170' }
{
  msg: 'STREAM::WRITE::PIPE::CLOSED::170',
  downloaded_pages: 85,
  lost_pages: 18,
  total_imgs_num: 319,
  total: false,
  all_download_task: false
}
{
  msg: 'STREAM::WRITE::PIPE::ERROR::294',
  err: Error: socket hang up
      at connResetException (internal/errors.js:639:14)
      at TLSSocket.socketOnEnd (_http_client.js:499:23)
      at TLSSocket.emit (events.js:412:35)
      at endReadableNT (internal/streams/readable.js:1334:12)
      at processTicksAndRejections (internal/process/task_queues.js:82:21) {
    code: 'ECONNRESET'
  }
}
{ msg: 'STREAM::WRITE::PIPE::DONE::56' }
{
  msg: 'STREAM::WRITE::PIPE::CLOSED::56',
  downloaded_pages: 86,
  lost_pages: 19,
  total_imgs_num: 319,
  total: false,
  all_download_task: false
}
{ msg: 'STREAM::WRITE::PIPE::DONE::302' }
{
  msg: 'STREAM::WRITE::PIPE::CLOSED::302',
  downloaded_pages: 87,
  lost_pages: 19,
  total_imgs_num: 319,
  total: false,
  all_download_task: false
}
{ msg: 'STREAM::WRITE::PIPE::DONE::156' }
{ msg: 'STREAM::WRITE::PIPE::DONE::145' }
{
  msg: 'STREAM::WRITE::PIPE::CLOSED::156',
  downloaded_pages: 90,
  lost_pages: 19,
  total_imgs_num: 319,
  total: false,
  all_download_task: false
}
{
  msg: 'STREAM::WRITE::PIPE::CLOSED::145',
  downloaded_pages: 90,
  lost_pages: 19,
  total_imgs_num: 319,
  total: false,
  all_download_task: false
}
{ msg: 'STREAM::WRITE::PIPE::DONE::260' }
{
  msg: 'STREAM::WRITE::PIPE::CLOSED::260',
  downloaded_pages: 90,
  lost_pages: 19,
  total_imgs_num: 319,
  total: false,
  all_download_task: false
}
{ msg: 'STREAM::WRITE::PIPE::DONE::164' }
{
  msg: 'STREAM::WRITE::PIPE::CLOSED::164',
  downloaded_pages: 91,
  lost_pages: 19,
  total_imgs_num: 319,
  total: false,
  all_download_task: false
}
{ msg: 'STREAM::WRITE::PIPE::DONE::315' }
{
  msg: 'STREAM::WRITE::PIPE::CLOSED::315',
  downloaded_pages: 92,
  lost_pages: 19,
  total_imgs_num: 319,
  total: false,
  all_download_task: false
}
{ msg: 'STREAM::WRITE::PIPE::DONE::140' }
{
  msg: 'STREAM::WRITE::PIPE::CLOSED::140',
  downloaded_pages: 93,
  lost_pages: 19,
  total_imgs_num: 319,
  total: false,
  all_download_task: false
}
{ msg: 'STREAM::WRITE::PIPE::DONE::284' }
{
  msg: 'STREAM::WRITE::PIPE::CLOSED::284',
  downloaded_pages: 94,
  lost_pages: 19,
  total_imgs_num: 319,
  total: false,
  all_download_task: false
}
{ msg: 'STREAM::WRITE::PIPE::DONE::38' }
{
  msg: 'STREAM::WRITE::PIPE::CLOSED::38',
  downloaded_pages: 95,
  lost_pages: 19,
  total_imgs_num: 319,
  total: false,
  all_download_task: false
}
{ msg: 'STREAM::WRITE::PIPE::DONE::247' }
{
  msg: 'STREAM::WRITE::PIPE::CLOSED::247',
  downloaded_pages: 96,
  lost_pages: 19,
  total_imgs_num: 319,
  total: false,
  all_download_task: false
}
{ msg: 'STREAM::WRITE::PIPE::DONE::33' }
{
  msg: 'STREAM::WRITE::PIPE::CLOSED::33',
  downloaded_pages: 97,
  lost_pages: 19,
  total_imgs_num: 319,
  total: false,
  all_download_task: false
}
{ msg: 'STREAM::WRITE::PIPE::DONE::250' }
{
  msg: 'STREAM::WRITE::PIPE::CLOSED::250',
  downloaded_pages: 98,
  lost_pages: 19,
  total_imgs_num: 319,
  total: false,
  all_download_task: false
}
{ msg: 'STREAM::WRITE::PIPE::DONE::159' }
{
  msg: 'STREAM::WRITE::PIPE::CLOSED::159',
  downloaded_pages: 99,
  lost_pages: 19,
  total_imgs_num: 319,
  total: false,
  all_download_task: false
}
{ msg: 'STREAM::WRITE::PIPE::DONE::103' }
{
  msg: 'STREAM::WRITE::PIPE::CLOSED::103',
  downloaded_pages: 100,
  lost_pages: 19,
  total_imgs_num: 319,
  total: false,
  all_download_task: false
}
{ msg: 'STREAM::WRITE::PIPE::DONE::215' }
{
  msg: 'STREAM::WRITE::PIPE::CLOSED::215',
  downloaded_pages: 101,
  lost_pages: 19,
  total_imgs_num: 319,
  total: false,
  all_download_task: false
}
{ msg: 'STREAM::WRITE::PIPE::DONE::31' }
{
  msg: 'STREAM::WRITE::PIPE::CLOSED::31',
  downloaded_pages: 102,
  lost_pages: 19,
  total_imgs_num: 319,
  total: false,
  all_download_task: false
}
{ msg: 'STREAM::WRITE::PIPE::DONE::311' }
{ msg: 'STREAM::WRITE::PIPE::DONE::60' }
{
  msg: 'STREAM::WRITE::PIPE::CLOSED::311',
  downloaded_pages: 104,
  lost_pages: 19,
  total_imgs_num: 319,
  total: false,
  all_download_task: false
}
{
  msg: 'STREAM::WRITE::PIPE::CLOSED::60',
  downloaded_pages: 104,
  lost_pages: 19,
  total_imgs_num: 319,
  total: false,
  all_download_task: false
}
{ msg: 'STREAM::WRITE::PIPE::DONE::297' }
{
  msg: 'STREAM::WRITE::PIPE::CLOSED::297',
  downloaded_pages: 105,
  lost_pages: 19,
  total_imgs_num: 319,
  total: false,
  all_download_task: false
}
{ msg: 'STREAM::WRITE::PIPE::DONE::194' }
{
  msg: 'STREAM::WRITE::PIPE::CLOSED::194',
  downloaded_pages: 106,
  lost_pages: 19,
  total_imgs_num: 319,
  total: false,
  all_download_task: false
}
{ msg: 'STREAM::WRITE::PIPE::DONE::287' }
{
  msg: 'STREAM::WRITE::PIPE::CLOSED::287',
  downloaded_pages: 107,
  lost_pages: 19,
  total_imgs_num: 319,
  total: false,
  all_download_task: false
}
{ msg: 'STREAM::WRITE::PIPE::DONE::235' }
{
  msg: 'STREAM::WRITE::PIPE::CLOSED::235',
  downloaded_pages: 108,
  lost_pages: 19,
  total_imgs_num: 319,
  total: false,
  all_download_task: false
}
{ msg: 'STREAM::WRITE::PIPE::DONE::104' }
{
  msg: 'STREAM::WRITE::PIPE::CLOSED::104',
  downloaded_pages: 109,
  lost_pages: 19,
  total_imgs_num: 319,
  total: false,
  all_download_task: false
}
{ msg: 'STREAM::WRITE::PIPE::DONE::27' }
{
  msg: 'STREAM::WRITE::PIPE::CLOSED::27',
  downloaded_pages: 110,
  lost_pages: 19,
  total_imgs_num: 319,
  total: false,
  all_download_task: false
}
{ msg: 'STREAM::WRITE::PIPE::DONE::259' }
{
  msg: 'STREAM::WRITE::PIPE::CLOSED::259',
  downloaded_pages: 111,
  lost_pages: 19,
  total_imgs_num: 319,
  total: false,
  all_download_task: false
}
{ msg: 'STREAM::WRITE::PIPE::DONE::283' }
{
  msg: 'STREAM::WRITE::PIPE::CLOSED::283',
  downloaded_pages: 112,
  lost_pages: 19,
  total_imgs_num: 319,
  total: false,
  all_download_task: false
}
{ msg: 'STREAM::WRITE::PIPE::DONE::82' }
{
  msg: 'STREAM::WRITE::PIPE::CLOSED::82',
  downloaded_pages: 113,
  lost_pages: 19,
  total_imgs_num: 319,
  total: false,
  all_download_task: false
}
{
  msg: 'STREAM::WRITE::PIPE::ERROR::271',
  err: Error: socket hang up
      at connResetException (internal/errors.js:639:14)
      at TLSSocket.socketOnEnd (_http_client.js:499:23)
      at TLSSocket.emit (events.js:412:35)
      at endReadableNT (internal/streams/readable.js:1334:12)
      at processTicksAndRejections (internal/process/task_queues.js:82:21) {
    code: 'ECONNRESET'
  }
}
{ msg: 'STREAM::WRITE::PIPE::DONE::78' }
{
  msg: 'STREAM::WRITE::PIPE::CLOSED::78',
  downloaded_pages: 114,
  lost_pages: 20,
  total_imgs_num: 319,
  total: false,
  all_download_task: false
}
{ msg: 'STREAM::WRITE::PIPE::DONE::211' }
{
  msg: 'STREAM::WRITE::PIPE::CLOSED::211',
  downloaded_pages: 115,
  lost_pages: 20,
  total_imgs_num: 319,
  total: false,
  all_download_task: false
}
{ msg: 'STREAM::WRITE::PIPE::DONE::151' }
{
  msg: 'STREAM::WRITE::PIPE::CLOSED::151',
  downloaded_pages: 116,
  lost_pages: 20,
  total_imgs_num: 319,
  total: false,
  all_download_task: false
}
{ msg: 'STREAM::WRITE::PIPE::DONE::149' }
{
  msg: 'STREAM::WRITE::PIPE::CLOSED::149',
  downloaded_pages: 117,
  lost_pages: 20,
  total_imgs_num: 319,
  total: false,
  all_download_task: false
}
{ msg: 'STREAM::WRITE::PIPE::DONE::232' }
{
  msg: 'STREAM::WRITE::PIPE::CLOSED::232',
  downloaded_pages: 118,
  lost_pages: 20,
  total_imgs_num: 319,
  total: false,
  all_download_task: false
}
{ msg: 'STREAM::WRITE::PIPE::DONE::217' }
{
  msg: 'STREAM::WRITE::PIPE::CLOSED::217',
  downloaded_pages: 119,
  lost_pages: 20,
  total_imgs_num: 319,
  total: false,
  all_download_task: false
}
{
  msg: 'STREAM::WRITE::PIPE::ERROR::66',
  err: Error: socket hang up
      at connResetException (internal/errors.js:639:14)
      at TLSSocket.socketOnEnd (_http_client.js:499:23)
      at TLSSocket.emit (events.js:412:35)
      at endReadableNT (internal/streams/readable.js:1334:12)
      at processTicksAndRejections (internal/process/task_queues.js:82:21) {
    code: 'ECONNRESET'
  }
}
{ msg: 'STREAM::WRITE::PIPE::DONE::317' }
{
  msg: 'STREAM::WRITE::PIPE::CLOSED::317',
  downloaded_pages: 120,
  lost_pages: 21,
  total_imgs_num: 319,
  total: false,
  all_download_task: false
}
{ msg: 'STREAM::WRITE::PIPE::DONE::95' }
{
  msg: 'STREAM::WRITE::PIPE::CLOSED::95',
  downloaded_pages: 121,
  lost_pages: 21,
  total_imgs_num: 319,
  total: false,
  all_download_task: false
}
{ msg: 'STREAM::WRITE::PIPE::DONE::197' }
{
  msg: 'STREAM::WRITE::PIPE::CLOSED::197',
  downloaded_pages: 122,
  lost_pages: 21,
  total_imgs_num: 319,
  total: false,
  all_download_task: false
}
{ msg: 'STREAM::WRITE::PIPE::DONE::228' }
{
  msg: 'STREAM::WRITE::PIPE::CLOSED::228',
  downloaded_pages: 123,
  lost_pages: 21,
  total_imgs_num: 319,
  total: false,
  all_download_task: false
}
{
  msg: 'STREAM::WRITE::PIPE::ERROR::53',
  err: Error: socket hang up
      at connResetException (internal/errors.js:639:14)
      at TLSSocket.socketOnEnd (_http_client.js:499:23)
      at TLSSocket.emit (events.js:412:35)
      at endReadableNT (internal/streams/readable.js:1334:12)
      at processTicksAndRejections (internal/process/task_queues.js:82:21) {
    code: 'ECONNRESET'
  }
}
{ msg: 'STREAM::WRITE::PIPE::DONE::204' }
{
  msg: 'STREAM::WRITE::PIPE::CLOSED::204',
  downloaded_pages: 124,
  lost_pages: 22,
  total_imgs_num: 319,
  total: false,
  all_download_task: false
}
{ msg: 'STREAM::WRITE::PIPE::DONE::246' }
{
  msg: 'STREAM::WRITE::PIPE::CLOSED::246',
  downloaded_pages: 125,
  lost_pages: 22,
  total_imgs_num: 319,
  total: false,
  all_download_task: false
}
{ msg: 'STREAM::WRITE::PIPE::DONE::280' }
{
  msg: 'STREAM::WRITE::PIPE::CLOSED::280',
  downloaded_pages: 126,
  lost_pages: 22,
  total_imgs_num: 319,
  total: false,
  all_download_task: false
}
{ msg: 'STREAM::WRITE::PIPE::DONE::117' }
{
  msg: 'STREAM::WRITE::PIPE::CLOSED::117',
  downloaded_pages: 127,
  lost_pages: 22,
  total_imgs_num: 319,
  total: false,
  all_download_task: false
}
{ msg: 'STREAM::WRITE::PIPE::DONE::230' }
{
  msg: 'STREAM::WRITE::PIPE::CLOSED::230',
  downloaded_pages: 128,
  lost_pages: 22,
  total_imgs_num: 319,
  total: false,
  all_download_task: false
}
{ msg: 'STREAM::WRITE::PIPE::DONE::106' }
{
  msg: 'STREAM::WRITE::PIPE::CLOSED::106',
  downloaded_pages: 129,
  lost_pages: 22,
  total_imgs_num: 319,
  total: false,
  all_download_task: false
}
{ msg: 'STREAM::WRITE::PIPE::DONE::178' }
{
  msg: 'STREAM::WRITE::PIPE::CLOSED::178',
  downloaded_pages: 130,
  lost_pages: 22,
  total_imgs_num: 319,
  total: false,
  all_download_task: false
}
{ msg: 'STREAM::WRITE::PIPE::DONE::185' }
{
  msg: 'STREAM::WRITE::PIPE::CLOSED::185',
  downloaded_pages: 131,
  lost_pages: 22,
  total_imgs_num: 319,
  total: false,
  all_download_task: false
}
{
  msg: 'STREAM::WRITE::PIPE::ERROR::180',
  err: Error: socket hang up
      at connResetException (internal/errors.js:639:14)
      at TLSSocket.socketOnEnd (_http_client.js:499:23)
      at TLSSocket.emit (events.js:412:35)
      at endReadableNT (internal/streams/readable.js:1334:12)
      at processTicksAndRejections (internal/process/task_queues.js:82:21) {
    code: 'ECONNRESET'
  }
}
{ msg: 'STREAM::WRITE::PIPE::DONE::249' }
{
  msg: 'STREAM::WRITE::PIPE::CLOSED::249',
  downloaded_pages: 132,
  lost_pages: 23,
  total_imgs_num: 319,
  total: false,
  all_download_task: false
}
{
  msg: 'STREAM::WRITE::PIPE::ERROR::137',
  err: Error: socket hang up
      at connResetException (internal/errors.js:639:14)
      at TLSSocket.socketOnEnd (_http_client.js:499:23)
      at TLSSocket.emit (events.js:412:35)
      at endReadableNT (internal/streams/readable.js:1334:12)
      at processTicksAndRejections (internal/process/task_queues.js:82:21) {
    code: 'ECONNRESET'
  }
}
{ msg: 'STREAM::WRITE::PIPE::DONE::85' }
{
  msg: 'STREAM::WRITE::PIPE::CLOSED::85',
  downloaded_pages: 133,
  lost_pages: 24,
  total_imgs_num: 319,
  total: false,
  all_download_task: false
}
{ msg: 'STREAM::WRITE::PIPE::DONE::97' }
{
  msg: 'STREAM::WRITE::PIPE::CLOSED::97',
  downloaded_pages: 134,
  lost_pages: 24,
  total_imgs_num: 319,
  total: false,
  all_download_task: false
}
{ msg: 'STREAM::WRITE::PIPE::DONE::45' }
{
  msg: 'STREAM::WRITE::PIPE::CLOSED::45',
  downloaded_pages: 135,
  lost_pages: 24,
  total_imgs_num: 319,
  total: false,
  all_download_task: false
}
{ msg: 'STREAM::WRITE::PIPE::DONE::276' }
{
  msg: 'STREAM::WRITE::PIPE::CLOSED::276',
  downloaded_pages: 136,
  lost_pages: 24,
  total_imgs_num: 319,
  total: false,
  all_download_task: false
}
{ msg: 'STREAM::WRITE::PIPE::DONE::160' }
{
  msg: 'STREAM::WRITE::PIPE::CLOSED::160',
  downloaded_pages: 137,
  lost_pages: 24,
  total_imgs_num: 319,
  total: false,
  all_download_task: false
}
{ msg: 'STREAM::WRITE::PIPE::DONE::74' }
{
  msg: 'STREAM::WRITE::PIPE::CLOSED::74',
  downloaded_pages: 138,
  lost_pages: 24,
  total_imgs_num: 319,
  total: false,
  all_download_task: false
}
{ msg: 'STREAM::WRITE::PIPE::DONE::111' }
{
  msg: 'STREAM::WRITE::PIPE::CLOSED::111',
  downloaded_pages: 139,
  lost_pages: 24,
  total_imgs_num: 319,
  total: false,
  all_download_task: false
}
{ msg: 'STREAM::WRITE::PIPE::DONE::244' }
{
  msg: 'STREAM::WRITE::PIPE::CLOSED::244',
  downloaded_pages: 140,
  lost_pages: 24,
  total_imgs_num: 319,
  total: false,
  all_download_task: false
}
{ msg: 'STREAM::WRITE::PIPE::DONE::209' }
{
  msg: 'STREAM::WRITE::PIPE::CLOSED::209',
  downloaded_pages: 141,
  lost_pages: 24,
  total_imgs_num: 319,
  total: false,
  all_download_task: false
}
{ msg: 'STREAM::WRITE::PIPE::DONE::237' }
{
  msg: 'STREAM::WRITE::PIPE::CLOSED::237',
  downloaded_pages: 142,
  lost_pages: 24,
  total_imgs_num: 319,
  total: false,
  all_download_task: false
}
{ msg: 'STREAM::WRITE::PIPE::DONE::101' }
{
  msg: 'STREAM::WRITE::PIPE::CLOSED::101',
  downloaded_pages: 143,
  lost_pages: 24,
  total_imgs_num: 319,
  total: false,
  all_download_task: false
}
{ msg: 'STREAM::WRITE::PIPE::DONE::275' }
{
  msg: 'STREAM::WRITE::PIPE::CLOSED::275',
  downloaded_pages: 144,
  lost_pages: 24,
  total_imgs_num: 319,
  total: false,
  all_download_task: false
}
{ msg: 'STREAM::WRITE::PIPE::DONE::68' }
{
  msg: 'STREAM::WRITE::PIPE::CLOSED::68',
  downloaded_pages: 145,
  lost_pages: 24,
  total_imgs_num: 319,
  total: false,
  all_download_task: false
}
{ msg: 'STREAM::WRITE::PIPE::DONE::112' }
{
  msg: 'STREAM::WRITE::PIPE::CLOSED::112',
  downloaded_pages: 146,
  lost_pages: 24,
  total_imgs_num: 319,
  total: false,
  all_download_task: false
}
{ msg: 'STREAM::WRITE::PIPE::DONE::207' }
{
  msg: 'STREAM::WRITE::PIPE::CLOSED::207',
  downloaded_pages: 147,
  lost_pages: 24,
  total_imgs_num: 319,
  total: false,
  all_download_task: false
}
{ msg: 'STREAM::WRITE::PIPE::DONE::58' }
{
  msg: 'STREAM::WRITE::PIPE::CLOSED::58',
  downloaded_pages: 148,
  lost_pages: 24,
  total_imgs_num: 319,
  total: false,
  all_download_task: false
}
{ msg: 'STREAM::WRITE::PIPE::DONE::277' }
{
  msg: 'STREAM::WRITE::PIPE::CLOSED::277',
  downloaded_pages: 149,
  lost_pages: 24,
  total_imgs_num: 319,
  total: false,
  all_download_task: false
}
{ msg: 'STREAM::WRITE::PIPE::DONE::171' }
{
  msg: 'STREAM::WRITE::PIPE::CLOSED::171',
  downloaded_pages: 150,
  lost_pages: 24,
  total_imgs_num: 319,
  total: false,
  all_download_task: false
}
{ msg: 'STREAM::WRITE::PIPE::DONE::234' }
{
  msg: 'STREAM::WRITE::PIPE::CLOSED::234',
  downloaded_pages: 151,
  lost_pages: 24,
  total_imgs_num: 319,
  total: false,
  all_download_task: false
}
{
  msg: 'STREAM::WRITE::PIPE::ERROR::186',
  err: Error: socket hang up
      at connResetException (internal/errors.js:639:14)
      at TLSSocket.socketOnEnd (_http_client.js:499:23)
      at TLSSocket.emit (events.js:412:35)
      at endReadableNT (internal/streams/readable.js:1334:12)
      at processTicksAndRejections (internal/process/task_queues.js:82:21) {
    code: 'ECONNRESET'
  }
}
{ msg: 'STREAM::WRITE::PIPE::DONE::308' }
{
  msg: 'STREAM::WRITE::PIPE::CLOSED::308',
  downloaded_pages: 152,
  lost_pages: 25,
  total_imgs_num: 319,
  total: false,
  all_download_task: false
}
{ msg: 'STREAM::WRITE::PIPE::DONE::229' }
{
  msg: 'STREAM::WRITE::PIPE::CLOSED::229',
  downloaded_pages: 153,
  lost_pages: 25,
  total_imgs_num: 319,
  total: false,
  all_download_task: false
}
{ msg: 'STREAM::WRITE::PIPE::DONE::13' }
{
  msg: 'STREAM::WRITE::PIPE::CLOSED::13',
  downloaded_pages: 154,
  lost_pages: 25,
  total_imgs_num: 319,
  total: false,
  all_download_task: false
}
{ msg: 'STREAM::WRITE::PIPE::DONE::52' }
{ msg: 'STREAM::WRITE::PIPE::DONE::94' }
{ msg: 'STREAM::WRITE::PIPE::DONE::32' }
{
  msg: 'STREAM::WRITE::PIPE::CLOSED::52',
  downloaded_pages: 157,
  lost_pages: 25,
  total_imgs_num: 319,
  total: false,
  all_download_task: false
}
{
  msg: 'STREAM::WRITE::PIPE::CLOSED::94',
  downloaded_pages: 157,
  lost_pages: 25,
  total_imgs_num: 319,
  total: false,
  all_download_task: false
}
{
  msg: 'STREAM::WRITE::PIPE::CLOSED::32',
  downloaded_pages: 157,
  lost_pages: 25,
  total_imgs_num: 319,
  total: false,
  all_download_task: false
}
{ msg: 'STREAM::WRITE::PIPE::DONE::203' }
{
  msg: 'STREAM::WRITE::PIPE::ERROR::14',
  err: Error: socket hang up
      at connResetException (internal/errors.js:639:14)
      at TLSSocket.socketOnEnd (_http_client.js:499:23)
      at TLSSocket.emit (events.js:412:35)
      at endReadableNT (internal/streams/readable.js:1334:12)
      at processTicksAndRejections (internal/process/task_queues.js:82:21) {
    code: 'ECONNRESET'
  }
}
{
  msg: 'STREAM::WRITE::PIPE::CLOSED::203',
  downloaded_pages: 158,
  lost_pages: 26,
  total_imgs_num: 319,
  total: false,
  all_download_task: false
}
{ msg: 'STREAM::WRITE::PIPE::DONE::55' }
{
  msg: 'STREAM::WRITE::PIPE::CLOSED::55',
  downloaded_pages: 159,
  lost_pages: 26,
  total_imgs_num: 319,
  total: false,
  all_download_task: false
}
{ msg: 'STREAM::WRITE::PIPE::DONE::189' }
{
  msg: 'STREAM::WRITE::PIPE::CLOSED::189',
  downloaded_pages: 160,
  lost_pages: 26,
  total_imgs_num: 319,
  total: false,
  all_download_task: false
}
{ msg: 'STREAM::WRITE::PIPE::DONE::8' }
{
  msg: 'STREAM::WRITE::PIPE::CLOSED::8',
  downloaded_pages: 161,
  lost_pages: 26,
  total_imgs_num: 319,
  total: false,
  all_download_task: false
}
{ msg: 'STREAM::WRITE::PIPE::DONE::174' }
{
  msg: 'STREAM::WRITE::PIPE::CLOSED::174',
  downloaded_pages: 162,
  lost_pages: 26,
  total_imgs_num: 319,
  total: false,
  all_download_task: false
}
{ msg: 'STREAM::WRITE::PIPE::DONE::196' }
{
  msg: 'STREAM::WRITE::PIPE::CLOSED::196',
  downloaded_pages: 163,
  lost_pages: 26,
  total_imgs_num: 319,
  total: false,
  all_download_task: false
}
{ msg: 'STREAM::WRITE::PIPE::DONE::177' }
{
  msg: 'STREAM::WRITE::PIPE::CLOSED::177',
  downloaded_pages: 164,
  lost_pages: 26,
  total_imgs_num: 319,
  total: false,
  all_download_task: false
}
{ msg: 'STREAM::WRITE::PIPE::DONE::96' }
{
  msg: 'STREAM::WRITE::PIPE::CLOSED::96',
  downloaded_pages: 165,
  lost_pages: 26,
  total_imgs_num: 319,
  total: false,
  all_download_task: false
}
{ msg: 'STREAM::WRITE::PIPE::DONE::28' }
{
  msg: 'STREAM::WRITE::PIPE::CLOSED::28',
  downloaded_pages: 166,
  lost_pages: 26,
  total_imgs_num: 319,
  total: false,
  all_download_task: false
}
{ msg: 'STREAM::WRITE::PIPE::DONE::155' }
{
  msg: 'STREAM::WRITE::PIPE::CLOSED::155',
  downloaded_pages: 167,
  lost_pages: 26,
  total_imgs_num: 319,
  total: false,
  all_download_task: false
}
{ msg: 'STREAM::WRITE::PIPE::DONE::292' }
{
  msg: 'STREAM::WRITE::PIPE::CLOSED::292',
  downloaded_pages: 168,
  lost_pages: 26,
  total_imgs_num: 319,
  total: false,
  all_download_task: false
}
{ msg: 'STREAM::WRITE::PIPE::DONE::22' }
{
  msg: 'STREAM::WRITE::PIPE::CLOSED::22',
  downloaded_pages: 169,
  lost_pages: 26,
  total_imgs_num: 319,
  total: false,
  all_download_task: false
}
{
  msg: 'STREAM::WRITE::PIPE::ERROR::293',
  err: Error: socket hang up
      at connResetException (internal/errors.js:639:14)
      at TLSSocket.socketOnEnd (_http_client.js:499:23)
      at TLSSocket.emit (events.js:412:35)
      at endReadableNT (internal/streams/readable.js:1334:12)
      at processTicksAndRejections (internal/process/task_queues.js:82:21) {
    code: 'ECONNRESET'
  }
}
{ msg: 'STREAM::WRITE::PIPE::DONE::15' }
{
  msg: 'STREAM::WRITE::PIPE::CLOSED::15',
  downloaded_pages: 170,
  lost_pages: 27,
  total_imgs_num: 319,
  total: false,
  all_download_task: false
}
{ msg: 'STREAM::WRITE::PIPE::DONE::25' }
{
  msg: 'STREAM::WRITE::PIPE::CLOSED::25',
  downloaded_pages: 171,
  lost_pages: 27,
  total_imgs_num: 319,
  total: false,
  all_download_task: false
}
{ msg: 'STREAM::WRITE::PIPE::DONE::175' }
{
  msg: 'STREAM::WRITE::PIPE::CLOSED::175',
  downloaded_pages: 172,
  lost_pages: 27,
  total_imgs_num: 319,
  total: false,
  all_download_task: false
}
{ msg: 'STREAM::WRITE::PIPE::DONE::67' }
{
  msg: 'STREAM::WRITE::PIPE::CLOSED::67',
  downloaded_pages: 173,
  lost_pages: 27,
  total_imgs_num: 319,
  total: false,
  all_download_task: false
}
{ msg: 'STREAM::WRITE::PIPE::DONE::238' }
{
  msg: 'STREAM::WRITE::PIPE::CLOSED::238',
  downloaded_pages: 174,
  lost_pages: 27,
  total_imgs_num: 319,
  total: false,
  all_download_task: false
}
{ msg: 'STREAM::WRITE::PIPE::DONE::75' }
{
  msg: 'STREAM::WRITE::PIPE::CLOSED::75',
  downloaded_pages: 175,
  lost_pages: 27,
  total_imgs_num: 319,
  total: false,
  all_download_task: false
}
{ msg: 'STREAM::WRITE::PIPE::DONE::253' }
{
  msg: 'STREAM::WRITE::PIPE::CLOSED::253',
  downloaded_pages: 176,
  lost_pages: 27,
  total_imgs_num: 319,
  total: false,
  all_download_task: false
}
{ msg: 'STREAM::WRITE::PIPE::DONE::304' }
{
  msg: 'STREAM::WRITE::PIPE::CLOSED::304',
  downloaded_pages: 177,
  lost_pages: 27,
  total_imgs_num: 319,
  total: false,
  all_download_task: false
}
{ msg: 'STREAM::WRITE::PIPE::DONE::152' }
{
  msg: 'STREAM::WRITE::PIPE::CLOSED::152',
  downloaded_pages: 178,
  lost_pages: 27,
  total_imgs_num: 319,
  total: false,
  all_download_task: false
}
{ msg: 'STREAM::WRITE::PIPE::DONE::4' }
{
  msg: 'STREAM::WRITE::PIPE::CLOSED::4',
  downloaded_pages: 179,
  lost_pages: 27,
  total_imgs_num: 319,
  total: false,
  all_download_task: false
}
{ msg: 'STREAM::WRITE::PIPE::DONE::26' }
{
  msg: 'STREAM::WRITE::PIPE::CLOSED::26',
  downloaded_pages: 180,
  lost_pages: 27,
  total_imgs_num: 319,
  total: false,
  all_download_task: false
}
{ msg: 'STREAM::WRITE::PIPE::DONE::205' }
{
  msg: 'STREAM::WRITE::PIPE::CLOSED::205',
  downloaded_pages: 181,
  lost_pages: 27,
  total_imgs_num: 319,
  total: false,
  all_download_task: false
}
{ msg: 'STREAM::WRITE::PIPE::DONE::63' }
{
  msg: 'STREAM::WRITE::PIPE::CLOSED::63',
  downloaded_pages: 182,
  lost_pages: 27,
  total_imgs_num: 319,
  total: false,
  all_download_task: false
}
{ msg: 'STREAM::WRITE::PIPE::DONE::252' }
{
  msg: 'STREAM::WRITE::PIPE::CLOSED::252',
  downloaded_pages: 183,
  lost_pages: 27,
  total_imgs_num: 319,
  total: false,
  all_download_task: false
}
{ msg: 'STREAM::WRITE::PIPE::DONE::319' }
{
  msg: 'STREAM::WRITE::PIPE::CLOSED::319',
  downloaded_pages: 184,
  lost_pages: 27,
  total_imgs_num: 319,
  total: false,
  all_download_task: false
}
{ msg: 'STREAM::WRITE::PIPE::DONE::62' }
{
  msg: 'STREAM::WRITE::PIPE::CLOSED::62',
  downloaded_pages: 185,
  lost_pages: 27,
  total_imgs_num: 319,
  total: false,
  all_download_task: false
}
{ msg: 'STREAM::WRITE::PIPE::DONE::93' }
{
  msg: 'STREAM::WRITE::PIPE::CLOSED::93',
  downloaded_pages: 186,
  lost_pages: 27,
  total_imgs_num: 319,
  total: false,
  all_download_task: false
}
{
  msg: 'STREAM::WRITE::PIPE::ERROR::231',
  err: Error: socket hang up
      at connResetException (internal/errors.js:639:14)
      at TLSSocket.socketOnEnd (_http_client.js:499:23)
      at TLSSocket.emit (events.js:412:35)
      at endReadableNT (internal/streams/readable.js:1334:12)
      at processTicksAndRejections (internal/process/task_queues.js:82:21) {
    code: 'ECONNRESET'
  }
}
{ msg: 'STREAM::WRITE::PIPE::DONE::158' }
{
  msg: 'STREAM::WRITE::PIPE::CLOSED::158',
  downloaded_pages: 187,
  lost_pages: 28,
  total_imgs_num: 319,
  total: false,
  all_download_task: false
}
{ msg: 'STREAM::WRITE::PIPE::DONE::105' }
{
  msg: 'STREAM::WRITE::PIPE::CLOSED::105',
  downloaded_pages: 188,
  lost_pages: 28,
  total_imgs_num: 319,
  total: false,
  all_download_task: false
}
{ msg: 'STREAM::WRITE::PIPE::DONE::214' }
{
  msg: 'STREAM::WRITE::PIPE::CLOSED::214',
  downloaded_pages: 189,
  lost_pages: 28,
  total_imgs_num: 319,
  total: false,
  all_download_task: false
}
{ msg: 'STREAM::WRITE::PIPE::DONE::184' }
{
  msg: 'STREAM::WRITE::PIPE::CLOSED::184',
  downloaded_pages: 190,
  lost_pages: 28,
  total_imgs_num: 319,
  total: false,
  all_download_task: false
}
{ msg: 'STREAM::WRITE::PIPE::DONE::262' }
{
  msg: 'STREAM::WRITE::PIPE::CLOSED::262',
  downloaded_pages: 191,
  lost_pages: 28,
  total_imgs_num: 319,
  total: false,
  all_download_task: false
}
{
  msg: 'STREAM::WRITE::PIPE::ERROR::172',
  err: Error: socket hang up
      at connResetException (internal/errors.js:639:14)
      at TLSSocket.socketOnEnd (_http_client.js:499:23)
      at TLSSocket.emit (events.js:412:35)
      at endReadableNT (internal/streams/readable.js:1334:12)
      at processTicksAndRejections (internal/process/task_queues.js:82:21) {
    code: 'ECONNRESET'
  }
}
{ msg: 'STREAM::WRITE::PIPE::DONE::272' }
{
  msg: 'STREAM::WRITE::PIPE::CLOSED::272',
  downloaded_pages: 192,
  lost_pages: 29,
  total_imgs_num: 319,
  total: false,
  all_download_task: false
}
{ msg: 'STREAM::WRITE::PIPE::DONE::273' }
{
  msg: 'STREAM::WRITE::PIPE::CLOSED::273',
  downloaded_pages: 193,
  lost_pages: 29,
  total_imgs_num: 319,
  total: false,
  all_download_task: false
}
{ msg: 'STREAM::WRITE::PIPE::DONE::153' }
{
  msg: 'STREAM::WRITE::PIPE::CLOSED::153',
  downloaded_pages: 194,
  lost_pages: 29,
  total_imgs_num: 319,
  total: false,
  all_download_task: false
}
{ msg: 'STREAM::WRITE::PIPE::DONE::255' }
{
  msg: 'STREAM::WRITE::PIPE::CLOSED::255',
  downloaded_pages: 195,
  lost_pages: 29,
  total_imgs_num: 319,
  total: false,
  all_download_task: false
}
{ msg: 'STREAM::WRITE::PIPE::DONE::39' }
{
  msg: 'STREAM::WRITE::PIPE::CLOSED::39',
  downloaded_pages: 196,
  lost_pages: 29,
  total_imgs_num: 319,
  total: false,
  all_download_task: false
}
{ msg: 'STREAM::WRITE::PIPE::DONE::224' }
{
  msg: 'STREAM::WRITE::PIPE::CLOSED::224',
  downloaded_pages: 197,
  lost_pages: 29,
  total_imgs_num: 319,
  total: false,
  all_download_task: false
}
{ msg: 'STREAM::WRITE::PIPE::DONE::10' }
{
  msg: 'STREAM::WRITE::PIPE::CLOSED::10',
  downloaded_pages: 198,
  lost_pages: 29,
  total_imgs_num: 319,
  total: false,
  all_download_task: false
}
{ msg: 'STREAM::WRITE::PIPE::DONE::157' }
{
  msg: 'STREAM::WRITE::PIPE::CLOSED::157',
  downloaded_pages: 199,
  lost_pages: 29,
  total_imgs_num: 319,
  total: false,
  all_download_task: false
}
{
  msg: 'STREAM::WRITE::PIPE::ERROR::72',
  err: Error: socket hang up
      at connResetException (internal/errors.js:639:14)
      at TLSSocket.socketOnEnd (_http_client.js:499:23)
      at TLSSocket.emit (events.js:412:35)
      at endReadableNT (internal/streams/readable.js:1334:12)
      at processTicksAndRejections (internal/process/task_queues.js:82:21) {
    code: 'ECONNRESET'
  }
}
{ msg: 'STREAM::WRITE::PIPE::DONE::223' }
{
  msg: 'STREAM::WRITE::PIPE::CLOSED::223',
  downloaded_pages: 200,
  lost_pages: 30,
  total_imgs_num: 319,
  total: false,
  all_download_task: false
}
{ msg: 'STREAM::WRITE::PIPE::DONE::150' }
{
  msg: 'STREAM::WRITE::PIPE::CLOSED::150',
  downloaded_pages: 201,
  lost_pages: 30,
  total_imgs_num: 319,
  total: false,
  all_download_task: false
}
{ msg: 'STREAM::WRITE::PIPE::DONE::242' }
{
  msg: 'STREAM::WRITE::PIPE::CLOSED::242',
  downloaded_pages: 202,
  lost_pages: 30,
  total_imgs_num: 319,
  total: false,
  all_download_task: false
}
{ msg: 'STREAM::WRITE::PIPE::DONE::88' }
{
  msg: 'STREAM::WRITE::PIPE::CLOSED::88',
  downloaded_pages: 203,
  lost_pages: 30,
  total_imgs_num: 319,
  total: false,
  all_download_task: false
}
{ msg: 'STREAM::WRITE::PIPE::DONE::54' }
{
  msg: 'STREAM::WRITE::PIPE::CLOSED::54',
  downloaded_pages: 204,
  lost_pages: 30,
  total_imgs_num: 319,
  total: false,
  all_download_task: false
}
{ msg: 'STREAM::WRITE::PIPE::DONE::35' }
{
  msg: 'STREAM::WRITE::PIPE::CLOSED::35',
  downloaded_pages: 205,
  lost_pages: 30,
  total_imgs_num: 319,
  total: false,
  all_download_task: false
}
{
  msg: 'STREAM::WRITE::PIPE::ERROR::132',
  err: Error: socket hang up
      at connResetException (internal/errors.js:639:14)
      at TLSSocket.socketOnEnd (_http_client.js:499:23)
      at TLSSocket.emit (events.js:412:35)
      at endReadableNT (internal/streams/readable.js:1334:12)
      at processTicksAndRejections (internal/process/task_queues.js:82:21) {
    code: 'ECONNRESET'
  }
}
{
  msg: 'STREAM::WRITE::PIPE::ERROR::119',
  err: Error: socket hang up
      at connResetException (internal/errors.js:639:14)
      at TLSSocket.socketOnEnd (_http_client.js:499:23)
      at TLSSocket.emit (events.js:412:35)
      at endReadableNT (internal/streams/readable.js:1334:12)
      at processTicksAndRejections (internal/process/task_queues.js:82:21) {
    code: 'ECONNRESET'
  }
}
{ msg: 'STREAM::WRITE::PIPE::DONE::183' }
{
  msg: 'STREAM::WRITE::PIPE::CLOSED::183',
  downloaded_pages: 206,
  lost_pages: 32,
  total_imgs_num: 319,
  total: false,
  all_download_task: false
}
{
  msg: 'STREAM::WRITE::PIPE::ERROR::122',
  err: Error: socket hang up
      at connResetException (internal/errors.js:639:14)
      at TLSSocket.socketOnEnd (_http_client.js:499:23)
      at TLSSocket.emit (events.js:412:35)
      at endReadableNT (internal/streams/readable.js:1334:12)
      at processTicksAndRejections (internal/process/task_queues.js:82:21) {
    code: 'ECONNRESET'
  }
}
{
  msg: 'STREAM::WRITE::PIPE::ERROR::127',
  err: Error: socket hang up
      at connResetException (internal/errors.js:639:14)
      at TLSSocket.socketOnEnd (_http_client.js:499:23)
      at TLSSocket.emit (events.js:412:35)
      at endReadableNT (internal/streams/readable.js:1334:12)
      at processTicksAndRejections (internal/process/task_queues.js:82:21) {
    code: 'ECONNRESET'
  }
}
{
  msg: 'STREAM::WRITE::PIPE::ERROR::110',
  err: Error: socket hang up
      at connResetException (internal/errors.js:639:14)
      at TLSSocket.socketOnEnd (_http_client.js:499:23)
      at TLSSocket.emit (events.js:412:35)
      at endReadableNT (internal/streams/readable.js:1334:12)
      at processTicksAndRejections (internal/process/task_queues.js:82:21) {
    code: 'ECONNRESET'
  }
}
{
  msg: 'STREAM::WRITE::PIPE::ERROR::123',
  err: Error: socket hang up
      at connResetException (internal/errors.js:639:14)
      at TLSSocket.socketOnEnd (_http_client.js:499:23)
      at TLSSocket.emit (events.js:412:35)
      at endReadableNT (internal/streams/readable.js:1334:12)
      at processTicksAndRejections (internal/process/task_queues.js:82:21) {
    code: 'ECONNRESET'
  }
}
{
  msg: 'STREAM::WRITE::PIPE::ERROR::133',
  err: Error: socket hang up
      at connResetException (internal/errors.js:639:14)
      at TLSSocket.socketOnEnd (_http_client.js:499:23)
      at TLSSocket.emit (events.js:412:35)
      at endReadableNT (internal/streams/readable.js:1334:12)
      at processTicksAndRejections (internal/process/task_queues.js:82:21) {
    code: 'ECONNRESET'
  }
}
{
  msg: 'STREAM::WRITE::PIPE::ERROR::130',
  err: Error: socket hang up
      at connResetException (internal/errors.js:639:14)
      at TLSSocket.socketOnEnd (_http_client.js:499:23)
      at TLSSocket.emit (events.js:412:35)
      at endReadableNT (internal/streams/readable.js:1334:12)
      at processTicksAndRejections (internal/process/task_queues.js:82:21) {
    code: 'ECONNRESET'
  }
}
{
  msg: 'STREAM::WRITE::PIPE::ERROR::200',
  err: Error: socket hang up
      at connResetException (internal/errors.js:639:14)
      at TLSSocket.socketOnEnd (_http_client.js:499:23)
      at TLSSocket.emit (events.js:412:35)
      at endReadableNT (internal/streams/readable.js:1334:12)
      at processTicksAndRejections (internal/process/task_queues.js:82:21) {
    code: 'ECONNRESET'
  }
}
{ msg: 'STREAM::WRITE::PIPE::DONE::41' }
{
  msg: 'STREAM::WRITE::PIPE::CLOSED::41',
  downloaded_pages: 207,
  lost_pages: 39,
  total_imgs_num: 319,
  total: false,
  all_download_task: false
}
{
  msg: 'STREAM::WRITE::PIPE::ERROR::269',
  err: Error: socket hang up
      at connResetException (internal/errors.js:639:14)
      at TLSSocket.socketOnEnd (_http_client.js:499:23)
      at TLSSocket.emit (events.js:412:35)
      at endReadableNT (internal/streams/readable.js:1334:12)
      at processTicksAndRejections (internal/process/task_queues.js:82:21) {
    code: 'ECONNRESET'
  }
}
{
  msg: 'STREAM::WRITE::PIPE::ERROR::125',
  err: Error: socket hang up
      at connResetException (internal/errors.js:639:14)
      at TLSSocket.socketOnEnd (_http_client.js:499:23)
      at TLSSocket.emit (events.js:412:35)
      at endReadableNT (internal/streams/readable.js:1334:12)
      at processTicksAndRejections (internal/process/task_queues.js:82:21) {
    code: 'ECONNRESET'
  }
}
{
  msg: 'STREAM::WRITE::PIPE::ERROR::107',
  err: Error: socket hang up
      at connResetException (internal/errors.js:639:14)
      at TLSSocket.socketOnEnd (_http_client.js:499:23)
      at TLSSocket.emit (events.js:412:35)
      at endReadableNT (internal/streams/readable.js:1334:12)
      at processTicksAndRejections (internal/process/task_queues.js:82:21) {
    code: 'ECONNRESET'
  }
}
{
  msg: 'STREAM::WRITE::PIPE::ERROR::118',
  err: Error: socket hang up
      at connResetException (internal/errors.js:639:14)
      at TLSSocket.socketOnEnd (_http_client.js:499:23)
      at TLSSocket.emit (events.js:412:35)
      at endReadableNT (internal/streams/readable.js:1334:12)
      at processTicksAndRejections (internal/process/task_queues.js:82:21) {
    code: 'ECONNRESET'
  }
}
{
  msg: 'STREAM::WRITE::PIPE::ERROR::116',
  err: Error: socket hang up
      at connResetException (internal/errors.js:639:14)
      at TLSSocket.socketOnEnd (_http_client.js:499:23)
      at TLSSocket.emit (events.js:412:35)
      at endReadableNT (internal/streams/readable.js:1334:12)
      at processTicksAndRejections (internal/process/task_queues.js:82:21) {
    code: 'ECONNRESET'
  }
}
{
  msg: 'STREAM::WRITE::PIPE::ERROR::128',
  err: Error: socket hang up
      at connResetException (internal/errors.js:639:14)
      at TLSSocket.socketOnEnd (_http_client.js:499:23)
      at TLSSocket.emit (events.js:412:35)
      at endReadableNT (internal/streams/readable.js:1334:12)
      at processTicksAndRejections (internal/process/task_queues.js:82:21) {
    code: 'ECONNRESET'
  }
}
{
  msg: 'STREAM::WRITE::PIPE::ERROR::134',
  err: Error: socket hang up
      at connResetException (internal/errors.js:639:14)
      at TLSSocket.socketOnEnd (_http_client.js:499:23)
      at TLSSocket.emit (events.js:412:35)
      at endReadableNT (internal/streams/readable.js:1334:12)
      at processTicksAndRejections (internal/process/task_queues.js:82:21) {
    code: 'ECONNRESET'
  }
}
{
  msg: 'STREAM::WRITE::PIPE::ERROR::198',
  err: Error: socket hang up
      at connResetException (internal/errors.js:639:14)
      at TLSSocket.socketOnEnd (_http_client.js:499:23)
      at TLSSocket.emit (events.js:412:35)
      at endReadableNT (internal/streams/readable.js:1334:12)
      at processTicksAndRejections (internal/process/task_queues.js:82:21) {
    code: 'ECONNRESET'
  }
}
{
  msg: 'STREAM::WRITE::PIPE::ERROR::143',
  err: Error: socket hang up
      at connResetException (internal/errors.js:639:14)
      at TLSSocket.socketOnEnd (_http_client.js:499:23)
      at TLSSocket.emit (events.js:412:35)
      at endReadableNT (internal/streams/readable.js:1334:12)
      at processTicksAndRejections (internal/process/task_queues.js:82:21) {
    code: 'ECONNRESET'
  }
}
{
  msg: 'STREAM::WRITE::PIPE::ERROR::278',
  err: Error: socket hang up
      at connResetException (internal/errors.js:639:14)
      at TLSSocket.socketOnEnd (_http_client.js:499:23)
      at TLSSocket.emit (events.js:412:35)
      at endReadableNT (internal/streams/readable.js:1334:12)
      at processTicksAndRejections (internal/process/task_queues.js:82:21) {
    code: 'ECONNRESET'
  }
}
{
  msg: 'STREAM::WRITE::PIPE::ERROR::131',
  err: Error: socket hang up
      at connResetException (internal/errors.js:639:14)
      at TLSSocket.socketOnEnd (_http_client.js:499:23)
      at TLSSocket.emit (events.js:412:35)
      at endReadableNT (internal/streams/readable.js:1334:12)
      at processTicksAndRejections (internal/process/task_queues.js:82:21) {
    code: 'ECONNRESET'
  }
}
{
  msg: 'STREAM::WRITE::PIPE::ERROR::146',
  err: Error: socket hang up
      at connResetException (internal/errors.js:639:14)
      at TLSSocket.socketOnEnd (_http_client.js:499:23)
      at TLSSocket.emit (events.js:412:35)
      at endReadableNT (internal/streams/readable.js:1334:12)
      at processTicksAndRejections (internal/process/task_queues.js:82:21) {
    code: 'ECONNRESET'
  }
}
{
  msg: 'STREAM::WRITE::PIPE::ERROR::129',
  err: Error: socket hang up
      at connResetException (internal/errors.js:639:14)
      at TLSSocket.socketOnEnd (_http_client.js:499:23)
      at TLSSocket.emit (events.js:412:35)
      at endReadableNT (internal/streams/readable.js:1334:12)
      at processTicksAndRejections (internal/process/task_queues.js:82:21) {
    code: 'ECONNRESET'
  }
}
{
  msg: 'STREAM::WRITE::PIPE::ERROR::195',
  err: Error: socket hang up
      at connResetException (internal/errors.js:639:14)
      at TLSSocket.socketOnEnd (_http_client.js:499:23)
      at TLSSocket.emit (events.js:412:35)
      at endReadableNT (internal/streams/readable.js:1334:12)
      at processTicksAndRejections (internal/process/task_queues.js:82:21) {
    code: 'ECONNRESET'
  }
}
{
  msg: 'STREAM::WRITE::PIPE::ERROR::136',
  err: Error: socket hang up
      at connResetException (internal/errors.js:639:14)
      at TLSSocket.socketOnEnd (_http_client.js:499:23)
      at TLSSocket.emit (events.js:412:35)
      at endReadableNT (internal/streams/readable.js:1334:12)
      at processTicksAndRejections (internal/process/task_queues.js:82:21) {
    code: 'ECONNRESET'
  }
}
{
  msg: 'STREAM::WRITE::PIPE::ERROR::141',
  err: Error: socket hang up
      at connResetException (internal/errors.js:639:14)
      at TLSSocket.socketOnEnd (_http_client.js:499:23)
      at TLSSocket.emit (events.js:412:35)
      at endReadableNT (internal/streams/readable.js:1334:12)
      at processTicksAndRejections (internal/process/task_queues.js:82:21) {
    code: 'ECONNRESET'
  }
}
{
  msg: 'STREAM::WRITE::PIPE::ERROR::121',
  err: Error: socket hang up
      at connResetException (internal/errors.js:639:14)
      at TLSSocket.socketOnEnd (_http_client.js:499:23)
      at TLSSocket.emit (events.js:412:35)
      at endReadableNT (internal/streams/readable.js:1334:12)
      at processTicksAndRejections (internal/process/task_queues.js:82:21) {
    code: 'ECONNRESET'
  }
}
{
  msg: 'STREAM::WRITE::PIPE::ERROR::113',
  err: Error: socket hang up
      at connResetException (internal/errors.js:639:14)
      at TLSSocket.socketOnEnd (_http_client.js:499:23)
      at TLSSocket.emit (events.js:412:35)
      at endReadableNT (internal/streams/readable.js:1334:12)
      at processTicksAndRejections (internal/process/task_queues.js:82:21) {
    code: 'ECONNRESET'
  }
}
{ msg: 'STREAM::WRITE::PIPE::DONE::254' }
{
  msg: 'STREAM::WRITE::PIPE::ERROR::142',
  err: Error: socket hang up
      at connResetException (internal/errors.js:639:14)
      at TLSSocket.socketOnEnd (_http_client.js:499:23)
      at TLSSocket.emit (events.js:412:35)
      at endReadableNT (internal/streams/readable.js:1334:12)
      at processTicksAndRejections (internal/process/task_queues.js:82:21) {
    code: 'ECONNRESET'
  }
}
{
  msg: 'STREAM::WRITE::PIPE::CLOSED::254',
  downloaded_pages: 208,
  lost_pages: 58,
  total_imgs_num: 319,
  total: false,
  all_download_task: false
}
{
  msg: 'STREAM::WRITE::PIPE::ERROR::120',
  err: Error: socket hang up
      at connResetException (internal/errors.js:639:14)
      at TLSSocket.socketOnEnd (_http_client.js:499:23)
      at TLSSocket.emit (events.js:412:35)
      at endReadableNT (internal/streams/readable.js:1334:12)
      at processTicksAndRejections (internal/process/task_queues.js:82:21) {
    code: 'ECONNRESET'
  }
}
{
  msg: 'STREAM::WRITE::PIPE::ERROR::181',
  err: Error: socket hang up
      at connResetException (internal/errors.js:639:14)
      at TLSSocket.socketOnEnd (_http_client.js:499:23)
      at TLSSocket.emit (events.js:412:35)
      at endReadableNT (internal/streams/readable.js:1334:12)
      at processTicksAndRejections (internal/process/task_queues.js:82:21) {
    code: 'ECONNRESET'
  }
}
{
  msg: 'STREAM::WRITE::PIPE::ERROR::190',
  err: Error: socket hang up
      at connResetException (internal/errors.js:639:14)
      at TLSSocket.socketOnEnd (_http_client.js:499:23)
      at TLSSocket.emit (events.js:412:35)
      at endReadableNT (internal/streams/readable.js:1334:12)
      at processTicksAndRejections (internal/process/task_queues.js:82:21) {
    code: 'ECONNRESET'
  }
}
{
  msg: 'STREAM::WRITE::PIPE::ERROR::115',
  err: Error: socket hang up
      at connResetException (internal/errors.js:639:14)
      at TLSSocket.socketOnEnd (_http_client.js:499:23)
      at TLSSocket.emit (events.js:412:35)
      at endReadableNT (internal/streams/readable.js:1334:12)
      at processTicksAndRejections (internal/process/task_queues.js:82:21) {
    code: 'ECONNRESET'
  }
}
{ msg: 'STREAM::WRITE::PIPE::DONE::79' }
{
  msg: 'STREAM::WRITE::PIPE::CLOSED::79',
  downloaded_pages: 209,
  lost_pages: 62,
  total_imgs_num: 319,
  total: false,
  all_download_task: false
}
{
  msg: 'STREAM::WRITE::PIPE::ERROR::282',
  err: Error: socket hang up
      at connResetException (internal/errors.js:639:14)
      at TLSSocket.socketOnEnd (_http_client.js:499:23)
      at TLSSocket.emit (events.js:412:35)
      at endReadableNT (internal/streams/readable.js:1334:12)
      at processTicksAndRejections (internal/process/task_queues.js:82:21) {
    code: 'ECONNRESET'
  }
}
{
  msg: 'STREAM::WRITE::PIPE::ERROR::274',
  err: Error: socket hang up
      at connResetException (internal/errors.js:639:14)
      at TLSSocket.socketOnEnd (_http_client.js:499:23)
      at TLSSocket.emit (events.js:412:35)
      at endReadableNT (internal/streams/readable.js:1334:12)
      at processTicksAndRejections (internal/process/task_queues.js:82:21) {
    code: 'ECONNRESET'
  }
}
{
  msg: 'STREAM::WRITE::PIPE::ERROR::126',
  err: Error: socket hang up
      at connResetException (internal/errors.js:639:14)
      at TLSSocket.socketOnEnd (_http_client.js:499:23)
      at TLSSocket.emit (events.js:412:35)
      at endReadableNT (internal/streams/readable.js:1334:12)
      at processTicksAndRejections (internal/process/task_queues.js:82:21) {
    code: 'ECONNRESET'
  }
}
{ msg: 'STREAM::WRITE::PIPE::DONE::251' }
{
  msg: 'STREAM::WRITE::PIPE::CLOSED::251',
  downloaded_pages: 210,
  lost_pages: 65,
  total_imgs_num: 319,
  total: false,
  all_download_task: false
}
{ msg: 'STREAM::WRITE::PIPE::DONE::182' }
{
  msg: 'STREAM::WRITE::PIPE::CLOSED::182',
  downloaded_pages: 211,
  lost_pages: 65,
  total_imgs_num: 319,
  total: false,
  all_download_task: false
}
{ msg: 'STREAM::WRITE::PIPE::DONE::30' }
{
  msg: 'STREAM::WRITE::PIPE::CLOSED::30',
  downloaded_pages: 212,
  lost_pages: 65,
  total_imgs_num: 319,
  total: false,
  all_download_task: false
}
{
  msg: 'STREAM::WRITE::PIPE::ERROR::193',
  err: Error: socket hang up
      at connResetException (internal/errors.js:639:14)
      at TLSSocket.socketOnEnd (_http_client.js:499:23)
      at TLSSocket.emit (events.js:412:35)
      at endReadableNT (internal/streams/readable.js:1334:12)
      at processTicksAndRejections (internal/process/task_queues.js:82:21) {
    code: 'ECONNRESET'
  }
}
{ msg: 'STREAM::WRITE::PIPE::DONE::245' }
{
  msg: 'STREAM::WRITE::PIPE::CLOSED::245',
  downloaded_pages: 213,
  lost_pages: 66,
  total_imgs_num: 319,
  total: false,
  all_download_task: false
}
{
  msg: 'STREAM::WRITE::PIPE::ERROR::187',
  err: Error: socket hang up
      at connResetException (internal/errors.js:639:14)
      at TLSSocket.socketOnEnd (_http_client.js:499:23)
      at TLSSocket.emit (events.js:412:35)
      at endReadableNT (internal/streams/readable.js:1334:12)
      at processTicksAndRejections (internal/process/task_queues.js:82:21) {
    code: 'ECONNRESET'
  }
}
{ msg: 'STREAM::WRITE::PIPE::DONE::305' }
{
  msg: 'STREAM::WRITE::PIPE::CLOSED::305',
  downloaded_pages: 214,
  lost_pages: 67,
  total_imgs_num: 319,
  total: false,
  all_download_task: false
}
{ msg: 'STREAM::WRITE::PIPE::DONE::76' }
{
  msg: 'STREAM::WRITE::PIPE::CLOSED::76',
  downloaded_pages: 215,
  lost_pages: 67,
  total_imgs_num: 319,
  total: false,
  all_download_task: false
}
{ msg: 'STREAM::WRITE::PIPE::DONE::256' }
{
  msg: 'STREAM::WRITE::PIPE::CLOSED::256',
  downloaded_pages: 216,
  lost_pages: 67,
  total_imgs_num: 319,
  total: false,
  all_download_task: false
}
{ msg: 'STREAM::WRITE::PIPE::DONE::299' }
{
  msg: 'STREAM::WRITE::PIPE::CLOSED::299',
  downloaded_pages: 217,
  lost_pages: 67,
  total_imgs_num: 319,
  total: false,
  all_download_task: false
}
{ msg: 'STREAM::WRITE::PIPE::DONE::61' }
{
  msg: 'STREAM::WRITE::PIPE::CLOSED::61',
  downloaded_pages: 218,
  lost_pages: 67,
  total_imgs_num: 319,
  total: false,
  all_download_task: false
}
{ msg: 'STREAM::WRITE::PIPE::DONE::236' }
{
  msg: 'STREAM::WRITE::PIPE::CLOSED::236',
  downloaded_pages: 219,
  lost_pages: 67,
  total_imgs_num: 319,
  total: false,
  all_download_task: false
}
{ msg: 'STREAM::WRITE::PIPE::DONE::313' }
{
  msg: 'STREAM::WRITE::PIPE::CLOSED::313',
  downloaded_pages: 220,
  lost_pages: 67,
  total_imgs_num: 319,
  total: false,
  all_download_task: false
}
{ msg: 'STREAM::WRITE::PIPE::DONE::6' }
{
  msg: 'STREAM::WRITE::PIPE::CLOSED::6',
  downloaded_pages: 221,
  lost_pages: 67,
  total_imgs_num: 319,
  total: false,
  all_download_task: false
}
{ msg: 'STREAM::WRITE::PIPE::DONE::92' }
{
  msg: 'STREAM::WRITE::PIPE::CLOSED::92',
  downloaded_pages: 222,
  lost_pages: 67,
  total_imgs_num: 319,
  total: false,
  all_download_task: false
}
{ msg: 'STREAM::WRITE::PIPE::DONE::12' }
{
  msg: 'STREAM::WRITE::PIPE::CLOSED::12',
  downloaded_pages: 223,
  lost_pages: 67,
  total_imgs_num: 319,
  total: false,
  all_download_task: false
}
{ msg: 'STREAM::WRITE::PIPE::DONE::44' }
{
  msg: 'STREAM::WRITE::PIPE::CLOSED::44',
  downloaded_pages: 224,
  lost_pages: 67,
  total_imgs_num: 319,
  total: false,
  all_download_task: false
}
{ msg: 'STREAM::WRITE::PIPE::DONE::161' }
{
  msg: 'STREAM::WRITE::PIPE::CLOSED::161',
  downloaded_pages: 225,
  lost_pages: 67,
  total_imgs_num: 319,
  total: false,
  all_download_task: false
}
{ msg: 'STREAM::WRITE::PIPE::DONE::43' }
{
  msg: 'STREAM::WRITE::PIPE::CLOSED::43',
  downloaded_pages: 226,
  lost_pages: 67,
  total_imgs_num: 319,
  total: false,
  all_download_task: false
}
{
  msg: 'STREAM::WRITE::PIPE::ERROR::199',
  err: Error: socket hang up
      at connResetException (internal/errors.js:639:14)
      at TLSSocket.socketOnEnd (_http_client.js:499:23)
      at TLSSocket.emit (events.js:412:35)
      at endReadableNT (internal/streams/readable.js:1334:12)
      at processTicksAndRejections (internal/process/task_queues.js:82:21) {
    code: 'ECONNRESET'
  }
}
{ msg: 'STREAM::WRITE::PIPE::DONE::240' }
{
  msg: 'STREAM::WRITE::PIPE::CLOSED::240',
  downloaded_pages: 227,
  lost_pages: 68,
  total_imgs_num: 319,
  total: false,
  all_download_task: false
}
{ msg: 'STREAM::WRITE::PIPE::DONE::258' }
{
  msg: 'STREAM::WRITE::PIPE::CLOSED::258',
  downloaded_pages: 228,
  lost_pages: 68,
  total_imgs_num: 319,
  total: false,
  all_download_task: false
}
{ msg: 'STREAM::WRITE::PIPE::DONE::243' }
{
  msg: 'STREAM::WRITE::PIPE::CLOSED::243',
  downloaded_pages: 229,
  lost_pages: 68,
  total_imgs_num: 319,
  total: false,
  all_download_task: false
}
{ msg: 'STREAM::WRITE::PIPE::DONE::298' }
{
  msg: 'STREAM::WRITE::PIPE::CLOSED::298',
  downloaded_pages: 230,
  lost_pages: 68,
  total_imgs_num: 319,
  total: false,
  all_download_task: false
}
{
  msg: 'STREAM::WRITE::PIPE::ERROR::290',
  err: Error: socket hang up
      at connResetException (internal/errors.js:639:14)
      at TLSSocket.socketOnEnd (_http_client.js:499:23)
      at TLSSocket.emit (events.js:412:35)
      at endReadableNT (internal/streams/readable.js:1334:12)
      at processTicksAndRejections (internal/process/task_queues.js:82:21) {
    code: 'ECONNRESET'
  }
}
{ msg: 'STREAM::WRITE::PIPE::DONE::89' }
{
  msg: 'STREAM::WRITE::PIPE::CLOSED::89',
  downloaded_pages: 231,
  lost_pages: 69,
  total_imgs_num: 319,
  total: false,
  all_download_task: false
}
{ msg: 'STREAM::WRITE::PIPE::DONE::57' }
{
  msg: 'STREAM::WRITE::PIPE::CLOSED::57',
  downloaded_pages: 232,
  lost_pages: 69,
  total_imgs_num: 319,
  total: false,
  all_download_task: false
}
{ msg: 'STREAM::WRITE::PIPE::DONE::81' }
{
  msg: 'STREAM::WRITE::PIPE::CLOSED::81',
  downloaded_pages: 233,
  lost_pages: 69,
  total_imgs_num: 319,
  total: false,
  all_download_task: false
}
{ msg: 'STREAM::WRITE::PIPE::DONE::148' }
{
  msg: 'STREAM::WRITE::PIPE::CLOSED::148',
  downloaded_pages: 234,
  lost_pages: 69,
  total_imgs_num: 319,
  total: false,
  all_download_task: false
}
{ msg: 'STREAM::WRITE::PIPE::DONE::23' }
{
  msg: 'STREAM::WRITE::PIPE::CLOSED::23',
  downloaded_pages: 235,
  lost_pages: 69,
  total_imgs_num: 319,
  total: false,
  all_download_task: false
}
{ msg: 'STREAM::WRITE::PIPE::DONE::11' }
{
  msg: 'STREAM::WRITE::PIPE::CLOSED::11',
  downloaded_pages: 236,
  lost_pages: 69,
  total_imgs_num: 319,
  total: false,
  all_download_task: false
}
{ msg: 'STREAM::WRITE::PIPE::DONE::316' }
{
  msg: 'STREAM::WRITE::PIPE::CLOSED::316',
  downloaded_pages: 237,
  lost_pages: 69,
  total_imgs_num: 319,
  total: false,
  all_download_task: false
}
{ msg: 'STREAM::WRITE::PIPE::DONE::65' }
{
  msg: 'STREAM::WRITE::PIPE::CLOSED::65',
  downloaded_pages: 238,
  lost_pages: 69,
  total_imgs_num: 319,
  total: false,
  all_download_task: false
}
{ msg: 'STREAM::WRITE::PIPE::DONE::40' }
{
  msg: 'STREAM::WRITE::PIPE::CLOSED::40',
  downloaded_pages: 239,
  lost_pages: 69,
  total_imgs_num: 319,
  total: false,
  all_download_task: false
}
{ msg: 'STREAM::WRITE::PIPE::DONE::257' }
{
  msg: 'STREAM::WRITE::PIPE::CLOSED::257',
  downloaded_pages: 240,
  lost_pages: 69,
  total_imgs_num: 319,
  total: false,
  all_download_task: false
}
{ msg: 'STREAM::WRITE::PIPE::DONE::208' }
{
  msg: 'STREAM::WRITE::PIPE::CLOSED::208',
  downloaded_pages: 241,
  lost_pages: 69,
  total_imgs_num: 319,
  total: false,
  all_download_task: false
}
{ msg: 'STREAM::WRITE::PIPE::DONE::212' }
{
  msg: 'STREAM::WRITE::PIPE::CLOSED::212',
  downloaded_pages: 242,
  lost_pages: 69,
  total_imgs_num: 319,
  total: false,
  all_download_task: false
}
{
  msg: 'STREAM::WRITE::PIPE::ERROR::300',
  err: Error: socket hang up
      at connResetException (internal/errors.js:639:14)
      at TLSSocket.socketOnEnd (_http_client.js:499:23)
      at TLSSocket.emit (events.js:412:35)
      at endReadableNT (internal/streams/readable.js:1334:12)
      at processTicksAndRejections (internal/process/task_queues.js:82:21) {
    code: 'ECONNRESET'
  }
}
{ msg: 'STREAM::WRITE::PIPE::DONE::168' }
{
  msg: 'STREAM::WRITE::PIPE::CLOSED::168',
  downloaded_pages: 243,
  lost_pages: 70,
  total_imgs_num: 319,
  total: false,
  all_download_task: false
}
{ msg: 'STREAM::WRITE::PIPE::DONE::24' }
{
  msg: 'STREAM::WRITE::PIPE::CLOSED::24',
  downloaded_pages: 244,
  lost_pages: 70,
  total_imgs_num: 319,
  total: false,
  all_download_task: false
}
{ msg: 'STREAM::WRITE::PIPE::DONE::303' }
{
  msg: 'STREAM::WRITE::PIPE::CLOSED::303',
  downloaded_pages: 245,
  lost_pages: 70,
  total_imgs_num: 319,
  total: false,
  all_download_task: false
}
{
  msg: 'STREAM::WRITE::PIPE::ERROR::219',
  err: Error: socket hang up
      at connResetException (internal/errors.js:639:14)
      at TLSSocket.socketOnEnd (_http_client.js:499:23)
      at TLSSocket.emit (events.js:412:35)
      at endReadableNT (internal/streams/readable.js:1334:12)
      at processTicksAndRejections (internal/process/task_queues.js:82:21) {
    code: 'ECONNRESET'
  }
}
{ msg: 'STREAM::WRITE::PIPE::DONE::29' }
{
  msg: 'STREAM::WRITE::PIPE::CLOSED::29',
  downloaded_pages: 246,
  lost_pages: 71,
  total_imgs_num: 319,
  total: false,
  all_download_task: false
}
{
  msg: 'STREAM::WRITE::PIPE::ERROR::59',
  err: Error: socket hang up
      at connResetException (internal/errors.js:639:14)
      at TLSSocket.socketOnEnd (_http_client.js:499:23)
      at TLSSocket.emit (events.js:412:35)
      at endReadableNT (internal/streams/readable.js:1334:12)
      at processTicksAndRejections (internal/process/task_queues.js:82:21) {
    code: 'ECONNRESET'
  }
}
{
  msg: 'STREAM::WRITE::PIPE::ERROR::173',
  err: Error: socket hang up
      at connResetException (internal/errors.js:639:14)
      at TLSSocket.socketOnEnd (_http_client.js:499:23)
      at TLSSocket.emit (events.js:412:35)
      at endReadableNT (internal/streams/readable.js:1334:12)
      at processTicksAndRejections (internal/process/task_queues.js:82:21) {
    code: 'ECONNRESET'
  }
}
{
  msg: 'STREAM::WRITE::PIPE::ERROR::270',
  err: Error: socket hang up
      at connResetException (internal/errors.js:639:14)
      at TLSSocket.socketOnEnd (_http_client.js:499:23)
      at TLSSocket.emit (events.js:412:35)
      at endReadableNT (internal/streams/readable.js:1334:12)
      at processTicksAndRejections (internal/process/task_queues.js:82:21) {
    code: 'ECONNRESET'
  }
}
