----------- Started Download All Normal Pattern ---------------
Folder created OR Already found
{ msg: 'STREAM::WRITE::PIPE::DONE::1' }
{
  msg: 'STREAM::WRITE::PIPE::CLOSED::1',
  downloaded_pages: 1,
  lost_pages: 0,
  total_imgs_num: 179,
  total: false,
  all_download_task: false
}
{ msg: 'STREAM::WRITE::PIPE::DONE::0' }
{
  msg: 'STREAM::WRITE::PIPE::CLOSED::0',
  downloaded_pages: 2,
  lost_pages: 0,
  total_imgs_num: 179,
  total: false,
  all_download_task: false
}
{ msg: 'STREAM::WRITE::PIPE::DONE::2' }
{
  msg: 'STREAM::WRITE::PIPE::CLOSED::2',
  downloaded_pages: 3,
  lost_pages: 0,
  total_imgs_num: 179,
  total: false,
  all_download_task: false
}
{ msg: 'STREAM::WRITE::PIPE::DONE::34' }
{
  msg: 'STREAM::WRITE::PIPE::CLOSED::34',
  downloaded_pages: 4,
  lost_pages: 0,
  total_imgs_num: 179,
  total: false,
  all_download_task: false
}
{ msg: 'STREAM::WRITE::PIPE::DONE::177' }
{
  msg: 'STREAM::WRITE::PIPE::CLOSED::177',
  downloaded_pages: 5,
  lost_pages: 0,
  total_imgs_num: 179,
  total: false,
  all_download_task: false
}
{ msg: 'STREAM::WRITE::PIPE::DONE::4' }
{
  msg: 'STREAM::WRITE::PIPE::CLOSED::4',
  downloaded_pages: 6,
  lost_pages: 0,
  total_imgs_num: 179,
  total: false,
  all_download_task: false
}
{ msg: 'STREAM::WRITE::PIPE::DONE::163' }
{
  msg: 'STREAM::WRITE::PIPE::CLOSED::163',
  downloaded_pages: 7,
  lost_pages: 0,
  total_imgs_num: 179,
  total: false,
  all_download_task: false
}
{ msg: 'STREAM::WRITE::PIPE::DONE::130' }
{
  msg: 'STREAM::WRITE::PIPE::CLOSED::130',
  downloaded_pages: 8,
  lost_pages: 0,
  total_imgs_num: 179,
  total: false,
  all_download_task: false
}
{ msg: 'STREAM::WRITE::PIPE::DONE::161' }
{
  msg: 'STREAM::WRITE::PIPE::CLOSED::161',
  downloaded_pages: 9,
  lost_pages: 0,
  total_imgs_num: 179,
  total: false,
  all_download_task: false
}
{ msg: 'STREAM::WRITE::PIPE::DONE::81' }
{
  msg: 'STREAM::WRITE::PIPE::CLOSED::81',
  downloaded_pages: 10,
  lost_pages: 0,
  total_imgs_num: 179,
  total: false,
  all_download_task: false
}
{ msg: 'STREAM::WRITE::PIPE::DONE::108' }
{
  msg: 'STREAM::WRITE::PIPE::CLOSED::108',
  downloaded_pages: 11,
  lost_pages: 0,
  total_imgs_num: 179,
  total: false,
  all_download_task: false
}
{ msg: 'STREAM::WRITE::PIPE::DONE::68' }
{
  msg: 'STREAM::WRITE::PIPE::CLOSED::68',
  downloaded_pages: 12,
  lost_pages: 0,
  total_imgs_num: 179,
  total: false,
  all_download_task: false
}
{ msg: 'STREAM::WRITE::PIPE::DONE::49' }
{
  msg: 'STREAM::WRITE::PIPE::CLOSED::49',
  downloaded_pages: 13,
  lost_pages: 0,
  total_imgs_num: 179,
  total: false,
  all_download_task: false
}
{ msg: 'STREAM::WRITE::PIPE::DONE::48' }
{
  msg: 'STREAM::WRITE::PIPE::CLOSED::48',
  downloaded_pages: 14,
  lost_pages: 0,
  total_imgs_num: 179,
  total: false,
  all_download_task: false
}
{ msg: 'STREAM::WRITE::PIPE::DONE::122' }
{
  msg: 'STREAM::WRITE::PIPE::CLOSED::122',
  downloaded_pages: 15,
  lost_pages: 0,
  total_imgs_num: 179,
  total: false,
  all_download_task: false
}
{ msg: 'STREAM::WRITE::PIPE::DONE::175' }
{
  msg: 'STREAM::WRITE::PIPE::CLOSED::175',
  downloaded_pages: 16,
  lost_pages: 0,
  total_imgs_num: 179,
  total: false,
  all_download_task: false
}
{ msg: 'STREAM::WRITE::PIPE::DONE::64' }
{
  msg: 'STREAM::WRITE::PIPE::CLOSED::64',
  downloaded_pages: 17,
  lost_pages: 0,
  total_imgs_num: 179,
  total: false,
  all_download_task: false
}
{ msg: 'STREAM::WRITE::PIPE::DONE::70' }
{
  msg: 'STREAM::WRITE::PIPE::CLOSED::70',
  downloaded_pages: 18,
  lost_pages: 0,
  total_imgs_num: 179,
  total: false,
  all_download_task: false
}
{ msg: 'STREAM::WRITE::PIPE::DONE::132' }
{
  msg: 'STREAM::WRITE::PIPE::CLOSED::132',
  downloaded_pages: 19,
  lost_pages: 0,
  total_imgs_num: 179,
  total: false,
  all_download_task: false
}
{ msg: 'STREAM::WRITE::PIPE::DONE::113' }
{
  msg: 'STREAM::WRITE::PIPE::CLOSED::113',
  downloaded_pages: 20,
  lost_pages: 0,
  total_imgs_num: 179,
  total: false,
  all_download_task: false
}
{ msg: 'STREAM::WRITE::PIPE::DONE::32' }
{
  msg: 'STREAM::WRITE::PIPE::CLOSED::32',
  downloaded_pages: 21,
  lost_pages: 0,
  total_imgs_num: 179,
  total: false,
  all_download_task: false
}
{ msg: 'STREAM::WRITE::PIPE::DONE::114' }
{
  msg: 'STREAM::WRITE::PIPE::CLOSED::114',
  downloaded_pages: 22,
  lost_pages: 0,
  total_imgs_num: 179,
  total: false,
  all_download_task: false
}
{ msg: 'STREAM::WRITE::PIPE::DONE::12' }
{ msg: 'STREAM::WRITE::PIPE::DONE::156' }
{
  msg: 'STREAM::WRITE::PIPE::CLOSED::12',
  downloaded_pages: 24,
  lost_pages: 0,
  total_imgs_num: 179,
  total: false,
  all_download_task: false
}
{
  msg: 'STREAM::WRITE::PIPE::CLOSED::156',
  downloaded_pages: 24,
  lost_pages: 0,
  total_imgs_num: 179,
  total: false,
  all_download_task: false
}
{ msg: 'STREAM::WRITE::PIPE::DONE::127' }
{
  msg: 'STREAM::WRITE::PIPE::CLOSED::127',
  downloaded_pages: 25,
  lost_pages: 0,
  total_imgs_num: 179,
  total: false,
  all_download_task: false
}
{ msg: 'STREAM::WRITE::PIPE::DONE::24' }
{
  msg: 'STREAM::WRITE::PIPE::CLOSED::24',
  downloaded_pages: 26,
  lost_pages: 0,
  total_imgs_num: 179,
  total: false,
  all_download_task: false
}
{ msg: 'STREAM::WRITE::PIPE::DONE::72' }
{
  msg: 'STREAM::WRITE::PIPE::CLOSED::72',
  downloaded_pages: 27,
  lost_pages: 0,
  total_imgs_num: 179,
  total: false,
  all_download_task: false
}
{ msg: 'STREAM::WRITE::PIPE::DONE::100' }
{
  msg: 'STREAM::WRITE::PIPE::CLOSED::100',
  downloaded_pages: 28,
  lost_pages: 0,
  total_imgs_num: 179,
  total: false,
  all_download_task: false
}
{ msg: 'STREAM::WRITE::PIPE::DONE::98' }
{
  msg: 'STREAM::WRITE::PIPE::CLOSED::98',
  downloaded_pages: 29,
  lost_pages: 0,
  total_imgs_num: 179,
  total: false,
  all_download_task: false
}
{ msg: 'STREAM::WRITE::PIPE::DONE::173' }
{
  msg: 'STREAM::WRITE::PIPE::CLOSED::173',
  downloaded_pages: 30,
  lost_pages: 0,
  total_imgs_num: 179,
  total: false,
  all_download_task: false
}
{ msg: 'STREAM::WRITE::PIPE::DONE::104' }
{
  msg: 'STREAM::WRITE::PIPE::CLOSED::104',
  downloaded_pages: 31,
  lost_pages: 0,
  total_imgs_num: 179,
  total: false,
  all_download_task: false
}
{ msg: 'STREAM::WRITE::PIPE::DONE::8' }
{
  msg: 'STREAM::WRITE::PIPE::CLOSED::8',
  downloaded_pages: 32,
  lost_pages: 0,
  total_imgs_num: 179,
  total: false,
  all_download_task: false
}
{ msg: 'STREAM::WRITE::PIPE::DONE::89' }
{
  msg: 'STREAM::WRITE::PIPE::CLOSED::89',
  downloaded_pages: 33,
  lost_pages: 0,
  total_imgs_num: 179,
  total: false,
  all_download_task: false
}
{ msg: 'STREAM::WRITE::PIPE::DONE::71' }
{
  msg: 'STREAM::WRITE::PIPE::CLOSED::71',
  downloaded_pages: 34,
  lost_pages: 0,
  total_imgs_num: 179,
  total: false,
  all_download_task: false
}
{ msg: 'STREAM::WRITE::PIPE::DONE::144' }
{
  msg: 'STREAM::WRITE::PIPE::CLOSED::144',
  downloaded_pages: 35,
  lost_pages: 0,
  total_imgs_num: 179,
  total: false,
  all_download_task: false
}
{ msg: 'STREAM::WRITE::PIPE::DONE::6' }
{
  msg: 'STREAM::WRITE::PIPE::CLOSED::6',
  downloaded_pages: 36,
  lost_pages: 0,
  total_imgs_num: 179,
  total: false,
  all_download_task: false
}
{ msg: 'STREAM::WRITE::PIPE::DONE::73' }
{
  msg: 'STREAM::WRITE::PIPE::CLOSED::73',
  downloaded_pages: 37,
  lost_pages: 0,
  total_imgs_num: 179,
  total: false,
  all_download_task: false
}
{ msg: 'STREAM::WRITE::PIPE::DONE::151' }
{
  msg: 'STREAM::WRITE::PIPE::CLOSED::151',
  downloaded_pages: 38,
  lost_pages: 0,
  total_imgs_num: 179,
  total: false,
  all_download_task: false
}
{ msg: 'STREAM::WRITE::PIPE::DONE::40' }
{
  msg: 'STREAM::WRITE::PIPE::CLOSED::40',
  downloaded_pages: 39,
  lost_pages: 0,
  total_imgs_num: 179,
  total: false,
  all_download_task: false
}
{ msg: 'STREAM::WRITE::PIPE::DONE::67' }
{
  msg: 'STREAM::WRITE::PIPE::CLOSED::67',
  downloaded_pages: 40,
  lost_pages: 0,
  total_imgs_num: 179,
  total: false,
  all_download_task: false
}
{ msg: 'STREAM::WRITE::PIPE::DONE::3' }
{
  msg: 'STREAM::WRITE::PIPE::CLOSED::3',
  downloaded_pages: 41,
  lost_pages: 0,
  total_imgs_num: 179,
  total: false,
  all_download_task: false
}
{ msg: 'STREAM::WRITE::PIPE::DONE::92' }
{
  msg: 'STREAM::WRITE::PIPE::CLOSED::92',
  downloaded_pages: 42,
  lost_pages: 0,
  total_imgs_num: 179,
  total: false,
  all_download_task: false
}
{ msg: 'STREAM::WRITE::PIPE::DONE::56' }
{
  msg: 'STREAM::WRITE::PIPE::CLOSED::56',
  downloaded_pages: 43,
  lost_pages: 0,
  total_imgs_num: 179,
  total: false,
  all_download_task: false
}
{ msg: 'STREAM::WRITE::PIPE::DONE::15' }
{
  msg: 'STREAM::WRITE::PIPE::CLOSED::15',
  downloaded_pages: 44,
  lost_pages: 0,
  total_imgs_num: 179,
  total: false,
  all_download_task: false
}
{ msg: 'STREAM::WRITE::PIPE::DONE::7' }
{
  msg: 'STREAM::WRITE::PIPE::CLOSED::7',
  downloaded_pages: 45,
  lost_pages: 0,
  total_imgs_num: 179,
  total: false,
  all_download_task: false
}
{ msg: 'STREAM::WRITE::PIPE::DONE::39' }
{
  msg: 'STREAM::WRITE::PIPE::CLOSED::39',
  downloaded_pages: 46,
  lost_pages: 0,
  total_imgs_num: 179,
  total: false,
  all_download_task: false
}
{ msg: 'STREAM::WRITE::PIPE::DONE::42' }
{
  msg: 'STREAM::WRITE::PIPE::CLOSED::42',
  downloaded_pages: 47,
  lost_pages: 0,
  total_imgs_num: 179,
  total: false,
  all_download_task: false
}
{ msg: 'STREAM::WRITE::PIPE::DONE::105' }
{
  msg: 'STREAM::WRITE::PIPE::CLOSED::105',
  downloaded_pages: 48,
  lost_pages: 0,
  total_imgs_num: 179,
  total: false,
  all_download_task: false
}
{ msg: 'STREAM::WRITE::PIPE::DONE::120' }
{
  msg: 'STREAM::WRITE::PIPE::CLOSED::120',
  downloaded_pages: 49,
  lost_pages: 0,
  total_imgs_num: 179,
  total: false,
  all_download_task: false
}
{ msg: 'STREAM::WRITE::PIPE::DONE::58' }
{
  msg: 'STREAM::WRITE::PIPE::CLOSED::58',
  downloaded_pages: 50,
  lost_pages: 0,
  total_imgs_num: 179,
  total: false,
  all_download_task: false
}
{ msg: 'STREAM::WRITE::PIPE::DONE::116' }
{
  msg: 'STREAM::WRITE::PIPE::CLOSED::116',
  downloaded_pages: 51,
  lost_pages: 0,
  total_imgs_num: 179,
  total: false,
  all_download_task: false
}
{ msg: 'STREAM::WRITE::PIPE::DONE::36' }
{
  msg: 'STREAM::WRITE::PIPE::CLOSED::36',
  downloaded_pages: 52,
  lost_pages: 0,
  total_imgs_num: 179,
  total: false,
  all_download_task: false
}
{ msg: 'STREAM::WRITE::PIPE::DONE::169' }
{
  msg: 'STREAM::WRITE::PIPE::CLOSED::169',
  downloaded_pages: 54,
  lost_pages: 0,
  total_imgs_num: 179,
  total: false,
  all_download_task: false
}
{ msg: 'STREAM::WRITE::PIPE::DONE::126' }
{
  msg: 'STREAM::WRITE::PIPE::CLOSED::126',
  downloaded_pages: 54,
  lost_pages: 0,
  total_imgs_num: 179,
  total: false,
  all_download_task: false
}
{ msg: 'STREAM::WRITE::PIPE::DONE::28' }
{
  msg: 'STREAM::WRITE::PIPE::CLOSED::28',
  downloaded_pages: 55,
  lost_pages: 0,
  total_imgs_num: 179,
  total: false,
  all_download_task: false
}
{ msg: 'STREAM::WRITE::PIPE::DONE::53' }
{
  msg: 'STREAM::WRITE::PIPE::CLOSED::53',
  downloaded_pages: 56,
  lost_pages: 0,
  total_imgs_num: 179,
  total: false,
  all_download_task: false
}
{ msg: 'STREAM::WRITE::PIPE::DONE::139' }
{
  msg: 'STREAM::WRITE::PIPE::CLOSED::139',
  downloaded_pages: 57,
  lost_pages: 0,
  total_imgs_num: 179,
  total: false,
  all_download_task: false
}
{ msg: 'STREAM::WRITE::PIPE::DONE::62' }
{
  msg: 'STREAM::WRITE::PIPE::CLOSED::62',
  downloaded_pages: 58,
  lost_pages: 0,
  total_imgs_num: 179,
  total: false,
  all_download_task: false
}
{ msg: 'STREAM::WRITE::PIPE::DONE::157' }
{
  msg: 'STREAM::WRITE::PIPE::CLOSED::157',
  downloaded_pages: 59,
  lost_pages: 0,
  total_imgs_num: 179,
  total: false,
  all_download_task: false
}
{ msg: 'STREAM::WRITE::PIPE::DONE::129' }
{
  msg: 'STREAM::WRITE::PIPE::CLOSED::129',
  downloaded_pages: 60,
  lost_pages: 0,
  total_imgs_num: 179,
  total: false,
  all_download_task: false
}
{ msg: 'STREAM::WRITE::PIPE::DONE::60' }
{ msg: 'STREAM::WRITE::PIPE::DONE::160' }
{
  msg: 'STREAM::WRITE::PIPE::CLOSED::60',
  downloaded_pages: 62,
  lost_pages: 0,
  total_imgs_num: 179,
  total: false,
  all_download_task: false
}
{
  msg: 'STREAM::WRITE::PIPE::CLOSED::160',
  downloaded_pages: 62,
  lost_pages: 0,
  total_imgs_num: 179,
  total: false,
  all_download_task: false
}
{ msg: 'STREAM::WRITE::PIPE::DONE::22' }
{
  msg: 'STREAM::WRITE::PIPE::CLOSED::22',
  downloaded_pages: 63,
  lost_pages: 0,
  total_imgs_num: 179,
  total: false,
  all_download_task: false
}
{ msg: 'STREAM::WRITE::PIPE::DONE::9' }
{
  msg: 'STREAM::WRITE::PIPE::CLOSED::9',
  downloaded_pages: 64,
  lost_pages: 0,
  total_imgs_num: 179,
  total: false,
  all_download_task: false
}
{ msg: 'STREAM::WRITE::PIPE::DONE::55' }
{
  msg: 'STREAM::WRITE::PIPE::CLOSED::55',
  downloaded_pages: 65,
  lost_pages: 0,
  total_imgs_num: 179,
  total: false,
  all_download_task: false
}
{ msg: 'STREAM::WRITE::PIPE::DONE::174' }
{ msg: 'STREAM::WRITE::PIPE::DONE::13' }
{
  msg: 'STREAM::WRITE::PIPE::CLOSED::174',
  downloaded_pages: 67,
  lost_pages: 0,
  total_imgs_num: 179,
  total: false,
  all_download_task: false
}
{
  msg: 'STREAM::WRITE::PIPE::CLOSED::13',
  downloaded_pages: 67,
  lost_pages: 0,
  total_imgs_num: 179,
  total: false,
  all_download_task: false
}
{ msg: 'STREAM::WRITE::PIPE::DONE::90' }
{
  msg: 'STREAM::WRITE::PIPE::CLOSED::90',
  downloaded_pages: 68,
  lost_pages: 0,
  total_imgs_num: 179,
  total: false,
  all_download_task: false
}
{ msg: 'STREAM::WRITE::PIPE::DONE::96' }
{ msg: 'STREAM::WRITE::PIPE::DONE::88' }
{
  msg: 'STREAM::WRITE::PIPE::CLOSED::96',
  downloaded_pages: 70,
  lost_pages: 0,
  total_imgs_num: 179,
  total: false,
  all_download_task: false
}
{
  msg: 'STREAM::WRITE::PIPE::CLOSED::88',
  downloaded_pages: 70,
  lost_pages: 0,
  total_imgs_num: 179,
  total: false,
  all_download_task: false
}
{ msg: 'STREAM::WRITE::PIPE::DONE::51' }
{
  msg: 'STREAM::WRITE::PIPE::CLOSED::51',
  downloaded_pages: 71,
  lost_pages: 0,
  total_imgs_num: 179,
  total: false,
  all_download_task: false
}
{ msg: 'STREAM::WRITE::PIPE::DONE::43' }
{
  msg: 'STREAM::WRITE::PIPE::CLOSED::43',
  downloaded_pages: 72,
  lost_pages: 0,
  total_imgs_num: 179,
  total: false,
  all_download_task: false
}
{ msg: 'STREAM::WRITE::PIPE::DONE::38' }
{
  msg: 'STREAM::WRITE::PIPE::CLOSED::38',
  downloaded_pages: 73,
  lost_pages: 0,
  total_imgs_num: 179,
  total: false,
  all_download_task: false
}
{ msg: 'STREAM::WRITE::PIPE::DONE::149' }
{
  msg: 'STREAM::WRITE::PIPE::CLOSED::149',
  downloaded_pages: 74,
  lost_pages: 0,
  total_imgs_num: 179,
  total: false,
  all_download_task: false
}
{ msg: 'STREAM::WRITE::PIPE::DONE::14' }
{
  msg: 'STREAM::WRITE::PIPE::CLOSED::14',
  downloaded_pages: 75,
  lost_pages: 0,
  total_imgs_num: 179,
  total: false,
  all_download_task: false
}
{ msg: 'STREAM::WRITE::PIPE::DONE::86' }
{
  msg: 'STREAM::WRITE::PIPE::CLOSED::86',
  downloaded_pages: 76,
  lost_pages: 0,
  total_imgs_num: 179,
  total: false,
  all_download_task: false
}
{ msg: 'STREAM::WRITE::PIPE::DONE::165' }
{
  msg: 'STREAM::WRITE::PIPE::CLOSED::165',
  downloaded_pages: 77,
  lost_pages: 0,
  total_imgs_num: 179,
  total: false,
  all_download_task: false
}
{ msg: 'STREAM::WRITE::PIPE::DONE::115' }
{
  msg: 'STREAM::WRITE::PIPE::CLOSED::115',
  downloaded_pages: 78,
  lost_pages: 0,
  total_imgs_num: 179,
  total: false,
  all_download_task: false
}
{ msg: 'STREAM::WRITE::PIPE::DONE::66' }
{
  msg: 'STREAM::WRITE::PIPE::CLOSED::66',
  downloaded_pages: 79,
  lost_pages: 0,
  total_imgs_num: 179,
  total: false,
  all_download_task: false
}
{ msg: 'STREAM::WRITE::PIPE::DONE::61' }
{
  msg: 'STREAM::WRITE::PIPE::CLOSED::61',
  downloaded_pages: 80,
  lost_pages: 0,
  total_imgs_num: 179,
  total: false,
  all_download_task: false
}
{ msg: 'STREAM::WRITE::PIPE::DONE::106' }
{
  msg: 'STREAM::WRITE::PIPE::CLOSED::106',
  downloaded_pages: 81,
  lost_pages: 0,
  total_imgs_num: 179,
  total: false,
  all_download_task: false
}
{ msg: 'STREAM::WRITE::PIPE::DONE::11' }
{
  msg: 'STREAM::WRITE::PIPE::CLOSED::11',
  downloaded_pages: 82,
  lost_pages: 0,
  total_imgs_num: 179,
  total: false,
  all_download_task: false
}
{ msg: 'STREAM::WRITE::PIPE::DONE::125' }
{
  msg: 'STREAM::WRITE::PIPE::CLOSED::125',
  downloaded_pages: 83,
  lost_pages: 0,
  total_imgs_num: 179,
  total: false,
  all_download_task: false
}
{ msg: 'STREAM::WRITE::PIPE::DONE::30' }
{
  msg: 'STREAM::WRITE::PIPE::CLOSED::30',
  downloaded_pages: 84,
  lost_pages: 0,
  total_imgs_num: 179,
  total: false,
  all_download_task: false
}
{ msg: 'STREAM::WRITE::PIPE::DONE::19' }
{
  msg: 'STREAM::WRITE::PIPE::CLOSED::19',
  downloaded_pages: 85,
  lost_pages: 0,
  total_imgs_num: 179,
  total: false,
  all_download_task: false
}
{ msg: 'STREAM::WRITE::PIPE::DONE::101' }
{
  msg: 'STREAM::WRITE::PIPE::CLOSED::101',
  downloaded_pages: 86,
  lost_pages: 0,
  total_imgs_num: 179,
  total: false,
  all_download_task: false
}
{ msg: 'STREAM::WRITE::PIPE::DONE::148' }
{
  msg: 'STREAM::WRITE::PIPE::CLOSED::148',
  downloaded_pages: 87,
  lost_pages: 0,
  total_imgs_num: 179,
  total: false,
  all_download_task: false
}
{ msg: 'STREAM::WRITE::PIPE::DONE::141' }
{
  msg: 'STREAM::WRITE::PIPE::CLOSED::141',
  downloaded_pages: 89,
  lost_pages: 0,
  total_imgs_num: 179,
  total: false,
  all_download_task: false
}
{ msg: 'STREAM::WRITE::PIPE::DONE::142' }
{
  msg: 'STREAM::WRITE::PIPE::CLOSED::142',
  downloaded_pages: 89,
  lost_pages: 0,
  total_imgs_num: 179,
  total: false,
  all_download_task: false
}
{ msg: 'STREAM::WRITE::PIPE::DONE::107' }
{
  msg: 'STREAM::WRITE::PIPE::CLOSED::107',
  downloaded_pages: 90,
  lost_pages: 0,
  total_imgs_num: 179,
  total: false,
  all_download_task: false
}
{ msg: 'STREAM::WRITE::PIPE::DONE::140' }
{
  msg: 'STREAM::WRITE::PIPE::CLOSED::140',
  downloaded_pages: 91,
  lost_pages: 0,
  total_imgs_num: 179,
  total: false,
  all_download_task: false
}
{ msg: 'STREAM::WRITE::PIPE::DONE::111' }
{
  msg: 'STREAM::WRITE::PIPE::CLOSED::111',
  downloaded_pages: 92,
  lost_pages: 0,
  total_imgs_num: 179,
  total: false,
  all_download_task: false
}
{ msg: 'STREAM::WRITE::PIPE::DONE::23' }
{
  msg: 'STREAM::WRITE::PIPE::CLOSED::23',
  downloaded_pages: 93,
  lost_pages: 0,
  total_imgs_num: 179,
  total: false,
  all_download_task: false
}
{ msg: 'STREAM::WRITE::PIPE::DONE::47' }
{
  msg: 'STREAM::WRITE::PIPE::CLOSED::47',
  downloaded_pages: 94,
  lost_pages: 0,
  total_imgs_num: 179,
  total: false,
  all_download_task: false
}
{ msg: 'STREAM::WRITE::PIPE::DONE::153' }
{
  msg: 'STREAM::WRITE::PIPE::CLOSED::153',
  downloaded_pages: 95,
  lost_pages: 0,
  total_imgs_num: 179,
  total: false,
  all_download_task: false
}
{ msg: 'STREAM::WRITE::PIPE::DONE::117' }
{
  msg: 'STREAM::WRITE::PIPE::CLOSED::117',
  downloaded_pages: 96,
  lost_pages: 0,
  total_imgs_num: 179,
  total: false,
  all_download_task: false
}
{ msg: 'STREAM::WRITE::PIPE::DONE::84' }
{
  msg: 'STREAM::WRITE::PIPE::CLOSED::84',
  downloaded_pages: 97,
  lost_pages: 0,
  total_imgs_num: 179,
  total: false,
  all_download_task: false
}
{ msg: 'STREAM::WRITE::PIPE::DONE::118' }
{
  msg: 'STREAM::WRITE::PIPE::CLOSED::118',
  downloaded_pages: 98,
  lost_pages: 0,
  total_imgs_num: 179,
  total: false,
  all_download_task: false
}
{ msg: 'STREAM::WRITE::PIPE::DONE::54' }
{
  msg: 'STREAM::WRITE::PIPE::CLOSED::54',
  downloaded_pages: 99,
  lost_pages: 0,
  total_imgs_num: 179,
  total: false,
  all_download_task: false
}
{ msg: 'STREAM::WRITE::PIPE::DONE::31' }
{
  msg: 'STREAM::WRITE::PIPE::CLOSED::31',
  downloaded_pages: 100,
  lost_pages: 0,
  total_imgs_num: 179,
  total: false,
  all_download_task: false
}
{ msg: 'STREAM::WRITE::PIPE::DONE::80' }
{
  msg: 'STREAM::WRITE::PIPE::CLOSED::80',
  downloaded_pages: 101,
  lost_pages: 0,
  total_imgs_num: 179,
  total: false,
  all_download_task: false
}
{ msg: 'STREAM::WRITE::PIPE::DONE::94' }
{
  msg: 'STREAM::WRITE::PIPE::CLOSED::94',
  downloaded_pages: 102,
  lost_pages: 0,
  total_imgs_num: 179,
  total: false,
  all_download_task: false
}
{ msg: 'STREAM::WRITE::PIPE::DONE::152' }
{
  msg: 'STREAM::WRITE::PIPE::CLOSED::152',
  downloaded_pages: 103,
  lost_pages: 0,
  total_imgs_num: 179,
  total: false,
  all_download_task: false
}
{ msg: 'STREAM::WRITE::PIPE::DONE::119' }
{
  msg: 'STREAM::WRITE::PIPE::CLOSED::119',
  downloaded_pages: 104,
  lost_pages: 0,
  total_imgs_num: 179,
  total: false,
  all_download_task: false
}
{ msg: 'STREAM::WRITE::PIPE::DONE::91' }
{
  msg: 'STREAM::WRITE::PIPE::CLOSED::91',
  downloaded_pages: 105,
  lost_pages: 0,
  total_imgs_num: 179,
  total: false,
  all_download_task: false
}
{ msg: 'STREAM::WRITE::PIPE::DONE::143' }
{
  msg: 'STREAM::WRITE::PIPE::CLOSED::143',
  downloaded_pages: 106,
  lost_pages: 0,
  total_imgs_num: 179,
  total: false,
  all_download_task: false
}
{ msg: 'STREAM::WRITE::PIPE::DONE::46' }
{ msg: 'STREAM::WRITE::PIPE::DONE::102' }
{
  msg: 'STREAM::WRITE::PIPE::CLOSED::46',
  downloaded_pages: 108,
  lost_pages: 0,
  total_imgs_num: 179,
  total: false,
  all_download_task: false
}
{
  msg: 'STREAM::WRITE::PIPE::CLOSED::102',
  downloaded_pages: 108,
  lost_pages: 0,
  total_imgs_num: 179,
  total: false,
  all_download_task: false
}
{ msg: 'STREAM::WRITE::PIPE::DONE::77' }
{
  msg: 'STREAM::WRITE::PIPE::CLOSED::77',
  downloaded_pages: 109,
  lost_pages: 0,
  total_imgs_num: 179,
  total: false,
  all_download_task: false
}
{ msg: 'STREAM::WRITE::PIPE::DONE::128' }
{
  msg: 'STREAM::WRITE::PIPE::CLOSED::128',
  downloaded_pages: 110,
  lost_pages: 0,
  total_imgs_num: 179,
  total: false,
  all_download_task: false
}
{ msg: 'STREAM::WRITE::PIPE::DONE::78' }
{
  msg: 'STREAM::WRITE::PIPE::CLOSED::78',
  downloaded_pages: 111,
  lost_pages: 0,
  total_imgs_num: 179,
  total: false,
  all_download_task: false
}
{ msg: 'STREAM::WRITE::PIPE::DONE::76' }
{
  msg: 'STREAM::WRITE::PIPE::CLOSED::76',
  downloaded_pages: 112,
  lost_pages: 0,
  total_imgs_num: 179,
  total: false,
  all_download_task: false
}
{ msg: 'STREAM::WRITE::PIPE::DONE::176' }
{
  msg: 'STREAM::WRITE::PIPE::CLOSED::176',
  downloaded_pages: 113,
  lost_pages: 0,
  total_imgs_num: 179,
  total: false,
  all_download_task: false
}
{ msg: 'STREAM::WRITE::PIPE::DONE::37' }
{ msg: 'STREAM::WRITE::PIPE::DONE::171' }
{ msg: 'STREAM::WRITE::PIPE::DONE::65' }
{
  msg: 'STREAM::WRITE::PIPE::CLOSED::37',
  downloaded_pages: 116,
  lost_pages: 0,
  total_imgs_num: 179,
  total: false,
  all_download_task: false
}
{
  msg: 'STREAM::WRITE::PIPE::CLOSED::171',
  downloaded_pages: 116,
  lost_pages: 0,
  total_imgs_num: 179,
  total: false,
  all_download_task: false
}
{
  msg: 'STREAM::WRITE::PIPE::CLOSED::65',
  downloaded_pages: 116,
  lost_pages: 0,
  total_imgs_num: 179,
  total: false,
  all_download_task: false
}
{ msg: 'STREAM::WRITE::PIPE::DONE::63' }
{
  msg: 'STREAM::WRITE::PIPE::CLOSED::63',
  downloaded_pages: 117,
  lost_pages: 0,
  total_imgs_num: 179,
  total: false,
  all_download_task: false
}
{ msg: 'STREAM::WRITE::PIPE::DONE::16' }
{
  msg: 'STREAM::WRITE::PIPE::CLOSED::16',
  downloaded_pages: 119,
  lost_pages: 0,
  total_imgs_num: 179,
  total: false,
  all_download_task: false
}
{ msg: 'STREAM::WRITE::PIPE::DONE::69' }
{
  msg: 'STREAM::WRITE::PIPE::CLOSED::69',
  downloaded_pages: 119,
  lost_pages: 0,
  total_imgs_num: 179,
  total: false,
  all_download_task: false
}
{ msg: 'STREAM::WRITE::PIPE::DONE::26' }
{
  msg: 'STREAM::WRITE::PIPE::CLOSED::26',
  downloaded_pages: 120,
  lost_pages: 0,
  total_imgs_num: 179,
  total: false,
  all_download_task: false
}
{ msg: 'STREAM::WRITE::PIPE::DONE::57' }
{
  msg: 'STREAM::WRITE::PIPE::CLOSED::57',
  downloaded_pages: 121,
  lost_pages: 0,
  total_imgs_num: 179,
  total: false,
  all_download_task: false
}
{ msg: 'STREAM::WRITE::PIPE::DONE::167' }
{
  msg: 'STREAM::WRITE::PIPE::CLOSED::167',
  downloaded_pages: 122,
  lost_pages: 0,
  total_imgs_num: 179,
  total: false,
  all_download_task: false
}
{ msg: 'STREAM::WRITE::PIPE::DONE::41' }
{
  msg: 'STREAM::WRITE::PIPE::CLOSED::41',
  downloaded_pages: 123,
  lost_pages: 0,
  total_imgs_num: 179,
  total: false,
  all_download_task: false
}
{ msg: 'STREAM::WRITE::PIPE::DONE::112' }
{
  msg: 'STREAM::WRITE::PIPE::CLOSED::112',
  downloaded_pages: 124,
  lost_pages: 0,
  total_imgs_num: 179,
  total: false,
  all_download_task: false
}
{ msg: 'STREAM::WRITE::PIPE::DONE::135' }
{
  msg: 'STREAM::WRITE::PIPE::CLOSED::135',
  downloaded_pages: 125,
  lost_pages: 0,
  total_imgs_num: 179,
  total: false,
  all_download_task: false
}
{ msg: 'STREAM::WRITE::PIPE::DONE::131' }
{
  msg: 'STREAM::WRITE::PIPE::CLOSED::131',
  downloaded_pages: 126,
  lost_pages: 0,
  total_imgs_num: 179,
  total: false,
  all_download_task: false
}
{ msg: 'STREAM::WRITE::PIPE::DONE::83' }
{
  msg: 'STREAM::WRITE::PIPE::CLOSED::83',
  downloaded_pages: 127,
  lost_pages: 0,
  total_imgs_num: 179,
  total: false,
  all_download_task: false
}
{ msg: 'STREAM::WRITE::PIPE::DONE::158' }
{
  msg: 'STREAM::WRITE::PIPE::CLOSED::158',
  downloaded_pages: 128,
  lost_pages: 0,
  total_imgs_num: 179,
  total: false,
  all_download_task: false
}
{ msg: 'STREAM::WRITE::PIPE::DONE::45' }
{
  msg: 'STREAM::WRITE::PIPE::CLOSED::45',
  downloaded_pages: 129,
  lost_pages: 0,
  total_imgs_num: 179,
  total: false,
  all_download_task: false
}
{ msg: 'STREAM::WRITE::PIPE::DONE::159' }
{
  msg: 'STREAM::WRITE::PIPE::CLOSED::159',
  downloaded_pages: 130,
  lost_pages: 0,
  total_imgs_num: 179,
  total: false,
  all_download_task: false
}
{ msg: 'STREAM::WRITE::PIPE::DONE::103' }
{
  msg: 'STREAM::WRITE::PIPE::CLOSED::103',
  downloaded_pages: 131,
  lost_pages: 0,
  total_imgs_num: 179,
  total: false,
  all_download_task: false
}
{ msg: 'STREAM::WRITE::PIPE::DONE::93' }
{
  msg: 'STREAM::WRITE::PIPE::CLOSED::93',
  downloaded_pages: 132,
  lost_pages: 0,
  total_imgs_num: 179,
  total: false,
  all_download_task: false
}
{ msg: 'STREAM::WRITE::PIPE::DONE::79' }
{
  msg: 'STREAM::WRITE::PIPE::CLOSED::79',
  downloaded_pages: 133,
  lost_pages: 0,
  total_imgs_num: 179,
  total: false,
  all_download_task: false
}
{ msg: 'STREAM::WRITE::PIPE::DONE::95' }
{
  msg: 'STREAM::WRITE::PIPE::CLOSED::95',
  downloaded_pages: 134,
  lost_pages: 0,
  total_imgs_num: 179,
  total: false,
  all_download_task: false
}
{ msg: 'STREAM::WRITE::PIPE::DONE::33' }
{
  msg: 'STREAM::WRITE::PIPE::CLOSED::33',
  downloaded_pages: 135,
  lost_pages: 0,
  total_imgs_num: 179,
  total: false,
  all_download_task: false
}
{ msg: 'STREAM::WRITE::PIPE::DONE::121' }
{
  msg: 'STREAM::WRITE::PIPE::CLOSED::121',
  downloaded_pages: 136,
  lost_pages: 0,
  total_imgs_num: 179,
  total: false,
  all_download_task: false
}
{ msg: 'STREAM::WRITE::PIPE::DONE::109' }
{
  msg: 'STREAM::WRITE::PIPE::CLOSED::109',
  downloaded_pages: 137,
  lost_pages: 0,
  total_imgs_num: 179,
  total: false,
  all_download_task: false
}
{ msg: 'STREAM::WRITE::PIPE::DONE::146' }
{
  msg: 'STREAM::WRITE::PIPE::CLOSED::146',
  downloaded_pages: 138,
  lost_pages: 0,
  total_imgs_num: 179,
  total: false,
  all_download_task: false
}
{ msg: 'STREAM::WRITE::PIPE::DONE::20' }
{
  msg: 'STREAM::WRITE::PIPE::CLOSED::20',
  downloaded_pages: 139,
  lost_pages: 0,
  total_imgs_num: 179,
  total: false,
  all_download_task: false
}
{ msg: 'STREAM::WRITE::PIPE::DONE::50' }
{
  msg: 'STREAM::WRITE::PIPE::CLOSED::50',
  downloaded_pages: 141,
  lost_pages: 0,
  total_imgs_num: 179,
  total: false,
  all_download_task: false
}
{ msg: 'STREAM::WRITE::PIPE::DONE::82' }
{
  msg: 'STREAM::WRITE::PIPE::CLOSED::82',
  downloaded_pages: 141,
  lost_pages: 0,
  total_imgs_num: 179,
  total: false,
  all_download_task: false
}
{ msg: 'STREAM::WRITE::PIPE::DONE::155' }
{
  msg: 'STREAM::WRITE::PIPE::CLOSED::155',
  downloaded_pages: 142,
  lost_pages: 0,
  total_imgs_num: 179,
  total: false,
  all_download_task: false
}
{ msg: 'STREAM::WRITE::PIPE::DONE::99' }
{
  msg: 'STREAM::WRITE::PIPE::CLOSED::99',
  downloaded_pages: 143,
  lost_pages: 0,
  total_imgs_num: 179,
  total: false,
  all_download_task: false
}
{ msg: 'STREAM::WRITE::PIPE::DONE::17' }
{
  msg: 'STREAM::WRITE::PIPE::CLOSED::17',
  downloaded_pages: 144,
  lost_pages: 0,
  total_imgs_num: 179,
  total: false,
  all_download_task: false
}
{ msg: 'STREAM::WRITE::PIPE::DONE::29' }
{
  msg: 'STREAM::WRITE::PIPE::CLOSED::29',
  downloaded_pages: 145,
  lost_pages: 0,
  total_imgs_num: 179,
  total: false,
  all_download_task: false
}
{ msg: 'STREAM::WRITE::PIPE::DONE::150' }
{
  msg: 'STREAM::WRITE::PIPE::CLOSED::150',
  downloaded_pages: 146,
  lost_pages: 0,
  total_imgs_num: 179,
  total: false,
  all_download_task: false
}
{ msg: 'STREAM::WRITE::PIPE::DONE::10' }
{ msg: 'STREAM::WRITE::PIPE::DONE::136' }
{
  msg: 'STREAM::WRITE::PIPE::CLOSED::10',
  downloaded_pages: 148,
  lost_pages: 0,
  total_imgs_num: 179,
  total: false,
  all_download_task: false
}
{
  msg: 'STREAM::WRITE::PIPE::CLOSED::136',
  downloaded_pages: 148,
  lost_pages: 0,
  total_imgs_num: 179,
  total: false,
  all_download_task: false
}
{ msg: 'STREAM::WRITE::PIPE::DONE::172' }
{
  msg: 'STREAM::WRITE::PIPE::CLOSED::172',
  downloaded_pages: 149,
  lost_pages: 0,
  total_imgs_num: 179,
  total: false,
  all_download_task: false
}
{ msg: 'STREAM::WRITE::PIPE::DONE::178' }
{
  msg: 'STREAM::WRITE::PIPE::CLOSED::178',
  downloaded_pages: 150,
  lost_pages: 0,
  total_imgs_num: 179,
  total: false,
  all_download_task: false
}
{ msg: 'STREAM::WRITE::PIPE::DONE::133' }
{
  msg: 'STREAM::WRITE::PIPE::CLOSED::133',
  downloaded_pages: 151,
  lost_pages: 0,
  total_imgs_num: 179,
  total: false,
  all_download_task: false
}
{ msg: 'STREAM::WRITE::PIPE::DONE::52' }
{
  msg: 'STREAM::WRITE::PIPE::CLOSED::52',
  downloaded_pages: 152,
  lost_pages: 0,
  total_imgs_num: 179,
  total: false,
  all_download_task: false
}
{ msg: 'STREAM::WRITE::PIPE::DONE::27' }
{
  msg: 'STREAM::WRITE::PIPE::CLOSED::27',
  downloaded_pages: 153,
  lost_pages: 0,
  total_imgs_num: 179,
  total: false,
  all_download_task: false
}
{ msg: 'STREAM::WRITE::PIPE::DONE::138' }
{
  msg: 'STREAM::WRITE::PIPE::CLOSED::138',
  downloaded_pages: 154,
  lost_pages: 0,
  total_imgs_num: 179,
  total: false,
  all_download_task: false
}
{ msg: 'STREAM::WRITE::PIPE::DONE::166' }
{
  msg: 'STREAM::WRITE::PIPE::CLOSED::166',
  downloaded_pages: 155,
  lost_pages: 0,
  total_imgs_num: 179,
  total: false,
  all_download_task: false
}
{ msg: 'STREAM::WRITE::PIPE::DONE::97' }
{
  msg: 'STREAM::WRITE::PIPE::CLOSED::97',
  downloaded_pages: 156,
  lost_pages: 0,
  total_imgs_num: 179,
  total: false,
  all_download_task: false
}
{ msg: 'STREAM::WRITE::PIPE::DONE::124' }
{
  msg: 'STREAM::WRITE::PIPE::CLOSED::124',
  downloaded_pages: 157,
  lost_pages: 0,
  total_imgs_num: 179,
  total: false,
  all_download_task: false
}
{ msg: 'STREAM::WRITE::PIPE::DONE::25' }
{
  msg: 'STREAM::WRITE::PIPE::CLOSED::25',
  downloaded_pages: 158,
  lost_pages: 0,
  total_imgs_num: 179,
  total: false,
  all_download_task: false
}
{ msg: 'STREAM::WRITE::PIPE::DONE::85' }
{
  msg: 'STREAM::WRITE::PIPE::CLOSED::85',
  downloaded_pages: 159,
  lost_pages: 0,
  total_imgs_num: 179,
  total: false,
  all_download_task: false
}
{ msg: 'STREAM::WRITE::PIPE::DONE::145' }
{
  msg: 'STREAM::WRITE::PIPE::CLOSED::145',
  downloaded_pages: 160,
  lost_pages: 0,
  total_imgs_num: 179,
  total: false,
  all_download_task: false
}
{ msg: 'STREAM::WRITE::PIPE::DONE::44' }
{
  msg: 'STREAM::WRITE::PIPE::CLOSED::44',
  downloaded_pages: 161,
  lost_pages: 0,
  total_imgs_num: 179,
  total: false,
  all_download_task: false
}
{ msg: 'STREAM::WRITE::PIPE::DONE::170' }
{
  msg: 'STREAM::WRITE::PIPE::CLOSED::170',
  downloaded_pages: 162,
  lost_pages: 0,
  total_imgs_num: 179,
  total: false,
  all_download_task: false
}
{ msg: 'STREAM::WRITE::PIPE::DONE::168' }
{
  msg: 'STREAM::WRITE::PIPE::CLOSED::168',
  downloaded_pages: 163,
  lost_pages: 0,
  total_imgs_num: 179,
  total: false,
  all_download_task: false
}
{ msg: 'STREAM::WRITE::PIPE::DONE::137' }
{
  msg: 'STREAM::WRITE::PIPE::CLOSED::137',
  downloaded_pages: 164,
  lost_pages: 0,
  total_imgs_num: 179,
  total: false,
  all_download_task: false
}
{ msg: 'STREAM::WRITE::PIPE::DONE::134' }
{
  msg: 'STREAM::WRITE::PIPE::CLOSED::134',
  downloaded_pages: 165,
  lost_pages: 0,
  total_imgs_num: 179,
  total: false,
  all_download_task: false
}
{ msg: 'STREAM::WRITE::PIPE::DONE::74' }
{
  msg: 'STREAM::WRITE::PIPE::CLOSED::74',
  downloaded_pages: 166,
  lost_pages: 0,
  total_imgs_num: 179,
  total: false,
  all_download_task: false
}
{ msg: 'STREAM::WRITE::PIPE::DONE::147' }
{
  msg: 'STREAM::WRITE::PIPE::CLOSED::147',
  downloaded_pages: 167,
  lost_pages: 0,
  total_imgs_num: 179,
  total: false,
  all_download_task: false
}
{ msg: 'STREAM::WRITE::PIPE::DONE::154' }
{
  msg: 'STREAM::WRITE::PIPE::CLOSED::154',
  downloaded_pages: 168,
  lost_pages: 0,
  total_imgs_num: 179,
  total: false,
  all_download_task: false
}
{ msg: 'STREAM::WRITE::PIPE::DONE::59' }
{
  msg: 'STREAM::WRITE::PIPE::CLOSED::59',
  downloaded_pages: 169,
  lost_pages: 0,
  total_imgs_num: 179,
  total: false,
  all_download_task: false
}
{ msg: 'STREAM::WRITE::PIPE::DONE::162' }
{
  msg: 'STREAM::WRITE::PIPE::CLOSED::162',
  downloaded_pages: 170,
  lost_pages: 0,
  total_imgs_num: 179,
  total: false,
  all_download_task: false
}
{
  msg: 'STREAM::WRITE::PIPE::ERROR::164',
  err: Error: socket hang up
      at connResetException (internal/errors.js:639:14)
      at TLSSocket.socketOnEnd (_http_client.js:499:23)
      at TLSSocket.emit (events.js:412:35)
      at endReadableNT (internal/streams/readable.js:1334:12)
      at processTicksAndRejections (internal/process/task_queues.js:82:21) {
    code: 'ECONNRESET'
  }
}
{
  msg: 'STREAM::WRITE::PIPE::ERROR::110',
  err: Error: socket hang up
      at connResetException (internal/errors.js:639:14)
      at TLSSocket.socketOnEnd (_http_client.js:499:23)
      at TLSSocket.emit (events.js:412:35)
      at endReadableNT (internal/streams/readable.js:1334:12)
      at processTicksAndRejections (internal/process/task_queues.js:82:21) {
    code: 'ECONNRESET'
  }
}
{ msg: 'STREAM::WRITE::PIPE::DONE::87' }
{
  msg: 'STREAM::WRITE::PIPE::CLOSED::87',
  downloaded_pages: 171,
  lost_pages: 2,
  total_imgs_num: 179,
  total: false,
  all_download_task: false
}
{
  msg: 'STREAM::WRITE::PIPE::ERROR::123',
  err: Error: socket hang up
      at connResetException (internal/errors.js:639:14)
      at TLSSocket.socketOnEnd (_http_client.js:499:23)
      at TLSSocket.emit (events.js:412:35)
      at endReadableNT (internal/streams/readable.js:1334:12)
      at processTicksAndRejections (internal/process/task_queues.js:82:21) {
    code: 'ECONNRESET'
  }
}
{ msg: 'STREAM::WRITE::PIPE::DONE::21' }
{
  msg: 'STREAM::WRITE::PIPE::CLOSED::21',
  downloaded_pages: 172,
  lost_pages: 3,
  total_imgs_num: 179,
  total: false,
  all_download_task: false
}
{ msg: 'STREAM::WRITE::PIPE::DONE::5' }
{
  msg: 'STREAM::WRITE::PIPE::CLOSED::5',
  downloaded_pages: 173,
  lost_pages: 3,
  total_imgs_num: 179,
  total: false,
  all_download_task: false
}
{ msg: 'STREAM::WRITE::PIPE::DONE::18' }
{
  msg: 'STREAM::WRITE::PIPE::CLOSED::18',
  downloaded_pages: 174,
  lost_pages: 3,
  total_imgs_num: 179,
  total: false,
  all_download_task: false
}
{
  msg: 'STREAM::WRITE::PIPE::ERROR::75',
  err: Error: socket hang up
      at connResetException (internal/errors.js:639:14)
      at TLSSocket.socketOnEnd (_http_client.js:499:23)
      at TLSSocket.emit (events.js:412:35)
      at endReadableNT (internal/streams/readable.js:1334:12)
      at processTicksAndRejections (internal/process/task_queues.js:82:21) {
    code: 'ECONNRESET'
  }
}
{ msg: 'STREAM::WRITE::PIPE::DONE::35' }
{
  msg: 'STREAM::WRITE::PIPE::CLOSED::35',
  downloaded_pages: 175,
  lost_pages: 4,
  total_imgs_num: 179,
  total: true,
  all_download_task: true
}
HERE
----------- Started Download Select Normal Pattern ---------------
{ msg: 'STREAM::WRITE::PIPE::OPEN::164' }
{ msg: 'STREAM::WRITE::PIPE::OPEN::110' }
{ msg: 'STREAM::WRITE::PIPE::OPEN::123' }
{ msg: 'STREAM::WRITE::PIPE::OPEN::75' }
{ msg: 'STREAM::WRITE::PIPE::DONE::110' }
{
  msg: 'STREAM::WRITE::PIPE::CLOSED::110',
  downloaded_pages: 176,
  lost_pages: 0,
  numPagesArr: 4,
  selective_download_task: false,
  global_download_task: false
}
{ msg: 'STREAM::WRITE::PIPE::DONE::123' }
{
  msg: 'STREAM::WRITE::PIPE::CLOSED::123',
  downloaded_pages: 177,
  lost_pages: 0,
  numPagesArr: 4,
  selective_download_task: false,
  global_download_task: false
}
{ msg: 'STREAM::WRITE::PIPE::DONE::164' }
{
  msg: 'STREAM::WRITE::PIPE::CLOSED::164',
  downloaded_pages: 178,
  lost_pages: 0,
  numPagesArr: 4,
  selective_download_task: false,
  global_download_task: false
}
{ msg: 'STREAM::WRITE::PIPE::DONE::75' }
{
  msg: 'STREAM::WRITE::PIPE::CLOSED::75',
  downloaded_pages: 179,
  lost_pages: 0,
  numPagesArr: 4,
  selective_download_task: false,
  global_download_task: false
}
