urls: 
----------- Started Download All Normal Pattern ---------------
----------- HERE MIXED ---------------
index: 1
uri: https://image.slidesharecdn.com/dequeanditsapplications-111130111845-phpapp01/95/deque-and-its-applications-11-1024.jpg
length: 7
Folder created OR Already found
==> #5
====================================
ResultTable {
  nodes: [ { name: 'gg-1.jpg', status: true, size: 94901 } ]
}
====================================
{ msg: 'STREAM::WRITE::PIPE::DONE::1' }
{
  msg: 'STREAM::WRITE::PIPE::CLOSED::1',
  downloaded_pages: 1,
  lost_pages: 0,
  urls: 7,
  total: false,
  all_download_task: false
}
index: 2
uri: https://image.slidesharecdn.com/dequeanditsapplications-111130111845-phpapp01/95/deque-and-its-applications-12-1024.jpg
length: 7
==> #5
====================================
ResultTable {
  nodes: [
    { name: 'gg-1.jpg', status: true, size: 94901 },
    { name: 'gg-2.jpg', status: true, size: 81035 }
  ]
}
====================================
{ msg: 'STREAM::WRITE::PIPE::DONE::2' }
{
  msg: 'STREAM::WRITE::PIPE::CLOSED::2',
  downloaded_pages: 2,
  lost_pages: 0,
  urls: 7,
  total: false,
  all_download_task: false
}
index: 3
uri: https://image.slidesharecdn.com/dequeanditsapplications-111130111845-phpapp01/95/deque-and-its-applications-13-1024.jpg
length: 7
==> #5
====================================
ResultTable {
  nodes: [
    { name: 'gg-1.jpg', status: true, size: 94901 },
    { name: 'gg-2.jpg', status: true, size: 81035 },
    { name: 'gg-3.jpg', status: true, size: 94687 }
  ]
}
====================================
{ msg: 'STREAM::WRITE::PIPE::DONE::3' }
{
  msg: 'STREAM::WRITE::PIPE::CLOSED::3',
  downloaded_pages: 3,
  lost_pages: 0,
  urls: 7,
  total: false,
  all_download_task: false
}
index: 4
uri: https://image.slidesharecdn.com/dequeanditsapplications-111130111845-phpapp01/95/deque-and-its-applications-14-1024.jpg
length: 7
==> #5
====================================
ResultTable {
  nodes: [
    { name: 'gg-1.jpg', status: true, size: 94901 },
    { name: 'gg-2.jpg', status: true, size: 81035 },
    { name: 'gg-3.jpg', status: true, size: 94687 },
    { name: 'gg-4.jpg', status: true, size: 66033 }
  ]
}
====================================
{ msg: 'STREAM::WRITE::PIPE::DONE::4' }
{
  msg: 'STREAM::WRITE::PIPE::CLOSED::4',
  downloaded_pages: 4,
  lost_pages: 0,
  urls: 7,
  total: false,
  all_download_task: false
}
index: 5
uri: https://image.slidesharecdn.com/dequeanditsapplications-111130111845-phpapp01/95/deque-and-its-applications-16-1024.jpg
length: 7
==> #5
====================================
ResultTable {
  nodes: [
    { name: 'gg-1.jpg', status: true, size: 94901 },
    { name: 'gg-2.jpg', status: true, size: 81035 },
    { name: 'gg-3.jpg', status: true, size: 94687 },
    { name: 'gg-4.jpg', status: true, size: 66033 },
    { name: 'gg-5.jpg', status: true, size: 119331 }
  ]
}
====================================
{ msg: 'STREAM::WRITE::PIPE::DONE::5' }
{
  msg: 'STREAM::WRITE::PIPE::CLOSED::5',
  downloaded_pages: 5,
  lost_pages: 0,
  urls: 7,
  total: false,
  all_download_task: false
}
index: 6
uri: https://image.slidesharecdn.com/dequeanditsapplications-111130111845-phpapp01/95/deque-and-its-applications-122-1024.jpg
length: 7
==> #5
====================================
ResultTable {
  nodes: [
    { name: 'gg-1.jpg', status: true, size: 94901 },
    { name: 'gg-2.jpg', status: true, size: 81035 },
    { name: 'gg-3.jpg', status: true, size: 94687 },
    { name: 'gg-4.jpg', status: true, size: 66033 },
    { name: 'gg-5.jpg', status: true, size: 119331 },
    { name: 'gg-6.jpg', status: false, size: 0 }
  ]
}
====================================
{ msg: 'STREAM::WRITE::PIPE::ERROR::6', err: null }
{ msg: 'STREAM::WRITE::PIPE::DONE::6' }
{
  msg: 'STREAM::WRITE::PIPE::CLOSED::6',
  downloaded_pages: 5,
  lost_pages: 1,
  urls: 7,
  total: false,
  all_download_task: false
}
index: 7
uri: https://image.slidesharecdn.com/dequeanditsapplications-111130111845-phpapp01/95/deque-and-its-applications-undefined-1024.jpg
length: 7
==> #5
====================================
ResultTable {
  nodes: [
    { name: 'gg-1.jpg', status: true, size: 94901 },
    { name: 'gg-2.jpg', status: true, size: 81035 },
    { name: 'gg-3.jpg', status: true, size: 94687 },
    { name: 'gg-4.jpg', status: true, size: 66033 },
    { name: 'gg-5.jpg', status: true, size: 119331 },
    { name: 'gg-6.jpg', status: false, size: 0 },
    { name: 'gg-7.jpg', status: false, size: 0 }
  ]
}
====================================
{ msg: 'STREAM::WRITE::PIPE::ERROR::7', err: null }
{ msg: 'STREAM::WRITE::PIPE::DONE::7' }
{
  msg: 'STREAM::WRITE::PIPE::CLOSED::7',
  downloaded_pages: 5,
  lost_pages: 2,
  urls: 7,
  total: true,
  all_download_task: true
}
HERE
====================================
[
  { name: 'gg-1.jpg', status: true, size: 94901 },
  { name: 'gg-2.jpg', status: true, size: 81035 },
  { name: 'gg-3.jpg', status: true, size: 94687 },
  { name: 'gg-4.jpg', status: true, size: 66033 },
  { name: 'gg-5.jpg', status: true, size: 119331 },
  { name: 'gg-6.jpg', status: false, size: 0 },
  { name: 'gg-7.jpg', status: false, size: 0 }
]
====================================
