----------- Started Download All Normal Pattern ---------------
urls: NaN
uri: undefined
Folder created OR Already found
{
  msg: 'STREAM::WRITE::PIPE::ERROR::1',
  err: Error: getaddrinfo ENOTFOUND undefined
      at GetAddrInfoReqWrap.onlookup [as oncomplete] (dns.js:71:26) {
    errno: -3008,
    code: 'ENOTFOUND',
    syscall: 'getaddrinfo',
    hostname: 'undefined'
  }
}
====================================
URL {
  href: 'https://cs.nju.edu.cn/gchen/teaching/np/lecture12.pdf',
  origin: 'https://cs.nju.edu.cn',
  protocol: 'https:',
  username: '',
  password: '',
  host: 'cs.nju.edu.cn',
  hostname: 'cs.nju.edu.cn',
  port: '',
  pathname: '/gchen/teaching/np/lecture12.pdf',
  search: '',
  searchParams: URLSearchParams {},
  hash: ''
}
https://cs.nju.edu.cn
[ 'gchen', 'teaching', 'np', 'lecture12.pdf' ]
====================================
gchen,teaching,np,lecture12.pdf
req.session.FILES_NUMBER: undefined
https://cs.nju.edu.cn
urls: 
----------- Started Download All Normal Pattern ---------------
urls: 
uri: undefined
Folder created OR Already found
{
  msg: 'STREAM::WRITE::PIPE::ERROR::1',
  err: Error: getaddrinfo ENOTFOUND undefined
      at GetAddrInfoReqWrap.onlookup [as oncomplete] (dns.js:71:26) {
    errno: -3008,
    code: 'ENOTFOUND',
    syscall: 'getaddrinfo',
    hostname: 'undefined'
  }
}
