urls: 
----------- Started Download All Normal Pattern ---------------
uri: 
length: 
uri: 
length: 
uri: 
length: 
uri: 
length: 
uri: 
length: 
uri: 
length: 
uri: 
length: 
uri: 
length: 
uri: 
length: 
uri: 
length: 
uri: 
length: 
uri: 
length: 
Folder created OR Already found
{ msg: 'STREAM::WRITE::PIPE::DONE::6' }
{
  msg: 'STREAM::WRITE::PIPE::CLOSED::6',
  downloaded_pages: 1,
  lost_pages: 0,
  urls: 12,
  total: false,
  all_download_task: false
}
{ msg: 'STREAM::WRITE::PIPE::DONE::2' }
{
  msg: 'STREAM::WRITE::PIPE::CLOSED::2',
  downloaded_pages: 2,
  lost_pages: 0,
  urls: 12,
  total: false,
  all_download_task: false
}
{ msg: 'STREAM::WRITE::PIPE::DONE::5' }
{
  msg: 'STREAM::WRITE::PIPE::CLOSED::5',
  downloaded_pages: 3,
  lost_pages: 0,
  urls: 12,
  total: false,
  all_download_task: false
}
{ msg: 'STREAM::WRITE::PIPE::DONE::10' }
{
  msg: 'STREAM::WRITE::PIPE::CLOSED::10',
  downloaded_pages: 4,
  lost_pages: 0,
  urls: 12,
  total: false,
  all_download_task: false
}
{ msg: 'STREAM::WRITE::PIPE::DONE::7' }
{
  msg: 'STREAM::WRITE::PIPE::CLOSED::7',
  downloaded_pages: 5,
  lost_pages: 0,
  urls: 12,
  total: false,
  all_download_task: false
}
{ msg: 'STREAM::WRITE::PIPE::DONE::1' }
{ msg: 'STREAM::WRITE::PIPE::DONE::8' }
{
  msg: 'STREAM::WRITE::PIPE::CLOSED::1',
  downloaded_pages: 7,
  lost_pages: 0,
  urls: 12,
  total: false,
  all_download_task: false
}
{
  msg: 'STREAM::WRITE::PIPE::CLOSED::8',
  downloaded_pages: 7,
  lost_pages: 0,
  urls: 12,
  total: false,
  all_download_task: false
}
{ msg: 'STREAM::WRITE::PIPE::DONE::12' }
{
  msg: 'STREAM::WRITE::PIPE::CLOSED::12',
  downloaded_pages: 8,
  lost_pages: 0,
  urls: 12,
  total: false,
  all_download_task: false
}
{ msg: 'STREAM::WRITE::PIPE::DONE::11' }
{
  msg: 'STREAM::WRITE::PIPE::CLOSED::11',
  downloaded_pages: 9,
  lost_pages: 0,
  urls: 12,
  total: false,
  all_download_task: false
}
{ msg: 'STREAM::WRITE::PIPE::DONE::9' }
{
  msg: 'STREAM::WRITE::PIPE::CLOSED::9',
  downloaded_pages: 10,
  lost_pages: 0,
  urls: 12,
  total: false,
  all_download_task: false
}
{ msg: 'STREAM::WRITE::PIPE::DONE::3' }
{
  msg: 'STREAM::WRITE::PIPE::CLOSED::3',
  downloaded_pages: 11,
  lost_pages: 0,
  urls: 12,
  total: false,
  all_download_task: false
}
{ msg: 'STREAM::WRITE::PIPE::DONE::4' }
{
  msg: 'STREAM::WRITE::PIPE::CLOSED::4',
  downloaded_pages: 12,
  lost_pages: 0,
  urls: 12,
  total: true,
  all_download_task: true
}
urls: 
----------- Started Download All Normal Pattern ---------------
uri: 
length: 
uri: 
length: 
uri: 
length: 
uri: 
length: 
uri: 
length: 
uri: 
length: 
uri: 
length: 
uri: 
length: 
uri: 
length: 
uri: 
length: 
uri: 
length: 
uri: 
length: 
Folder created OR Already found
{ msg: 'STREAM::WRITE::PIPE::DONE::11' }
{
  msg: 'STREAM::WRITE::PIPE::CLOSED::11',
  downloaded_pages: 1,
  lost_pages: 0,
  urls: 12,
  total: false,
  all_download_task: true
}
{ msg: 'STREAM::WRITE::PIPE::DONE::3' }
{
  msg: 'STREAM::WRITE::PIPE::CLOSED::3',
  downloaded_pages: 2,
  lost_pages: 0,
  urls: 12,
  total: false,
  all_download_task: true
}
