----------- Started Download All Normal Pattern ---------------
Folder created OR Already found
req.session.FILES_NUMBER: undefined
undefined
~kclowes,628,Week01.pdf
====================================
URL {
  href: 'https://www.ee.ryerson.ca/~kclowes/628/Week01.pdf',
  origin: 'https://www.ee.ryerson.ca',
  protocol: 'https:',
  username: '',
  password: '',
  host: 'www.ee.ryerson.ca',
  hostname: 'www.ee.ryerson.ca',
  port: '',
  pathname: '/~kclowes/628/Week01.pdf',
  search: '',
  searchParams: URLSearchParams {},
  hash: ''
}
https://www.ee.ryerson.ca
[ '~kclowes', '628', 'Week01.pdf' ]
====================================
~kclowes,628,Week01.pdf
req.session.FILES_NUMBER: undefined
https://www.ee.ryerson.ca
urls: 
----------- Started Download All Normal Pattern ---------------
uri: 
length: 
uri: 
length: 
uri: 
length: 
uri: 
length: 
uri: 
length: 
uri: 
length: 
Folder created OR Already found
{ msg: 'STREAM::WRITE::PIPE::DONE::4' }
{
  msg: 'STREAM::WRITE::PIPE::CLOSED::4',
  downloaded_pages: 1,
  lost_pages: 0,
  urls: 6,
  total: false,
  all_download_task: false
}
{ msg: 'STREAM::WRITE::PIPE::DONE::5' }
{
  msg: 'STREAM::WRITE::PIPE::CLOSED::5',
  downloaded_pages: 2,
  lost_pages: 0,
  urls: 6,
  total: false,
  all_download_task: false
}
{ msg: 'STREAM::WRITE::PIPE::DONE::3' }
{ msg: 'STREAM::WRITE::PIPE::DONE::6' }
{
  msg: 'STREAM::WRITE::PIPE::CLOSED::3',
  downloaded_pages: 4,
  lost_pages: 0,
  urls: 6,
  total: false,
  all_download_task: false
}
{
  msg: 'STREAM::WRITE::PIPE::CLOSED::6',
  downloaded_pages: 4,
  lost_pages: 0,
  urls: 6,
  total: false,
  all_download_task: false
}
{ msg: 'STREAM::WRITE::PIPE::DONE::2' }
{
  msg: 'STREAM::WRITE::PIPE::CLOSED::2',
  downloaded_pages: 5,
  lost_pages: 0,
  urls: 6,
  total: false,
  all_download_task: false
}
{ msg: 'STREAM::WRITE::PIPE::DONE::1' }
{
  msg: 'STREAM::WRITE::PIPE::CLOSED::1',
  downloaded_pages: 6,
  lost_pages: 0,
  urls: 6,
  total: true,
  all_download_task: true
}
