----------- Started Download All Normal Pattern ---------------
Folder created OR Already found
{ msg: 'STREAM::WRITE::PIPE::ERROR::9', err: null }
{ msg: 'STREAM::WRITE::PIPE::ERROR::2', err: null }
{ msg: 'STREAM::WRITE::PIPE::ERROR::7', err: null }
{ msg: 'STREAM::WRITE::PIPE::ERROR::5', err: null }
{ msg: 'STREAM::WRITE::PIPE::ERROR::22', err: null }
{ msg: 'STREAM::WRITE::PIPE::ERROR::8', err: null }
{ msg: 'STREAM::WRITE::PIPE::DONE::9' }
{ msg: 'STREAM::WRITE::PIPE::DONE::2' }
{ msg: 'STREAM::WRITE::PIPE::ERROR::18', err: null }
{ msg: 'STREAM::WRITE::PIPE::ERROR::14', err: null }
{ msg: 'STREAM::WRITE::PIPE::ERROR::21', err: null }
{ msg: 'STREAM::WRITE::PIPE::ERROR::26', err: null }
{ msg: 'STREAM::WRITE::PIPE::ERROR::19', err: null }
{
  msg: 'STREAM::WRITE::PIPE::CLOSED::9',
  downloaded_pages: 0,
  lost_pages: 11,
  total_imgs_num: 179,
  total: false,
  all_download_task: false
}
{ msg: 'STREAM::WRITE::PIPE::DONE::7' }
{ msg: 'STREAM::WRITE::PIPE::DONE::5' }
{ msg: 'STREAM::WRITE::PIPE::DONE::22' }
{ msg: 'STREAM::WRITE::PIPE::DONE::8' }
{
  msg: 'STREAM::WRITE::PIPE::CLOSED::2',
  downloaded_pages: 0,
  lost_pages: 11,
  total_imgs_num: 179,
  total: false,
  all_download_task: false
}
{ msg: 'STREAM::WRITE::PIPE::ERROR::13', err: null }
{ msg: 'STREAM::WRITE::PIPE::ERROR::30', err: null }
{ msg: 'STREAM::WRITE::PIPE::ERROR::12', err: null }
{ msg: 'STREAM::WRITE::PIPE::ERROR::16', err: null }
{ msg: 'STREAM::WRITE::PIPE::ERROR::15', err: null }
{ msg: 'STREAM::WRITE::PIPE::ERROR::11', err: null }
{
  msg: 'STREAM::WRITE::PIPE::CLOSED::7',
  downloaded_pages: 0,
  lost_pages: 17,
  total_imgs_num: 179,
  total: false,
  all_download_task: false
}
{
  msg: 'STREAM::WRITE::PIPE::CLOSED::5',
  downloaded_pages: 0,
  lost_pages: 17,
  total_imgs_num: 179,
  total: false,
  all_download_task: false
}
{
  msg: 'STREAM::WRITE::PIPE::CLOSED::22',
  downloaded_pages: 0,
  lost_pages: 17,
  total_imgs_num: 179,
  total: false,
  all_download_task: false
}
{
  msg: 'STREAM::WRITE::PIPE::CLOSED::8',
  downloaded_pages: 0,
  lost_pages: 17,
  total_imgs_num: 179,
  total: false,
  all_download_task: false
}
{ msg: 'STREAM::WRITE::PIPE::DONE::18' }
{ msg: 'STREAM::WRITE::PIPE::DONE::14' }
{ msg: 'STREAM::WRITE::PIPE::DONE::21' }
{ msg: 'STREAM::WRITE::PIPE::DONE::26' }
{ msg: 'STREAM::WRITE::PIPE::DONE::19' }
{ msg: 'STREAM::WRITE::PIPE::ERROR::32', err: null }
{ msg: 'STREAM::WRITE::PIPE::ERROR::24', err: null }
{ msg: 'STREAM::WRITE::PIPE::ERROR::25', err: null }
{ msg: 'STREAM::WRITE::PIPE::ERROR::10', err: null }
{ msg: 'STREAM::WRITE::PIPE::ERROR::20', err: null }
{ msg: 'STREAM::WRITE::PIPE::ERROR::31', err: null }
{ msg: 'STREAM::WRITE::PIPE::ERROR::35', err: null }
{ msg: 'STREAM::WRITE::PIPE::ERROR::29', err: null }
{ msg: 'STREAM::WRITE::PIPE::ERROR::106', err: null }
{ msg: 'STREAM::WRITE::PIPE::ERROR::94', err: null }
{ msg: 'STREAM::WRITE::PIPE::ERROR::28', err: null }
{ msg: 'STREAM::WRITE::PIPE::ERROR::96', err: null }
{ msg: 'STREAM::WRITE::PIPE::ERROR::46', err: null }
{ msg: 'STREAM::WRITE::PIPE::ERROR::3', err: null }
{ msg: 'STREAM::WRITE::PIPE::ERROR::93', err: null }
{
  msg: 'STREAM::WRITE::PIPE::CLOSED::18',
  downloaded_pages: 0,
  lost_pages: 32,
  total_imgs_num: 179,
  total: false,
  all_download_task: false
}
{
  msg: 'STREAM::WRITE::PIPE::CLOSED::14',
  downloaded_pages: 0,
  lost_pages: 32,
  total_imgs_num: 179,
  total: false,
  all_download_task: false
}
{
  msg: 'STREAM::WRITE::PIPE::CLOSED::21',
  downloaded_pages: 0,
  lost_pages: 32,
  total_imgs_num: 179,
  total: false,
  all_download_task: false
}
{
  msg: 'STREAM::WRITE::PIPE::CLOSED::26',
  downloaded_pages: 0,
  lost_pages: 32,
  total_imgs_num: 179,
  total: false,
  all_download_task: false
}
{
  msg: 'STREAM::WRITE::PIPE::CLOSED::19',
  downloaded_pages: 0,
  lost_pages: 32,
  total_imgs_num: 179,
  total: false,
  all_download_task: false
}
{ msg: 'STREAM::WRITE::PIPE::DONE::13' }
{ msg: 'STREAM::WRITE::PIPE::DONE::30' }
{ msg: 'STREAM::WRITE::PIPE::DONE::12' }
{ msg: 'STREAM::WRITE::PIPE::DONE::16' }
{ msg: 'STREAM::WRITE::PIPE::DONE::15' }
{ msg: 'STREAM::WRITE::PIPE::DONE::11' }
{ msg: 'STREAM::WRITE::PIPE::ERROR::102', err: null }
{ msg: 'STREAM::WRITE::PIPE::ERROR::157', err: null }
{ msg: 'STREAM::WRITE::PIPE::ERROR::4', err: null }
{ msg: 'STREAM::WRITE::PIPE::ERROR::119', err: null }
{ msg: 'STREAM::WRITE::PIPE::ERROR::1', err: null }
{ msg: 'STREAM::WRITE::PIPE::ERROR::158', err: null }
{ msg: 'STREAM::WRITE::PIPE::ERROR::165', err: null }
{ msg: 'STREAM::WRITE::PIPE::ERROR::167', err: null }
{
  msg: 'STREAM::WRITE::PIPE::CLOSED::13',
  downloaded_pages: 0,
  lost_pages: 40,
  total_imgs_num: 179,
  total: false,
  all_download_task: false
}
{
  msg: 'STREAM::WRITE::PIPE::CLOSED::30',
  downloaded_pages: 0,
  lost_pages: 40,
  total_imgs_num: 179,
  total: false,
  all_download_task: false
}
{
  msg: 'STREAM::WRITE::PIPE::CLOSED::12',
  downloaded_pages: 0,
  lost_pages: 40,
  total_imgs_num: 179,
  total: false,
  all_download_task: false
}
{
  msg: 'STREAM::WRITE::PIPE::CLOSED::16',
  downloaded_pages: 0,
  lost_pages: 40,
  total_imgs_num: 179,
  total: false,
  all_download_task: false
}
{
  msg: 'STREAM::WRITE::PIPE::CLOSED::15',
  downloaded_pages: 0,
  lost_pages: 40,
  total_imgs_num: 179,
  total: false,
  all_download_task: false
}
{
  msg: 'STREAM::WRITE::PIPE::CLOSED::11',
  downloaded_pages: 0,
  lost_pages: 40,
  total_imgs_num: 179,
  total: false,
  all_download_task: false
}
{ msg: 'STREAM::WRITE::PIPE::DONE::25' }
{ msg: 'STREAM::WRITE::PIPE::DONE::32' }
{ msg: 'STREAM::WRITE::PIPE::DONE::24' }
{ msg: 'STREAM::WRITE::PIPE::DONE::10' }
{ msg: 'STREAM::WRITE::PIPE::DONE::20' }
{ msg: 'STREAM::WRITE::PIPE::DONE::31' }
{ msg: 'STREAM::WRITE::PIPE::DONE::35' }
{ msg: 'STREAM::WRITE::PIPE::DONE::29' }
{ msg: 'STREAM::WRITE::PIPE::DONE::106' }
{ msg: 'STREAM::WRITE::PIPE::DONE::28' }
{ msg: 'STREAM::WRITE::PIPE::DONE::94' }
{ msg: 'STREAM::WRITE::PIPE::DONE::96' }
{ msg: 'STREAM::WRITE::PIPE::DONE::46' }
{ msg: 'STREAM::WRITE::PIPE::DONE::3' }
{ msg: 'STREAM::WRITE::PIPE::DONE::93' }
{ msg: 'STREAM::WRITE::PIPE::ERROR::44', err: null }
{ msg: 'STREAM::WRITE::PIPE::ERROR::56', err: null }
{ msg: 'STREAM::WRITE::PIPE::ERROR::116', err: null }
{ msg: 'STREAM::WRITE::PIPE::ERROR::51', err: null }
{ msg: 'STREAM::WRITE::PIPE::ERROR::17', err: null }
{ msg: 'STREAM::WRITE::PIPE::ERROR::110', err: null }
{ msg: 'STREAM::WRITE::PIPE::ERROR::97', err: null }
{ msg: 'STREAM::WRITE::PIPE::ERROR::50', err: null }
{ msg: 'STREAM::WRITE::PIPE::ERROR::85', err: null }
{ msg: 'STREAM::WRITE::PIPE::ERROR::27', err: null }
{ msg: 'STREAM::WRITE::PIPE::ERROR::47', err: null }
{ msg: 'STREAM::WRITE::PIPE::ERROR::89', err: null }
{
  msg: 'STREAM::WRITE::PIPE::CLOSED::25',
  downloaded_pages: 0,
  lost_pages: 52,
  total_imgs_num: 179,
  total: false,
  all_download_task: false
}
{
  msg: 'STREAM::WRITE::PIPE::CLOSED::32',
  downloaded_pages: 0,
  lost_pages: 52,
  total_imgs_num: 179,
  total: false,
  all_download_task: false
}
{
  msg: 'STREAM::WRITE::PIPE::CLOSED::24',
  downloaded_pages: 0,
  lost_pages: 52,
  total_imgs_num: 179,
  total: false,
  all_download_task: false
}
{
  msg: 'STREAM::WRITE::PIPE::CLOSED::10',
  downloaded_pages: 0,
  lost_pages: 52,
  total_imgs_num: 179,
  total: false,
  all_download_task: false
}
{
  msg: 'STREAM::WRITE::PIPE::CLOSED::20',
  downloaded_pages: 0,
  lost_pages: 52,
  total_imgs_num: 179,
  total: false,
  all_download_task: false
}
{
  msg: 'STREAM::WRITE::PIPE::CLOSED::31',
  downloaded_pages: 0,
  lost_pages: 52,
  total_imgs_num: 179,
  total: false,
  all_download_task: false
}
{
  msg: 'STREAM::WRITE::PIPE::CLOSED::35',
  downloaded_pages: 0,
  lost_pages: 52,
  total_imgs_num: 179,
  total: false,
  all_download_task: false
}
{
  msg: 'STREAM::WRITE::PIPE::CLOSED::29',
  downloaded_pages: 0,
  lost_pages: 52,
  total_imgs_num: 179,
  total: false,
  all_download_task: false
}
{
  msg: 'STREAM::WRITE::PIPE::CLOSED::106',
  downloaded_pages: 0,
  lost_pages: 52,
  total_imgs_num: 179,
  total: false,
  all_download_task: false
}
{
  msg: 'STREAM::WRITE::PIPE::CLOSED::28',
  downloaded_pages: 0,
  lost_pages: 52,
  total_imgs_num: 179,
  total: false,
  all_download_task: false
}
{
  msg: 'STREAM::WRITE::PIPE::CLOSED::94',
  downloaded_pages: 0,
  lost_pages: 52,
  total_imgs_num: 179,
  total: false,
  all_download_task: false
}
{
  msg: 'STREAM::WRITE::PIPE::CLOSED::96',
  downloaded_pages: 0,
  lost_pages: 52,
  total_imgs_num: 179,
  total: false,
  all_download_task: false
}
{
  msg: 'STREAM::WRITE::PIPE::CLOSED::46',
  downloaded_pages: 0,
  lost_pages: 52,
  total_imgs_num: 179,
  total: false,
  all_download_task: false
}
{
  msg: 'STREAM::WRITE::PIPE::CLOSED::3',
  downloaded_pages: 0,
  lost_pages: 52,
  total_imgs_num: 179,
  total: false,
  all_download_task: false
}
{ msg: 'STREAM::WRITE::PIPE::DONE::102' }
{ msg: 'STREAM::WRITE::PIPE::DONE::157' }
{ msg: 'STREAM::WRITE::PIPE::DONE::4' }
{
  msg: 'STREAM::WRITE::PIPE::CLOSED::93',
  downloaded_pages: 0,
  lost_pages: 52,
  total_imgs_num: 179,
  total: false,
  all_download_task: false
}
{ msg: 'STREAM::WRITE::PIPE::DONE::119' }
{ msg: 'STREAM::WRITE::PIPE::DONE::1' }
{ msg: 'STREAM::WRITE::PIPE::DONE::158' }
{ msg: 'STREAM::WRITE::PIPE::DONE::165' }
{ msg: 'STREAM::WRITE::PIPE::DONE::167' }
{ msg: 'STREAM::WRITE::PIPE::ERROR::36', err: null }
{ msg: 'STREAM::WRITE::PIPE::ERROR::58', err: null }
{ msg: 'STREAM::WRITE::PIPE::ERROR::169', err: null }
{ msg: 'STREAM::WRITE::PIPE::ERROR::80', err: null }
{ msg: 'STREAM::WRITE::PIPE::ERROR::103', err: null }
{ msg: 'STREAM::WRITE::PIPE::ERROR::92', err: null }
{ msg: 'STREAM::WRITE::PIPE::ERROR::90', err: null }
{ msg: 'STREAM::WRITE::PIPE::ERROR::175', err: null }
{ msg: 'STREAM::WRITE::PIPE::ERROR::178', err: null }
{
  msg: 'STREAM::WRITE::PIPE::CLOSED::102',
  downloaded_pages: 0,
  lost_pages: 61,
  total_imgs_num: 179,
  total: false,
  all_download_task: false
}
{
  msg: 'STREAM::WRITE::PIPE::CLOSED::157',
  downloaded_pages: 0,
  lost_pages: 61,
  total_imgs_num: 179,
  total: false,
  all_download_task: false
}
{
  msg: 'STREAM::WRITE::PIPE::CLOSED::4',
  downloaded_pages: 0,
  lost_pages: 61,
  total_imgs_num: 179,
  total: false,
  all_download_task: false
}
{
  msg: 'STREAM::WRITE::PIPE::CLOSED::119',
  downloaded_pages: 0,
  lost_pages: 61,
  total_imgs_num: 179,
  total: false,
  all_download_task: false
}
{
  msg: 'STREAM::WRITE::PIPE::CLOSED::1',
  downloaded_pages: 0,
  lost_pages: 61,
  total_imgs_num: 179,
  total: false,
  all_download_task: false
}
{
  msg: 'STREAM::WRITE::PIPE::CLOSED::158',
  downloaded_pages: 0,
  lost_pages: 61,
  total_imgs_num: 179,
  total: false,
  all_download_task: false
}
{
  msg: 'STREAM::WRITE::PIPE::CLOSED::165',
  downloaded_pages: 0,
  lost_pages: 61,
  total_imgs_num: 179,
  total: false,
  all_download_task: false
}
{ msg: 'STREAM::WRITE::PIPE::DONE::44' }
{ msg: 'STREAM::WRITE::PIPE::DONE::116' }
{ msg: 'STREAM::WRITE::PIPE::DONE::56' }
{ msg: 'STREAM::WRITE::PIPE::DONE::51' }
{ msg: 'STREAM::WRITE::PIPE::DONE::17' }
{
  msg: 'STREAM::WRITE::PIPE::CLOSED::167',
  downloaded_pages: 0,
  lost_pages: 61,
  total_imgs_num: 179,
  total: false,
  all_download_task: false
}
{ msg: 'STREAM::WRITE::PIPE::DONE::110' }
{ msg: 'STREAM::WRITE::PIPE::DONE::97' }
{ msg: 'STREAM::WRITE::PIPE::DONE::50' }
{ msg: 'STREAM::WRITE::PIPE::DONE::85' }
{ msg: 'STREAM::WRITE::PIPE::DONE::27' }
{ msg: 'STREAM::WRITE::PIPE::DONE::47' }
{ msg: 'STREAM::WRITE::PIPE::DONE::89' }
{ msg: 'STREAM::WRITE::PIPE::ERROR::84', err: null }
{ msg: 'STREAM::WRITE::PIPE::ERROR::112', err: null }
{
  msg: 'STREAM::WRITE::PIPE::CLOSED::44',
  downloaded_pages: 0,
  lost_pages: 63,
  total_imgs_num: 179,
  total: false,
  all_download_task: false
}
{
  msg: 'STREAM::WRITE::PIPE::CLOSED::116',
  downloaded_pages: 0,
  lost_pages: 63,
  total_imgs_num: 179,
  total: false,
  all_download_task: false
}
{
  msg: 'STREAM::WRITE::PIPE::CLOSED::56',
  downloaded_pages: 0,
  lost_pages: 63,
  total_imgs_num: 179,
  total: false,
  all_download_task: false
}
{
  msg: 'STREAM::WRITE::PIPE::CLOSED::51',
  downloaded_pages: 0,
  lost_pages: 63,
  total_imgs_num: 179,
  total: false,
  all_download_task: false
}
{
  msg: 'STREAM::WRITE::PIPE::CLOSED::17',
  downloaded_pages: 0,
  lost_pages: 63,
  total_imgs_num: 179,
  total: false,
  all_download_task: false
}
{
  msg: 'STREAM::WRITE::PIPE::CLOSED::110',
  downloaded_pages: 0,
  lost_pages: 63,
  total_imgs_num: 179,
  total: false,
  all_download_task: false
}
{
  msg: 'STREAM::WRITE::PIPE::CLOSED::97',
  downloaded_pages: 0,
  lost_pages: 63,
  total_imgs_num: 179,
  total: false,
  all_download_task: false
}
{
  msg: 'STREAM::WRITE::PIPE::CLOSED::50',
  downloaded_pages: 0,
  lost_pages: 63,
  total_imgs_num: 179,
  total: false,
  all_download_task: false
}
{
  msg: 'STREAM::WRITE::PIPE::CLOSED::85',
  downloaded_pages: 0,
  lost_pages: 63,
  total_imgs_num: 179,
  total: false,
  all_download_task: false
}
{
  msg: 'STREAM::WRITE::PIPE::CLOSED::27',
  downloaded_pages: 0,
  lost_pages: 63,
  total_imgs_num: 179,
  total: false,
  all_download_task: false
}
{
  msg: 'STREAM::WRITE::PIPE::CLOSED::47',
  downloaded_pages: 0,
  lost_pages: 63,
  total_imgs_num: 179,
  total: false,
  all_download_task: false
}
{
  msg: 'STREAM::WRITE::PIPE::CLOSED::89',
  downloaded_pages: 0,
  lost_pages: 63,
  total_imgs_num: 179,
  total: false,
  all_download_task: false
}
{ msg: 'STREAM::WRITE::PIPE::DONE::36' }
{ msg: 'STREAM::WRITE::PIPE::DONE::58' }
{ msg: 'STREAM::WRITE::PIPE::DONE::169' }
{ msg: 'STREAM::WRITE::PIPE::DONE::80' }
{ msg: 'STREAM::WRITE::PIPE::DONE::103' }
{ msg: 'STREAM::WRITE::PIPE::DONE::84' }
{ msg: 'STREAM::WRITE::PIPE::DONE::90' }
{ msg: 'STREAM::WRITE::PIPE::DONE::92' }
{ msg: 'STREAM::WRITE::PIPE::DONE::175' }
{ msg: 'STREAM::WRITE::PIPE::DONE::112' }
{ msg: 'STREAM::WRITE::PIPE::DONE::178' }
{ msg: 'STREAM::WRITE::PIPE::ERROR::172', err: null }
{ msg: 'STREAM::WRITE::PIPE::ERROR::104', err: null }
{ msg: 'STREAM::WRITE::PIPE::ERROR::98', err: null }
{ msg: 'STREAM::WRITE::PIPE::ERROR::49', err: null }
{ msg: 'STREAM::WRITE::PIPE::ERROR::114', err: null }
{
  msg: 'STREAM::WRITE::PIPE::CLOSED::36',
  downloaded_pages: 0,
  lost_pages: 68,
  total_imgs_num: 179,
  total: false,
  all_download_task: false
}
{
  msg: 'STREAM::WRITE::PIPE::CLOSED::58',
  downloaded_pages: 0,
  lost_pages: 68,
  total_imgs_num: 179,
  total: false,
  all_download_task: false
}
{
  msg: 'STREAM::WRITE::PIPE::CLOSED::169',
  downloaded_pages: 0,
  lost_pages: 68,
  total_imgs_num: 179,
  total: false,
  all_download_task: false
}
{
  msg: 'STREAM::WRITE::PIPE::CLOSED::80',
  downloaded_pages: 0,
  lost_pages: 68,
  total_imgs_num: 179,
  total: false,
  all_download_task: false
}
{
  msg: 'STREAM::WRITE::PIPE::CLOSED::103',
  downloaded_pages: 0,
  lost_pages: 68,
  total_imgs_num: 179,
  total: false,
  all_download_task: false
}
{
  msg: 'STREAM::WRITE::PIPE::CLOSED::84',
  downloaded_pages: 0,
  lost_pages: 68,
  total_imgs_num: 179,
  total: false,
  all_download_task: false
}
{
  msg: 'STREAM::WRITE::PIPE::CLOSED::90',
  downloaded_pages: 0,
  lost_pages: 68,
  total_imgs_num: 179,
  total: false,
  all_download_task: false
}
{
  msg: 'STREAM::WRITE::PIPE::CLOSED::92',
  downloaded_pages: 0,
  lost_pages: 68,
  total_imgs_num: 179,
  total: false,
  all_download_task: false
}
{
  msg: 'STREAM::WRITE::PIPE::CLOSED::175',
  downloaded_pages: 0,
  lost_pages: 68,
  total_imgs_num: 179,
  total: false,
  all_download_task: false
}
{
  msg: 'STREAM::WRITE::PIPE::CLOSED::112',
  downloaded_pages: 0,
  lost_pages: 68,
  total_imgs_num: 179,
  total: false,
  all_download_task: false
}
{
  msg: 'STREAM::WRITE::PIPE::CLOSED::178',
  downloaded_pages: 0,
  lost_pages: 68,
  total_imgs_num: 179,
  total: false,
  all_download_task: false
}
{ msg: 'STREAM::WRITE::PIPE::ERROR::139', err: null }
{ msg: 'STREAM::WRITE::PIPE::ERROR::126', err: null }
{ msg: 'STREAM::WRITE::PIPE::DONE::172' }
{ msg: 'STREAM::WRITE::PIPE::DONE::104' }
{ msg: 'STREAM::WRITE::PIPE::DONE::98' }
{ msg: 'STREAM::WRITE::PIPE::DONE::49' }
{ msg: 'STREAM::WRITE::PIPE::DONE::114' }
{ msg: 'STREAM::WRITE::PIPE::ERROR::86', err: null }
{
  msg: 'STREAM::WRITE::PIPE::CLOSED::172',
  downloaded_pages: 0,
  lost_pages: 71,
  total_imgs_num: 179,
  total: false,
  all_download_task: false
}
{
  msg: 'STREAM::WRITE::PIPE::CLOSED::104',
  downloaded_pages: 0,
  lost_pages: 71,
  total_imgs_num: 179,
  total: false,
  all_download_task: false
}
{
  msg: 'STREAM::WRITE::PIPE::CLOSED::98',
  downloaded_pages: 0,
  lost_pages: 71,
  total_imgs_num: 179,
  total: false,
  all_download_task: false
}
{
  msg: 'STREAM::WRITE::PIPE::CLOSED::49',
  downloaded_pages: 0,
  lost_pages: 71,
  total_imgs_num: 179,
  total: false,
  all_download_task: false
}
{ msg: 'STREAM::WRITE::PIPE::DONE::139' }
{
  msg: 'STREAM::WRITE::PIPE::CLOSED::114',
  downloaded_pages: 0,
  lost_pages: 71,
  total_imgs_num: 179,
  total: false,
  all_download_task: false
}
{ msg: 'STREAM::WRITE::PIPE::DONE::126' }
{ msg: 'STREAM::WRITE::PIPE::ERROR::57', err: null }
{ msg: 'STREAM::WRITE::PIPE::ERROR::40', err: null }
{ msg: 'STREAM::WRITE::PIPE::ERROR::63', err: null }
{ msg: 'STREAM::WRITE::PIPE::ERROR::73', err: null }
{ msg: 'STREAM::WRITE::PIPE::ERROR::61', err: null }
{ msg: 'STREAM::WRITE::PIPE::ERROR::65', err: null }
{ msg: 'STREAM::WRITE::PIPE::ERROR::75', err: null }
{ msg: 'STREAM::WRITE::PIPE::ERROR::54', err: null }
{ msg: 'STREAM::WRITE::PIPE::ERROR::53', err: null }
{ msg: 'STREAM::WRITE::PIPE::ERROR::59', err: null }
{ msg: 'STREAM::WRITE::PIPE::ERROR::60', err: null }
{ msg: 'STREAM::WRITE::PIPE::ERROR::55', err: null }
{ msg: 'STREAM::WRITE::PIPE::ERROR::83', err: null }
{ msg: 'STREAM::WRITE::PIPE::ERROR::81', err: null }
{
  msg: 'STREAM::WRITE::PIPE::CLOSED::139',
  downloaded_pages: 0,
  lost_pages: 85,
  total_imgs_num: 179,
  total: false,
  all_download_task: false
}
{ msg: 'STREAM::WRITE::PIPE::DONE::86' }
{
  msg: 'STREAM::WRITE::PIPE::CLOSED::126',
  downloaded_pages: 0,
  lost_pages: 85,
  total_imgs_num: 179,
  total: false,
  all_download_task: false
}
{ msg: 'STREAM::WRITE::PIPE::ERROR::67', err: null }
{ msg: 'STREAM::WRITE::PIPE::ERROR::52', err: null }
{ msg: 'STREAM::WRITE::PIPE::ERROR::68', err: null }
{ msg: 'STREAM::WRITE::PIPE::ERROR::64', err: null }
{ msg: 'STREAM::WRITE::PIPE::ERROR::69', err: null }
{ msg: 'STREAM::WRITE::PIPE::ERROR::77', err: null }
{ msg: 'STREAM::WRITE::PIPE::ERROR::82', err: null }
{ msg: 'STREAM::WRITE::PIPE::ERROR::76', err: null }
{ msg: 'STREAM::WRITE::PIPE::ERROR::79', err: null }
{
  msg: 'STREAM::WRITE::PIPE::CLOSED::86',
  downloaded_pages: 0,
  lost_pages: 94,
  total_imgs_num: 179,
  total: false,
  all_download_task: false
}
{ msg: 'STREAM::WRITE::PIPE::DONE::57' }
{ msg: 'STREAM::WRITE::PIPE::DONE::40' }
{ msg: 'STREAM::WRITE::PIPE::DONE::63' }
{ msg: 'STREAM::WRITE::PIPE::DONE::73' }
{ msg: 'STREAM::WRITE::PIPE::DONE::61' }
{ msg: 'STREAM::WRITE::PIPE::DONE::65' }
{ msg: 'STREAM::WRITE::PIPE::DONE::75' }
{ msg: 'STREAM::WRITE::PIPE::DONE::54' }
{ msg: 'STREAM::WRITE::PIPE::DONE::53' }
{ msg: 'STREAM::WRITE::PIPE::DONE::59' }
{ msg: 'STREAM::WRITE::PIPE::DONE::60' }
{ msg: 'STREAM::WRITE::PIPE::DONE::55' }
{ msg: 'STREAM::WRITE::PIPE::DONE::83' }
{ msg: 'STREAM::WRITE::PIPE::DONE::81' }
{ msg: 'STREAM::WRITE::PIPE::ERROR::105', err: null }
{ msg: 'STREAM::WRITE::PIPE::ERROR::62', err: null }
{ msg: 'STREAM::WRITE::PIPE::ERROR::72', err: null }
{ msg: 'STREAM::WRITE::PIPE::ERROR::48', err: null }
{ msg: 'STREAM::WRITE::PIPE::ERROR::66', err: null }
{
  msg: 'STREAM::WRITE::PIPE::CLOSED::57',
  downloaded_pages: 0,
  lost_pages: 99,
  total_imgs_num: 179,
  total: false,
  all_download_task: false
}
{
  msg: 'STREAM::WRITE::PIPE::CLOSED::40',
  downloaded_pages: 0,
  lost_pages: 99,
  total_imgs_num: 179,
  total: false,
  all_download_task: false
}
{
  msg: 'STREAM::WRITE::PIPE::CLOSED::63',
  downloaded_pages: 0,
  lost_pages: 99,
  total_imgs_num: 179,
  total: false,
  all_download_task: false
}
{
  msg: 'STREAM::WRITE::PIPE::CLOSED::73',
  downloaded_pages: 0,
  lost_pages: 99,
  total_imgs_num: 179,
  total: false,
  all_download_task: false
}
{
  msg: 'STREAM::WRITE::PIPE::CLOSED::61',
  downloaded_pages: 0,
  lost_pages: 99,
  total_imgs_num: 179,
  total: false,
  all_download_task: false
}
{
  msg: 'STREAM::WRITE::PIPE::CLOSED::65',
  downloaded_pages: 0,
  lost_pages: 99,
  total_imgs_num: 179,
  total: false,
  all_download_task: false
}
{
  msg: 'STREAM::WRITE::PIPE::CLOSED::75',
  downloaded_pages: 0,
  lost_pages: 99,
  total_imgs_num: 179,
  total: false,
  all_download_task: false
}
{
  msg: 'STREAM::WRITE::PIPE::CLOSED::54',
  downloaded_pages: 0,
  lost_pages: 99,
  total_imgs_num: 179,
  total: false,
  all_download_task: false
}
{
  msg: 'STREAM::WRITE::PIPE::CLOSED::53',
  downloaded_pages: 0,
  lost_pages: 99,
  total_imgs_num: 179,
  total: false,
  all_download_task: false
}
{
  msg: 'STREAM::WRITE::PIPE::CLOSED::59',
  downloaded_pages: 0,
  lost_pages: 99,
  total_imgs_num: 179,
  total: false,
  all_download_task: false
}
{
  msg: 'STREAM::WRITE::PIPE::CLOSED::60',
  downloaded_pages: 0,
  lost_pages: 99,
  total_imgs_num: 179,
  total: false,
  all_download_task: false
}
{
  msg: 'STREAM::WRITE::PIPE::CLOSED::55',
  downloaded_pages: 0,
  lost_pages: 99,
  total_imgs_num: 179,
  total: false,
  all_download_task: false
}
{
  msg: 'STREAM::WRITE::PIPE::CLOSED::83',
  downloaded_pages: 0,
  lost_pages: 99,
  total_imgs_num: 179,
  total: false,
  all_download_task: false
}
{ msg: 'STREAM::WRITE::PIPE::DONE::67' }
{ msg: 'STREAM::WRITE::PIPE::DONE::52' }
{ msg: 'STREAM::WRITE::PIPE::DONE::68' }
{ msg: 'STREAM::WRITE::PIPE::DONE::64' }
{
  msg: 'STREAM::WRITE::PIPE::CLOSED::81',
  downloaded_pages: 0,
  lost_pages: 99,
  total_imgs_num: 179,
  total: false,
  all_download_task: false
}
{ msg: 'STREAM::WRITE::PIPE::DONE::69' }
{ msg: 'STREAM::WRITE::PIPE::DONE::77' }
{ msg: 'STREAM::WRITE::PIPE::DONE::82' }
{ msg: 'STREAM::WRITE::PIPE::DONE::76' }
{ msg: 'STREAM::WRITE::PIPE::DONE::79' }
{ msg: 'STREAM::WRITE::PIPE::ERROR::78', err: null }
{ msg: 'STREAM::WRITE::PIPE::ERROR::133', err: null }
{ msg: 'STREAM::WRITE::PIPE::ERROR::134', err: null }
{ msg: 'STREAM::WRITE::PIPE::ERROR::128', err: null }
{ msg: 'STREAM::WRITE::PIPE::ERROR::120', err: null }
{ msg: 'STREAM::WRITE::PIPE::ERROR::132', err: null }
{ msg: 'STREAM::WRITE::PIPE::ERROR::6', err: null }
{ msg: 'STREAM::WRITE::PIPE::ERROR::70', err: null }
{
  msg: 'STREAM::WRITE::PIPE::CLOSED::67',
  downloaded_pages: 0,
  lost_pages: 107,
  total_imgs_num: 179,
  total: false,
  all_download_task: false
}
{
  msg: 'STREAM::WRITE::PIPE::CLOSED::52',
  downloaded_pages: 0,
  lost_pages: 107,
  total_imgs_num: 179,
  total: false,
  all_download_task: false
}
{
  msg: 'STREAM::WRITE::PIPE::CLOSED::68',
  downloaded_pages: 0,
  lost_pages: 107,
  total_imgs_num: 179,
  total: false,
  all_download_task: false
}
{
  msg: 'STREAM::WRITE::PIPE::CLOSED::64',
  downloaded_pages: 0,
  lost_pages: 107,
  total_imgs_num: 179,
  total: false,
  all_download_task: false
}
{
  msg: 'STREAM::WRITE::PIPE::CLOSED::69',
  downloaded_pages: 0,
  lost_pages: 107,
  total_imgs_num: 179,
  total: false,
  all_download_task: false
}
{
  msg: 'STREAM::WRITE::PIPE::CLOSED::77',
  downloaded_pages: 0,
  lost_pages: 107,
  total_imgs_num: 179,
  total: false,
  all_download_task: false
}
{
  msg: 'STREAM::WRITE::PIPE::CLOSED::82',
  downloaded_pages: 0,
  lost_pages: 107,
  total_imgs_num: 179,
  total: false,
  all_download_task: false
}
{
  msg: 'STREAM::WRITE::PIPE::CLOSED::76',
  downloaded_pages: 0,
  lost_pages: 107,
  total_imgs_num: 179,
  total: false,
  all_download_task: false
}
{ msg: 'STREAM::WRITE::PIPE::DONE::105' }
{
  msg: 'STREAM::WRITE::PIPE::CLOSED::79',
  downloaded_pages: 0,
  lost_pages: 107,
  total_imgs_num: 179,
  total: false,
  all_download_task: false
}
{ msg: 'STREAM::WRITE::PIPE::DONE::62' }
{ msg: 'STREAM::WRITE::PIPE::DONE::72' }
{ msg: 'STREAM::WRITE::PIPE::DONE::48' }
{ msg: 'STREAM::WRITE::PIPE::DONE::66' }
{ msg: 'STREAM::WRITE::PIPE::ERROR::125', err: null }
{ msg: 'STREAM::WRITE::PIPE::ERROR::118', err: null }
{ msg: 'STREAM::WRITE::PIPE::ERROR::168', err: null }
{ msg: 'STREAM::WRITE::PIPE::ERROR::140', err: null }
{ msg: 'STREAM::WRITE::PIPE::ERROR::143', err: null }
{ msg: 'STREAM::WRITE::PIPE::ERROR::33', err: null }
{ msg: 'STREAM::WRITE::PIPE::ERROR::39', err: null }
{ msg: 'STREAM::WRITE::PIPE::ERROR::23', err: null }
{ msg: 'STREAM::WRITE::PIPE::ERROR::42', err: null }
{
  msg: 'STREAM::WRITE::PIPE::CLOSED::105',
  downloaded_pages: 0,
  lost_pages: 116,
  total_imgs_num: 179,
  total: false,
  all_download_task: false
}
{
  msg: 'STREAM::WRITE::PIPE::CLOSED::62',
  downloaded_pages: 0,
  lost_pages: 116,
  total_imgs_num: 179,
  total: false,
  all_download_task: false
}
{
  msg: 'STREAM::WRITE::PIPE::CLOSED::72',
  downloaded_pages: 0,
  lost_pages: 116,
  total_imgs_num: 179,
  total: false,
  all_download_task: false
}
{
  msg: 'STREAM::WRITE::PIPE::CLOSED::48',
  downloaded_pages: 0,
  lost_pages: 116,
  total_imgs_num: 179,
  total: false,
  all_download_task: false
}
{ msg: 'STREAM::WRITE::PIPE::DONE::78' }
{ msg: 'STREAM::WRITE::PIPE::DONE::133' }
{ msg: 'STREAM::WRITE::PIPE::DONE::128' }
{ msg: 'STREAM::WRITE::PIPE::DONE::134' }
{ msg: 'STREAM::WRITE::PIPE::DONE::120' }
{ msg: 'STREAM::WRITE::PIPE::DONE::132' }
{
  msg: 'STREAM::WRITE::PIPE::CLOSED::66',
  downloaded_pages: 0,
  lost_pages: 116,
  total_imgs_num: 179,
  total: false,
  all_download_task: false
}
{ msg: 'STREAM::WRITE::PIPE::DONE::6' }
{ msg: 'STREAM::WRITE::PIPE::DONE::70' }
{ msg: 'STREAM::WRITE::PIPE::ERROR::43', err: null }
{ msg: 'STREAM::WRITE::PIPE::ERROR::45', err: null }
{ msg: 'STREAM::WRITE::PIPE::ERROR::71', err: null }
{ msg: 'STREAM::WRITE::PIPE::ERROR::144', err: null }
{ msg: 'STREAM::WRITE::PIPE::ERROR::150', err: null }
{ msg: 'STREAM::WRITE::PIPE::ERROR::88', err: null }
{
  msg: 'STREAM::WRITE::PIPE::CLOSED::78',
  downloaded_pages: 0,
  lost_pages: 122,
  total_imgs_num: 179,
  total: false,
  all_download_task: false
}
{
  msg: 'STREAM::WRITE::PIPE::CLOSED::133',
  downloaded_pages: 0,
  lost_pages: 122,
  total_imgs_num: 179,
  total: false,
  all_download_task: false
}
{
  msg: 'STREAM::WRITE::PIPE::CLOSED::128',
  downloaded_pages: 0,
  lost_pages: 122,
  total_imgs_num: 179,
  total: false,
  all_download_task: false
}
{
  msg: 'STREAM::WRITE::PIPE::CLOSED::134',
  downloaded_pages: 0,
  lost_pages: 122,
  total_imgs_num: 179,
  total: false,
  all_download_task: false
}
{
  msg: 'STREAM::WRITE::PIPE::CLOSED::120',
  downloaded_pages: 0,
  lost_pages: 122,
  total_imgs_num: 179,
  total: false,
  all_download_task: false
}
{
  msg: 'STREAM::WRITE::PIPE::CLOSED::132',
  downloaded_pages: 0,
  lost_pages: 122,
  total_imgs_num: 179,
  total: false,
  all_download_task: false
}
{
  msg: 'STREAM::WRITE::PIPE::CLOSED::6',
  downloaded_pages: 0,
  lost_pages: 122,
  total_imgs_num: 179,
  total: false,
  all_download_task: false
}
{ msg: 'STREAM::WRITE::PIPE::DONE::125' }
{ msg: 'STREAM::WRITE::PIPE::DONE::168' }
{ msg: 'STREAM::WRITE::PIPE::DONE::118' }
{ msg: 'STREAM::WRITE::PIPE::DONE::140' }
{ msg: 'STREAM::WRITE::PIPE::DONE::143' }
{
  msg: 'STREAM::WRITE::PIPE::CLOSED::70',
  downloaded_pages: 0,
  lost_pages: 122,
  total_imgs_num: 179,
  total: false,
  all_download_task: false
}
{ msg: 'STREAM::WRITE::PIPE::DONE::33' }
{ msg: 'STREAM::WRITE::PIPE::DONE::39' }
{ msg: 'STREAM::WRITE::PIPE::DONE::23' }
{ msg: 'STREAM::WRITE::PIPE::DONE::42' }
{ msg: 'STREAM::WRITE::PIPE::ERROR::149', err: null }
{ msg: 'STREAM::WRITE::PIPE::ERROR::141', err: null }
{ msg: 'STREAM::WRITE::PIPE::ERROR::108', err: null }
{ msg: 'STREAM::WRITE::PIPE::ERROR::170', err: null }
{ msg: 'STREAM::WRITE::PIPE::ERROR::135', err: null }
{ msg: 'STREAM::WRITE::PIPE::ERROR::147', err: null }
{ msg: 'STREAM::WRITE::PIPE::ERROR::160', err: null }
{ msg: 'STREAM::WRITE::PIPE::ERROR::111', err: null }
{
  msg: 'STREAM::WRITE::PIPE::CLOSED::125',
  downloaded_pages: 0,
  lost_pages: 130,
  total_imgs_num: 179,
  total: false,
  all_download_task: false
}
{
  msg: 'STREAM::WRITE::PIPE::CLOSED::168',
  downloaded_pages: 0,
  lost_pages: 130,
  total_imgs_num: 179,
  total: false,
  all_download_task: false
}
{
  msg: 'STREAM::WRITE::PIPE::CLOSED::118',
  downloaded_pages: 0,
  lost_pages: 130,
  total_imgs_num: 179,
  total: false,
  all_download_task: false
}
{
  msg: 'STREAM::WRITE::PIPE::CLOSED::140',
  downloaded_pages: 0,
  lost_pages: 130,
  total_imgs_num: 179,
  total: false,
  all_download_task: false
}
{
  msg: 'STREAM::WRITE::PIPE::CLOSED::143',
  downloaded_pages: 0,
  lost_pages: 130,
  total_imgs_num: 179,
  total: false,
  all_download_task: false
}
{
  msg: 'STREAM::WRITE::PIPE::CLOSED::33',
  downloaded_pages: 0,
  lost_pages: 130,
  total_imgs_num: 179,
  total: false,
  all_download_task: false
}
{
  msg: 'STREAM::WRITE::PIPE::CLOSED::39',
  downloaded_pages: 0,
  lost_pages: 130,
  total_imgs_num: 179,
  total: false,
  all_download_task: false
}
{
  msg: 'STREAM::WRITE::PIPE::CLOSED::23',
  downloaded_pages: 0,
  lost_pages: 130,
  total_imgs_num: 179,
  total: false,
  all_download_task: false
}
{ msg: 'STREAM::WRITE::PIPE::DONE::43' }
{ msg: 'STREAM::WRITE::PIPE::DONE::45' }
{ msg: 'STREAM::WRITE::PIPE::DONE::71' }
{ msg: 'STREAM::WRITE::PIPE::DONE::144' }
{
  msg: 'STREAM::WRITE::PIPE::CLOSED::42',
  downloaded_pages: 0,
  lost_pages: 130,
  total_imgs_num: 179,
  total: false,
  all_download_task: false
}
{ msg: 'STREAM::WRITE::PIPE::DONE::150' }
{ msg: 'STREAM::WRITE::PIPE::DONE::88' }
{ msg: 'STREAM::WRITE::PIPE::ERROR::146', err: null }
{ msg: 'STREAM::WRITE::PIPE::ERROR::136', err: null }
{ msg: 'STREAM::WRITE::PIPE::ERROR::129', err: null }
{ msg: 'STREAM::WRITE::PIPE::ERROR::121', err: null }
{
  msg: 'STREAM::WRITE::PIPE::CLOSED::43',
  downloaded_pages: 0,
  lost_pages: 134,
  total_imgs_num: 179,
  total: false,
  all_download_task: false
}
{
  msg: 'STREAM::WRITE::PIPE::CLOSED::45',
  downloaded_pages: 0,
  lost_pages: 134,
  total_imgs_num: 179,
  total: false,
  all_download_task: false
}
{
  msg: 'STREAM::WRITE::PIPE::CLOSED::71',
  downloaded_pages: 0,
  lost_pages: 134,
  total_imgs_num: 179,
  total: false,
  all_download_task: false
}
{
  msg: 'STREAM::WRITE::PIPE::CLOSED::144',
  downloaded_pages: 0,
  lost_pages: 134,
  total_imgs_num: 179,
  total: false,
  all_download_task: false
}
{
  msg: 'STREAM::WRITE::PIPE::CLOSED::150',
  downloaded_pages: 0,
  lost_pages: 134,
  total_imgs_num: 179,
  total: false,
  all_download_task: false
}
{ msg: 'STREAM::WRITE::PIPE::DONE::149' }
{ msg: 'STREAM::WRITE::PIPE::DONE::141' }
{ msg: 'STREAM::WRITE::PIPE::DONE::108' }
{ msg: 'STREAM::WRITE::PIPE::DONE::170' }
{
  msg: 'STREAM::WRITE::PIPE::CLOSED::88',
  downloaded_pages: 0,
  lost_pages: 134,
  total_imgs_num: 179,
  total: false,
  all_download_task: false
}
{ msg: 'STREAM::WRITE::PIPE::DONE::135' }
{ msg: 'STREAM::WRITE::PIPE::DONE::147' }
{ msg: 'STREAM::WRITE::PIPE::DONE::160' }
{ msg: 'STREAM::WRITE::PIPE::DONE::111' }
{ msg: 'STREAM::WRITE::PIPE::ERROR::0', err: null }
{ msg: 'STREAM::WRITE::PIPE::ERROR::153', err: null }
{ msg: 'STREAM::WRITE::PIPE::ERROR::131', err: null }
{ msg: 'STREAM::WRITE::PIPE::ERROR::145', err: null }
{ msg: 'STREAM::WRITE::PIPE::ERROR::155', err: null }
{
  msg: 'STREAM::WRITE::PIPE::CLOSED::149',
  downloaded_pages: 0,
  lost_pages: 139,
  total_imgs_num: 179,
  total: false,
  all_download_task: false
}
{
  msg: 'STREAM::WRITE::PIPE::CLOSED::141',
  downloaded_pages: 0,
  lost_pages: 139,
  total_imgs_num: 179,
  total: false,
  all_download_task: false
}
{
  msg: 'STREAM::WRITE::PIPE::CLOSED::108',
  downloaded_pages: 0,
  lost_pages: 139,
  total_imgs_num: 179,
  total: false,
  all_download_task: false
}
{
  msg: 'STREAM::WRITE::PIPE::CLOSED::170',
  downloaded_pages: 0,
  lost_pages: 139,
  total_imgs_num: 179,
  total: false,
  all_download_task: false
}
{
  msg: 'STREAM::WRITE::PIPE::CLOSED::135',
  downloaded_pages: 0,
  lost_pages: 139,
  total_imgs_num: 179,
  total: false,
  all_download_task: false
}
{
  msg: 'STREAM::WRITE::PIPE::CLOSED::147',
  downloaded_pages: 0,
  lost_pages: 139,
  total_imgs_num: 179,
  total: false,
  all_download_task: false
}
{
  msg: 'STREAM::WRITE::PIPE::CLOSED::160',
  downloaded_pages: 0,
  lost_pages: 139,
  total_imgs_num: 179,
  total: false,
  all_download_task: false
}
{ msg: 'STREAM::WRITE::PIPE::DONE::146' }
{ msg: 'STREAM::WRITE::PIPE::DONE::136' }
{ msg: 'STREAM::WRITE::PIPE::DONE::129' }
{
  msg: 'STREAM::WRITE::PIPE::CLOSED::111',
  downloaded_pages: 0,
  lost_pages: 139,
  total_imgs_num: 179,
  total: false,
  all_download_task: false
}
{ msg: 'STREAM::WRITE::PIPE::DONE::121' }
{ msg: 'STREAM::WRITE::PIPE::ERROR::38', err: null }
{ msg: 'STREAM::WRITE::PIPE::ERROR::148', err: null }
{
  msg: 'STREAM::WRITE::PIPE::CLOSED::146',
  downloaded_pages: 0,
  lost_pages: 141,
  total_imgs_num: 179,
  total: false,
  all_download_task: false
}
{
  msg: 'STREAM::WRITE::PIPE::CLOSED::136',
  downloaded_pages: 0,
  lost_pages: 141,
  total_imgs_num: 179,
  total: false,
  all_download_task: false
}
{
  msg: 'STREAM::WRITE::PIPE::CLOSED::129',
  downloaded_pages: 0,
  lost_pages: 141,
  total_imgs_num: 179,
  total: false,
  all_download_task: false
}
{ msg: 'STREAM::WRITE::PIPE::DONE::0' }
{ msg: 'STREAM::WRITE::PIPE::DONE::153' }
{ msg: 'STREAM::WRITE::PIPE::DONE::131' }
{ msg: 'STREAM::WRITE::PIPE::DONE::145' }
{ msg: 'STREAM::WRITE::PIPE::DONE::155' }
{
  msg: 'STREAM::WRITE::PIPE::CLOSED::121',
  downloaded_pages: 0,
  lost_pages: 141,
  total_imgs_num: 179,
  total: false,
  all_download_task: false
}
{ msg: 'STREAM::WRITE::PIPE::ERROR::123', err: null }
{ msg: 'STREAM::WRITE::PIPE::ERROR::91', err: null }
{ msg: 'STREAM::WRITE::PIPE::ERROR::101', err: null }
{ msg: 'STREAM::WRITE::PIPE::ERROR::159', err: null }
{ msg: 'STREAM::WRITE::PIPE::ERROR::95', err: null }
{
  msg: 'STREAM::WRITE::PIPE::CLOSED::0',
  downloaded_pages: 0,
  lost_pages: 146,
  total_imgs_num: 179,
  total: false,
  all_download_task: false
}
{
  msg: 'STREAM::WRITE::PIPE::CLOSED::153',
  downloaded_pages: 0,
  lost_pages: 146,
  total_imgs_num: 179,
  total: false,
  all_download_task: false
}
{
  msg: 'STREAM::WRITE::PIPE::CLOSED::131',
  downloaded_pages: 0,
  lost_pages: 146,
  total_imgs_num: 179,
  total: false,
  all_download_task: false
}
{
  msg: 'STREAM::WRITE::PIPE::CLOSED::145',
  downloaded_pages: 0,
  lost_pages: 146,
  total_imgs_num: 179,
  total: false,
  all_download_task: false
}
{
  msg: 'STREAM::WRITE::PIPE::CLOSED::155',
  downloaded_pages: 0,
  lost_pages: 146,
  total_imgs_num: 179,
  total: false,
  all_download_task: false
}
{ msg: 'STREAM::WRITE::PIPE::DONE::38' }
{ msg: 'STREAM::WRITE::PIPE::DONE::148' }
{ msg: 'STREAM::WRITE::PIPE::ERROR::173', err: null }
{ msg: 'STREAM::WRITE::PIPE::ERROR::162', err: null }
{ msg: 'STREAM::WRITE::PIPE::ERROR::164', err: null }
{ msg: 'STREAM::WRITE::PIPE::ERROR::171', err: null }
{
  msg: 'STREAM::WRITE::PIPE::CLOSED::38',
  downloaded_pages: 0,
  lost_pages: 150,
  total_imgs_num: 179,
  total: false,
  all_download_task: false
}
{ msg: 'STREAM::WRITE::PIPE::DONE::123' }
{ msg: 'STREAM::WRITE::PIPE::DONE::91' }
{ msg: 'STREAM::WRITE::PIPE::DONE::101' }
{ msg: 'STREAM::WRITE::PIPE::DONE::159' }
{ msg: 'STREAM::WRITE::PIPE::DONE::95' }
{
  msg: 'STREAM::WRITE::PIPE::CLOSED::148',
  downloaded_pages: 0,
  lost_pages: 150,
  total_imgs_num: 179,
  total: false,
  all_download_task: false
}
{ msg: 'STREAM::WRITE::PIPE::ERROR::176', err: null }
{
  msg: 'STREAM::WRITE::PIPE::CLOSED::123',
  downloaded_pages: 0,
  lost_pages: 151,
  total_imgs_num: 179,
  total: false,
  all_download_task: false
}
{
  msg: 'STREAM::WRITE::PIPE::CLOSED::91',
  downloaded_pages: 0,
  lost_pages: 151,
  total_imgs_num: 179,
  total: false,
  all_download_task: false
}
{
  msg: 'STREAM::WRITE::PIPE::CLOSED::101',
  downloaded_pages: 0,
  lost_pages: 151,
  total_imgs_num: 179,
  total: false,
  all_download_task: false
}
{
  msg: 'STREAM::WRITE::PIPE::CLOSED::159',
  downloaded_pages: 0,
  lost_pages: 151,
  total_imgs_num: 179,
  total: false,
  all_download_task: false
}
{
  msg: 'STREAM::WRITE::PIPE::CLOSED::95',
  downloaded_pages: 0,
  lost_pages: 151,
  total_imgs_num: 179,
  total: false,
  all_download_task: false
}
{ msg: 'STREAM::WRITE::PIPE::DONE::173' }
{ msg: 'STREAM::WRITE::PIPE::DONE::164' }
{ msg: 'STREAM::WRITE::PIPE::DONE::162' }
{ msg: 'STREAM::WRITE::PIPE::DONE::171' }
{
  msg: 'STREAM::WRITE::PIPE::CLOSED::173',
  downloaded_pages: 0,
  lost_pages: 151,
  total_imgs_num: 179,
  total: false,
  all_download_task: false
}
{
  msg: 'STREAM::WRITE::PIPE::CLOSED::164',
  downloaded_pages: 0,
  lost_pages: 151,
  total_imgs_num: 179,
  total: false,
  all_download_task: false
}
{
  msg: 'STREAM::WRITE::PIPE::CLOSED::162',
  downloaded_pages: 0,
  lost_pages: 151,
  total_imgs_num: 179,
  total: false,
  all_download_task: false
}
{ msg: 'STREAM::WRITE::PIPE::DONE::176' }
{
  msg: 'STREAM::WRITE::PIPE::CLOSED::171',
  downloaded_pages: 0,
  lost_pages: 151,
  total_imgs_num: 179,
  total: false,
  all_download_task: false
}
{
  msg: 'STREAM::WRITE::PIPE::CLOSED::176',
  downloaded_pages: 0,
  lost_pages: 151,
  total_imgs_num: 179,
  total: false,
  all_download_task: false
}
{ msg: 'STREAM::WRITE::PIPE::ERROR::37', err: null }
{ msg: 'STREAM::WRITE::PIPE::DONE::37' }
{
  msg: 'STREAM::WRITE::PIPE::CLOSED::37',
  downloaded_pages: 0,
  lost_pages: 152,
  total_imgs_num: 179,
  total: false,
  all_download_task: false
}
{ msg: 'STREAM::WRITE::PIPE::ERROR::87', err: null }
{ msg: 'STREAM::WRITE::PIPE::DONE::87' }
{
  msg: 'STREAM::WRITE::PIPE::CLOSED::87',
  downloaded_pages: 0,
  lost_pages: 153,
  total_imgs_num: 179,
  total: false,
  all_download_task: false
}
{ msg: 'STREAM::WRITE::PIPE::ERROR::117', err: null }
{ msg: 'STREAM::WRITE::PIPE::DONE::117' }
{ msg: 'STREAM::WRITE::PIPE::ERROR::34', err: null }
{ msg: 'STREAM::WRITE::PIPE::DONE::34' }
{
  msg: 'STREAM::WRITE::PIPE::CLOSED::117',
  downloaded_pages: 0,
  lost_pages: 155,
  total_imgs_num: 179,
  total: false,
  all_download_task: false
}
{
  msg: 'STREAM::WRITE::PIPE::CLOSED::34',
  downloaded_pages: 0,
  lost_pages: 155,
  total_imgs_num: 179,
  total: false,
  all_download_task: false
}
{ msg: 'STREAM::WRITE::PIPE::ERROR::174', err: null }
{ msg: 'STREAM::WRITE::PIPE::DONE::174' }
{
  msg: 'STREAM::WRITE::PIPE::CLOSED::174',
  downloaded_pages: 0,
  lost_pages: 156,
  total_imgs_num: 179,
  total: false,
  all_download_task: false
}
{ msg: 'STREAM::WRITE::PIPE::ERROR::99', err: null }
{ msg: 'STREAM::WRITE::PIPE::DONE::99' }
{
  msg: 'STREAM::WRITE::PIPE::CLOSED::99',
  downloaded_pages: 0,
  lost_pages: 157,
  total_imgs_num: 179,
  total: false,
  all_download_task: false
}
{ msg: 'STREAM::WRITE::PIPE::ERROR::142', err: null }
{ msg: 'STREAM::WRITE::PIPE::DONE::142' }
{
  msg: 'STREAM::WRITE::PIPE::CLOSED::142',
  downloaded_pages: 0,
  lost_pages: 158,
  total_imgs_num: 179,
  total: false,
  all_download_task: false
}
{ msg: 'STREAM::WRITE::PIPE::ERROR::100', err: null }
{ msg: 'STREAM::WRITE::PIPE::DONE::100' }
{
  msg: 'STREAM::WRITE::PIPE::CLOSED::100',
  downloaded_pages: 0,
  lost_pages: 159,
  total_imgs_num: 179,
  total: false,
  all_download_task: false
}
{ msg: 'STREAM::WRITE::PIPE::ERROR::113', err: null }
{ msg: 'STREAM::WRITE::PIPE::DONE::113' }
{
  msg: 'STREAM::WRITE::PIPE::CLOSED::113',
  downloaded_pages: 0,
  lost_pages: 160,
  total_imgs_num: 179,
  total: false,
  all_download_task: false
}
{ msg: 'STREAM::WRITE::PIPE::ERROR::163', err: null }
{ msg: 'STREAM::WRITE::PIPE::DONE::163' }
{
  msg: 'STREAM::WRITE::PIPE::CLOSED::163',
  downloaded_pages: 0,
  lost_pages: 161,
  total_imgs_num: 179,
  total: false,
  all_download_task: false
}
{ msg: 'STREAM::WRITE::PIPE::ERROR::166', err: null }
{ msg: 'STREAM::WRITE::PIPE::DONE::166' }
{
  msg: 'STREAM::WRITE::PIPE::CLOSED::166',
  downloaded_pages: 0,
  lost_pages: 162,
  total_imgs_num: 179,
  total: false,
  all_download_task: false
}
{ msg: 'STREAM::WRITE::PIPE::ERROR::154', err: null }
{ msg: 'STREAM::WRITE::PIPE::DONE::154' }
{
  msg: 'STREAM::WRITE::PIPE::CLOSED::154',
  downloaded_pages: 0,
  lost_pages: 163,
  total_imgs_num: 179,
  total: false,
  all_download_task: false
}
{ msg: 'STREAM::WRITE::PIPE::ERROR::137', err: null }
{ msg: 'STREAM::WRITE::PIPE::DONE::137' }
{
  msg: 'STREAM::WRITE::PIPE::CLOSED::137',
  downloaded_pages: 0,
  lost_pages: 164,
  total_imgs_num: 179,
  total: false,
  all_download_task: false
}
{ msg: 'STREAM::WRITE::PIPE::ERROR::151', err: null }
{ msg: 'STREAM::WRITE::PIPE::DONE::151' }
{ msg: 'STREAM::WRITE::PIPE::ERROR::124', err: null }
{ msg: 'STREAM::WRITE::PIPE::DONE::124' }
{
  msg: 'STREAM::WRITE::PIPE::CLOSED::151',
  downloaded_pages: 0,
  lost_pages: 166,
  total_imgs_num: 179,
  total: false,
  all_download_task: false
}
{
  msg: 'STREAM::WRITE::PIPE::CLOSED::124',
  downloaded_pages: 0,
  lost_pages: 166,
  total_imgs_num: 179,
  total: false,
  all_download_task: false
}
{ msg: 'STREAM::WRITE::PIPE::ERROR::41', err: null }
{ msg: 'STREAM::WRITE::PIPE::DONE::41' }
{
  msg: 'STREAM::WRITE::PIPE::CLOSED::41',
  downloaded_pages: 0,
  lost_pages: 167,
  total_imgs_num: 179,
  total: false,
  all_download_task: false
}
{ msg: 'STREAM::WRITE::PIPE::ERROR::156', err: null }
{ msg: 'STREAM::WRITE::PIPE::DONE::156' }
{ msg: 'STREAM::WRITE::PIPE::ERROR::130', err: null }
{ msg: 'STREAM::WRITE::PIPE::DONE::130' }
{
  msg: 'STREAM::WRITE::PIPE::CLOSED::156',
  downloaded_pages: 0,
  lost_pages: 169,
  total_imgs_num: 179,
  total: false,
  all_download_task: false
}
{
  msg: 'STREAM::WRITE::PIPE::CLOSED::130',
  downloaded_pages: 0,
  lost_pages: 169,
  total_imgs_num: 179,
  total: false,
  all_download_task: false
}
{ msg: 'STREAM::WRITE::PIPE::ERROR::161', err: null }
{ msg: 'STREAM::WRITE::PIPE::DONE::161' }
{
  msg: 'STREAM::WRITE::PIPE::CLOSED::161',
  downloaded_pages: 0,
  lost_pages: 170,
  total_imgs_num: 179,
  total: false,
  all_download_task: false
}
{ msg: 'STREAM::WRITE::PIPE::ERROR::152', err: null }
{ msg: 'STREAM::WRITE::PIPE::DONE::152' }
{
  msg: 'STREAM::WRITE::PIPE::CLOSED::152',
  downloaded_pages: 0,
  lost_pages: 171,
  total_imgs_num: 179,
  total: false,
  all_download_task: false
}
{ msg: 'STREAM::WRITE::PIPE::ERROR::107', err: null }
{ msg: 'STREAM::WRITE::PIPE::DONE::107' }
{
  msg: 'STREAM::WRITE::PIPE::CLOSED::107',
  downloaded_pages: 0,
  lost_pages: 172,
  total_imgs_num: 179,
  total: false,
  all_download_task: false
}
{ msg: 'STREAM::WRITE::PIPE::ERROR::115', err: null }
{ msg: 'STREAM::WRITE::PIPE::DONE::115' }
{
  msg: 'STREAM::WRITE::PIPE::CLOSED::115',
  downloaded_pages: 0,
  lost_pages: 173,
  total_imgs_num: 179,
  total: false,
  all_download_task: false
}
{ msg: 'STREAM::WRITE::PIPE::ERROR::177', err: null }
{ msg: 'STREAM::WRITE::PIPE::DONE::177' }
{
  msg: 'STREAM::WRITE::PIPE::CLOSED::177',
  downloaded_pages: 0,
  lost_pages: 174,
  total_imgs_num: 179,
  total: false,
  all_download_task: false
}
{ msg: 'STREAM::WRITE::PIPE::ERROR::109', err: null }
{ msg: 'STREAM::WRITE::PIPE::DONE::109' }
{
  msg: 'STREAM::WRITE::PIPE::CLOSED::109',
  downloaded_pages: 0,
  lost_pages: 175,
  total_imgs_num: 179,
  total: false,
  all_download_task: false
}
{ msg: 'STREAM::WRITE::PIPE::ERROR::122', err: null }
{ msg: 'STREAM::WRITE::PIPE::DONE::122' }
{
  msg: 'STREAM::WRITE::PIPE::CLOSED::122',
  downloaded_pages: 0,
  lost_pages: 176,
  total_imgs_num: 179,
  total: false,
  all_download_task: false
}
{ msg: 'STREAM::WRITE::PIPE::ERROR::127', err: null }
{ msg: 'STREAM::WRITE::PIPE::DONE::127' }
{
  msg: 'STREAM::WRITE::PIPE::CLOSED::127',
  downloaded_pages: 0,
  lost_pages: 177,
  total_imgs_num: 179,
  total: false,
  all_download_task: false
}
{ msg: 'STREAM::WRITE::PIPE::ERROR::74', err: null }
{ msg: 'STREAM::WRITE::PIPE::DONE::74' }
{
  msg: 'STREAM::WRITE::PIPE::CLOSED::74',
  downloaded_pages: 0,
  lost_pages: 178,
  total_imgs_num: 179,
  total: false,
  all_download_task: false
}
{ msg: 'STREAM::WRITE::PIPE::ERROR::138', err: null }
{ msg: 'STREAM::WRITE::PIPE::DONE::138' }
{
  msg: 'STREAM::WRITE::PIPE::CLOSED::138',
  downloaded_pages: 0,
  lost_pages: 179,
  total_imgs_num: 179,
  total: true,
  all_download_task: true
}
HERE
----------- Started Download Select Normal Pattern ---------------
{ msg: 'STREAM::WRITE::PIPE::OPEN::9' }
{ msg: 'STREAM::WRITE::PIPE::OPEN::2' }
{ msg: 'STREAM::WRITE::PIPE::OPEN::7' }
{ msg: 'STREAM::WRITE::PIPE::OPEN::5' }
{ msg: 'STREAM::WRITE::PIPE::OPEN::22' }
{ msg: 'STREAM::WRITE::PIPE::OPEN::8' }
{ msg: 'STREAM::WRITE::PIPE::OPEN::18' }
{ msg: 'STREAM::WRITE::PIPE::OPEN::14' }
{ msg: 'STREAM::WRITE::PIPE::OPEN::21' }
{ msg: 'STREAM::WRITE::PIPE::OPEN::26' }
{ msg: 'STREAM::WRITE::PIPE::OPEN::19' }
{ msg: 'STREAM::WRITE::PIPE::OPEN::13' }
{ msg: 'STREAM::WRITE::PIPE::OPEN::30' }
{ msg: 'STREAM::WRITE::PIPE::OPEN::12' }
{ msg: 'STREAM::WRITE::PIPE::OPEN::16' }
{ msg: 'STREAM::WRITE::PIPE::OPEN::15' }
{ msg: 'STREAM::WRITE::PIPE::OPEN::11' }
{ msg: 'STREAM::WRITE::PIPE::OPEN::32' }
{ msg: 'STREAM::WRITE::PIPE::OPEN::24' }
{ msg: 'STREAM::WRITE::PIPE::OPEN::25' }
{ msg: 'STREAM::WRITE::PIPE::OPEN::10' }
{ msg: 'STREAM::WRITE::PIPE::OPEN::20' }
{ msg: 'STREAM::WRITE::PIPE::OPEN::31' }
{ msg: 'STREAM::WRITE::PIPE::OPEN::35' }
{ msg: 'STREAM::WRITE::PIPE::OPEN::29' }
{ msg: 'STREAM::WRITE::PIPE::OPEN::106' }
{ msg: 'STREAM::WRITE::PIPE::OPEN::94' }
{ msg: 'STREAM::WRITE::PIPE::OPEN::28' }
{ msg: 'STREAM::WRITE::PIPE::OPEN::96' }
{ msg: 'STREAM::WRITE::PIPE::OPEN::46' }
{ msg: 'STREAM::WRITE::PIPE::OPEN::3' }
{ msg: 'STREAM::WRITE::PIPE::OPEN::93' }
{ msg: 'STREAM::WRITE::PIPE::OPEN::102' }
{ msg: 'STREAM::WRITE::PIPE::OPEN::157' }
{ msg: 'STREAM::WRITE::PIPE::OPEN::4' }
{ msg: 'STREAM::WRITE::PIPE::OPEN::119' }
{ msg: 'STREAM::WRITE::PIPE::OPEN::1' }
{ msg: 'STREAM::WRITE::PIPE::OPEN::158' }
{ msg: 'STREAM::WRITE::PIPE::OPEN::165' }
{ msg: 'STREAM::WRITE::PIPE::OPEN::167' }
{ msg: 'STREAM::WRITE::PIPE::OPEN::44' }
{ msg: 'STREAM::WRITE::PIPE::OPEN::56' }
{ msg: 'STREAM::WRITE::PIPE::OPEN::116' }
{ msg: 'STREAM::WRITE::PIPE::OPEN::51' }
{ msg: 'STREAM::WRITE::PIPE::OPEN::17' }
{ msg: 'STREAM::WRITE::PIPE::OPEN::110' }
{ msg: 'STREAM::WRITE::PIPE::OPEN::97' }
{ msg: 'STREAM::WRITE::PIPE::OPEN::50' }
{ msg: 'STREAM::WRITE::PIPE::OPEN::85' }
{ msg: 'STREAM::WRITE::PIPE::OPEN::27' }
{ msg: 'STREAM::WRITE::PIPE::OPEN::47' }
{ msg: 'STREAM::WRITE::PIPE::OPEN::89' }
{ msg: 'STREAM::WRITE::PIPE::OPEN::36' }
{ msg: 'STREAM::WRITE::PIPE::OPEN::58' }
{ msg: 'STREAM::WRITE::PIPE::OPEN::169' }
{ msg: 'STREAM::WRITE::PIPE::OPEN::80' }
{ msg: 'STREAM::WRITE::PIPE::OPEN::103' }
{ msg: 'STREAM::WRITE::PIPE::OPEN::92' }
{ msg: 'STREAM::WRITE::PIPE::OPEN::90' }
{ msg: 'STREAM::WRITE::PIPE::OPEN::175' }
{ msg: 'STREAM::WRITE::PIPE::OPEN::178' }
{ msg: 'STREAM::WRITE::PIPE::OPEN::84' }
{ msg: 'STREAM::WRITE::PIPE::OPEN::112' }
{ msg: 'STREAM::WRITE::PIPE::OPEN::172' }
{ msg: 'STREAM::WRITE::PIPE::OPEN::104' }
{ msg: 'STREAM::WRITE::PIPE::OPEN::98' }
{ msg: 'STREAM::WRITE::PIPE::OPEN::49' }
{ msg: 'STREAM::WRITE::PIPE::OPEN::114' }
{ msg: 'STREAM::WRITE::PIPE::OPEN::139' }
{ msg: 'STREAM::WRITE::PIPE::OPEN::126' }
{ msg: 'STREAM::WRITE::PIPE::OPEN::86' }
{ msg: 'STREAM::WRITE::PIPE::OPEN::57' }
{ msg: 'STREAM::WRITE::PIPE::OPEN::40' }
{ msg: 'STREAM::WRITE::PIPE::OPEN::63' }
{ msg: 'STREAM::WRITE::PIPE::OPEN::73' }
{ msg: 'STREAM::WRITE::PIPE::OPEN::61' }
{ msg: 'STREAM::WRITE::PIPE::OPEN::65' }
{ msg: 'STREAM::WRITE::PIPE::OPEN::75' }
{ msg: 'STREAM::WRITE::PIPE::OPEN::54' }
{ msg: 'STREAM::WRITE::PIPE::OPEN::53' }
{ msg: 'STREAM::WRITE::PIPE::OPEN::59' }
{ msg: 'STREAM::WRITE::PIPE::OPEN::60' }
{ msg: 'STREAM::WRITE::PIPE::OPEN::55' }
{ msg: 'STREAM::WRITE::PIPE::OPEN::83' }
{ msg: 'STREAM::WRITE::PIPE::OPEN::81' }
{ msg: 'STREAM::WRITE::PIPE::OPEN::67' }
{ msg: 'STREAM::WRITE::PIPE::OPEN::52' }
{ msg: 'STREAM::WRITE::PIPE::OPEN::68' }
{ msg: 'STREAM::WRITE::PIPE::OPEN::64' }
{ msg: 'STREAM::WRITE::PIPE::OPEN::69' }
{ msg: 'STREAM::WRITE::PIPE::OPEN::77' }
{ msg: 'STREAM::WRITE::PIPE::OPEN::82' }
{ msg: 'STREAM::WRITE::PIPE::OPEN::76' }
{ msg: 'STREAM::WRITE::PIPE::OPEN::79' }
{ msg: 'STREAM::WRITE::PIPE::OPEN::105' }
{ msg: 'STREAM::WRITE::PIPE::OPEN::62' }
{ msg: 'STREAM::WRITE::PIPE::OPEN::72' }
{ msg: 'STREAM::WRITE::PIPE::OPEN::48' }
{ msg: 'STREAM::WRITE::PIPE::OPEN::66' }
{ msg: 'STREAM::WRITE::PIPE::OPEN::78' }
{ msg: 'STREAM::WRITE::PIPE::OPEN::133' }
{ msg: 'STREAM::WRITE::PIPE::OPEN::134' }
{ msg: 'STREAM::WRITE::PIPE::OPEN::128' }
{ msg: 'STREAM::WRITE::PIPE::OPEN::120' }
{ msg: 'STREAM::WRITE::PIPE::OPEN::132' }
{ msg: 'STREAM::WRITE::PIPE::OPEN::6' }
{ msg: 'STREAM::WRITE::PIPE::OPEN::70' }
{ msg: 'STREAM::WRITE::PIPE::OPEN::125' }
{ msg: 'STREAM::WRITE::PIPE::OPEN::118' }
{ msg: 'STREAM::WRITE::PIPE::OPEN::168' }
{ msg: 'STREAM::WRITE::PIPE::OPEN::140' }
{ msg: 'STREAM::WRITE::PIPE::OPEN::143' }
{ msg: 'STREAM::WRITE::PIPE::OPEN::33' }
{ msg: 'STREAM::WRITE::PIPE::OPEN::39' }
{ msg: 'STREAM::WRITE::PIPE::OPEN::23' }
{ msg: 'STREAM::WRITE::PIPE::OPEN::42' }
{ msg: 'STREAM::WRITE::PIPE::OPEN::43' }
{ msg: 'STREAM::WRITE::PIPE::OPEN::45' }
{ msg: 'STREAM::WRITE::PIPE::OPEN::71' }
{ msg: 'STREAM::WRITE::PIPE::OPEN::144' }
{ msg: 'STREAM::WRITE::PIPE::OPEN::150' }
{ msg: 'STREAM::WRITE::PIPE::OPEN::88' }
{ msg: 'STREAM::WRITE::PIPE::OPEN::149' }
{ msg: 'STREAM::WRITE::PIPE::OPEN::141' }
{ msg: 'STREAM::WRITE::PIPE::OPEN::108' }
{ msg: 'STREAM::WRITE::PIPE::OPEN::170' }
{ msg: 'STREAM::WRITE::PIPE::OPEN::135' }
{ msg: 'STREAM::WRITE::PIPE::OPEN::147' }
{ msg: 'STREAM::WRITE::PIPE::OPEN::160' }
{ msg: 'STREAM::WRITE::PIPE::OPEN::111' }
{ msg: 'STREAM::WRITE::PIPE::OPEN::146' }
{ msg: 'STREAM::WRITE::PIPE::OPEN::136' }
{ msg: 'STREAM::WRITE::PIPE::OPEN::129' }
{ msg: 'STREAM::WRITE::PIPE::OPEN::121' }
{ msg: 'STREAM::WRITE::PIPE::OPEN::0' }
{ msg: 'STREAM::WRITE::PIPE::OPEN::153' }
{ msg: 'STREAM::WRITE::PIPE::OPEN::131' }
{ msg: 'STREAM::WRITE::PIPE::OPEN::145' }
{ msg: 'STREAM::WRITE::PIPE::OPEN::155' }
{ msg: 'STREAM::WRITE::PIPE::OPEN::38' }
{ msg: 'STREAM::WRITE::PIPE::OPEN::148' }
{ msg: 'STREAM::WRITE::PIPE::OPEN::123' }
{ msg: 'STREAM::WRITE::PIPE::OPEN::91' }
{ msg: 'STREAM::WRITE::PIPE::OPEN::101' }
{ msg: 'STREAM::WRITE::PIPE::OPEN::159' }
{ msg: 'STREAM::WRITE::PIPE::OPEN::95' }
{ msg: 'STREAM::WRITE::PIPE::OPEN::173' }
{ msg: 'STREAM::WRITE::PIPE::OPEN::162' }
{ msg: 'STREAM::WRITE::PIPE::OPEN::164' }
{ msg: 'STREAM::WRITE::PIPE::OPEN::171' }
{ msg: 'STREAM::WRITE::PIPE::OPEN::176' }
{ msg: 'STREAM::WRITE::PIPE::OPEN::37' }
{ msg: 'STREAM::WRITE::PIPE::OPEN::87' }
{ msg: 'STREAM::WRITE::PIPE::OPEN::117' }
{ msg: 'STREAM::WRITE::PIPE::OPEN::34' }
{ msg: 'STREAM::WRITE::PIPE::OPEN::174' }
{ msg: 'STREAM::WRITE::PIPE::OPEN::99' }
{ msg: 'STREAM::WRITE::PIPE::OPEN::142' }
{ msg: 'STREAM::WRITE::PIPE::OPEN::100' }
{ msg: 'STREAM::WRITE::PIPE::OPEN::113' }
{ msg: 'STREAM::WRITE::PIPE::OPEN::163' }
{ msg: 'STREAM::WRITE::PIPE::OPEN::166' }
{ msg: 'STREAM::WRITE::PIPE::OPEN::154' }
{ msg: 'STREAM::WRITE::PIPE::OPEN::137' }
{ msg: 'STREAM::WRITE::PIPE::OPEN::151' }
{ msg: 'STREAM::WRITE::PIPE::OPEN::124' }
{ msg: 'STREAM::WRITE::PIPE::OPEN::41' }
{ msg: 'STREAM::WRITE::PIPE::OPEN::156' }
{ msg: 'STREAM::WRITE::PIPE::OPEN::130' }
{ msg: 'STREAM::WRITE::PIPE::OPEN::161' }
{ msg: 'STREAM::WRITE::PIPE::OPEN::152' }
{ msg: 'STREAM::WRITE::PIPE::OPEN::107' }
{ msg: 'STREAM::WRITE::PIPE::OPEN::115' }
{ msg: 'STREAM::WRITE::PIPE::OPEN::177' }
{ msg: 'STREAM::WRITE::PIPE::OPEN::109' }
{ msg: 'STREAM::WRITE::PIPE::OPEN::122' }
{ msg: 'STREAM::WRITE::PIPE::OPEN::127' }
{ msg: 'STREAM::WRITE::PIPE::OPEN::74' }
{ msg: 'STREAM::WRITE::PIPE::OPEN::138' }
{ msg: 'STREAM::WRITE::PIPE::ERROR::22', err: null }
{ msg: 'STREAM::WRITE::PIPE::ERROR::14', err: null }
{ msg: 'STREAM::WRITE::PIPE::ERROR::8', err: null }
{ msg: 'STREAM::WRITE::PIPE::ERROR::5', err: null }
{ msg: 'STREAM::WRITE::PIPE::ERROR::9', err: null }
{ msg: 'STREAM::WRITE::PIPE::ERROR::21', err: null }
{ msg: 'STREAM::WRITE::PIPE::ERROR::18', err: null }
{ msg: 'STREAM::WRITE::PIPE::ERROR::2', err: null }
{ msg: 'STREAM::WRITE::PIPE::ERROR::26', err: null }
{ msg: 'STREAM::WRITE::PIPE::ERROR::25', err: null }
{ msg: 'STREAM::WRITE::PIPE::ERROR::15', err: null }
{ msg: 'STREAM::WRITE::PIPE::ERROR::7', err: null }
{ msg: 'STREAM::WRITE::PIPE::DONE::22' }
{ msg: 'STREAM::WRITE::PIPE::DONE::14' }
{ msg: 'STREAM::WRITE::PIPE::DONE::8' }
{ msg: 'STREAM::WRITE::PIPE::DONE::5' }
{ msg: 'STREAM::WRITE::PIPE::ERROR::110', err: null }
{ msg: 'STREAM::WRITE::PIPE::ERROR::11', err: null }
{ msg: 'STREAM::WRITE::PIPE::ERROR::167', err: null }
{ msg: 'STREAM::WRITE::PIPE::ERROR::30', err: null }
{ msg: 'STREAM::WRITE::PIPE::ERROR::13', err: null }
{ msg: 'STREAM::WRITE::PIPE::ERROR::19', err: null }
{ msg: 'STREAM::WRITE::PIPE::ERROR::119', err: null }
{ msg: 'STREAM::WRITE::PIPE::ERROR::32', err: null }
{ msg: 'STREAM::WRITE::PIPE::ERROR::31', err: null }
{ msg: 'STREAM::WRITE::PIPE::ERROR::116', err: null }
{ msg: 'STREAM::WRITE::PIPE::ERROR::20', err: null }
{ msg: 'STREAM::WRITE::PIPE::ERROR::10', err: null }
{ msg: 'STREAM::WRITE::PIPE::ERROR::85', err: null }
{ msg: 'STREAM::WRITE::PIPE::ERROR::12', err: null }
{ msg: 'STREAM::WRITE::PIPE::ERROR::4', err: null }
{ msg: 'STREAM::WRITE::PIPE::ERROR::35', err: null }
{ msg: 'STREAM::WRITE::PIPE::ERROR::16', err: null }
{ msg: 'STREAM::WRITE::PIPE::ERROR::47', err: null }
{
  msg: 'STREAM::WRITE::PIPE::CLOSED::22',
  downloaded_pages: 0,
  lost_pages: 30,
  numPagesArr: 179,
  selective_download_task: false,
  global_download_task: false
}
{
  msg: 'STREAM::WRITE::PIPE::CLOSED::14',
  downloaded_pages: 0,
  lost_pages: 30,
  numPagesArr: 179,
  selective_download_task: false,
  global_download_task: false
}
{
  msg: 'STREAM::WRITE::PIPE::CLOSED::8',
  downloaded_pages: 0,
  lost_pages: 30,
  numPagesArr: 179,
  selective_download_task: false,
  global_download_task: false
}
{ msg: 'STREAM::WRITE::PIPE::DONE::9' }
{ msg: 'STREAM::WRITE::PIPE::DONE::21' }
{ msg: 'STREAM::WRITE::PIPE::DONE::18' }
{ msg: 'STREAM::WRITE::PIPE::DONE::2' }
{ msg: 'STREAM::WRITE::PIPE::DONE::26' }
{ msg: 'STREAM::WRITE::PIPE::DONE::25' }
{ msg: 'STREAM::WRITE::PIPE::DONE::15' }
{ msg: 'STREAM::WRITE::PIPE::DONE::7' }
{
  msg: 'STREAM::WRITE::PIPE::CLOSED::5',
  downloaded_pages: 0,
  lost_pages: 30,
  numPagesArr: 179,
  selective_download_task: false,
  global_download_task: false
}
{ msg: 'STREAM::WRITE::PIPE::ERROR::51', err: null }
{ msg: 'STREAM::WRITE::PIPE::ERROR::104', err: null }
{ msg: 'STREAM::WRITE::PIPE::ERROR::89', err: null }
{ msg: 'STREAM::WRITE::PIPE::ERROR::98', err: null }
{ msg: 'STREAM::WRITE::PIPE::ERROR::56', err: null }
{ msg: 'STREAM::WRITE::PIPE::ERROR::84', err: null }
{ msg: 'STREAM::WRITE::PIPE::ERROR::50', err: null }
{ msg: 'STREAM::WRITE::PIPE::ERROR::165', err: null }
{ msg: 'STREAM::WRITE::PIPE::ERROR::36', err: null }
{ msg: 'STREAM::WRITE::PIPE::ERROR::58', err: null }
{ msg: 'STREAM::WRITE::PIPE::ERROR::178', err: null }
{ msg: 'STREAM::WRITE::PIPE::ERROR::112', err: null }
{ msg: 'STREAM::WRITE::PIPE::ERROR::49', err: null }
{ msg: 'STREAM::WRITE::PIPE::ERROR::114', err: null }
{ msg: 'STREAM::WRITE::PIPE::ERROR::169', err: null }
{ msg: 'STREAM::WRITE::PIPE::ERROR::80', err: null }
{ msg: 'STREAM::WRITE::PIPE::ERROR::172', err: null }
{ msg: 'STREAM::WRITE::PIPE::ERROR::40', err: null }
{ msg: 'STREAM::WRITE::PIPE::ERROR::44', err: null }
{ msg: 'STREAM::WRITE::PIPE::ERROR::103', err: null }
{ msg: 'STREAM::WRITE::PIPE::ERROR::54', err: null }
{ msg: 'STREAM::WRITE::PIPE::ERROR::68', err: null }
{ msg: 'STREAM::WRITE::PIPE::ERROR::53', err: null }
{ msg: 'STREAM::WRITE::PIPE::ERROR::81', err: null }
{ msg: 'STREAM::WRITE::PIPE::ERROR::175', err: null }
{ msg: 'STREAM::WRITE::PIPE::ERROR::97', err: null }
{ msg: 'STREAM::WRITE::PIPE::ERROR::65', err: null }
{ msg: 'STREAM::WRITE::PIPE::ERROR::64', err: null }
{ msg: 'STREAM::WRITE::PIPE::ERROR::139', err: null }
{ msg: 'STREAM::WRITE::PIPE::ERROR::126', err: null }
{ msg: 'STREAM::WRITE::PIPE::ERROR::82', err: null }
{ msg: 'STREAM::WRITE::PIPE::ERROR::52', err: null }
{ msg: 'STREAM::WRITE::PIPE::ERROR::60', err: null }
{ msg: 'STREAM::WRITE::PIPE::ERROR::77', err: null }
{ msg: 'STREAM::WRITE::PIPE::ERROR::73', err: null }
{ msg: 'STREAM::WRITE::PIPE::ERROR::69', err: null }
{
  msg: 'STREAM::WRITE::PIPE::CLOSED::9',
  downloaded_pages: 0,
  lost_pages: 66,
  numPagesArr: 179,
  selective_download_task: false,
  global_download_task: false
}
{
  msg: 'STREAM::WRITE::PIPE::CLOSED::21',
  downloaded_pages: 0,
  lost_pages: 66,
  numPagesArr: 179,
  selective_download_task: false,
  global_download_task: false
}
{
  msg: 'STREAM::WRITE::PIPE::CLOSED::18',
  downloaded_pages: 0,
  lost_pages: 66,
  numPagesArr: 179,
  selective_download_task: false,
  global_download_task: false
}
{
  msg: 'STREAM::WRITE::PIPE::CLOSED::2',
  downloaded_pages: 0,
  lost_pages: 66,
  numPagesArr: 179,
  selective_download_task: false,
  global_download_task: false
}
{
  msg: 'STREAM::WRITE::PIPE::CLOSED::26',
  downloaded_pages: 0,
  lost_pages: 66,
  numPagesArr: 179,
  selective_download_task: false,
  global_download_task: false
}
{
  msg: 'STREAM::WRITE::PIPE::CLOSED::25',
  downloaded_pages: 0,
  lost_pages: 66,
  numPagesArr: 179,
  selective_download_task: false,
  global_download_task: false
}
{
  msg: 'STREAM::WRITE::PIPE::CLOSED::15',
  downloaded_pages: 0,
  lost_pages: 66,
  numPagesArr: 179,
  selective_download_task: false,
  global_download_task: false
}
{
  msg: 'STREAM::WRITE::PIPE::CLOSED::7',
  downloaded_pages: 0,
  lost_pages: 66,
  numPagesArr: 179,
  selective_download_task: false,
  global_download_task: false
}
{ msg: 'STREAM::WRITE::PIPE::DONE::110' }
{ msg: 'STREAM::WRITE::PIPE::DONE::30' }
{ msg: 'STREAM::WRITE::PIPE::DONE::11' }
{ msg: 'STREAM::WRITE::PIPE::DONE::167' }
{ msg: 'STREAM::WRITE::PIPE::DONE::13' }
{ msg: 'STREAM::WRITE::PIPE::DONE::19' }
{ msg: 'STREAM::WRITE::PIPE::DONE::119' }
{ msg: 'STREAM::WRITE::PIPE::DONE::32' }
{ msg: 'STREAM::WRITE::PIPE::DONE::31' }
{ msg: 'STREAM::WRITE::PIPE::DONE::116' }
{ msg: 'STREAM::WRITE::PIPE::DONE::20' }
{ msg: 'STREAM::WRITE::PIPE::DONE::10' }
{ msg: 'STREAM::WRITE::PIPE::DONE::85' }
{ msg: 'STREAM::WRITE::PIPE::DONE::12' }
{ msg: 'STREAM::WRITE::PIPE::DONE::4' }
{ msg: 'STREAM::WRITE::PIPE::DONE::35' }
{ msg: 'STREAM::WRITE::PIPE::DONE::16' }
{ msg: 'STREAM::WRITE::PIPE::DONE::47' }
{ msg: 'STREAM::WRITE::PIPE::ERROR::90', err: null }
{ msg: 'STREAM::WRITE::PIPE::ERROR::57', err: null }
{ msg: 'STREAM::WRITE::PIPE::ERROR::61', err: null }
{ msg: 'STREAM::WRITE::PIPE::ERROR::125', err: null }
{ msg: 'STREAM::WRITE::PIPE::ERROR::134', err: null }
{ msg: 'STREAM::WRITE::PIPE::ERROR::59', err: null }
{ msg: 'STREAM::WRITE::PIPE::ERROR::63', err: null }
{ msg: 'STREAM::WRITE::PIPE::ERROR::55', err: null }
{ msg: 'STREAM::WRITE::PIPE::ERROR::133', err: null }
{ msg: 'STREAM::WRITE::PIPE::ERROR::6', err: null }
{ msg: 'STREAM::WRITE::PIPE::ERROR::128', err: null }
{ msg: 'STREAM::WRITE::PIPE::ERROR::120', err: null }
{ msg: 'STREAM::WRITE::PIPE::ERROR::132', err: null }
{ msg: 'STREAM::WRITE::PIPE::ERROR::67', err: null }
{ msg: 'STREAM::WRITE::PIPE::ERROR::76', err: null }
{ msg: 'STREAM::WRITE::PIPE::ERROR::79', err: null }
{ msg: 'STREAM::WRITE::PIPE::ERROR::70', err: null }
{ msg: 'STREAM::WRITE::PIPE::ERROR::66', err: null }
{ msg: 'STREAM::WRITE::PIPE::ERROR::105', err: null }
{ msg: 'STREAM::WRITE::PIPE::ERROR::83', err: null }
{ msg: 'STREAM::WRITE::PIPE::ERROR::62', err: null }
{ msg: 'STREAM::WRITE::PIPE::ERROR::38', err: null }
{ msg: 'STREAM::WRITE::PIPE::ERROR::168', err: null }
{ msg: 'STREAM::WRITE::PIPE::ERROR::162', err: null }
{ msg: 'STREAM::WRITE::PIPE::ERROR::176', err: null }
{ msg: 'STREAM::WRITE::PIPE::ERROR::118', err: null }
{ msg: 'STREAM::WRITE::PIPE::ERROR::171', err: null }
{ msg: 'STREAM::WRITE::PIPE::ERROR::48', err: null }
{ msg: 'STREAM::WRITE::PIPE::ERROR::124', err: null }
{ msg: 'STREAM::WRITE::PIPE::ERROR::72', err: null }
{ msg: 'STREAM::WRITE::PIPE::ERROR::154', err: null }
{ msg: 'STREAM::WRITE::PIPE::ERROR::173', err: null }
{ msg: 'STREAM::WRITE::PIPE::ERROR::123', err: null }
{ msg: 'STREAM::WRITE::PIPE::ERROR::148', err: null }
{ msg: 'STREAM::WRITE::PIPE::ERROR::130', err: null }
{ msg: 'STREAM::WRITE::PIPE::ERROR::78', err: null }
{ msg: 'STREAM::WRITE::PIPE::ERROR::95', err: null }
{ msg: 'STREAM::WRITE::PIPE::ERROR::151', err: null }
{ msg: 'STREAM::WRITE::PIPE::ERROR::117', err: null }
{ msg: 'STREAM::WRITE::PIPE::ERROR::156', err: null }
{ msg: 'STREAM::WRITE::PIPE::ERROR::34', err: null }
{ msg: 'STREAM::WRITE::PIPE::ERROR::159', err: null }
{ msg: 'STREAM::WRITE::PIPE::ERROR::163', err: null }
{ msg: 'STREAM::WRITE::PIPE::ERROR::41', err: null }
{ msg: 'STREAM::WRITE::PIPE::ERROR::152', err: null }
{ msg: 'STREAM::WRITE::PIPE::ERROR::74', err: null }
{ msg: 'STREAM::WRITE::PIPE::ERROR::138', err: null }
{ msg: 'STREAM::WRITE::PIPE::ERROR::161', err: null }
{ msg: 'STREAM::WRITE::PIPE::ERROR::177', err: null }
{
  msg: 'STREAM::WRITE::PIPE::CLOSED::110',
  downloaded_pages: 0,
  lost_pages: 115,
  numPagesArr: 179,
  selective_download_task: false,
  global_download_task: false
}
{
  msg: 'STREAM::WRITE::PIPE::CLOSED::30',
  downloaded_pages: 0,
  lost_pages: 115,
  numPagesArr: 179,
  selective_download_task: false,
  global_download_task: false
}
{
  msg: 'STREAM::WRITE::PIPE::CLOSED::11',
  downloaded_pages: 0,
  lost_pages: 115,
  numPagesArr: 179,
  selective_download_task: false,
  global_download_task: false
}
{
  msg: 'STREAM::WRITE::PIPE::CLOSED::167',
  downloaded_pages: 0,
  lost_pages: 115,
  numPagesArr: 179,
  selective_download_task: false,
  global_download_task: false
}
{
  msg: 'STREAM::WRITE::PIPE::CLOSED::13',
  downloaded_pages: 0,
  lost_pages: 115,
  numPagesArr: 179,
  selective_download_task: false,
  global_download_task: false
}
{
  msg: 'STREAM::WRITE::PIPE::CLOSED::19',
  downloaded_pages: 0,
  lost_pages: 115,
  numPagesArr: 179,
  selective_download_task: false,
  global_download_task: false
}
{
  msg: 'STREAM::WRITE::PIPE::CLOSED::119',
  downloaded_pages: 0,
  lost_pages: 115,
  numPagesArr: 179,
  selective_download_task: false,
  global_download_task: false
}
{
  msg: 'STREAM::WRITE::PIPE::CLOSED::32',
  downloaded_pages: 0,
  lost_pages: 115,
  numPagesArr: 179,
  selective_download_task: false,
  global_download_task: false
}
{
  msg: 'STREAM::WRITE::PIPE::CLOSED::31',
  downloaded_pages: 0,
  lost_pages: 115,
  numPagesArr: 179,
  selective_download_task: false,
  global_download_task: false
}
{
  msg: 'STREAM::WRITE::PIPE::CLOSED::116',
  downloaded_pages: 0,
  lost_pages: 115,
  numPagesArr: 179,
  selective_download_task: false,
  global_download_task: false
}
{
  msg: 'STREAM::WRITE::PIPE::CLOSED::20',
  downloaded_pages: 0,
  lost_pages: 115,
  numPagesArr: 179,
  selective_download_task: false,
  global_download_task: false
}
{
  msg: 'STREAM::WRITE::PIPE::CLOSED::10',
  downloaded_pages: 0,
  lost_pages: 115,
  numPagesArr: 179,
  selective_download_task: false,
  global_download_task: false
}
{
  msg: 'STREAM::WRITE::PIPE::CLOSED::85',
  downloaded_pages: 0,
  lost_pages: 115,
  numPagesArr: 179,
  selective_download_task: false,
  global_download_task: false
}
{
  msg: 'STREAM::WRITE::PIPE::CLOSED::12',
  downloaded_pages: 0,
  lost_pages: 115,
  numPagesArr: 179,
  selective_download_task: false,
  global_download_task: false
}
{
  msg: 'STREAM::WRITE::PIPE::CLOSED::4',
  downloaded_pages: 0,
  lost_pages: 115,
  numPagesArr: 179,
  selective_download_task: false,
  global_download_task: false
}
{
  msg: 'STREAM::WRITE::PIPE::CLOSED::35',
  downloaded_pages: 0,
  lost_pages: 115,
  numPagesArr: 179,
  selective_download_task: false,
  global_download_task: false
}
{
  msg: 'STREAM::WRITE::PIPE::CLOSED::16',
  downloaded_pages: 0,
  lost_pages: 115,
  numPagesArr: 179,
  selective_download_task: false,
  global_download_task: false
}
{ msg: 'STREAM::WRITE::PIPE::DONE::51' }
{ msg: 'STREAM::WRITE::PIPE::DONE::104' }
{
  msg: 'STREAM::WRITE::PIPE::CLOSED::47',
  downloaded_pages: 0,
  lost_pages: 115,
  numPagesArr: 179,
  selective_download_task: false,
  global_download_task: false
}
{ msg: 'STREAM::WRITE::PIPE::DONE::98' }
{ msg: 'STREAM::WRITE::PIPE::DONE::89' }
{ msg: 'STREAM::WRITE::PIPE::DONE::56' }
{ msg: 'STREAM::WRITE::PIPE::DONE::84' }
{ msg: 'STREAM::WRITE::PIPE::DONE::50' }
{ msg: 'STREAM::WRITE::PIPE::DONE::165' }
{ msg: 'STREAM::WRITE::PIPE::DONE::36' }
{ msg: 'STREAM::WRITE::PIPE::DONE::58' }
{ msg: 'STREAM::WRITE::PIPE::DONE::178' }
{ msg: 'STREAM::WRITE::PIPE::DONE::112' }
{ msg: 'STREAM::WRITE::PIPE::DONE::49' }
{ msg: 'STREAM::WRITE::PIPE::DONE::114' }
{ msg: 'STREAM::WRITE::PIPE::DONE::169' }
{ msg: 'STREAM::WRITE::PIPE::DONE::80' }
{ msg: 'STREAM::WRITE::PIPE::DONE::172' }
{ msg: 'STREAM::WRITE::PIPE::DONE::44' }
{ msg: 'STREAM::WRITE::PIPE::DONE::40' }
{ msg: 'STREAM::WRITE::PIPE::DONE::103' }
{ msg: 'STREAM::WRITE::PIPE::DONE::54' }
{ msg: 'STREAM::WRITE::PIPE::DONE::68' }
{ msg: 'STREAM::WRITE::PIPE::DONE::53' }
{ msg: 'STREAM::WRITE::PIPE::DONE::81' }
{ msg: 'STREAM::WRITE::PIPE::DONE::175' }
{ msg: 'STREAM::WRITE::PIPE::DONE::97' }
{ msg: 'STREAM::WRITE::PIPE::DONE::65' }
{ msg: 'STREAM::WRITE::PIPE::DONE::64' }
{ msg: 'STREAM::WRITE::PIPE::DONE::139' }
{ msg: 'STREAM::WRITE::PIPE::DONE::126' }
{ msg: 'STREAM::WRITE::PIPE::DONE::82' }
{ msg: 'STREAM::WRITE::PIPE::DONE::52' }
{ msg: 'STREAM::WRITE::PIPE::DONE::60' }
{ msg: 'STREAM::WRITE::PIPE::DONE::77' }
{ msg: 'STREAM::WRITE::PIPE::DONE::73' }
{ msg: 'STREAM::WRITE::PIPE::DONE::69' }
{ msg: 'STREAM::WRITE::PIPE::ERROR::115', err: null }
{ msg: 'STREAM::WRITE::PIPE::ERROR::127', err: null }
{ msg: 'STREAM::WRITE::PIPE::ERROR::109', err: null }
{ msg: 'STREAM::WRITE::PIPE::ERROR::107', err: null }
{ msg: 'STREAM::WRITE::PIPE::ERROR::122', err: null }
{
  msg: 'STREAM::WRITE::PIPE::CLOSED::51',
  downloaded_pages: 0,
  lost_pages: 120,
  numPagesArr: 179,
  selective_download_task: false,
  global_download_task: false
}
{
  msg: 'STREAM::WRITE::PIPE::CLOSED::104',
  downloaded_pages: 0,
  lost_pages: 120,
  numPagesArr: 179,
  selective_download_task: false,
  global_download_task: false
}
{
  msg: 'STREAM::WRITE::PIPE::CLOSED::98',
  downloaded_pages: 0,
  lost_pages: 120,
  numPagesArr: 179,
  selective_download_task: false,
  global_download_task: false
}
{
  msg: 'STREAM::WRITE::PIPE::CLOSED::89',
  downloaded_pages: 0,
  lost_pages: 120,
  numPagesArr: 179,
  selective_download_task: false,
  global_download_task: false
}
{
  msg: 'STREAM::WRITE::PIPE::CLOSED::56',
  downloaded_pages: 0,
  lost_pages: 120,
  numPagesArr: 179,
  selective_download_task: false,
  global_download_task: false
}
{
  msg: 'STREAM::WRITE::PIPE::CLOSED::84',
  downloaded_pages: 0,
  lost_pages: 120,
  numPagesArr: 179,
  selective_download_task: false,
  global_download_task: false
}
{
  msg: 'STREAM::WRITE::PIPE::CLOSED::50',
  downloaded_pages: 0,
  lost_pages: 120,
  numPagesArr: 179,
  selective_download_task: false,
  global_download_task: false
}
{
  msg: 'STREAM::WRITE::PIPE::CLOSED::165',
  downloaded_pages: 0,
  lost_pages: 120,
  numPagesArr: 179,
  selective_download_task: false,
  global_download_task: false
}
{
  msg: 'STREAM::WRITE::PIPE::CLOSED::36',
  downloaded_pages: 0,
  lost_pages: 120,
  numPagesArr: 179,
  selective_download_task: false,
  global_download_task: false
}
{
  msg: 'STREAM::WRITE::PIPE::CLOSED::58',
  downloaded_pages: 0,
  lost_pages: 120,
  numPagesArr: 179,
  selective_download_task: false,
  global_download_task: false
}
{
  msg: 'STREAM::WRITE::PIPE::CLOSED::178',
  downloaded_pages: 0,
  lost_pages: 120,
  numPagesArr: 179,
  selective_download_task: false,
  global_download_task: false
}
{
  msg: 'STREAM::WRITE::PIPE::CLOSED::112',
  downloaded_pages: 0,
  lost_pages: 120,
  numPagesArr: 179,
  selective_download_task: false,
  global_download_task: false
}
{
  msg: 'STREAM::WRITE::PIPE::CLOSED::49',
  downloaded_pages: 0,
  lost_pages: 120,
  numPagesArr: 179,
  selective_download_task: false,
  global_download_task: false
}
{
  msg: 'STREAM::WRITE::PIPE::CLOSED::114',
  downloaded_pages: 0,
  lost_pages: 120,
  numPagesArr: 179,
  selective_download_task: false,
  global_download_task: false
}
{
  msg: 'STREAM::WRITE::PIPE::CLOSED::169',
  downloaded_pages: 0,
  lost_pages: 120,
  numPagesArr: 179,
  selective_download_task: false,
  global_download_task: false
}
{
  msg: 'STREAM::WRITE::PIPE::CLOSED::80',
  downloaded_pages: 0,
  lost_pages: 120,
  numPagesArr: 179,
  selective_download_task: false,
  global_download_task: false
}
{
  msg: 'STREAM::WRITE::PIPE::CLOSED::172',
  downloaded_pages: 0,
  lost_pages: 120,
  numPagesArr: 179,
  selective_download_task: false,
  global_download_task: false
}
{
  msg: 'STREAM::WRITE::PIPE::CLOSED::44',
  downloaded_pages: 0,
  lost_pages: 120,
  numPagesArr: 179,
  selective_download_task: false,
  global_download_task: false
}
{
  msg: 'STREAM::WRITE::PIPE::CLOSED::40',
  downloaded_pages: 0,
  lost_pages: 120,
  numPagesArr: 179,
  selective_download_task: false,
  global_download_task: false
}
{
  msg: 'STREAM::WRITE::PIPE::CLOSED::103',
  downloaded_pages: 0,
  lost_pages: 120,
  numPagesArr: 179,
  selective_download_task: false,
  global_download_task: false
}
{
  msg: 'STREAM::WRITE::PIPE::CLOSED::54',
  downloaded_pages: 0,
  lost_pages: 120,
  numPagesArr: 179,
  selective_download_task: false,
  global_download_task: false
}
{
  msg: 'STREAM::WRITE::PIPE::CLOSED::68',
  downloaded_pages: 0,
  lost_pages: 120,
  numPagesArr: 179,
  selective_download_task: false,
  global_download_task: false
}
{
  msg: 'STREAM::WRITE::PIPE::CLOSED::53',
  downloaded_pages: 0,
  lost_pages: 120,
  numPagesArr: 179,
  selective_download_task: false,
  global_download_task: false
}
{
  msg: 'STREAM::WRITE::PIPE::CLOSED::81',
  downloaded_pages: 0,
  lost_pages: 120,
  numPagesArr: 179,
  selective_download_task: false,
  global_download_task: false
}
{
  msg: 'STREAM::WRITE::PIPE::CLOSED::175',
  downloaded_pages: 0,
  lost_pages: 120,
  numPagesArr: 179,
  selective_download_task: false,
  global_download_task: false
}
{
  msg: 'STREAM::WRITE::PIPE::CLOSED::97',
  downloaded_pages: 0,
  lost_pages: 120,
  numPagesArr: 179,
  selective_download_task: false,
  global_download_task: false
}
{
  msg: 'STREAM::WRITE::PIPE::CLOSED::65',
  downloaded_pages: 0,
  lost_pages: 120,
  numPagesArr: 179,
  selective_download_task: false,
  global_download_task: false
}
{
  msg: 'STREAM::WRITE::PIPE::CLOSED::64',
  downloaded_pages: 0,
  lost_pages: 120,
  numPagesArr: 179,
  selective_download_task: false,
  global_download_task: false
}
{
  msg: 'STREAM::WRITE::PIPE::CLOSED::139',
  downloaded_pages: 0,
  lost_pages: 120,
  numPagesArr: 179,
  selective_download_task: false,
  global_download_task: false
}
{
  msg: 'STREAM::WRITE::PIPE::CLOSED::126',
  downloaded_pages: 0,
  lost_pages: 120,
  numPagesArr: 179,
  selective_download_task: false,
  global_download_task: false
}
{
  msg: 'STREAM::WRITE::PIPE::CLOSED::82',
  downloaded_pages: 0,
  lost_pages: 120,
  numPagesArr: 179,
  selective_download_task: false,
  global_download_task: false
}
{
  msg: 'STREAM::WRITE::PIPE::CLOSED::52',
  downloaded_pages: 0,
  lost_pages: 120,
  numPagesArr: 179,
  selective_download_task: false,
  global_download_task: false
}
{
  msg: 'STREAM::WRITE::PIPE::CLOSED::60',
  downloaded_pages: 0,
  lost_pages: 120,
  numPagesArr: 179,
  selective_download_task: false,
  global_download_task: false
}
{
  msg: 'STREAM::WRITE::PIPE::CLOSED::77',
  downloaded_pages: 0,
  lost_pages: 120,
  numPagesArr: 179,
  selective_download_task: false,
  global_download_task: false
}
{
  msg: 'STREAM::WRITE::PIPE::CLOSED::73',
  downloaded_pages: 0,
  lost_pages: 120,
  numPagesArr: 179,
  selective_download_task: false,
  global_download_task: false
}
{ msg: 'STREAM::WRITE::PIPE::DONE::90' }
{
  msg: 'STREAM::WRITE::PIPE::CLOSED::69',
  downloaded_pages: 0,
  lost_pages: 120,
  numPagesArr: 179,
  selective_download_task: false,
  global_download_task: false
}
{ msg: 'STREAM::WRITE::PIPE::DONE::57' }
{ msg: 'STREAM::WRITE::PIPE::DONE::61' }
{ msg: 'STREAM::WRITE::PIPE::DONE::125' }
{ msg: 'STREAM::WRITE::PIPE::DONE::134' }
{ msg: 'STREAM::WRITE::PIPE::DONE::59' }
{ msg: 'STREAM::WRITE::PIPE::DONE::63' }
{ msg: 'STREAM::WRITE::PIPE::DONE::55' }
{ msg: 'STREAM::WRITE::PIPE::DONE::133' }
{ msg: 'STREAM::WRITE::PIPE::DONE::6' }
{ msg: 'STREAM::WRITE::PIPE::DONE::128' }
{ msg: 'STREAM::WRITE::PIPE::DONE::120' }
{ msg: 'STREAM::WRITE::PIPE::DONE::132' }
{ msg: 'STREAM::WRITE::PIPE::DONE::67' }
{ msg: 'STREAM::WRITE::PIPE::DONE::76' }
{ msg: 'STREAM::WRITE::PIPE::DONE::79' }
{ msg: 'STREAM::WRITE::PIPE::DONE::70' }
{ msg: 'STREAM::WRITE::PIPE::DONE::66' }
{ msg: 'STREAM::WRITE::PIPE::DONE::105' }
{ msg: 'STREAM::WRITE::PIPE::DONE::83' }
{ msg: 'STREAM::WRITE::PIPE::DONE::62' }
{ msg: 'STREAM::WRITE::PIPE::DONE::38' }
{ msg: 'STREAM::WRITE::PIPE::DONE::168' }
{ msg: 'STREAM::WRITE::PIPE::DONE::176' }
{ msg: 'STREAM::WRITE::PIPE::DONE::162' }
{ msg: 'STREAM::WRITE::PIPE::DONE::118' }
{ msg: 'STREAM::WRITE::PIPE::DONE::171' }
{ msg: 'STREAM::WRITE::PIPE::DONE::48' }
{ msg: 'STREAM::WRITE::PIPE::DONE::124' }
{ msg: 'STREAM::WRITE::PIPE::DONE::72' }
{ msg: 'STREAM::WRITE::PIPE::DONE::154' }
{ msg: 'STREAM::WRITE::PIPE::DONE::173' }
{ msg: 'STREAM::WRITE::PIPE::DONE::123' }
{ msg: 'STREAM::WRITE::PIPE::DONE::148' }
{ msg: 'STREAM::WRITE::PIPE::DONE::130' }
{ msg: 'STREAM::WRITE::PIPE::DONE::78' }
{ msg: 'STREAM::WRITE::PIPE::DONE::95' }
{ msg: 'STREAM::WRITE::PIPE::DONE::151' }
{ msg: 'STREAM::WRITE::PIPE::DONE::117' }
{ msg: 'STREAM::WRITE::PIPE::DONE::156' }
{ msg: 'STREAM::WRITE::PIPE::DONE::34' }
{ msg: 'STREAM::WRITE::PIPE::DONE::159' }
{ msg: 'STREAM::WRITE::PIPE::DONE::163' }
{ msg: 'STREAM::WRITE::PIPE::DONE::41' }
{ msg: 'STREAM::WRITE::PIPE::DONE::152' }
{ msg: 'STREAM::WRITE::PIPE::DONE::74' }
{ msg: 'STREAM::WRITE::PIPE::DONE::138' }
{ msg: 'STREAM::WRITE::PIPE::DONE::161' }
{ msg: 'STREAM::WRITE::PIPE::DONE::177' }
{
  msg: 'STREAM::WRITE::PIPE::CLOSED::90',
  downloaded_pages: 0,
  lost_pages: 120,
  numPagesArr: 179,
  selective_download_task: false,
  global_download_task: false
}
{
  msg: 'STREAM::WRITE::PIPE::CLOSED::57',
  downloaded_pages: 0,
  lost_pages: 120,
  numPagesArr: 179,
  selective_download_task: false,
  global_download_task: false
}
{
  msg: 'STREAM::WRITE::PIPE::CLOSED::61',
  downloaded_pages: 0,
  lost_pages: 120,
  numPagesArr: 179,
  selective_download_task: false,
  global_download_task: false
}
{
  msg: 'STREAM::WRITE::PIPE::CLOSED::125',
  downloaded_pages: 0,
  lost_pages: 120,
  numPagesArr: 179,
  selective_download_task: false,
  global_download_task: false
}
{
  msg: 'STREAM::WRITE::PIPE::CLOSED::134',
  downloaded_pages: 0,
  lost_pages: 120,
  numPagesArr: 179,
  selective_download_task: false,
  global_download_task: false
}
{
  msg: 'STREAM::WRITE::PIPE::CLOSED::59',
  downloaded_pages: 0,
  lost_pages: 120,
  numPagesArr: 179,
  selective_download_task: false,
  global_download_task: false
}
{
  msg: 'STREAM::WRITE::PIPE::CLOSED::63',
  downloaded_pages: 0,
  lost_pages: 120,
  numPagesArr: 179,
  selective_download_task: false,
  global_download_task: false
}
{
  msg: 'STREAM::WRITE::PIPE::CLOSED::55',
  downloaded_pages: 0,
  lost_pages: 120,
  numPagesArr: 179,
  selective_download_task: false,
  global_download_task: false
}
{
  msg: 'STREAM::WRITE::PIPE::CLOSED::133',
  downloaded_pages: 0,
  lost_pages: 120,
  numPagesArr: 179,
  selective_download_task: false,
  global_download_task: false
}
{
  msg: 'STREAM::WRITE::PIPE::CLOSED::6',
  downloaded_pages: 0,
  lost_pages: 120,
  numPagesArr: 179,
  selective_download_task: false,
  global_download_task: false
}
{
  msg: 'STREAM::WRITE::PIPE::CLOSED::128',
  downloaded_pages: 0,
  lost_pages: 120,
  numPagesArr: 179,
  selective_download_task: false,
  global_download_task: false
}
{
  msg: 'STREAM::WRITE::PIPE::CLOSED::120',
  downloaded_pages: 0,
  lost_pages: 120,
  numPagesArr: 179,
  selective_download_task: false,
  global_download_task: false
}
{
  msg: 'STREAM::WRITE::PIPE::CLOSED::132',
  downloaded_pages: 0,
  lost_pages: 120,
  numPagesArr: 179,
  selective_download_task: false,
  global_download_task: false
}
{
  msg: 'STREAM::WRITE::PIPE::CLOSED::67',
  downloaded_pages: 0,
  lost_pages: 120,
  numPagesArr: 179,
  selective_download_task: false,
  global_download_task: false
}
{
  msg: 'STREAM::WRITE::PIPE::CLOSED::76',
  downloaded_pages: 0,
  lost_pages: 120,
  numPagesArr: 179,
  selective_download_task: false,
  global_download_task: false
}
{
  msg: 'STREAM::WRITE::PIPE::CLOSED::79',
  downloaded_pages: 0,
  lost_pages: 120,
  numPagesArr: 179,
  selective_download_task: false,
  global_download_task: false
}
{
  msg: 'STREAM::WRITE::PIPE::CLOSED::70',
  downloaded_pages: 0,
  lost_pages: 120,
  numPagesArr: 179,
  selective_download_task: false,
  global_download_task: false
}
{
  msg: 'STREAM::WRITE::PIPE::CLOSED::66',
  downloaded_pages: 0,
  lost_pages: 120,
  numPagesArr: 179,
  selective_download_task: false,
  global_download_task: false
}
{
  msg: 'STREAM::WRITE::PIPE::CLOSED::105',
  downloaded_pages: 0,
  lost_pages: 120,
  numPagesArr: 179,
  selective_download_task: false,
  global_download_task: false
}
{
  msg: 'STREAM::WRITE::PIPE::CLOSED::83',
  downloaded_pages: 0,
  lost_pages: 120,
  numPagesArr: 179,
  selective_download_task: false,
  global_download_task: false
}
{
  msg: 'STREAM::WRITE::PIPE::CLOSED::62',
  downloaded_pages: 0,
  lost_pages: 120,
  numPagesArr: 179,
  selective_download_task: false,
  global_download_task: false
}
{
  msg: 'STREAM::WRITE::PIPE::CLOSED::38',
  downloaded_pages: 0,
  lost_pages: 120,
  numPagesArr: 179,
  selective_download_task: false,
  global_download_task: false
}
{
  msg: 'STREAM::WRITE::PIPE::CLOSED::168',
  downloaded_pages: 0,
  lost_pages: 120,
  numPagesArr: 179,
  selective_download_task: false,
  global_download_task: false
}
{
  msg: 'STREAM::WRITE::PIPE::CLOSED::176',
  downloaded_pages: 0,
  lost_pages: 120,
  numPagesArr: 179,
  selective_download_task: false,
  global_download_task: false
}
{
  msg: 'STREAM::WRITE::PIPE::CLOSED::162',
  downloaded_pages: 0,
  lost_pages: 120,
  numPagesArr: 179,
  selective_download_task: false,
  global_download_task: false
}
{
  msg: 'STREAM::WRITE::PIPE::CLOSED::118',
  downloaded_pages: 0,
  lost_pages: 120,
  numPagesArr: 179,
  selective_download_task: false,
  global_download_task: false
}
{
  msg: 'STREAM::WRITE::PIPE::CLOSED::171',
  downloaded_pages: 0,
  lost_pages: 120,
  numPagesArr: 179,
  selective_download_task: false,
  global_download_task: false
}
{
  msg: 'STREAM::WRITE::PIPE::CLOSED::48',
  downloaded_pages: 0,
  lost_pages: 120,
  numPagesArr: 179,
  selective_download_task: false,
  global_download_task: false
}
{
  msg: 'STREAM::WRITE::PIPE::CLOSED::124',
  downloaded_pages: 0,
  lost_pages: 120,
  numPagesArr: 179,
  selective_download_task: false,
  global_download_task: false
}
{
  msg: 'STREAM::WRITE::PIPE::CLOSED::72',
  downloaded_pages: 0,
  lost_pages: 120,
  numPagesArr: 179,
  selective_download_task: false,
  global_download_task: false
}
{
  msg: 'STREAM::WRITE::PIPE::CLOSED::154',
  downloaded_pages: 0,
  lost_pages: 120,
  numPagesArr: 179,
  selective_download_task: false,
  global_download_task: false
}
{
  msg: 'STREAM::WRITE::PIPE::CLOSED::173',
  downloaded_pages: 0,
  lost_pages: 120,
  numPagesArr: 179,
  selective_download_task: false,
  global_download_task: false
}
{
  msg: 'STREAM::WRITE::PIPE::CLOSED::123',
  downloaded_pages: 0,
  lost_pages: 120,
  numPagesArr: 179,
  selective_download_task: false,
  global_download_task: false
}
{
  msg: 'STREAM::WRITE::PIPE::CLOSED::148',
  downloaded_pages: 0,
  lost_pages: 120,
  numPagesArr: 179,
  selective_download_task: false,
  global_download_task: false
}
{
  msg: 'STREAM::WRITE::PIPE::CLOSED::130',
  downloaded_pages: 0,
  lost_pages: 120,
  numPagesArr: 179,
  selective_download_task: false,
  global_download_task: false
}
{
  msg: 'STREAM::WRITE::PIPE::CLOSED::78',
  downloaded_pages: 0,
  lost_pages: 120,
  numPagesArr: 179,
  selective_download_task: false,
  global_download_task: false
}
{
  msg: 'STREAM::WRITE::PIPE::CLOSED::95',
  downloaded_pages: 0,
  lost_pages: 120,
  numPagesArr: 179,
  selective_download_task: false,
  global_download_task: false
}
{
  msg: 'STREAM::WRITE::PIPE::CLOSED::151',
  downloaded_pages: 0,
  lost_pages: 120,
  numPagesArr: 179,
  selective_download_task: false,
  global_download_task: false
}
{
  msg: 'STREAM::WRITE::PIPE::CLOSED::117',
  downloaded_pages: 0,
  lost_pages: 120,
  numPagesArr: 179,
  selective_download_task: false,
  global_download_task: false
}
{
  msg: 'STREAM::WRITE::PIPE::CLOSED::156',
  downloaded_pages: 0,
  lost_pages: 120,
  numPagesArr: 179,
  selective_download_task: false,
  global_download_task: false
}
{
  msg: 'STREAM::WRITE::PIPE::CLOSED::34',
  downloaded_pages: 0,
  lost_pages: 120,
  numPagesArr: 179,
  selective_download_task: false,
  global_download_task: false
}
{
  msg: 'STREAM::WRITE::PIPE::CLOSED::159',
  downloaded_pages: 0,
  lost_pages: 120,
  numPagesArr: 179,
  selective_download_task: false,
  global_download_task: false
}
{
  msg: 'STREAM::WRITE::PIPE::CLOSED::163',
  downloaded_pages: 0,
  lost_pages: 120,
  numPagesArr: 179,
  selective_download_task: false,
  global_download_task: false
}
{
  msg: 'STREAM::WRITE::PIPE::CLOSED::41',
  downloaded_pages: 0,
  lost_pages: 120,
  numPagesArr: 179,
  selective_download_task: false,
  global_download_task: false
}
{
  msg: 'STREAM::WRITE::PIPE::CLOSED::152',
  downloaded_pages: 0,
  lost_pages: 120,
  numPagesArr: 179,
  selective_download_task: false,
  global_download_task: false
}
{
  msg: 'STREAM::WRITE::PIPE::CLOSED::74',
  downloaded_pages: 0,
  lost_pages: 120,
  numPagesArr: 179,
  selective_download_task: false,
  global_download_task: false
}
{
  msg: 'STREAM::WRITE::PIPE::CLOSED::138',
  downloaded_pages: 0,
  lost_pages: 120,
  numPagesArr: 179,
  selective_download_task: false,
  global_download_task: false
}
{
  msg: 'STREAM::WRITE::PIPE::CLOSED::161',
  downloaded_pages: 0,
  lost_pages: 120,
  numPagesArr: 179,
  selective_download_task: false,
  global_download_task: false
}
{ msg: 'STREAM::WRITE::PIPE::DONE::115' }
{ msg: 'STREAM::WRITE::PIPE::DONE::127' }
{ msg: 'STREAM::WRITE::PIPE::DONE::109' }
{ msg: 'STREAM::WRITE::PIPE::DONE::107' }
{
  msg: 'STREAM::WRITE::PIPE::CLOSED::177',
  downloaded_pages: 0,
  lost_pages: 120,
  numPagesArr: 179,
  selective_download_task: false,
  global_download_task: false
}
{ msg: 'STREAM::WRITE::PIPE::DONE::122' }
{ msg: 'STREAM::WRITE::PIPE::ERROR::3', err: null }
{ msg: 'STREAM::WRITE::PIPE::ERROR::157', err: null }
{ msg: 'STREAM::WRITE::PIPE::ERROR::158', err: null }
{ msg: 'STREAM::WRITE::PIPE::ERROR::93', err: null }
{
  msg: 'STREAM::WRITE::PIPE::CLOSED::115',
  downloaded_pages: 0,
  lost_pages: 124,
  numPagesArr: 179,
  selective_download_task: false,
  global_download_task: false
}
{
  msg: 'STREAM::WRITE::PIPE::CLOSED::127',
  downloaded_pages: 0,
  lost_pages: 124,
  numPagesArr: 179,
  selective_download_task: false,
  global_download_task: false
}
{
  msg: 'STREAM::WRITE::PIPE::CLOSED::109',
  downloaded_pages: 0,
  lost_pages: 124,
  numPagesArr: 179,
  selective_download_task: false,
  global_download_task: false
}
{
  msg: 'STREAM::WRITE::PIPE::CLOSED::107',
  downloaded_pages: 0,
  lost_pages: 124,
  numPagesArr: 179,
  selective_download_task: false,
  global_download_task: false
}
{
  msg: 'STREAM::WRITE::PIPE::CLOSED::122',
  downloaded_pages: 0,
  lost_pages: 124,
  numPagesArr: 179,
  selective_download_task: false,
  global_download_task: false
}
{ msg: 'STREAM::WRITE::PIPE::ERROR::102', err: null }
{ msg: 'STREAM::WRITE::PIPE::ERROR::17', err: null }
{ msg: 'STREAM::WRITE::PIPE::ERROR::94', err: null }
{ msg: 'STREAM::WRITE::PIPE::ERROR::96', err: null }
{ msg: 'STREAM::WRITE::PIPE::ERROR::27', err: null }
{ msg: 'STREAM::WRITE::PIPE::ERROR::1', err: null }
{ msg: 'STREAM::WRITE::PIPE::ERROR::170', err: null }
{ msg: 'STREAM::WRITE::PIPE::ERROR::106', err: null }
{ msg: 'STREAM::WRITE::PIPE::ERROR::28', err: null }
{ msg: 'STREAM::WRITE::PIPE::ERROR::136', err: null }
{ msg: 'STREAM::WRITE::PIPE::ERROR::29', err: null }
{ msg: 'STREAM::WRITE::PIPE::ERROR::166', err: null }
{ msg: 'STREAM::WRITE::PIPE::ERROR::144', err: null }
{ msg: 'STREAM::WRITE::PIPE::ERROR::39', err: null }
{ msg: 'STREAM::WRITE::PIPE::ERROR::37', err: null }
{ msg: 'STREAM::WRITE::PIPE::ERROR::140', err: null }
{ msg: 'STREAM::WRITE::PIPE::ERROR::87', err: null }
{ msg: 'STREAM::WRITE::PIPE::ERROR::92', err: null }
{ msg: 'STREAM::WRITE::PIPE::ERROR::46', err: null }
{ msg: 'STREAM::WRITE::PIPE::ERROR::164', err: null }
{ msg: 'STREAM::WRITE::PIPE::ERROR::88', err: null }
{ msg: 'STREAM::WRITE::PIPE::ERROR::141', err: null }
{ msg: 'STREAM::WRITE::PIPE::ERROR::99', err: null }
{ msg: 'STREAM::WRITE::PIPE::ERROR::153', err: null }
{ msg: 'STREAM::WRITE::PIPE::ERROR::142', err: null }
{ msg: 'STREAM::WRITE::PIPE::ERROR::0', err: null }
{ msg: 'STREAM::WRITE::PIPE::ERROR::145', err: null }
{ msg: 'STREAM::WRITE::PIPE::ERROR::113', err: null }
{ msg: 'STREAM::WRITE::PIPE::DONE::3' }
{ msg: 'STREAM::WRITE::PIPE::DONE::157' }
{ msg: 'STREAM::WRITE::PIPE::DONE::158' }
{ msg: 'STREAM::WRITE::PIPE::DONE::93' }
{ msg: 'STREAM::WRITE::PIPE::ERROR::24', err: null }
{ msg: 'STREAM::WRITE::PIPE::ERROR::129', err: null }
{ msg: 'STREAM::WRITE::PIPE::ERROR::147', err: null }
{ msg: 'STREAM::WRITE::PIPE::ERROR::174', err: null }
{ msg: 'STREAM::WRITE::PIPE::ERROR::111', err: null }
{ msg: 'STREAM::WRITE::PIPE::ERROR::146', err: null }
{ msg: 'STREAM::WRITE::PIPE::ERROR::101', err: null }
{ msg: 'STREAM::WRITE::PIPE::ERROR::160', err: null }
{ msg: 'STREAM::WRITE::PIPE::ERROR::143', err: null }
{ msg: 'STREAM::WRITE::PIPE::ERROR::23', err: null }
{ msg: 'STREAM::WRITE::PIPE::ERROR::121', err: null }
{ msg: 'STREAM::WRITE::PIPE::ERROR::135', err: null }
{ msg: 'STREAM::WRITE::PIPE::ERROR::43', err: null }
{ msg: 'STREAM::WRITE::PIPE::ERROR::108', err: null }
{ msg: 'STREAM::WRITE::PIPE::ERROR::149', err: null }
{
  msg: 'STREAM::WRITE::PIPE::CLOSED::3',
  downloaded_pages: 0,
  lost_pages: 167,
  numPagesArr: 179,
  selective_download_task: false,
  global_download_task: false
}
{
  msg: 'STREAM::WRITE::PIPE::CLOSED::157',
  downloaded_pages: 0,
  lost_pages: 167,
  numPagesArr: 179,
  selective_download_task: false,
  global_download_task: false
}
{
  msg: 'STREAM::WRITE::PIPE::CLOSED::158',
  downloaded_pages: 0,
  lost_pages: 167,
  numPagesArr: 179,
  selective_download_task: false,
  global_download_task: false
}
{ msg: 'STREAM::WRITE::PIPE::DONE::102' }
{ msg: 'STREAM::WRITE::PIPE::DONE::94' }
{ msg: 'STREAM::WRITE::PIPE::DONE::17' }
{ msg: 'STREAM::WRITE::PIPE::DONE::96' }
{ msg: 'STREAM::WRITE::PIPE::DONE::27' }
{ msg: 'STREAM::WRITE::PIPE::DONE::1' }
{
  msg: 'STREAM::WRITE::PIPE::CLOSED::93',
  downloaded_pages: 0,
  lost_pages: 167,
  numPagesArr: 179,
  selective_download_task: false,
  global_download_task: false
}
{ msg: 'STREAM::WRITE::PIPE::DONE::170' }
{ msg: 'STREAM::WRITE::PIPE::DONE::106' }
{ msg: 'STREAM::WRITE::PIPE::DONE::28' }
{ msg: 'STREAM::WRITE::PIPE::DONE::136' }
{ msg: 'STREAM::WRITE::PIPE::DONE::29' }
{ msg: 'STREAM::WRITE::PIPE::DONE::166' }
{ msg: 'STREAM::WRITE::PIPE::DONE::144' }
{ msg: 'STREAM::WRITE::PIPE::DONE::39' }
{ msg: 'STREAM::WRITE::PIPE::DONE::37' }
{ msg: 'STREAM::WRITE::PIPE::DONE::140' }
{ msg: 'STREAM::WRITE::PIPE::DONE::87' }
{ msg: 'STREAM::WRITE::PIPE::DONE::92' }
{ msg: 'STREAM::WRITE::PIPE::DONE::46' }
{ msg: 'STREAM::WRITE::PIPE::DONE::164' }
{ msg: 'STREAM::WRITE::PIPE::DONE::88' }
{ msg: 'STREAM::WRITE::PIPE::DONE::141' }
{ msg: 'STREAM::WRITE::PIPE::DONE::99' }
{ msg: 'STREAM::WRITE::PIPE::DONE::153' }
{ msg: 'STREAM::WRITE::PIPE::DONE::142' }
{ msg: 'STREAM::WRITE::PIPE::DONE::0' }
{ msg: 'STREAM::WRITE::PIPE::DONE::145' }
{ msg: 'STREAM::WRITE::PIPE::DONE::113' }
{ msg: 'STREAM::WRITE::PIPE::ERROR::131', err: null }
{ msg: 'STREAM::WRITE::PIPE::ERROR::91', err: null }
{ msg: 'STREAM::WRITE::PIPE::ERROR::150', err: null }
{ msg: 'STREAM::WRITE::PIPE::ERROR::71', err: null }
{ msg: 'STREAM::WRITE::PIPE::ERROR::33', err: null }
{ msg: 'STREAM::WRITE::PIPE::ERROR::100', err: null }
{
  msg: 'STREAM::WRITE::PIPE::CLOSED::102',
  downloaded_pages: 0,
  lost_pages: 173,
  numPagesArr: 179,
  selective_download_task: false,
  global_download_task: false
}
{
  msg: 'STREAM::WRITE::PIPE::CLOSED::94',
  downloaded_pages: 0,
  lost_pages: 173,
  numPagesArr: 179,
  selective_download_task: false,
  global_download_task: false
}
{
  msg: 'STREAM::WRITE::PIPE::CLOSED::17',
  downloaded_pages: 0,
  lost_pages: 173,
  numPagesArr: 179,
  selective_download_task: false,
  global_download_task: false
}
{
  msg: 'STREAM::WRITE::PIPE::CLOSED::96',
  downloaded_pages: 0,
  lost_pages: 173,
  numPagesArr: 179,
  selective_download_task: false,
  global_download_task: false
}
{
  msg: 'STREAM::WRITE::PIPE::CLOSED::27',
  downloaded_pages: 0,
  lost_pages: 173,
  numPagesArr: 179,
  selective_download_task: false,
  global_download_task: false
}
{
  msg: 'STREAM::WRITE::PIPE::CLOSED::1',
  downloaded_pages: 0,
  lost_pages: 173,
  numPagesArr: 179,
  selective_download_task: false,
  global_download_task: false
}
{
  msg: 'STREAM::WRITE::PIPE::CLOSED::170',
  downloaded_pages: 0,
  lost_pages: 173,
  numPagesArr: 179,
  selective_download_task: false,
  global_download_task: false
}
{
  msg: 'STREAM::WRITE::PIPE::CLOSED::106',
  downloaded_pages: 0,
  lost_pages: 173,
  numPagesArr: 179,
  selective_download_task: false,
  global_download_task: false
}
{
  msg: 'STREAM::WRITE::PIPE::CLOSED::28',
  downloaded_pages: 0,
  lost_pages: 173,
  numPagesArr: 179,
  selective_download_task: false,
  global_download_task: false
}
{
  msg: 'STREAM::WRITE::PIPE::CLOSED::136',
  downloaded_pages: 0,
  lost_pages: 173,
  numPagesArr: 179,
  selective_download_task: false,
  global_download_task: false
}
{
  msg: 'STREAM::WRITE::PIPE::CLOSED::29',
  downloaded_pages: 0,
  lost_pages: 173,
  numPagesArr: 179,
  selective_download_task: false,
  global_download_task: false
}
{
  msg: 'STREAM::WRITE::PIPE::CLOSED::166',
  downloaded_pages: 0,
  lost_pages: 173,
  numPagesArr: 179,
  selective_download_task: false,
  global_download_task: false
}
{
  msg: 'STREAM::WRITE::PIPE::CLOSED::144',
  downloaded_pages: 0,
  lost_pages: 173,
  numPagesArr: 179,
  selective_download_task: false,
  global_download_task: false
}
{
  msg: 'STREAM::WRITE::PIPE::CLOSED::39',
  downloaded_pages: 0,
  lost_pages: 173,
  numPagesArr: 179,
  selective_download_task: false,
  global_download_task: false
}
{
  msg: 'STREAM::WRITE::PIPE::CLOSED::37',
  downloaded_pages: 0,
  lost_pages: 173,
  numPagesArr: 179,
  selective_download_task: false,
  global_download_task: false
}
{
  msg: 'STREAM::WRITE::PIPE::CLOSED::140',
  downloaded_pages: 0,
  lost_pages: 173,
  numPagesArr: 179,
  selective_download_task: false,
  global_download_task: false
}
{
  msg: 'STREAM::WRITE::PIPE::CLOSED::87',
  downloaded_pages: 0,
  lost_pages: 173,
  numPagesArr: 179,
  selective_download_task: false,
  global_download_task: false
}
{
  msg: 'STREAM::WRITE::PIPE::CLOSED::92',
  downloaded_pages: 0,
  lost_pages: 173,
  numPagesArr: 179,
  selective_download_task: false,
  global_download_task: false
}
{
  msg: 'STREAM::WRITE::PIPE::CLOSED::46',
  downloaded_pages: 0,
  lost_pages: 173,
  numPagesArr: 179,
  selective_download_task: false,
  global_download_task: false
}
{
  msg: 'STREAM::WRITE::PIPE::CLOSED::164',
  downloaded_pages: 0,
  lost_pages: 173,
  numPagesArr: 179,
  selective_download_task: false,
  global_download_task: false
}
{
  msg: 'STREAM::WRITE::PIPE::CLOSED::88',
  downloaded_pages: 0,
  lost_pages: 173,
  numPagesArr: 179,
  selective_download_task: false,
  global_download_task: false
}
{
  msg: 'STREAM::WRITE::PIPE::CLOSED::141',
  downloaded_pages: 0,
  lost_pages: 173,
  numPagesArr: 179,
  selective_download_task: false,
  global_download_task: false
}
{
  msg: 'STREAM::WRITE::PIPE::CLOSED::99',
  downloaded_pages: 0,
  lost_pages: 173,
  numPagesArr: 179,
  selective_download_task: false,
  global_download_task: false
}
{
  msg: 'STREAM::WRITE::PIPE::CLOSED::153',
  downloaded_pages: 0,
  lost_pages: 173,
  numPagesArr: 179,
  selective_download_task: false,
  global_download_task: false
}
{
  msg: 'STREAM::WRITE::PIPE::CLOSED::142',
  downloaded_pages: 0,
  lost_pages: 173,
  numPagesArr: 179,
  selective_download_task: false,
  global_download_task: false
}
{
  msg: 'STREAM::WRITE::PIPE::CLOSED::0',
  downloaded_pages: 0,
  lost_pages: 173,
  numPagesArr: 179,
  selective_download_task: false,
  global_download_task: false
}
{
  msg: 'STREAM::WRITE::PIPE::CLOSED::145',
  downloaded_pages: 0,
  lost_pages: 173,
  numPagesArr: 179,
  selective_download_task: false,
  global_download_task: false
}
{ msg: 'STREAM::WRITE::PIPE::DONE::24' }
{ msg: 'STREAM::WRITE::PIPE::DONE::147' }
{ msg: 'STREAM::WRITE::PIPE::DONE::129' }
{ msg: 'STREAM::WRITE::PIPE::DONE::174' }
{ msg: 'STREAM::WRITE::PIPE::DONE::111' }
{ msg: 'STREAM::WRITE::PIPE::DONE::146' }
{ msg: 'STREAM::WRITE::PIPE::DONE::101' }
{
  msg: 'STREAM::WRITE::PIPE::CLOSED::113',
  downloaded_pages: 0,
  lost_pages: 173,
  numPagesArr: 179,
  selective_download_task: false,
  global_download_task: false
}
{ msg: 'STREAM::WRITE::PIPE::DONE::160' }
{ msg: 'STREAM::WRITE::PIPE::DONE::143' }
{ msg: 'STREAM::WRITE::PIPE::DONE::23' }
{ msg: 'STREAM::WRITE::PIPE::DONE::121' }
{ msg: 'STREAM::WRITE::PIPE::DONE::135' }
{ msg: 'STREAM::WRITE::PIPE::DONE::43' }
{ msg: 'STREAM::WRITE::PIPE::DONE::108' }
{ msg: 'STREAM::WRITE::PIPE::DONE::149' }
{
  msg: 'STREAM::WRITE::PIPE::CLOSED::24',
  downloaded_pages: 0,
  lost_pages: 173,
  numPagesArr: 179,
  selective_download_task: false,
  global_download_task: false
}
{
  msg: 'STREAM::WRITE::PIPE::CLOSED::147',
  downloaded_pages: 0,
  lost_pages: 173,
  numPagesArr: 179,
  selective_download_task: false,
  global_download_task: false
}
{
  msg: 'STREAM::WRITE::PIPE::CLOSED::129',
  downloaded_pages: 0,
  lost_pages: 173,
  numPagesArr: 179,
  selective_download_task: false,
  global_download_task: false
}
{
  msg: 'STREAM::WRITE::PIPE::CLOSED::174',
  downloaded_pages: 0,
  lost_pages: 173,
  numPagesArr: 179,
  selective_download_task: false,
  global_download_task: false
}
{
  msg: 'STREAM::WRITE::PIPE::CLOSED::111',
  downloaded_pages: 0,
  lost_pages: 173,
  numPagesArr: 179,
  selective_download_task: false,
  global_download_task: false
}
{
  msg: 'STREAM::WRITE::PIPE::CLOSED::146',
  downloaded_pages: 0,
  lost_pages: 173,
  numPagesArr: 179,
  selective_download_task: false,
  global_download_task: false
}
{
  msg: 'STREAM::WRITE::PIPE::CLOSED::101',
  downloaded_pages: 0,
  lost_pages: 173,
  numPagesArr: 179,
  selective_download_task: false,
  global_download_task: false
}
{
  msg: 'STREAM::WRITE::PIPE::CLOSED::160',
  downloaded_pages: 0,
  lost_pages: 173,
  numPagesArr: 179,
  selective_download_task: false,
  global_download_task: false
}
{
  msg: 'STREAM::WRITE::PIPE::CLOSED::143',
  downloaded_pages: 0,
  lost_pages: 173,
  numPagesArr: 179,
  selective_download_task: false,
  global_download_task: false
}
{
  msg: 'STREAM::WRITE::PIPE::CLOSED::23',
  downloaded_pages: 0,
  lost_pages: 173,
  numPagesArr: 179,
  selective_download_task: false,
  global_download_task: false
}
{
  msg: 'STREAM::WRITE::PIPE::CLOSED::121',
  downloaded_pages: 0,
  lost_pages: 173,
  numPagesArr: 179,
  selective_download_task: false,
  global_download_task: false
}
{
  msg: 'STREAM::WRITE::PIPE::CLOSED::135',
  downloaded_pages: 0,
  lost_pages: 173,
  numPagesArr: 179,
  selective_download_task: false,
  global_download_task: false
}
{
  msg: 'STREAM::WRITE::PIPE::CLOSED::43',
  downloaded_pages: 0,
  lost_pages: 173,
  numPagesArr: 179,
  selective_download_task: false,
  global_download_task: false
}
{
  msg: 'STREAM::WRITE::PIPE::CLOSED::108',
  downloaded_pages: 0,
  lost_pages: 173,
  numPagesArr: 179,
  selective_download_task: false,
  global_download_task: false
}
{ msg: 'STREAM::WRITE::PIPE::DONE::131' }
{ msg: 'STREAM::WRITE::PIPE::DONE::91' }
{ msg: 'STREAM::WRITE::PIPE::DONE::71' }
{ msg: 'STREAM::WRITE::PIPE::DONE::150' }
{ msg: 'STREAM::WRITE::PIPE::DONE::33' }
{ msg: 'STREAM::WRITE::PIPE::DONE::100' }
{
  msg: 'STREAM::WRITE::PIPE::CLOSED::149',
  downloaded_pages: 0,
  lost_pages: 173,
  numPagesArr: 179,
  selective_download_task: false,
  global_download_task: false
}
{
  msg: 'STREAM::WRITE::PIPE::CLOSED::131',
  downloaded_pages: 0,
  lost_pages: 173,
  numPagesArr: 179,
  selective_download_task: false,
  global_download_task: false
}
{
  msg: 'STREAM::WRITE::PIPE::CLOSED::91',
  downloaded_pages: 0,
  lost_pages: 173,
  numPagesArr: 179,
  selective_download_task: false,
  global_download_task: false
}
{
  msg: 'STREAM::WRITE::PIPE::CLOSED::71',
  downloaded_pages: 0,
  lost_pages: 173,
  numPagesArr: 179,
  selective_download_task: false,
  global_download_task: false
}
{
  msg: 'STREAM::WRITE::PIPE::CLOSED::150',
  downloaded_pages: 0,
  lost_pages: 173,
  numPagesArr: 179,
  selective_download_task: false,
  global_download_task: false
}
{
  msg: 'STREAM::WRITE::PIPE::CLOSED::33',
  downloaded_pages: 0,
  lost_pages: 173,
  numPagesArr: 179,
  selective_download_task: false,
  global_download_task: false
}
{
  msg: 'STREAM::WRITE::PIPE::CLOSED::100',
  downloaded_pages: 0,
  lost_pages: 173,
  numPagesArr: 179,
  selective_download_task: false,
  global_download_task: false
}
{ msg: 'STREAM::WRITE::PIPE::ERROR::42', err: null }
{ msg: 'STREAM::WRITE::PIPE::ERROR::137', err: null }
{ msg: 'STREAM::WRITE::PIPE::ERROR::155', err: null }
{ msg: 'STREAM::WRITE::PIPE::DONE::42' }
{ msg: 'STREAM::WRITE::PIPE::DONE::137' }
{ msg: 'STREAM::WRITE::PIPE::DONE::155' }
{
  msg: 'STREAM::WRITE::PIPE::CLOSED::42',
  downloaded_pages: 0,
  lost_pages: 176,
  numPagesArr: 179,
  selective_download_task: false,
  global_download_task: false
}
{
  msg: 'STREAM::WRITE::PIPE::CLOSED::137',
  downloaded_pages: 0,
  lost_pages: 176,
  numPagesArr: 179,
  selective_download_task: false,
  global_download_task: false
}
{
  msg: 'STREAM::WRITE::PIPE::CLOSED::155',
  downloaded_pages: 0,
  lost_pages: 176,
  numPagesArr: 179,
  selective_download_task: false,
  global_download_task: false
}
{ msg: 'STREAM::WRITE::PIPE::ERROR::45', err: null }
{ msg: 'STREAM::WRITE::PIPE::ERROR::86', err: null }
{ msg: 'STREAM::WRITE::PIPE::DONE::86' }
{ msg: 'STREAM::WRITE::PIPE::DONE::45' }
{
  msg: 'STREAM::WRITE::PIPE::CLOSED::86',
  downloaded_pages: 0,
  lost_pages: 178,
  numPagesArr: 179,
  selective_download_task: false,
  global_download_task: false
}
{
  msg: 'STREAM::WRITE::PIPE::CLOSED::45',
  downloaded_pages: 0,
  lost_pages: 178,
  numPagesArr: 179,
  selective_download_task: false,
  global_download_task: false
}
{ msg: 'STREAM::WRITE::PIPE::ERROR::75', err: null }
{ msg: 'STREAM::WRITE::PIPE::DONE::75' }
{
  msg: 'STREAM::WRITE::PIPE::CLOSED::75',
  downloaded_pages: 0,
  lost_pages: 179,
  numPagesArr: 179,
  selective_download_task: false,
  global_download_task: false
}
